Log file open, 03/28/18 16:08:46
LogWindows: Failed to load 'aqProf.dll' (GetLastError=126)
LogWindows: File 'aqProf.dll' does not exist
LogWindows: Failed to load 'VSPerf140.dll' (GetLastError=126)
LogWindows: File 'VSPerf140.dll' does not exist
LogWindows: Failed to load 'VtuneApi.dll' (GetLastError=126)
LogWindows: File 'VtuneApi.dll' does not exist
LogWindows: Failed to load 'VtuneApi32e.dll' (GetLastError=126)
LogWindows: File 'VtuneApi32e.dll' does not exist
LogInit: Display: Running engine for game: DetectiveGame
LogPlatformFile: Not using cached read wrapper
LogInit: Display: RandInit(-1133630613) SRandInit(-1133630612).
LogInit: Read version file with build ID '3709383'
LogInit: Overriding engine version to CL 3832480, compatible CL 3709383
LogInit: Registered custom module enumerator with build ID '3709383'
LogTaskGraph: Started task graph with 5 named threads and 20 total threads with 3 sets of task threads.
LogStats: Stats thread started at 0.235177
LogD3D11RHI: Aftermath initialized
LogModuleManager: Display: Found up-to-date module file ../../../Engine/Plugins/Runtime/ApexDestruction/Binaries/Win64/UE4Editor-ApexDestruction.dll (API version 3709383).
LogModuleManager: Display: Found up-to-date module file ../../../Engine/Plugins/Runtime/ApexDestruction/Binaries/Win64/UE4Editor-ApexDestructionEditor.dll (API version 3709383).
LogModuleManager: Display: Found up-to-date module file ../../../Engine/Plugins/2D/Paper2D/Binaries/Win64/UE4Editor-Paper2D.dll (API version 3709383).
LogModuleManager: Display: Found up-to-date module file ../../../Engine/Plugins/2D/Paper2D/Binaries/Win64/UE4Editor-Paper2DEditor.dll (API version 3709383).
LogModuleManager: Display: Found up-to-date module file ../../../Engine/Plugins/2D/Paper2D/Binaries/Win64/UE4Editor-PaperSpriteSheetImporter.dll (API version 3709383).
LogModuleManager: Display: Found up-to-date module file ../../../Engine/Plugins/2D/Paper2D/Binaries/Win64/UE4Editor-PaperTiledImporter.dll (API version 3709383).
LogModuleManager: Display: Found up-to-date module file ../../../Engine/Plugins/2D/Paper2D/Binaries/Win64/UE4Editor-SmartSnapping.dll (API version 3709383).
LogModuleManager: Display: Found up-to-date module file ../../../Engine/Plugins/Blendables/LightPropagationVolume/Binaries/Win64/UE4Editor-LightPropagationVolumeRuntime.dll (API version 3709383).
LogModuleManager: Display: Found up-to-date module file ../../../Engine/Plugins/Blendables/LightPropagationVolume/Binaries/Win64/UE4Editor-LightPropagationVolumeEditor.dll (API version 3709383).
LogModuleManager: Display: Found up-to-date module file ../../../Engine/Plugins/Developer/GitSourceControl/Binaries/Win64/UE4Editor-GitSourceControl.dll (API version 3709383).
LogModuleManager: Display: Found up-to-date module file ../../../Engine/Plugins/Developer/PerforceSourceControl/Binaries/Win64/UE4Editor-PerforceSourceControl.dll (API version 3709383).
LogModuleManager: Display: Found up-to-date module file ../../../Engine/Plugins/Developer/SubversionSourceControl/Binaries/Win64/UE4Editor-SubversionSourceControl.dll (API version 3709383).
LogModuleManager: Display: Found up-to-date module file ../../../Engine/Plugins/Developer/UObjectPlugin/Binaries/Win64/UE4Editor-UObjectPlugin.dll (API version 3709383).
LogModuleManager: Display: Found up-to-date module file ../../../Engine/Plugins/Developer/VisualStudioCodeSourceCodeAccess/Binaries/Win64/UE4Editor-VisualStudioCodeSourceCodeAccess.dll (API version 3709383).
LogModuleManager: Display: Found up-to-date module file ../../../Engine/Plugins/Developer/VisualStudioSourceCodeAccess/Binaries/Win64/UE4Editor-VisualStudioSourceCodeAccess.dll (API version 3709383).
LogModuleManager: Display: Found up-to-date module file ../../../Engine/Plugins/Editor/AssetManagerEditor/Binaries/Win64/UE4Editor-AssetManagerEditor.dll (API version 3709383).
LogModuleManager: Display: Found up-to-date module file ../../../Engine/Plugins/Editor/AudioCapture/Binaries/Win64/UE4Editor-AudioCapture.dll (API version 3709383).
LogModuleManager: Display: Found up-to-date module file ../../../Engine/Plugins/Editor/FacialAnimation/Binaries/Win64/UE4Editor-FacialAnimation.dll (API version 3709383).
LogModuleManager: Display: Found up-to-date module file ../../../Engine/Plugins/Editor/FacialAnimation/Binaries/Win64/UE4Editor-FacialAnimationEditor.dll (API version 3709383).
LogModuleManager: Display: Found up-to-date module file ../../../Engine/Plugins/Editor/GameplayTagsEditor/Binaries/Win64/UE4Editor-GameplayTagsEditor.dll (API version 3709383).
LogModuleManager: Display: Found up-to-date module file ../../../Engine/Plugins/Editor/MobileLauncherProfileWizard/Binaries/Win64/UE4Editor-MobileLauncherProfileWizard.dll (API version 3709383).
LogModuleManager: Display: Found up-to-date module file ../../../Engine/Plugins/Editor/PluginBrowser/Binaries/Win64/UE4Editor-PluginBrowser.dll (API version 3709383).
LogModuleManager: Display: Found up-to-date module file ../../../Engine/Plugins/Editor/SpeedTreeImporter/Binaries/Win64/UE4Editor-SpeedTreeImporter.dll (API version 3709383).
LogModuleManager: Display: Found up-to-date module file ../../../Engine/Plugins/Experimental/AlembicImporter/Binaries/Win64/UE4Editor-AlembicImporter.dll (API version 3709383).
LogModuleManager: Display: Found up-to-date module file ../../../Engine/Plugins/Experimental/AlembicImporter/Binaries/Win64/UE4Editor-AlembicLibrary.dll (API version 3709383).
LogModuleManager: Display: Found up-to-date module file ../../../Engine/Plugins/Experimental/CharacterAI/Binaries/Win64/UE4Editor-CharacterAI.dll (API version 3709383).
LogModuleManager: Display: Found up-to-date module file ../../../Engine/Plugins/Experimental/HTML5Networking/Binaries/Win64/UE4Editor-HTML5Networking.dll (API version 3709383).
LogModuleManager: Display: Found up-to-date module file ../../../Engine/Plugins/Media/AndroidMedia/Binaries/Win64/UE4Editor-AndroidMediaEditor.dll (API version 3709383).
LogModuleManager: Display: Found up-to-date module file ../../../Engine/Plugins/Media/AndroidMedia/Binaries/Win64/UE4Editor-AndroidMediaFactory.dll (API version 3709383).
LogModuleManager: Display: Found up-to-date module file ../../../Engine/Plugins/Media/AvfMedia/Binaries/Win64/UE4Editor-AvfMediaEditor.dll (API version 3709383).
LogModuleManager: Display: Found up-to-date module file ../../../Engine/Plugins/Media/AvfMedia/Binaries/Win64/UE4Editor-AvfMediaFactory.dll (API version 3709383).
LogModuleManager: Display: Found up-to-date module file ../../../Engine/Plugins/Media/AvfMedia/Binaries/Win64/UE4Editor-AvfMediaFactory.dll (API version 3709383).
LogModuleManager: Display: Found up-to-date module file ../../../Engine/Plugins/Media/ImgMedia/Binaries/Win64/UE4Editor-ImgMedia.dll (API version 3709383).
LogModuleManager: Display: Found up-to-date module file ../../../Engine/Plugins/Media/ImgMedia/Binaries/Win64/UE4Editor-ImgMediaEditor.dll (API version 3709383).
LogModuleManager: Display: Found up-to-date module file ../../../Engine/Plugins/Media/ImgMedia/Binaries/Win64/UE4Editor-ImgMediaFactory.dll (API version 3709383).
LogModuleManager: Display: Found up-to-date module file ../../../Engine/Plugins/Media/ImgMedia/Binaries/Win64/UE4Editor-ImgMediaFactory.dll (API version 3709383).
LogModuleManager: Display: Found up-to-date module file ../../../Engine/Plugins/Media/ImgMedia/Binaries/Win64/UE4Editor-OpenExrWrapper.dll (API version 3709383).
LogModuleManager: Display: Found up-to-date module file ../../../Engine/Plugins/Media/MediaCompositing/Binaries/Win64/UE4Editor-MediaCompositing.dll (API version 3709383).
LogModuleManager: Display: Found up-to-date module file ../../../Engine/Plugins/Media/MediaCompositing/Binaries/Win64/UE4Editor-MediaCompositingEditor.dll (API version 3709383).
LogModuleManager: Display: Found up-to-date module file ../../../Engine/Plugins/Media/MediaPlayerEditor/Binaries/Win64/UE4Editor-MediaPlayerEditor.dll (API version 3709383).
LogModuleManager: Display: Found up-to-date module file ../../../Engine/Plugins/Media/WmfMedia/Binaries/Win64/UE4Editor-WmfMedia.dll (API version 3709383).
LogModuleManager: Display: Found up-to-date module file ../../../Engine/Plugins/Media/WmfMedia/Binaries/Win64/UE4Editor-WmfMediaEditor.dll (API version 3709383).
LogModuleManager: Display: Found up-to-date module file ../../../Engine/Plugins/Media/WmfMedia/Binaries/Win64/UE4Editor-WmfMediaFactory.dll (API version 3709383).
LogModuleManager: Display: Found up-to-date module file ../../../Engine/Plugins/Media/WmfMedia/Binaries/Win64/UE4Editor-WmfMediaFactory.dll (API version 3709383).
LogModuleManager: Display: Found up-to-date module file ../../../Engine/Plugins/Messaging/TcpMessaging/Binaries/Win64/UE4Editor-TcpMessaging.dll (API version 3709383).
LogModuleManager: Display: Found up-to-date module file ../../../Engine/Plugins/Messaging/UdpMessaging/Binaries/Win64/UE4Editor-UdpMessaging.dll (API version 3709383).
LogModuleManager: Display: Found up-to-date module file ../../../Engine/Plugins/MovieScene/ActorSequence/Binaries/Win64/UE4Editor-ActorSequence.dll (API version 3709383).
LogModuleManager: Display: Found up-to-date module file ../../../Engine/Plugins/MovieScene/LevelSequenceEditor/Binaries/Win64/UE4Editor-LevelSequenceEditor.dll (API version 3709383).
LogModuleManager: Display: Found up-to-date module file ../../../Engine/Plugins/MovieScene/MatineeToLevelSequence/Binaries/Win64/UE4Editor-MatineeToLevelSequence.dll (API version 3709383).
LogModuleManager: Display: Found up-to-date module file ../../../Engine/Plugins/Online/OnlineSubsystem/Binaries/Win64/UE4Editor-OnlineSubsystem.dll (API version 3709383).
LogModuleManager: Display: Found up-to-date module file ../../../Engine/Plugins/Runtime/AndroidPermission/Binaries/Win64/UE4Editor-AndroidPermission.dll (API version 3709383).
LogModuleManager: Display: Found up-to-date module file ../../../Engine/Plugins/Online/OnlineSubsystemNull/Binaries/Win64/UE4Editor-OnlineSubsystemNull.dll (API version 3709383).
LogModuleManager: Display: Found up-to-date module file ../../../Engine/Plugins/Online/OnlineSubsystemUtils/Binaries/Win64/UE4Editor-OnlineSubsystemUtils.dll (API version 3709383).
LogModuleManager: Display: Found up-to-date module file ../../../Engine/Plugins/Online/OnlineSubsystemUtils/Binaries/Win64/UE4Editor-OnlineBlueprintSupport.dll (API version 3709383).
LogModuleManager: Display: Found up-to-date module file ../../../Engine/Plugins/Runtime/AndroidDeviceProfileSelector/Binaries/Win64/UE4Editor-AndroidDeviceProfileSelector.dll (API version 3709383).
LogModuleManager: Display: Found up-to-date module file ../../../Engine/Plugins/Runtime/AppleARKit/Binaries/Win64/UE4Editor-AppleARKit.dll (API version 3709383).
LogModuleManager: Display: Found up-to-date module file ../../../Engine/Plugins/Runtime/ArchVisCharacter/Binaries/Win64/UE4Editor-ArchVisCharacter.dll (API version 3709383).
LogModuleManager: Display: Found up-to-date module file ../../../Engine/Plugins/Runtime/CableComponent/Binaries/Win64/UE4Editor-CableComponent.dll (API version 3709383).
LogModuleManager: Display: Found up-to-date module file ../../../Engine/Plugins/Runtime/CustomMeshComponent/Binaries/Win64/UE4Editor-CustomMeshComponent.dll (API version 3709383).
LogModuleManager: Display: Found up-to-date module file ../../../Engine/Plugins/Runtime/ExampleDeviceProfileSelector/Binaries/Win64/UE4Editor-ExampleDeviceProfileSelector.dll (API version 3709383).
LogModuleManager: Display: Found up-to-date module file ../../../Engine/Plugins/Runtime/ImmediatePhysics/Binaries/Win64/UE4Editor-ImmediatePhysics.dll (API version 3709383).
LogModuleManager: Display: Found up-to-date module file ../../../Engine/Plugins/Runtime/ImmediatePhysics/Binaries/Win64/UE4Editor-ImmediatePhysicsEditor.dll (API version 3709383).
LogModuleManager: Display: Found up-to-date module file ../../../Engine/Plugins/Runtime/LocationServicesBPLibrary/Binaries/Win64/UE4Editor-LocationServicesBPLibrary.dll (API version 3709383).
LogModuleManager: Display: Found up-to-date module file ../../../Engine/Plugins/Runtime/MobilePatchingUtils/Binaries/Win64/UE4Editor-MobilePatchingUtils.dll (API version 3709383).
LogModuleManager: Display: Found up-to-date module file ../../../Engine/Plugins/Runtime/Oculus/OculusVR/Binaries/Win64/UE4Editor-OculusHMD.dll (API version 3709383).
LogModuleManager: Display: Found up-to-date module file ../../../Engine/Plugins/Runtime/Oculus/OculusVR/Binaries/Win64/UE4Editor-OculusInput.dll (API version 3709383).
LogModuleManager: Display: Found up-to-date module file ../../../Engine/Plugins/Runtime/Oculus/OculusVR/Binaries/Win64/UE4Editor-OculusEditor.dll (API version 3709383).
LogModuleManager: Display: Found up-to-date module file ../../../Engine/Plugins/Runtime/PhysXVehicles/Binaries/Win64/UE4Editor-PhysXVehicles.dll (API version 3709383).
LogModuleManager: Display: Found up-to-date module file ../../../Engine/Plugins/Runtime/PhysXVehicles/Binaries/Win64/UE4Editor-PhysXVehiclesEditor.dll (API version 3709383).
LogModuleManager: Display: Found up-to-date module file ../../../Engine/Plugins/Runtime/ProceduralMeshComponent/Binaries/Win64/UE4Editor-ProceduralMeshComponent.dll (API version 3709383).
LogModuleManager: Display: Found up-to-date module file ../../../Engine/Plugins/Runtime/ProceduralMeshComponent/Binaries/Win64/UE4Editor-ProceduralMeshComponentEditor.dll (API version 3709383).
LogModuleManager: Display: Found up-to-date module file ../../../Engine/Plugins/Runtime/RuntimePhysXCooking/Binaries/Win64/UE4Editor-RuntimePhysXCooking.dll (API version 3709383).
LogModuleManager: Display: Found up-to-date module file ../../../Engine/Plugins/Runtime/Steam/SteamVR/Binaries/Win64/UE4Editor-SteamVR.dll (API version 3709383).
LogModuleManager: Display: Found up-to-date module file ../../../Engine/Plugins/Runtime/Steam/SteamVR/Binaries/Win64/UE4Editor-SteamVRController.dll (API version 3709383).
LogModuleManager: Display: Found up-to-date module file ../../../Engine/Plugins/Runtime/WindowsMoviePlayer/Binaries/Win64/UE4Editor-WindowsMoviePlayer.dll (API version 3709383).
LogPluginManager: Mounting plugin Paper2D
LogPluginManager: Mounting plugin LightPropagationVolume
LogPluginManager: Mounting plugin CodeLiteSourceCodeAccess
LogPluginManager: Mounting plugin GitSourceControl
LogPluginManager: Mounting plugin KDevelopSourceCodeAccess
LogPluginManager: Mounting plugin NullSourceCodeAccess
LogPluginManager: Mounting plugin PerforceSourceControl
LogPluginManager: Mounting plugin SubversionSourceControl
LogPluginManager: Mounting plugin UObjectPlugin
LogPluginManager: Mounting plugin VisualStudioCodeSourceCodeAccess
LogPluginManager: Mounting plugin VisualStudioSourceCodeAccess
LogPluginManager: Mounting plugin XCodeSourceCodeAccess
LogPluginManager: Mounting plugin AssetManagerEditor
LogPluginManager: Mounting plugin AudioCapture
LogPluginManager: Mounting plugin FacialAnimation
LogPluginManager: Mounting plugin GameplayTagsEditor
LogPluginManager: Mounting plugin MobileLauncherProfileWizard
LogPluginManager: Mounting plugin PluginBrowser
LogPluginManager: Mounting plugin SpeedTreeImporter
LogPluginManager: Mounting plugin AlembicImporter
LogPluginManager: Mounting plugin CharacterAI
LogPluginManager: Mounting plugin HTML5Networking
LogPluginManager: Mounting plugin AndroidMedia
LogPluginManager: Mounting plugin AvfMedia
LogPluginManager: Mounting plugin ImgMedia
LogPluginManager: Mounting plugin MediaCompositing
LogPluginManager: Mounting plugin MediaPlayerEditor
LogPluginManager: Mounting plugin WmfMedia
LogPluginManager: Mounting plugin TcpMessaging
LogPluginManager: Mounting plugin UdpMessaging
LogPluginManager: Mounting plugin ActorSequence
LogPluginManager: Mounting plugin LevelSequenceEditor
LogPluginManager: Mounting plugin MatineeToLevelSequence
LogPluginManager: Mounting plugin OnlineSubsystemGooglePlay
LogPluginManager: Mounting plugin OnlineSubsystemIOS
LogPluginManager: Mounting plugin OnlineSubsystem
LogPluginManager: Mounting plugin OnlineSubsystemNull
LogPluginManager: Mounting plugin OnlineSubsystemUtils
LogPluginManager: Mounting plugin AndroidDeviceProfileSelector
LogPluginManager: Mounting plugin AndroidMoviePlayer
LogPluginManager: Mounting plugin AndroidPermission
LogPluginManager: Mounting plugin ApexDestruction
LogPluginManager: Mounting plugin AppleARKit
LogPluginManager: Mounting plugin AppleMoviePlayer
LogPluginManager: Mounting plugin ArchVisCharacter
LogPluginManager: Mounting plugin CableComponent
LogPluginManager: Mounting plugin CustomMeshComponent
LogPluginManager: Mounting plugin ExampleDeviceProfileSelector
LogPluginManager: Mounting plugin GoogleCloudMessaging
LogPluginManager: Mounting plugin ImmediatePhysics
LogPluginManager: Mounting plugin IOSDeviceProfileSelector
LogPluginManager: Mounting plugin LinuxDeviceProfileSelector
LogPluginManager: Mounting plugin LocationServicesBPLibrary
LogPluginManager: Mounting plugin MobilePatchingUtils
LogPluginManager: Mounting plugin OculusVR
LogPluginManager: Plugin shader directory ../../../Engine/Plugins/Runtime/Oculus/OculusVR/Shaders found
LogPluginManager: Mapping shader source directory ../../../Engine/Plugins/Runtime/Oculus/OculusVR/Shaders to virtual directory /Plugin/OculusVR
LogPluginManager: Mounting plugin PhysXVehicles
LogPluginManager: Mounting plugin ProceduralMeshComponent
LogPluginManager: Mounting plugin RuntimePhysXCooking
LogPluginManager: Mounting plugin SteamVR
LogPluginManager: Mounting plugin WindowsMoviePlayer
LogInit: Using libcurl 7.47.1
LogInit:  - built for x86_64-pc-win32
LogInit:  - supports SSL with OpenSSL/1.0.2g
LogInit:  - supports HTTP deflate (compression) using libz 1.2.8
LogInit:  - other features:
LogInit:      CURL_VERSION_SSL
LogInit:      CURL_VERSION_LIBZ
LogInit:      CURL_VERSION_IPV6
LogInit:      CURL_VERSION_ASYNCHDNS
LogInit:      CURL_VERSION_LARGEFILE
LogInit:      CURL_VERSION_IDN
LogInit:  CurlRequestOptions (configurable via config and command line):
LogInit:  - bVerifyPeer = false  - Libcurl will NOT verify peer certificate
LogInit:  - bUseHttpProxy = false  - Libcurl will NOT use HTTP proxy
LogInit:  - bDontReuseConnections = false  - Libcurl will reuse connections
LogInit:  - CertBundlePath = nullptr  - Libcurl will use whatever was configured at build time.
LogInit: Build: ++UE4+Release-4.18-CL-3832480
LogInit: Engine Version: 4.18.3-3832480+++UE4+Release-4.18
LogInit: Compatible Engine Version: 4.18.0-3709383+++UE4+Release-4.18
LogInit: Net CL: 3709383
LogDevObjectVersion: Number of dev versions registered: 16
LogDevObjectVersion:   Dev-Blueprints (B0D832E4-1F89-4F0D-ACCF-7EB736FD4AA2): 10
LogDevObjectVersion:   Dev-Build (E1C64328-A22C-4D53-A36C-8E866417BD8C): 0
LogDevObjectVersion:   Dev-Core (375EC13C-06E4-48FB-B500-84F0262A717E): 2
LogDevObjectVersion:   Dev-Editor (E4B068ED-F494-42E9-A231-DA0B2E46BB41): 20
LogDevObjectVersion:   Dev-Framework (CFFC743F-43B0-4480-9391-14DF171D2073): 30
LogDevObjectVersion:   Dev-Mobile (B02B49B5-BB20-44E9-A304-32B752E40360): 0
LogDevObjectVersion:   Dev-Networking (A4E4105C-59A1-49B5-A7C5-40C4547EDFEE): 0
LogDevObjectVersion:   Dev-Online (39C831C9-5AE6-47DC-9A44-9C173E1C8E7C): 0
LogDevObjectVersion:   Dev-Physics (78F01B33-EBEA-4F98-B9B4-84EACCB95AA2): 0
LogDevObjectVersion:   Dev-Platform (6631380F-2D4D-43E0-8009-CF276956A95A): 0
LogDevObjectVersion:   Dev-Rendering (12F88B9F-8875-4AFC-A67C-D90C383ABD29): 20
LogDevObjectVersion:   Dev-Sequencer (7B5AE74C-D270-4C10-A958-57980B212A5A): 4
LogDevObjectVersion:   Dev-VR (D7296918-1DD6-4BDD-9DE2-64A83CC13884): 0
LogDevObjectVersion:   Dev-LoadTimes (C2A15278-BFE7-4AFE-6C17-90FF531DF755): 1
LogDevObjectVersion:   Private-Geometry (6EACA3D4-40EC-4CC1-B786-8BED09428FC5): 1
LogDevObjectVersion:   Dev-AnimPhys (29E575DD-E0A3-4627-9D10-D276232CDCEA): 12
LogInit: Compiled (64-bit): Jan 12 2018 02:04:55
LogInit: Compiled with Visual C++: 19.00.24215.01
LogInit: Build Configuration: Development
LogInit: Branch Name: ++UE4+Release-4.18
LogInit: Command line:  
LogInit: Base directory: C:/Program Files/Epic Games/UE_4.18/Engine/Binaries/Win64/
LogInit: Installed Engine Build: 1
LogInit: Presizing for max 8388607 objects, including 0 objects not considered by GC, pre-allocating 0 bytes for permanent pool.
LogInit: Object subsystem initialized
[2018.03.28-20.08.47:500][  0]LogInit: Selected Device Profile: [Windows]
[2018.03.28-20.08.47:500][  0]LogInit: Applying CVar settings loaded from the selected device profile: [Windows]
[2018.03.28-20.08.47:512][  0]LogInit: Computer: SA2502-PC01
[2018.03.28-20.08.47:512][  0]LogInit: User: CARVAI
[2018.03.28-20.08.47:512][  0]LogInit: CPU Page size=4096, Cores=6
[2018.03.28-20.08.47:512][  0]LogInit: High frequency timer resolution =3.410072 MHz
[2018.03.28-20.08.47:513][  0]LogMemory: Memory total: Physical=31.9GB (32GB approx)
[2018.03.28-20.08.47:513][  0]LogMemory: Platform Memory Stats for Windows
[2018.03.28-20.08.47:513][  0]LogMemory: Process Physical Memory: 274.10 MB used, 274.10 MB peak
[2018.03.28-20.08.47:513][  0]LogMemory: Process Virtual Memory: 270.38 MB used, 270.38 MB peak
[2018.03.28-20.08.47:513][  0]LogMemory: Physical Memory: 7494.37 MB used,  25195.93 MB free, 32690.29 MB total
[2018.03.28-20.08.47:513][  0]LogMemory: Virtual Memory: 687.75 MB used,  25195.93 MB free, 134217728.00 MB total
[2018.03.28-20.08.47:670][  0]LogInit: Using OS detected language (en-US).
[2018.03.28-20.08.47:670][  0]LogInit: Using OS detected locale (en-US).
[2018.03.28-20.08.47:673][  0]LogTextLocalizationManager: No specific localization for 'en-US' exists, so the 'en' localization will be used.
[2018.03.28-20.08.48:059][  0]LogInit: Setting process to per monitor DPI aware
[2018.03.28-20.08.48:315][  0]LogD3D11RHI: D3D11 adapters:
[2018.03.28-20.08.48:349][  0]LogD3D11RHI:    0. 'NVIDIA GeForce GTX 1080' (Feature Level 11_0)
[2018.03.28-20.08.48:349][  0]LogD3D11RHI:       8086/0/16345 MB DedicatedVideo/DedicatedSystem/SharedSystem, Outputs:2, VendorId:0x10de
[2018.03.28-20.08.48:352][  0]LogD3D11RHI:    1. 'Microsoft Basic Render Driver' (Feature Level 11_0)
[2018.03.28-20.08.48:352][  0]LogD3D11RHI:       0/0/16345 MB DedicatedVideo/DedicatedSystem/SharedSystem, Outputs:0, VendorId:0x1414
[2018.03.28-20.08.48:352][  0]LogD3D11RHI: Chosen D3D11 Adapter: 0
[2018.03.28-20.08.48:358][  0]LogD3D11RHI: Creating new Direct3DDevice
[2018.03.28-20.08.48:358][  0]LogD3D11RHI:     GPU DeviceId: 0x1b80 (for the marketing name, search the web for "GPU Device Id")
[2018.03.28-20.08.48:358][  0]LogWindows: EnumDisplayDevices:
[2018.03.28-20.08.48:358][  0]LogWindows:    0. 'NVIDIA GeForce GTX 1080' (P:1 D:1)
[2018.03.28-20.08.48:359][  0]LogWindows:    1. 'NVIDIA GeForce GTX 1080' (P:0 D:1)
[2018.03.28-20.08.48:359][  0]LogWindows:    2. 'NVIDIA GeForce GTX 1080' (P:0 D:0)
[2018.03.28-20.08.48:359][  0]LogWindows:    3. 'NVIDIA GeForce GTX 1080' (P:0 D:0)
[2018.03.28-20.08.48:359][  0]LogWindows: DebugString: GetVideoDriverDetailsInvalid PrimaryIsNotTheChoosenAdapter GetVideoDriverDetailsInvalid PrimaryIsNotTheChoosenAdapter GetVideoDriverDetailsInvalid PrimaryIsNotTheChoosenAdapter GetVideoDriverDetailsInvalid PrimaryIsNotTheChoosenAdapter FoundDriverCount:0 
[2018.03.28-20.08.48:359][  0]LogD3D11RHI:     Adapter Name: NVIDIA GeForce GTX 1080
[2018.03.28-20.08.48:359][  0]LogD3D11RHI:   Driver Version: Unknown (internal:Unknown, unified:Unknown)
[2018.03.28-20.08.48:359][  0]LogD3D11RHI:      Driver Date: Unknown
[2018.03.28-20.08.48:359][  0]LogRHI: Texture pool is 5660 MB (70% of 8086 MB)
[2018.03.28-20.08.48:382][  0]LogD3D11RHI: Async texture creation enabled
[2018.03.28-20.08.48:394][  0]LogD3D11RHI: GPU Timing Frequency: 1000.000000 (Debug: 2 1)
[2018.03.28-20.08.48:439][  0]LogShaderCompilers: Guid format shader working directory is -25 characters bigger than the processId version (../../../../../../Users/carvai/Desktop/EGD/FakeBook/Game 3/DetectiveGame/Intermediate/Shaders/WorkingDirectory/6496/).
[2018.03.28-20.08.48:439][  0]LogShaderCompilers: Cleaned the shader compiler working directory 'C:/Users/carvai/AppData/Local/Temp/UnrealShaderWorkingDir/D2488DBB41FEF69EF88FFF8C350CB840/'.
[2018.03.28-20.08.48:439][  0]LogShaderCompilers: Display: Using Local Shader Compiler.
[2018.03.28-20.08.49:371][  0]LogTemp: Display: Loaded TP AllDesktopTargetPlatform
[2018.03.28-20.08.49:426][  0]LogTemp: Display: Loaded TP MacClientTargetPlatform
[2018.03.28-20.08.49:480][  0]LogTemp: Display: Loaded TP MacNoEditorTargetPlatform
[2018.03.28-20.08.49:535][  0]LogTemp: Display: Loaded TP MacServerTargetPlatform
[2018.03.28-20.08.49:589][  0]LogTemp: Display: Loaded TP MacTargetPlatform
[2018.03.28-20.08.49:644][  0]LogTemp: Display: Loaded TP WindowsClientTargetPlatform
[2018.03.28-20.08.49:699][  0]LogTemp: Display: Loaded TP WindowsNoEditorTargetPlatform
[2018.03.28-20.08.49:754][  0]LogTemp: Display: Loaded TP WindowsServerTargetPlatform
[2018.03.28-20.08.49:801][  0]LogTemp: Display: Loaded TP WindowsTargetPlatform
[2018.03.28-20.08.49:855][  0]LogTemp: Display: Loaded TP Android_ASTCTargetPlatform
[2018.03.28-20.08.49:908][  0]LogTemp: Display: Loaded TP Android_ATCTargetPlatform
[2018.03.28-20.08.49:963][  0]LogTemp: Display: Loaded TP Android_DXTTargetPlatform
[2018.03.28-20.08.50:018][  0]LogTemp: Display: Loaded TP Android_ETC1TargetPlatform
[2018.03.28-20.08.50:070][  0]LogTemp: Display: Loaded TP Android_ETC2TargetPlatform
[2018.03.28-20.08.50:180][  0]LogTemp: Display: Loaded TP Android_MultiTargetPlatform
[2018.03.28-20.08.50:180][  0]LogTemp: Display: Loaded TP Android_PVRTCTargetPlatform
[2018.03.28-20.08.50:236][  0]LogTemp: Display: Loaded TP AndroidTargetPlatform
[2018.03.28-20.08.50:278][  0]LogTemp: Display: Loaded TP HTML5TargetPlatform
[2018.03.28-20.08.50:372][  0]LogTemp: Display: Loaded TP IOSTargetPlatform
[2018.03.28-20.08.50:400][  0]LogTemp: Display: Loaded TP TVOSTargetPlatform
[2018.03.28-20.08.50:453][  0]LogTemp: Display: Loaded TP LinuxClientTargetPlatform
[2018.03.28-20.08.50:505][  0]LogTemp: Display: Loaded TP LinuxNoEditorTargetPlatform
[2018.03.28-20.08.50:558][  0]LogTemp: Display: Loaded TP LinuxServerTargetPlatform
[2018.03.28-20.08.50:611][  0]LogTemp: Display: Loaded TP LinuxTargetPlatform
[2018.03.28-20.08.50:611][  0]LogTargetPlatformManager: Display: Building Assets For Windows
[2018.03.28-20.08.51:091][  0]LogDerivedDataCache: Display: Max Cache Size: 512 MB
[2018.03.28-20.08.51:168][  0]LogDerivedDataCache: Loaded boot cache 0.08s 79MB C:/Users/carvai/AppData/Local/UnrealEngine/4.18/DerivedDataCache/Boot.ddc.
[2018.03.28-20.08.51:168][  0]LogDerivedDataCache: Display: Loaded Boot cache: C:/Users/carvai/AppData/Local/UnrealEngine/4.18/DerivedDataCache/Boot.ddc
[2018.03.28-20.08.51:168][  0]LogDerivedDataCache: FDerivedDataBackendGraph:  Pak pak cache file ../../../../../../Users/carvai/Desktop/EGD/FakeBook/Game 3/DetectiveGame/DerivedDataCache/DDC.ddp not found, will not use a pak cache.
[2018.03.28-20.08.51:168][  0]LogDerivedDataCache: Unable to find inner node Pak for hierarchical cache Hierarchy.
[2018.03.28-20.08.51:168][  0]LogDerivedDataCache: FDerivedDataBackendGraph:  CompressedPak pak cache file ../../../../../../Users/carvai/Desktop/EGD/FakeBook/Game 3/DetectiveGame/DerivedDataCache/Compressed.ddp not found, will not use a pak cache.
[2018.03.28-20.08.51:168][  0]LogDerivedDataCache: Unable to find inner node CompressedPak for hierarchical cache Hierarchy.
[2018.03.28-20.08.51:184][  0]LogDerivedDataCache: Display: Pak cache opened for reading ../../../Engine/DerivedDataCache/Compressed.ddp.
[2018.03.28-20.08.51:196][  0]LogDerivedDataCache: Using Local data cache path C:/Users/carvai/AppData/Local/UnrealEngine/Common/DerivedDataCache: Writable
[2018.03.28-20.08.51:207][  0]LogMaterial: Verifying Global Shaders for PCD3D_SM5
[2018.03.28-20.08.51:207][  0]LogSlate: Using Freetype 2.6.0
[2018.03.28-20.08.51:208][  0]LogSlate: SlateFontCache - WITH_FREETYPE: 1, WITH_HARFBUZZ: 1
[2018.03.28-20.08.51:208][  0]LogSlate: SlateFontCache - WITH_FREETYPE: 1, WITH_HARFBUZZ: 1
[2018.03.28-20.08.51:572][  0]LogInit: Selected Device Profile: [Windows]
[2018.03.28-20.08.51:917][  0]LogSimplygon: Simplygon DLL not present - disabling.
[2018.03.28-20.08.51:962][  0]LogMeshReduction: Using SimplygonSwarm for distributed automatic mesh merging
[2018.03.28-20.08.51:962][  0]LogMeshReduction: Using QuadricMeshReduction for automatic static mesh reduction
[2018.03.28-20.08.51:962][  0]LogMeshReduction: No automatic skeletal mesh reduction module available
[2018.03.28-20.08.51:962][  0]LogMeshReduction: No automatic mesh merging module available
[2018.03.28-20.08.51:962][  0]LogMeshMerging: No automatic mesh merging module available
[2018.03.28-20.08.51:990][  0]LogNetVersion: DetectiveGame , NetCL: 3709383, EngineNetVer: 2, GameNetVer: 0 (Checksum: 4117068022)
[2018.03.28-20.08.52:152][  0]LogAssetRegistry: FAssetRegistry took 0.0257 seconds to start up
[2018.03.28-20.08.52:655][  0]LogPackageLocalizationCache: Processed 7 localized package path(s) for 2 prioritized culture(s) in 0.076233 seconds
[2018.03.28-20.08.52:660][  0]LogUObjectArray: 35870 objects as part of root set at end of initial load.
[2018.03.28-20.08.52:660][  0]LogUObjectAllocator: 7363704 out of 0 bytes used by permanent object pool.
[2018.03.28-20.08.52:660][  0]LogUObjectArray: CloseDisregardForGC: 0/0 objects in disregard for GC pool
[2018.03.28-20.08.52:717][  0]LogInit: WinSock: version 1.1 (2.2), MaxSocks=32767, MaxUdp=65467
[2018.03.28-20.08.55:485][  0]LogTcpMessaging: Initializing TcpMessaging bridge
[2018.03.28-20.08.55:529][  0]LogUdpMessaging: Initializing bridge on interface 0.0.0.0:0 to multicast group 230.0.0.1:6666.
[2018.03.28-20.08.56:362][  0]LogMaterial: Uniform references updated for custom material expression Custom.
[2018.03.28-20.08.56:804][  0]SourceControl: Source control is disabled
[2018.03.28-20.08.56:804][  0]SourceControl: Source control is disabled
[2018.03.28-20.08.56:860][  0]SourceControl: Source control is disabled
[2018.03.28-20.08.56:915][  0]SourceControl: Source control is disabled
[2018.03.28-20.08.57:780][  0]LogAndroidPermission: UAndroidPermissionCallbackProxy::GetInstance
[2018.03.28-20.08.58:063][  0]LogOcInput: OculusInput pre-init called
[2018.03.28-20.08.58:364][  0]LogEngine: Initializing Engine...
[2018.03.28-20.08.58:927][  0]LogHMD: SteamVR initialized.  Driver: lighthouse  Display: LHR-7AF84CC7
[2018.03.28-20.08.59:126][  0]LogStats: UGameplayTagsManager::ConstructGameplayTagTree: Construct from data asset -  0.000 s
[2018.03.28-20.08.59:126][  0]LogStats: UGameplayTagsManager::ConstructGameplayTagTree: GameplayTagTreeChangedEvent.Broadcast -  0.000 s
[2018.03.28-20.08.59:253][  0]LogAIModule: Creating AISystem for world Untitled
[2018.03.28-20.08.59:266][  0]LogInit: XAudio2 using 'Speakers / Headphones (Realtek Audio)' : 2 channels at 48 kHz using 32 bits per sample (channel mask 0x3)
[2018.03.28-20.08.59:283][  0]LogInit: FAudioDevice initialized.
[2018.03.28-20.08.59:335][  0]LogDerivedDataCache: Saved boot cache 0.05s 79MB C:/Users/carvai/AppData/Local/UnrealEngine/4.18/DerivedDataCache/Boot.ddc.
[2018.03.28-20.08.59:346][  0]LogInit: Texture streaming: Enabled
[2018.03.28-20.08.59:445][  0]LogEngineSessionManager: EngineSessionManager initialized
[2018.03.28-20.08.59:581][  0]LogInit: Transaction tracking system initialized
[2018.03.28-20.08.59:906][  0]BlueprintLog: New page: Editor Load
[2018.03.28-20.09.00:822][  0]LocalizationService: Localization service is disabled
[2018.03.28-20.09.01:587][  0]LogConsoleResponse: Display: 
[2018.03.28-20.09.01:745][  0]LogCook: Display: Max memory allowance for cook 16384mb min free memory 0mb
[2018.03.28-20.09.01:745][  0]LogCook: Display: Mobile HDR setting 1
[2018.03.28-20.09.01:745][  0]LogGameplayTags: Display: UGameplayTagsManager::DoneAddingNativeTags. DelegateIsBound: 0
[2018.03.28-20.09.02:908][  0]LogFileCache: Scanning file cache for directory 'C:/Users/carvai/Desktop/EGD/FakeBook/Game 3/DetectiveGame/Content/' took 0.01s
[2018.03.28-20.09.02:957][  0]SourceControl: Source control is disabled
[2018.03.28-20.09.02:957][  0]Cmd: MAP LOAD FILE="../../../../../../Users/carvai/Desktop/EGD/FakeBook/Game 3/DetectiveGame/Content/VirtualRealityBP/Maps/StartupMap.umap" TEMPLATE=0 SHOWPROGRESS=1 FEATURELEVEL=3
[2018.03.28-20.09.02:957][  0]LightingResults: New page: Lighting Build
[2018.03.28-20.09.03:000][  0]MapCheck: New page: Map Check
[2018.03.28-20.09.03:000][  0]LightingResults: New page: Lighting Build
[2018.03.28-20.09.03:708][  0]LogAIModule: Creating AISystem for world StartupMap
[2018.03.28-20.09.03:721][  0]LogEditorServer: Finished looking for orphan Actors (0.000 secs)
[2018.03.28-20.09.03:738][  0]Cmd: MAP CHECKDEP NOCLEARLOG
[2018.03.28-20.09.03:799][  0]MapCheck: Map check complete: 0 Error(s), 0 Warning(s), took 61.345ms to complete.
[2018.03.28-20.09.03:799][  0]LogFileHelpers: Loading map 'StartupMap' took 0.843
[2018.03.28-20.09.03:952][  0]LogCollectionManager: Loaded 0 collections in 0.001573 seconds
[2018.03.28-20.09.04:036][  0]LogFileCache: Scanning file cache for directory 'C:/Users/carvai/Desktop/EGD/FakeBook/Game 3/DetectiveGame/Saved/Collections/' took 0.01s
[2018.03.28-20.09.04:036][  0]LogFileCache: Scanning file cache for directory 'C:/Users/carvai/Desktop/EGD/FakeBook/Game 3/DetectiveGame/Content/Developers/CARVAI/Collections/' took 0.01s
[2018.03.28-20.09.04:036][  0]LogFileCache: Scanning file cache for directory 'C:/Users/carvai/Desktop/EGD/FakeBook/Game 3/DetectiveGame/Content/Collections/' took 0.01s
[2018.03.28-20.09.04:036][  0]LogCollectionManager: Rebuilt the GUID cache for 0 collections in 0.000000 seconds
[2018.03.28-20.09.04:045][  0]LogContentBrowser: Native class hierarchy populated in 0.0088 seconds. Added 2372 classes and 524 folders.
[2018.03.28-20.09.04:112][  0]LogContentBrowser: Native class hierarchy updated for 'WidgetCarousel' in 0.0003 seconds. Added 0 classes and 0 folders.
[2018.03.28-20.09.04:150][  0]LogContentBrowser: Native class hierarchy updated for 'AddContentDialog' in 0.0002 seconds. Added 0 classes and 0 folders.
[2018.03.28-20.09.04:198][  0]LogContentBrowser: Native class hierarchy updated for 'SceneOutliner' in 0.0002 seconds. Added 1 classes and 2 folders.
[2018.03.28-20.09.04:213][  0]LogSlate: Took 0.000170 seconds to synchronously load lazily loaded font '../../../Engine/Content/Slate/Fonts/Roboto-Regular.ttf' (155K)
[2018.03.28-20.09.04:215][  0]LogSlate: Took 0.000159 seconds to synchronously load lazily loaded font '../../../Engine/Content/Slate/Fonts/Roboto-Bold.ttf' (160K)
[2018.03.28-20.09.04:221][  0]LogSlate: Took 0.000172 seconds to synchronously load lazily loaded font '../../../Engine/Content/Editor/Slate/Fonts/FontAwesome.ttf' (139K)
[2018.03.28-20.09.04:312][  0]LogRenderer: Reallocating scene render targets to support 1208x652 Format 26 NumSamples 1 (Frame:1).
[2018.03.28-20.09.04:460][  0]LogContentBrowser: Native class hierarchy updated for 'HierarchicalLODOutliner' in 0.0003 seconds. Added 1 classes and 2 folders.
[2018.03.28-20.09.04:460][  0]LogLoad: (Engine Initialization) Total time: 19.37 seconds
[2018.03.28-20.09.04:460][  0]LogLoad: (Engine Initialization) Total Blueprint compile time: 0.00 seconds
[2018.03.28-20.09.04:460][  0]LogExternalProfiler: No external profilers were discovered.  External profiling features will not be available.
[2018.03.28-20.09.04:469][  0]LogWindowsTextInputMethodSystem: Display: IME system now deactivated.
[2018.03.28-20.09.04:501][  0]LogContentStreaming: Texture pool size now 1000 MB
[2018.03.28-20.09.04:542][  0]LogSlate: Took 0.000174 seconds to synchronously load lazily loaded font '../../../Engine/Content/Slate/Fonts/Roboto-Light.ttf' (159K)
[2018.03.28-20.09.04:553][  1]LogFileCache: Retrieving MD5 hashes for directory 'C:/Users/carvai/Desktop/EGD/FakeBook/Game 3/DetectiveGame/Content/' took 0.07s
[2018.03.28-20.09.04:561][  1]LogAssetRegistry: Asset discovery search completed in 12.4305 seconds
[2018.03.28-20.09.04:563][  1]LogCollectionManager: Rebuilt the object cache for 0 collections in 0.000001 seconds (found 0 objects)
[2018.03.28-20.09.04:563][  1]LogCollectionManager: Fixed up redirectors for 0 collections in 0.000054 seconds (updated 0 objects)
[2018.03.28-20.09.05:492][104]LogSlate: Took 0.000203 seconds to synchronously load lazily loaded font '../../../Engine/Content/Slate/Fonts/Roboto-Light.ttf' (159K)
[2018.03.28-20.09.09:282][556]LogTemp: Repeating last play command: VR Preview
[2018.03.28-20.09.09:326][556]LogPlayLevel: PlayLevel: No blueprints needed recompiling
[2018.03.28-20.09.09:326][556]PIE: New page: PIE session: StartupMap (Mar 28, 2018, 12:09:09 PM)
[2018.03.28-20.09.09:326][556]LogPlayLevel: Creating play world package: /Game/VirtualRealityBP/Maps/UEDPIE_0_StartupMap
[2018.03.28-20.09.09:330][556]LogPlayLevel: PIE: StaticDuplicateObject took: (0.003232s)
[2018.03.28-20.09.09:330][556]LogAIModule: Creating AISystem for world StartupMap
[2018.03.28-20.09.09:330][556]LogPlayLevel: PIE: World Init took: (0.000567s)
[2018.03.28-20.09.09:331][556]LogPlayLevel: PIE: Created PIE world by copying editor world from /Game/VirtualRealityBP/Maps/StartupMap.StartupMap to /Game/VirtualRealityBP/Maps/UEDPIE_0_StartupMap.StartupMap (0.004036s)
[2018.03.28-20.09.09:351][556]LogInit: XAudio2 using 'Speakers / Headphones (Realtek Audio)' : 2 channels at 48 kHz using 32 bits per sample (channel mask 0x3)
[2018.03.28-20.09.09:365][556]LogInit: FAudioDevice initialized.
[2018.03.28-20.09.09:458][556]LogLoad: Game class is 'GameModeVR_C'
[2018.03.28-20.09.09:462][556]LogWorld: Bringing World /Game/VirtualRealityBP/Maps/UEDPIE_0_StartupMap.StartupMap up for play (max tick rate 0) at 2018.03.28-16.09.09
[2018.03.28-20.09.09:463][556]LogWorld: Bringing up level for play took: 0.003154
[2018.03.28-20.09.09:505][556]LogContentBrowser: Native class hierarchy updated for 'MovieSceneCapture' in 0.0003 seconds. Added 11 classes and 0 folders.
[2018.03.28-20.09.09:505][556]LogGameMode: Display: Match State Changed from EnteringMap to WaitingToStart
[2018.03.28-20.09.09:505][556]LogGameState: Match State Changed from EnteringMap to WaitingToStart
[2018.03.28-20.09.09:505][556]LogGameMode: Display: Match State Changed from WaitingToStart to InProgress
[2018.03.28-20.09.09:508][556]PIE: Warning: AttachTo: '/Game/VirtualRealityBP/Maps/UEDPIE_0_StartupMap.StartupMap:PersistentLevel.BP_MotionController_C_0.Beam' is not static  (in blueprint "BP_MotionController"), cannot attach '/Game/VirtualRealityBP/Maps/UEDPIE_0_StartupMap.StartupMap:PersistentLevel.BP_MotionController_C_0.SplineMesh' which is static to it. Aborting.
[2018.03.28-20.09.09:509][556]PIE: Warning: AttachTo: '/Game/VirtualRealityBP/Maps/UEDPIE_0_StartupMap.StartupMap:PersistentLevel.BP_MotionController_C_1.Beam' is not static  (in blueprint "BP_MotionController"), cannot attach '/Game/VirtualRealityBP/Maps/UEDPIE_0_StartupMap.StartupMap:PersistentLevel.BP_MotionController_C_1.SplineMesh' which is static to it. Aborting.
[2018.03.28-20.09.09:510][556]LogGameState: Match State Changed from WaitingToStart to InProgress
[2018.03.28-20.09.09:514][556]PIE: Play in editor start time for /Game/VirtualRealityBP/Maps/UEDPIE_0_StartupMap 0.422
[2018.03.28-20.09.09:557][557]LogRenderer: Reallocating scene render targets to support 2160x1200 Format 26 NumSamples 1 (Frame:1).
[2018.03.28-20.09.10:774][664]LogScript: Warning: Attempted to access Widget via property CallFunc_GetHoveredWidgetComponent_ReturnValue, but Widget is pending kill
	BP_MotionController_C /Game/VirtualRealityBP/Maps/UEDPIE_0_StartupMap.StartupMap:PersistentLevel.BP_MotionController_C_1
	Function /Game/VirtualRealityBP/Blueprints/BP_MotionController.BP_MotionController_C:ExecuteUbergraph_BP_MotionController:0175
[2018.03.28-20.09.10:774][664]PIE: Error: Blueprint Runtime Error: Attempted to access Widget via property CallFunc_GetHoveredWidgetComponent_ReturnValue, but Widget is pending kill from function: 'ExecuteUbergraph_BP_MotionController' from node: IsValid in graph: EventGraph in object: BP_MotionController with description: Attempted to access Widget via property CallFunc_GetHoveredWidgetComponent_ReturnValue, but Widget is pending kill
[2018.03.28-20.09.50:751][294]LogSlate: Took 0.000152 seconds to synchronously load lazily loaded font '../../../Engine/Content/Slate/Fonts/Roboto-Light.ttf' (159K)
[2018.03.28-20.09.55:600][748]LogEditorViewport: Clicking on Actor (LMB): StaticMeshActor (Desktaek1)
[2018.03.28-20.10.23:804][905]LogEditorViewport: Clicking on Actor (LMB): BP_DeskDrawers_C (BP_DeskDrawers)
[2018.03.28-20.10.28:341][427]LogEditorViewport: Clicking on Actor (LMB): StaticMeshActor (Desktaek1)
[2018.03.28-20.10.30:331][656]LogSlate: Took 0.000221 seconds to synchronously load lazily loaded font '../../../Engine/Content/Editor/Slate/Fonts/Roboto-Italic.ttf' (157K)
[2018.03.28-20.10.47:010][608]LogEditorViewport: Clicking on Actor (LMB): BP_DeskDrawers_C (BP_DeskDrawers)
[2018.03.28-20.10.49:674][913]LogEditorViewport: Clicking on Actor (LMB): StaticMeshActor (Desktaek1)
[2018.03.28-20.10.54:542][463]LogEditorViewport: Clicking on Actor (LMB): BP_DeskDrawers_C (BP_DeskDrawers)
[2018.03.28-20.11.10:878][301]LogEditorViewport: Clicking on Actor (LMB): StaticMeshActor (Floor)
[2018.03.28-20.11.11:303][343]LogEditorViewport: Clicking on Actor (LMB): StaticMeshActor (Desktaek1)
[2018.03.28-20.11.22:177][618]LogEditorViewport: Clicking on Actor (LMB): StaticMeshActor (Desktaek1)
[2018.03.28-20.12.22:507][292]LogTemp: Repeating last play command: VR Preview
[2018.03.28-20.12.22:533][292]LogPlayLevel: PlayLevel: No blueprints needed recompiling
[2018.03.28-20.12.22:533][292]PIE: New page: PIE session: StartupMap (Mar 28, 2018, 12:12:22 PM)
[2018.03.28-20.12.22:533][292]LogPlayLevel: Creating play world package: /Game/VirtualRealityBP/Maps/UEDPIE_0_StartupMap
[2018.03.28-20.12.22:537][292]LogPlayLevel: PIE: StaticDuplicateObject took: (0.003548s)
[2018.03.28-20.12.22:537][292]LogAIModule: Creating AISystem for world StartupMap
[2018.03.28-20.12.22:537][292]LogPlayLevel: PIE: World Init took: (0.000683s)
[2018.03.28-20.12.22:538][292]LogPlayLevel: PIE: Created PIE world by copying editor world from /Game/VirtualRealityBP/Maps/StartupMap.StartupMap to /Game/VirtualRealityBP/Maps/UEDPIE_0_StartupMap.StartupMap (0.004520s)
[2018.03.28-20.12.22:561][292]LogInit: XAudio2 using 'Speakers / Headphones (Realtek Audio)' : 2 channels at 48 kHz using 32 bits per sample (channel mask 0x3)
[2018.03.28-20.12.22:578][292]LogInit: FAudioDevice initialized.
[2018.03.28-20.12.23:181][292]LogHMD: SteamVR initialized.  Driver: lighthouse  Display: LHR-7AF84CC7
[2018.03.28-20.12.23:217][292]LogLoad: Game class is 'GameModeVR_C'
[2018.03.28-20.12.23:220][292]LogWorld: Bringing World /Game/VirtualRealityBP/Maps/UEDPIE_0_StartupMap.StartupMap up for play (max tick rate 0) at 2018.03.28-16.12.23
[2018.03.28-20.12.23:220][292]LogWorld: Bringing up level for play took: 0.002772
[2018.03.28-20.12.23:221][292]LogGameMode: Display: Match State Changed from EnteringMap to WaitingToStart
[2018.03.28-20.12.23:221][292]LogGameState: Match State Changed from EnteringMap to WaitingToStart
[2018.03.28-20.12.23:221][292]LogGameMode: Display: Match State Changed from WaitingToStart to InProgress
[2018.03.28-20.12.23:222][292]PIE: Warning: AttachTo: '/Game/VirtualRealityBP/Maps/UEDPIE_0_StartupMap.StartupMap:PersistentLevel.BP_MotionController_C_0.Beam' is not static  (in blueprint "BP_MotionController"), cannot attach '/Game/VirtualRealityBP/Maps/UEDPIE_0_StartupMap.StartupMap:PersistentLevel.BP_MotionController_C_0.SplineMesh' which is static to it. Aborting.
[2018.03.28-20.12.23:223][292]PIE: Warning: AttachTo: '/Game/VirtualRealityBP/Maps/UEDPIE_0_StartupMap.StartupMap:PersistentLevel.BP_MotionController_C_1.Beam' is not static  (in blueprint "BP_MotionController"), cannot attach '/Game/VirtualRealityBP/Maps/UEDPIE_0_StartupMap.StartupMap:PersistentLevel.BP_MotionController_C_1.SplineMesh' which is static to it. Aborting.
[2018.03.28-20.12.23:225][292]LogGameState: Match State Changed from WaitingToStart to InProgress
[2018.03.28-20.12.23:229][292]PIE: Play in editor start time for /Game/VirtualRealityBP/Maps/UEDPIE_0_StartupMap 0.137
[2018.03.28-20.13.08:274][749]PIE: Warning: AttachTo: '/Engine/Transient.World_4:PersistentLevel.BP_MotionController_C_0.Beam' is not static  (in blueprint "BP_MotionController"), cannot attach '/Engine/Transient.World_4:PersistentLevel.BP_MotionController_C_0.SplineMesh' which is static to it. Aborting.
[2018.03.28-20.13.09:286][834]LogContentBrowser: Native class hierarchy updated for 'BlueprintGraph' in 0.0006 seconds. Added 116 classes and 0 folders.
[2018.03.28-20.13.09:900][834]LogSlate: Took 0.000154 seconds to synchronously load lazily loaded font '../../../Engine/Content/Slate/Fonts/Roboto-Regular.ttf' (155K)
[2018.03.28-20.13.09:985][834]PIE: Warning: AttachTo: '/Engine/Transient.World_5:PersistentLevel.BP_MotionController_C_1.Beam' is not static  (in blueprint "BP_MotionController"), cannot attach '/Engine/Transient.World_5:PersistentLevel.BP_MotionController_C_1.SplineMesh' which is static to it. Aborting.
[2018.03.28-20.13.09:996][834]LogSlate: Took 0.000172 seconds to synchronously load lazily loaded font '../../../Engine/Content/Editor/Slate/Fonts/Roboto-BoldCondensed.ttf' (158K)
[2018.03.28-20.13.16:076][200]BlueprintLog: New page: Compile BP_MotionController
[2018.03.28-20.13.17:025][200]LogSavePackage: Save=411.62ms
[2018.03.28-20.13.17:026][200]LogSavePackage: Moving '../../../../../../Users/carvai/Desktop/EGD/FakeBook/Game 3/DetectiveGame/Saved/BP_MotionController9BA032D14A61FC3F0350C9B72F1E8569.tmp' to '../../../../../../Users/carvai/Desktop/EGD/FakeBook/Game 3/DetectiveGame/Content/VirtualRealityBP/Blueprints/BP_MotionController.uasset'
[2018.03.28-20.13.17:030][200]LogSavePackage: Display: Finished SavePackage ../../../../../../Users/carvai/Desktop/EGD/FakeBook/Game 3/DetectiveGame/Content/VirtualRealityBP/Blueprints/BP_MotionController.uasset
[2018.03.28-20.13.19:446][446]LogTemp: Repeating last play command: VR Preview
[2018.03.28-20.13.19:482][446]LogPlayLevel: PlayLevel: No blueprints needed recompiling
[2018.03.28-20.13.19:482][446]PIE: New page: PIE session: StartupMap (Mar 28, 2018, 12:13:19 PM)
[2018.03.28-20.13.19:482][446]LogPlayLevel: Creating play world package: /Game/VirtualRealityBP/Maps/UEDPIE_0_StartupMap
[2018.03.28-20.13.19:487][446]LogPlayLevel: PIE: StaticDuplicateObject took: (0.005072s)
[2018.03.28-20.13.19:488][446]LogAIModule: Creating AISystem for world StartupMap
[2018.03.28-20.13.19:488][446]LogPlayLevel: PIE: World Init took: (0.000795s)
[2018.03.28-20.13.19:488][446]LogPlayLevel: PIE: Created PIE world by copying editor world from /Game/VirtualRealityBP/Maps/StartupMap.StartupMap to /Game/VirtualRealityBP/Maps/UEDPIE_0_StartupMap.StartupMap (0.006182s)
[2018.03.28-20.13.19:515][446]LogInit: XAudio2 using 'Speakers / Headphones (Realtek Audio)' : 2 channels at 48 kHz using 32 bits per sample (channel mask 0x3)
[2018.03.28-20.13.19:531][446]LogInit: FAudioDevice initialized.
[2018.03.28-20.13.20:132][446]LogHMD: SteamVR initialized.  Driver: lighthouse  Display: LHR-7AF84CC7
[2018.03.28-20.13.20:171][446]LogLoad: Game class is 'GameModeVR_C'
[2018.03.28-20.13.20:174][446]LogWorld: Bringing World /Game/VirtualRealityBP/Maps/UEDPIE_0_StartupMap.StartupMap up for play (max tick rate 0) at 2018.03.28-16.13.20
[2018.03.28-20.13.20:174][446]LogWorld: Bringing up level for play took: 0.003000
[2018.03.28-20.13.20:175][446]LogGameMode: Display: Match State Changed from EnteringMap to WaitingToStart
[2018.03.28-20.13.20:175][446]LogGameState: Match State Changed from EnteringMap to WaitingToStart
[2018.03.28-20.13.20:175][446]LogGameMode: Display: Match State Changed from WaitingToStart to InProgress
[2018.03.28-20.13.20:179][446]LogGameState: Match State Changed from WaitingToStart to InProgress
[2018.03.28-20.13.20:183][446]PIE: Play in editor start time for /Game/VirtualRealityBP/Maps/UEDPIE_0_StartupMap 1.091
[2018.03.28-20.13.39:139][312]LogEditorViewport: Clicking on Actor (LMB): BP_DestructiblePickup_C (BP_DestructiblePickup)
[2018.03.28-20.13.39:840][370]LogEditorViewport: Clicking on Actor (CTRL LMB): StaticMeshActor (Plane)
[2018.03.28-20.13.40:435][437]LogEditorViewport: Clicking on Actor (CTRL LMB): BP_Telephone_C (BP_Telephone)
[2018.03.28-20.13.43:444][790]LogEditorViewport: Clicking on Actor (LMB): StaticMeshActor (Cube2)
[2018.03.28-20.13.44:001][850]LogEditorViewport: Clicking on Actor (CTRL LMB): StaticMeshActor (Cube)
[2018.03.28-20.14.50:691][933]BlueprintLog: New page: Compile BP_MotionController
[2018.03.28-20.14.51:662][933]LogSavePackage: Save=421.65ms
[2018.03.28-20.14.51:662][933]LogSavePackage: Moving '../../../../../../Users/carvai/Desktop/EGD/FakeBook/Game 3/DetectiveGame/Saved/BP_MotionController9358B08E446DE1F30A7EFDB472A19317.tmp' to '../../../../../../Users/carvai/Desktop/EGD/FakeBook/Game 3/DetectiveGame/Content/VirtualRealityBP/Blueprints/BP_MotionController.uasset'
[2018.03.28-20.14.51:666][933]LogSavePackage: Display: Finished SavePackage ../../../../../../Users/carvai/Desktop/EGD/FakeBook/Game 3/DetectiveGame/Content/VirtualRealityBP/Blueprints/BP_MotionController.uasset
[2018.03.28-20.14.55:735][335]LogEditorViewport: Clicking on Actor (LMB): PlayerStart (PlayerStart2)
[2018.03.28-20.14.57:259][507]LogNavigationPoint: PostEditMove Clear paths rebuilt
[2018.03.28-20.15.01:328][989]LogNavigationPoint: PostEditMove Clear paths rebuilt
[2018.03.28-20.15.02:525][129]LogTemp: Repeating last play command: VR Preview
[2018.03.28-20.15.02:556][129]LogPlayLevel: PlayLevel: No blueprints needed recompiling
[2018.03.28-20.15.02:556][129]PIE: New page: PIE session: StartupMap (Mar 28, 2018, 12:15:02 PM)
[2018.03.28-20.15.02:556][129]LogPlayLevel: Creating play world package: /Game/VirtualRealityBP/Maps/UEDPIE_0_StartupMap
[2018.03.28-20.15.02:560][129]LogPlayLevel: PIE: StaticDuplicateObject took: (0.003673s)
[2018.03.28-20.15.02:560][129]LogAIModule: Creating AISystem for world StartupMap
[2018.03.28-20.15.02:560][129]LogPlayLevel: PIE: World Init took: (0.000615s)
[2018.03.28-20.15.02:561][129]LogPlayLevel: PIE: Created PIE world by copying editor world from /Game/VirtualRealityBP/Maps/StartupMap.StartupMap to /Game/VirtualRealityBP/Maps/UEDPIE_0_StartupMap.StartupMap (0.004564s)
[2018.03.28-20.15.02:592][129]LogInit: XAudio2 using 'Speakers / Headphones (Realtek Audio)' : 2 channels at 48 kHz using 32 bits per sample (channel mask 0x3)
[2018.03.28-20.15.02:609][129]LogInit: FAudioDevice initialized.
[2018.03.28-20.15.03:204][129]LogHMD: SteamVR initialized.  Driver: lighthouse  Display: LHR-7AF84CC7
[2018.03.28-20.15.03:238][129]LogLoad: Game class is 'GameModeVR_C'
[2018.03.28-20.15.03:241][129]LogWorld: Bringing World /Game/VirtualRealityBP/Maps/UEDPIE_0_StartupMap.StartupMap up for play (max tick rate 0) at 2018.03.28-16.15.03
[2018.03.28-20.15.03:241][129]LogWorld: Bringing up level for play took: 0.002735
[2018.03.28-20.15.03:241][129]LogGameMode: Display: Match State Changed from EnteringMap to WaitingToStart
[2018.03.28-20.15.03:242][129]LogGameState: Match State Changed from EnteringMap to WaitingToStart
[2018.03.28-20.15.03:242][129]LogGameMode: Display: Match State Changed from WaitingToStart to InProgress
[2018.03.28-20.15.03:245][129]LogGameState: Match State Changed from WaitingToStart to InProgress
[2018.03.28-20.15.03:250][129]PIE: Play in editor start time for /Game/VirtualRealityBP/Maps/UEDPIE_0_StartupMap 0.157
[2018.03.28-20.16.06:126][322]LogTemp: Repeating last play command: VR Preview
[2018.03.28-20.16.06:159][322]LogPlayLevel: PlayLevel: No blueprints needed recompiling
[2018.03.28-20.16.06:160][322]PIE: New page: PIE session: StartupMap (Mar 28, 2018, 12:16:06 PM)
[2018.03.28-20.16.06:160][322]LogPlayLevel: Creating play world package: /Game/VirtualRealityBP/Maps/UEDPIE_0_StartupMap
[2018.03.28-20.16.06:164][322]LogPlayLevel: PIE: StaticDuplicateObject took: (0.004091s)
[2018.03.28-20.16.06:164][322]LogAIModule: Creating AISystem for world StartupMap
[2018.03.28-20.16.06:165][322]LogPlayLevel: PIE: World Init took: (0.000784s)
[2018.03.28-20.16.06:165][322]LogPlayLevel: PIE: Created PIE world by copying editor world from /Game/VirtualRealityBP/Maps/StartupMap.StartupMap to /Game/VirtualRealityBP/Maps/UEDPIE_0_StartupMap.StartupMap (0.005188s)
[2018.03.28-20.16.06:195][322]LogInit: XAudio2 using 'Speakers / Headphones (Realtek Audio)' : 2 channels at 48 kHz using 32 bits per sample (channel mask 0x3)
[2018.03.28-20.16.06:211][322]LogInit: FAudioDevice initialized.
[2018.03.28-20.16.06:817][322]LogHMD: SteamVR initialized.  Driver: lighthouse  Display: LHR-7AF84CC7
[2018.03.28-20.16.06:862][322]LogLoad: Game class is 'GameModeVR_C'
[2018.03.28-20.16.06:866][322]LogWorld: Bringing World /Game/VirtualRealityBP/Maps/UEDPIE_0_StartupMap.StartupMap up for play (max tick rate 0) at 2018.03.28-16.16.06
[2018.03.28-20.16.06:866][322]LogWorld: Bringing up level for play took: 0.003625
[2018.03.28-20.16.06:866][322]LogGameMode: Display: Match State Changed from EnteringMap to WaitingToStart
[2018.03.28-20.16.06:866][322]LogGameState: Match State Changed from EnteringMap to WaitingToStart
[2018.03.28-20.16.06:866][322]LogGameMode: Display: Match State Changed from WaitingToStart to InProgress
[2018.03.28-20.16.06:871][322]LogGameState: Match State Changed from WaitingToStart to InProgress
[2018.03.28-20.16.06:880][322]PIE: Play in editor start time for /Game/VirtualRealityBP/Maps/UEDPIE_0_StartupMap -0.212
[2018.03.28-20.16.21:338][421]LogSavePackage: Save=70.38ms
[2018.03.28-20.16.21:338][421]LogSavePackage: Moving '../../../../../../Users/carvai/Desktop/EGD/FakeBook/Game 3/DetectiveGame/Saved/StartupMap82E0ACA943D2EFF84474E8B70D3CDECD.tmp' to '../../../../../../Users/carvai/Desktop/EGD/FakeBook/Game 3/DetectiveGame/Content/VirtualRealityBP/Maps/StartupMap.umap'
[2018.03.28-20.16.21:341][421]LogSavePackage: Display: Finished SavePackage ../../../../../../Users/carvai/Desktop/EGD/FakeBook/Game 3/DetectiveGame/Content/VirtualRealityBP/Maps/StartupMap.umap
[2018.03.28-20.16.21:380][421]LogFileHelpers: Saving map 'StartupMap' took 0.214
[2018.03.28-20.16.21:564][421]LogWindowsTextInputMethodSystem: Display: IME system now deactivated.
[2018.03.28-20.16.21:749][422]Cmd: QUIT_EDITOR
[2018.03.28-20.16.22:534][422]LogExit: Preparing to exit.
[2018.03.28-20.16.22:729][422]LogDirectoryWatcher: A directory notification for 'C:/Users/carvai/Desktop/EGD/FakeBook/Game 3/DetectiveGame/Content/' was aborted.
[2018.03.28-20.16.22:760][422]LogExit: Editor shut down
[2018.03.28-20.16.22:764][422]LogExit: Transaction tracking system shut down
[2018.03.28-20.16.22:912][422]LogDirectoryWatcher: A directory notification for '../../../Engine/Content/' was aborted.
[2018.03.28-20.16.22:912][422]LogDirectoryWatcher: A directory notification for '../../../../../../Users/carvai/Desktop/EGD/FakeBook/Game 3/DetectiveGame/Content/' was aborted.
[2018.03.28-20.16.22:912][422]LogDirectoryWatcher: A directory notification for '../../../Engine/Plugins/2D/Paper2D/Content/' was aborted.
[2018.03.28-20.16.22:912][422]LogDirectoryWatcher: A directory notification for '../../../Engine/Plugins/Media/MediaCompositing/Content/' was aborted.
[2018.03.28-20.16.22:912][422]LogDirectoryWatcher: A directory notification for '../../../Engine/Plugins/Runtime/AppleARKit/Content/' was aborted.
[2018.03.28-20.16.22:912][422]LogDirectoryWatcher: A directory notification for '../../../Engine/Plugins/Runtime/Oculus/OculusVR/Content/' was aborted.
[2018.03.28-20.16.22:912][422]LogDirectoryWatcher: A directory notification for '../../../Engine/Plugins/Runtime/Steam/SteamVR/Content/' was aborted.
[2018.03.28-20.16.22:986][422]LogExit: Object subsystem successfully closed.
[2018.03.28-20.16.22:999][422]LogD3D11RHI: Shutdown
[2018.03.28-20.16.22:999][422]LogD3D11RHI: CleanupD3DDevice
[2018.03.28-20.16.23:001][422]LogD3D11RHI: ~FD3D11DynamicRHI
[2018.03.28-20.16.23:015][422]LogModuleManager: Shutting down and abandoning module BlueprintGraph (558)
[2018.03.28-20.16.23:015][422]LogModuleManager: Shutting down and abandoning module StaticMeshEditor (556)
[2018.03.28-20.16.23:015][422]LogModuleManager: Shutting down and abandoning module MovieSceneCapture (554)
[2018.03.28-20.16.23:015][422]LogModuleManager: Shutting down and abandoning module HierarchicalLODOutliner (552)
[2018.03.28-20.16.23:015][422]LogModuleManager: Shutting down and abandoning module SceneOutliner (550)
[2018.03.28-20.16.23:015][422]LogModuleManager: Shutting down and abandoning module AddContentDialog (548)
[2018.03.28-20.16.23:015][422]LogDirectoryWatcher: A directory notification for 'C:/Program Files/Epic Games/UE_4.18/FeaturePacks/' was aborted.
[2018.03.28-20.16.23:016][422]LogModuleManager: Shutting down and abandoning module WidgetCarousel (547)
[2018.03.28-20.16.23:016][422]LogModuleManager: Shutting down and abandoning module EditorWidgets (544)
[2018.03.28-20.16.23:016][422]LogModuleManager: Shutting down and abandoning module CollectionManager (542)
[2018.03.28-20.16.23:016][422]LogDirectoryWatcher: A directory notification for 'C:/Users/carvai/Desktop/EGD/FakeBook/Game 3/DetectiveGame/Content/Collections/' was aborted.
[2018.03.28-20.16.23:016][422]LogDirectoryWatcher: A directory notification for 'C:/Users/carvai/Desktop/EGD/FakeBook/Game 3/DetectiveGame/Content/Developers/CARVAI/Collections/' was aborted.
[2018.03.28-20.16.23:016][422]LogDirectoryWatcher: A directory notification for 'C:/Users/carvai/Desktop/EGD/FakeBook/Game 3/DetectiveGame/Saved/Collections/' was aborted.
[2018.03.28-20.16.23:016][422]LogModuleManager: Shutting down and abandoning module StatsViewer (540)
[2018.03.28-20.16.23:017][422]LogModuleManager: Shutting down and abandoning module FoliageEdit (538)
[2018.03.28-20.16.23:017][422]LogModuleManager: Shutting down and abandoning module LandscapeEditor (536)
[2018.03.28-20.16.23:017][422]LogModuleManager: Shutting down and abandoning module MeshPaintMode (534)
[2018.03.28-20.16.23:017][422]LogModuleManager: Shutting down and abandoning module SceneDepthPickerMode (532)
[2018.03.28-20.16.23:017][422]LogModuleManager: Shutting down and abandoning module ActorPickerMode (530)
[2018.03.28-20.16.23:017][422]LogModuleManager: Shutting down and abandoning module GeometryMode (528)
[2018.03.28-20.16.23:017][422]LogModuleManager: Shutting down and abandoning module TextureAlignMode (526)
[2018.03.28-20.16.23:017][422]LogModuleManager: Shutting down and abandoning module BspMode (524)
[2018.03.28-20.16.23:017][422]LogModuleManager: Shutting down and abandoning module PIEPreviewDeviceProfileSelector (522)
[2018.03.28-20.16.23:017][422]LogModuleManager: Shutting down and abandoning module HardwareSurvey (520)
[2018.03.28-20.16.23:017][422]LogModuleManager: Shutting down and abandoning module SequenceRecorderSections (518)
[2018.03.28-20.16.23:017][422]LogModuleManager: Shutting down and abandoning module AutomationWorker (516)
[2018.03.28-20.16.23:017][422]LogModuleManager: Shutting down and abandoning module MatineeToLevelSequence (514)
[2018.03.28-20.16.23:017][422]LogModuleManager: Shutting down and abandoning module LevelSequenceEditor (512)
[2018.03.28-20.16.23:017][422]LogModuleManager: Shutting down and abandoning module PlacementMode (511)
[2018.03.28-20.16.23:017][422]LogModuleManager: Shutting down and abandoning module WmfMediaFactory (508)
[2018.03.28-20.16.23:017][422]LogModuleManager: Shutting down and abandoning module WmfMediaEditor (506)
[2018.03.28-20.16.23:017][422]LogModuleManager: Shutting down and abandoning module OpenExrWrapper (504)
[2018.03.28-20.16.23:017][422]LogModuleManager: Shutting down and abandoning module ImgMediaFactory (502)
[2018.03.28-20.16.23:017][422]LogModuleManager: Shutting down and abandoning module ImgMediaEditor (500)
[2018.03.28-20.16.23:017][422]LogModuleManager: Shutting down and abandoning module AvfMediaFactory (498)
[2018.03.28-20.16.23:017][422]LogModuleManager: Shutting down and abandoning module AvfMediaEditor (496)
[2018.03.28-20.16.23:017][422]LogModuleManager: Shutting down and abandoning module AndroidMediaFactory (494)
[2018.03.28-20.16.23:017][422]LogModuleManager: Shutting down and abandoning module AndroidMediaEditor (492)
[2018.03.28-20.16.23:017][422]LogModuleManager: Shutting down and abandoning module CharacterAI (490)
[2018.03.28-20.16.23:017][422]LogModuleManager: Shutting down and abandoning module AudioCapture (488)
[2018.03.28-20.16.23:017][422]LogModuleManager: Shutting down and abandoning module SequenceRecorder (487)
[2018.03.28-20.16.23:017][422]LogModuleManager: Shutting down and abandoning module SmartSnapping (484)
[2018.03.28-20.16.23:017][422]LogModuleManager: Shutting down and abandoning module SessionServices (482)
[2018.03.28-20.16.23:017][422]LogModuleManager: Shutting down and abandoning module ViewportSnapping (480)
[2018.03.28-20.16.23:017][422]LogModuleManager: Shutting down and abandoning module ViewportInteraction (478)
[2018.03.28-20.16.23:017][422]LogModuleManager: Shutting down and abandoning module ClothPainter (476)
[2018.03.28-20.16.23:017][422]LogModuleManager: Shutting down and abandoning module SkeletalMeshEditor (475)
[2018.03.28-20.16.23:017][422]LogModuleManager: Shutting down and abandoning module LogVisualizer (472)
[2018.03.28-20.16.23:017][422]LogModuleManager: Shutting down and abandoning module IntroTutorials (470)
[2018.03.28-20.16.23:017][422]LogModuleManager: Shutting down and abandoning module GameProjectGeneration (469)
[2018.03.28-20.16.23:017][422]LogModuleManager: Shutting down and abandoning module IOSPlatformEditor (466)
[2018.03.28-20.16.23:017][422]LogModuleManager: Shutting down and abandoning module HTML5PlatformEditor (464)
[2018.03.28-20.16.23:017][422]LogModuleManager: Shutting down and abandoning module AndroidPlatformEditor (462)
[2018.03.28-20.16.23:017][422]LogModuleManager: Shutting down and abandoning module AndroidDeviceDetection (461)
[2018.03.28-20.16.23:388][422]LogModuleManager: Shutting down and abandoning module WindowsPlatformEditor (458)
[2018.03.28-20.16.23:388][422]LogModuleManager: Shutting down and abandoning module IOSRuntimeSettings (456)
[2018.03.28-20.16.23:388][422]LogModuleManager: Shutting down and abandoning module AndroidRuntimeSettings (454)
[2018.03.28-20.16.23:388][422]LogModuleManager: Shutting down and abandoning module InputBindingEditor (452)
[2018.03.28-20.16.23:388][422]LogModuleManager: Shutting down and abandoning module MergeActors (450)
[2018.03.28-20.16.23:388][422]LogModuleManager: Shutting down and abandoning module SizeMap (448)
[2018.03.28-20.16.23:388][422]LogModuleManager: Shutting down and abandoning module TreeMap (446)
[2018.03.28-20.16.23:388][422]LogModuleManager: Shutting down and abandoning module ReferenceViewer (444)
[2018.03.28-20.16.23:388][422]LogModuleManager: Shutting down and abandoning module LocalizationDashboard (442)
[2018.03.28-20.16.23:388][422]LogModuleManager: Shutting down and abandoning module LocalizationService (441)
[2018.03.28-20.16.23:388][422]LogModuleManager: Shutting down and abandoning module HardwareTargeting (438)
[2018.03.28-20.16.23:388][422]LogModuleManager: Shutting down and abandoning module DeviceProfileEditor (436)
[2018.03.28-20.16.23:388][422]LogModuleManager: Shutting down and abandoning module UndoHistory (434)
[2018.03.28-20.16.23:388][422]LogModuleManager: Shutting down and abandoning module XmlParser (432)
[2018.03.28-20.16.23:389][422]LogModuleManager: Shutting down and abandoning module Blutility (430)
[2018.03.28-20.16.23:389][422]LogModuleManager: Shutting down and abandoning module ProjectSettingsViewer (428)
[2018.03.28-20.16.23:389][422]LogModuleManager: Shutting down and abandoning module ProjectTargetPlatformEditor (427)
[2018.03.28-20.16.23:389][422]LogModuleManager: Shutting down and abandoning module EditorSettingsViewer (424)
[2018.03.28-20.16.23:389][422]LogModuleManager: Shutting down and abandoning module SettingsEditor (422)
[2018.03.28-20.16.23:389][422]LogModuleManager: Shutting down and abandoning module ProjectLauncher (420)
[2018.03.28-20.16.23:389][422]LogModuleManager: Shutting down and abandoning module SessionFrontend (418)
[2018.03.28-20.16.23:389][422]LogModuleManager: Shutting down and abandoning module ProfilerClient (416)
[2018.03.28-20.16.23:389][422]LogModuleManager: Shutting down and abandoning module DeviceManager (414)
[2018.03.28-20.16.23:389][422]LogModuleManager: Shutting down and abandoning module TargetDeviceServices (413)
[2018.03.28-20.16.23:441][422]LogModuleManager: Shutting down and abandoning module AutomationController (410)
[2018.03.28-20.16.23:441][422]LogModuleManager: Shutting down and abandoning module AutomationWindow (408)
[2018.03.28-20.16.23:441][422]LogModuleManager: Shutting down and abandoning module Layers (406)
[2018.03.28-20.16.23:441][422]LogModuleManager: Shutting down and abandoning module ComponentVisualizers (404)
[2018.03.28-20.16.23:441][422]LogModuleManager: Shutting down and abandoning module DetailCustomizations (402)
[2018.03.28-20.16.23:441][422]LogModuleManager: Shutting down and abandoning module PackagesDialog (400)
[2018.03.28-20.16.23:442][422]LogModuleManager: Shutting down and abandoning module Persona (398)
[2018.03.28-20.16.23:442][422]LogModuleManager: Shutting down and abandoning module AdvancedPreviewScene (397)
[2018.03.28-20.16.23:442][422]LogModuleManager: Shutting down and abandoning module AnimGraph (395)
[2018.03.28-20.16.23:442][422]LogModuleManager: Shutting down and abandoning module Kismet (392)
[2018.03.28-20.16.23:449][422]LogModuleManager: Shutting down and abandoning module ClassViewer (390)
[2018.03.28-20.16.23:449][422]LogModuleManager: Shutting down and abandoning module Toolbox (388)
[2018.03.28-20.16.23:449][422]LogModuleManager: Shutting down and abandoning module ModuleUI (386)
[2018.03.28-20.16.23:449][422]LogModuleManager: Shutting down and abandoning module MovieSceneTools (384)
[2018.03.28-20.16.23:449][422]LogModuleManager: Shutting down and abandoning module OutputLog (382)
[2018.03.28-20.16.23:449][422]LogModuleManager: Shutting down and abandoning module GammaUI (380)
[2018.03.28-20.16.23:449][422]LogModuleManager: Shutting down and abandoning module Documentation (378)
[2018.03.28-20.16.23:449][422]LogModuleManager: Shutting down and abandoning module MovieSceneTracks (376)
[2018.03.28-20.16.23:449][422]LogModuleManager: Shutting down and abandoning module MovieScene (374)
[2018.03.28-20.16.23:449][422]LogModuleManager: Shutting down and abandoning module StreamingPauseRendering (372)
[2018.03.28-20.16.23:449][422]LogModuleManager: Shutting down and abandoning module LauncherPlatform (370)
[2018.03.28-20.16.23:449][422]LogModuleManager: Shutting down and abandoning module AnalyticsET (368)
[2018.03.28-20.16.23:449][422]LogModuleManager: Shutting down and abandoning module PortalServices (366)
[2018.03.28-20.16.23:449][422]LogModuleManager: Shutting down and abandoning module PortalRpc (364)
[2018.03.28-20.16.23:449][422]LogModuleManager: Shutting down and abandoning module MessagingRpc (362)
[2018.03.28-20.16.23:449][422]LogModuleManager: Shutting down and abandoning module AIModule (360)
[2018.03.28-20.16.23:449][422]LogModuleManager: Shutting down and abandoning module GameplayDebugger (359)
[2018.03.28-20.16.23:449][422]LogModuleManager: Shutting down and abandoning module AITestSuite (357)
[2018.03.28-20.16.23:449][422]LogModuleManager: Shutting down and abandoning module DesktopPlatform (354)
[2018.03.28-20.16.23:449][422]LogModuleManager: Shutting down and abandoning module ProfilerService (352)
[2018.03.28-20.16.23:643][422]LogModuleManager: Shutting down and abandoning module TaskGraph (350)
[2018.03.28-20.16.23:643][422]LogModuleManager: Shutting down and abandoning module SteamVRController (348)
[2018.03.28-20.16.23:643][422]LogModuleManager: Shutting down and abandoning module ProceduralMeshComponentEditor (346)
[2018.03.28-20.16.23:643][422]LogModuleManager: Shutting down and abandoning module ProceduralMeshComponent (344)
[2018.03.28-20.16.23:643][422]LogModuleManager: Shutting down and abandoning module OculusInput (342)
[2018.03.28-20.16.23:643][422]LogModuleManager: Shutting down and abandoning module MobilePatchingUtils (340)
[2018.03.28-20.16.23:643][422]LogModuleManager: Shutting down and abandoning module CustomMeshComponent (338)
[2018.03.28-20.16.23:643][422]LogModuleManager: Shutting down and abandoning module CableComponent (336)
[2018.03.28-20.16.23:643][422]LogModuleManager: Shutting down and abandoning module ArchVisCharacter (334)
[2018.03.28-20.16.23:643][422]LogModuleManager: Shutting down and abandoning module AndroidPermission (332)
[2018.03.28-20.16.23:643][422]LogModuleManager: Shutting down and abandoning module ActorSequence (328)
[2018.03.28-20.16.23:643][422]LogModuleManager: Shutting down and abandoning module MediaPlayerEditor (326)
[2018.03.28-20.16.23:643][422]LogModuleManager: Shutting down and abandoning module MediaCompositingEditor (324)
[2018.03.28-20.16.23:643][422]LogModuleManager: Shutting down and abandoning module MediaCompositing (322)
[2018.03.28-20.16.23:643][422]LogModuleManager: Shutting down and abandoning module HTML5Networking (320)
[2018.03.28-20.16.23:643][422]LogModuleManager: Shutting down and abandoning module AlembicImporter (318)
[2018.03.28-20.16.23:643][422]LogModuleManager: Shutting down and abandoning module AlembicLibrary (317)
[2018.03.28-20.16.23:644][422]LogModuleManager: Shutting down and abandoning module GeometryCache (316)
[2018.03.28-20.16.23:644][422]LogModuleManager: Shutting down and abandoning module GeometryCacheEd (315)
[2018.03.28-20.16.23:644][422]LogModuleManager: Shutting down and abandoning module SpeedTreeImporter (310)
[2018.03.28-20.16.23:644][422]LogModuleManager: Shutting down and abandoning module PluginBrowser (308)
[2018.03.28-20.16.23:644][422]LogModuleManager: Shutting down and abandoning module MobileLauncherProfileWizard (306)
[2018.03.28-20.16.23:644][422]LogModuleManager: Shutting down and abandoning module VisualStudioSourceCodeAccess (304)
[2018.03.28-20.16.23:644][422]LogModuleManager: Shutting down and abandoning module VisualStudioCodeSourceCodeAccess (302)
[2018.03.28-20.16.23:644][422]LogModuleManager: Shutting down and abandoning module UObjectPlugin (300)
[2018.03.28-20.16.23:644][422]LogModuleManager: Shutting down and abandoning module SubversionSourceControl (298)
[2018.03.28-20.16.23:644][422]LogModuleManager: Shutting down and abandoning module PerforceSourceControl (296)
[2018.03.28-20.16.23:644][422]LogModuleManager: Shutting down and abandoning module GitSourceControl (294)
[2018.03.28-20.16.23:644][422]LogModuleManager: Shutting down and abandoning module SourceControl (293)
[2018.03.28-20.16.23:644][422]LogModuleManager: Shutting down and abandoning module LightPropagationVolumeEditor (290)
[2018.03.28-20.16.23:644][422]LogModuleManager: Shutting down and abandoning module PaperTiledImporter (288)
[2018.03.28-20.16.23:644][422]LogModuleManager: Shutting down and abandoning module PaperSpriteSheetImporter (286)
[2018.03.28-20.16.23:644][422]LogModuleManager: Shutting down and abandoning module Paper2DEditor (284)
[2018.03.28-20.16.23:644][422]LogModuleManager: Shutting down and abandoning module MeshPaint (283)
[2018.03.28-20.16.23:644][422]LogModuleManager: Shutting down and abandoning module LevelEditor (281)
[2018.03.28-20.16.23:645][422]LogModuleManager: Shutting down and abandoning module PixelInspectorModule (280)
[2018.03.28-20.16.23:645][422]LogModuleManager: Shutting down and abandoning module MainFrame (278)
[2018.03.28-20.16.23:645][422]LogModuleManager: Shutting down and abandoning module HotReload (277)
[2018.03.28-20.16.23:645][422]LogModuleManager: Shutting down and abandoning module RuntimePhysXCooking (272)
[2018.03.28-20.16.23:645][422]LogModuleManager: Shutting down and abandoning module PhysXVehiclesEditor (270)
[2018.03.28-20.16.23:645][422]LogModuleManager: Shutting down and abandoning module PhysXVehicles (268)
[2018.03.28-20.16.23:645][422]LogModuleManager: Shutting down and abandoning module OculusEditor (266)
[2018.03.28-20.16.23:646][422]LogModuleManager: Shutting down and abandoning module LocationServicesBPLibrary (264)
[2018.03.28-20.16.23:646][422]LogModuleManager: Shutting down and abandoning module ImmediatePhysicsEditor (262)
[2018.03.28-20.16.23:646][422]LogModuleManager: Shutting down and abandoning module ImmediatePhysics (260)
[2018.03.28-20.16.23:646][422]LogModuleManager: Shutting down and abandoning module ApexDestructionEditor (258)
[2018.03.28-20.16.23:646][422]LogModuleManager: Shutting down and abandoning module ApexDestruction (256)
[2018.03.28-20.16.23:646][422]LogModuleManager: Shutting down and abandoning module UdpMessaging (254)
[2018.03.28-20.16.23:746][422]LogModuleManager: Shutting down and abandoning module TcpMessaging (252)
[2018.03.28-20.16.23:847][422]LogModuleManager: Shutting down and abandoning module GameplayTagsEditor (250)
[2018.03.28-20.16.23:847][422]LogModuleManager: Shutting down and abandoning module FacialAnimationEditor (248)
[2018.03.28-20.16.23:847][422]LogModuleManager: Shutting down and abandoning module FacialAnimation (246)
[2018.03.28-20.16.23:847][422]LogModuleManager: Shutting down and abandoning module AssetManagerEditor (244)
[2018.03.28-20.16.23:847][422]LogModuleManager: Shutting down and abandoning module GraphEditor (243)
[2018.03.28-20.16.23:847][422]LogModuleManager: Shutting down and abandoning module ContentBrowser (241)
[2018.03.28-20.16.23:848][422]LogModuleManager: Shutting down and abandoning module LightPropagationVolumeRuntime (238)
[2018.03.28-20.16.23:848][422]LogModuleManager: Shutting down and abandoning module Paper2D (236)
[2018.03.28-20.16.23:848][422]LogModuleManager: Shutting down and abandoning module WindowsMoviePlayer (234)
[2018.03.28-20.16.23:848][422]LogModuleManager: Shutting down and abandoning module WmfMedia (232)
[2018.03.28-20.16.23:850][422]LogModuleManager: Shutting down and abandoning module ImgMedia (230)
[2018.03.28-20.16.23:850][422]LogModuleManager: Shutting down and abandoning module PacketHandler (228)
[2018.03.28-20.16.23:850][422]LogModuleManager: Shutting down and abandoning module ClothingSystemEditor (226)
[2018.03.28-20.16.23:850][422]LogModuleManager: Shutting down and abandoning module ClothingSystemRuntime (224)
[2018.03.28-20.16.23:850][422]LogModuleManager: Shutting down and abandoning module MediaAssets (222)
[2018.03.28-20.16.23:850][422]LogModuleManager: Shutting down and abandoning module Media (221)
[2018.03.28-20.16.23:856][422]LogModuleManager: Shutting down and abandoning module Overlay (218)
[2018.03.28-20.16.23:856][422]LogModuleManager: Shutting down and abandoning module OverlayEditor (217)
[2018.03.28-20.16.23:857][422]LogModuleManager: Shutting down and abandoning module VREditor (214)
[2018.03.28-20.16.23:857][422]LogModuleManager: Shutting down and abandoning module StringTableEditor (212)
[2018.03.28-20.16.23:857][422]LogModuleManager: Shutting down and abandoning module GameplayTasksEditor (210)
[2018.03.28-20.16.23:857][422]LogModuleManager: Shutting down and abandoning module BehaviorTreeEditor (208)
[2018.03.28-20.16.23:857][422]LogModuleManager: Shutting down and abandoning module FunctionalTesting (206)
[2018.03.28-20.16.23:857][422]LogModuleManager: Shutting down and abandoning module CollisionAnalyzer (204)
[2018.03.28-20.16.23:857][422]LogModuleManager: Shutting down and abandoning module WorkspaceMenuStructure (203)
[2018.03.28-20.16.23:857][422]LogModuleManager: Shutting down and abandoning module UMG (200)
[2018.03.28-20.16.23:857][422]LogModuleManager: Shutting down and abandoning module UMGEditor (199)
[2018.03.28-20.16.23:857][422]LogModuleManager: Shutting down and abandoning module Sequencer (198)
[2018.03.28-20.16.23:857][422]LogModuleManager: Shutting down and abandoning module MessageLog (195)
[2018.03.28-20.16.23:857][422]LogModuleManager: Shutting down and abandoning module SlateReflector (190)
[2018.03.28-20.16.23:857][422]LogModuleManager: Shutting down and abandoning module Slate (188)
[2018.03.28-20.16.23:857][422]LogModuleManager: Shutting down and abandoning module EditorStyle (186)
[2018.03.28-20.16.23:859][422]LogModuleManager: Shutting down and abandoning module MRMesh (184)
[2018.03.28-20.16.23:859][422]LogModuleManager: Shutting down and abandoning module SourceCodeAccess (182)
[2018.03.28-20.16.23:859][422]LogModuleManager: Shutting down and abandoning module HeadMountedDisplay (180)
[2018.03.28-20.16.23:859][422]LogModuleManager: Shutting down and abandoning module XAudio2 (178)
[2018.03.28-20.16.23:859][422]LogModuleManager: Shutting down and abandoning module Networking (176)
[2018.03.28-20.16.23:859][422]LogModuleManager: Shutting down and abandoning module Core (172)
[2018.03.28-20.16.23:859][422]LogModuleManager: Shutting down and abandoning module LevelSequence (168)
[2018.03.28-20.16.23:859][422]LogModuleManager: Shutting down and abandoning module DirectoryWatcher (166)
[2018.03.28-20.16.23:860][422]LogModuleManager: Shutting down and abandoning module KismetCompiler (164)
[2018.03.28-20.16.23:860][422]LogModuleManager: Shutting down and abandoning module MeshUtilities (162)
[2018.03.28-20.16.23:860][422]LogModuleManager: Shutting down and abandoning module MeshMergeUtilities (161)
[2018.03.28-20.16.23:860][422]LogModuleManager: Shutting down and abandoning module MeshReductionInterface (160)
[2018.03.28-20.16.23:860][422]LogModuleManager: Shutting down and abandoning module SimplygonSwarm (159)
[2018.03.28-20.16.23:860][422]LogModuleManager: Shutting down and abandoning module SimplygonMeshReduction (157)
[2018.03.28-20.16.23:860][422]LogModuleManager: Shutting down and abandoning module QuadricMeshReduction (155)
[2018.03.28-20.16.23:860][422]LogModuleManager: Shutting down and abandoning module MaterialBaking (151)
[2018.03.28-20.16.23:860][422]LogModuleManager: Shutting down and abandoning module DerivedDataCache (148)
[2018.03.28-20.16.23:930][422]LogDerivedDataCache: Shutdown
[2018.03.28-20.16.23:930][422]LogModuleManager: Shutting down and abandoning module TargetPlatform (146)
[2018.03.28-20.16.23:930][422]LogModuleManager: Shutting down and abandoning module VulkanShaderFormat (145)
[2018.03.28-20.16.23:930][422]LogModuleManager: Shutting down and abandoning module ShaderFormatVectorVM (143)
[2018.03.28-20.16.23:930][422]LogModuleManager: Shutting down and abandoning module ShaderFormatOpenGL (141)
[2018.03.28-20.16.23:930][422]LogModuleManager: Shutting down and abandoning module ShaderFormatD3D (139)
[2018.03.28-20.16.23:930][422]LogModuleManager: Shutting down and abandoning module MetalShaderFormat (137)
[2018.03.28-20.16.23:930][422]LogModuleManager: Shutting down and abandoning module TextureFormatUncompressed (135)
[2018.03.28-20.16.23:930][422]LogModuleManager: Shutting down and abandoning module TextureFormatPVR (133)
[2018.03.28-20.16.23:930][422]LogModuleManager: Shutting down and abandoning module TextureFormatDXT (131)
[2018.03.28-20.16.23:930][422]LogModuleManager: Shutting down and abandoning module TextureFormatIntelISPCTexComp (129)
[2018.03.28-20.16.23:930][422]LogModuleManager: Shutting down and abandoning module TextureFormatASTC (127)
[2018.03.28-20.16.23:930][422]LogModuleManager: Shutting down and abandoning module ImageWrapper (126)
[2018.03.28-20.16.23:930][422]LogModuleManager: Shutting down and abandoning module TextureFormatAndroid (123)
[2018.03.28-20.16.23:930][422]LogModuleManager: Shutting down and abandoning module AudioFormatOpus (121)
[2018.03.28-20.16.23:930][422]LogModuleManager: Shutting down and abandoning module AudioFormatOgg (119)
[2018.03.28-20.16.23:931][422]LogModuleManager: Shutting down and abandoning module AudioFormatADPCM (117)
[2018.03.28-20.16.23:931][422]LogModuleManager: Shutting down and abandoning module LinuxTargetPlatform (115)
[2018.03.28-20.16.23:931][422]LogModuleManager: Shutting down and abandoning module LinuxServerTargetPlatform (113)
[2018.03.28-20.16.23:931][422]LogModuleManager: Shutting down and abandoning module LinuxNoEditorTargetPlatform (111)
[2018.03.28-20.16.23:931][422]LogModuleManager: Shutting down and abandoning module LinuxClientTargetPlatform (109)
[2018.03.28-20.16.23:931][422]LogModuleManager: Shutting down and abandoning module TVOSTargetPlatform (107)
[2018.03.28-20.16.23:931][422]LogModuleManager: Shutting down and abandoning module Messaging (105)
[2018.03.28-20.16.23:931][422]LogModuleManager: Shutting down and abandoning module IOSTargetPlatform (103)
[2018.03.28-20.16.23:931][422]LogModuleManager: Shutting down and abandoning module HTML5TargetPlatform (101)
[2018.03.28-20.16.23:931][422]LogModuleManager: Shutting down and abandoning module AndroidTargetPlatform (99)
[2018.03.28-20.16.23:931][422]LogModuleManager: Shutting down and abandoning module Android_PVRTCTargetPlatform (97)
[2018.03.28-20.16.23:931][422]LogModuleManager: Shutting down and abandoning module Android_MultiTargetPlatform (95)
[2018.03.28-20.16.23:931][422]LogModuleManager: Shutting down and abandoning module Android_ETC2TargetPlatform (93)
[2018.03.28-20.16.23:931][422]LogModuleManager: Shutting down and abandoning module Android_ETC1TargetPlatform (91)
[2018.03.28-20.16.23:931][422]LogModuleManager: Shutting down and abandoning module Android_DXTTargetPlatform (89)
[2018.03.28-20.16.23:931][422]LogModuleManager: Shutting down and abandoning module Android_ATCTargetPlatform (87)
[2018.03.28-20.16.23:931][422]LogModuleManager: Shutting down and abandoning module Android_ASTCTargetPlatform (85)
[2018.03.28-20.16.23:931][422]LogModuleManager: Shutting down and abandoning module WindowsTargetPlatform (83)
[2018.03.28-20.16.23:931][422]LogModuleManager: Shutting down and abandoning module WindowsServerTargetPlatform (81)
[2018.03.28-20.16.23:931][422]LogModuleManager: Shutting down and abandoning module WindowsNoEditorTargetPlatform (79)
[2018.03.28-20.16.23:931][422]LogModuleManager: Shutting down and abandoning module WindowsClientTargetPlatform (77)
[2018.03.28-20.16.23:931][422]LogModuleManager: Shutting down and abandoning module MacTargetPlatform (75)
[2018.03.28-20.16.23:931][422]LogModuleManager: Shutting down and abandoning module MacServerTargetPlatform (73)
[2018.03.28-20.16.23:931][422]LogModuleManager: Shutting down and abandoning module MacNoEditorTargetPlatform (71)
[2018.03.28-20.16.23:931][422]LogModuleManager: Shutting down and abandoning module MacClientTargetPlatform (69)
[2018.03.28-20.16.23:931][422]LogModuleManager: Shutting down and abandoning module AllDesktopTargetPlatform (67)
[2018.03.28-20.16.23:931][422]LogModuleManager: Shutting down and abandoning module InputCore (64)
[2018.03.28-20.16.23:931][422]LogModuleManager: Shutting down and abandoning module Settings (62)
[2018.03.28-20.16.23:931][422]LogModuleManager: Shutting down and abandoning module PhysXCooking (60)
[2018.03.28-20.16.23:931][422]LogModuleManager: Shutting down and abandoning module SteamVR (58)
[2018.03.28-20.16.23:931][422]LogModuleManager: Shutting down and abandoning module OculusHMD (56)
[2018.03.28-20.16.23:931][422]LogModuleManager: Shutting down and abandoning module ExampleDeviceProfileSelector (54)
[2018.03.28-20.16.23:931][422]LogModuleManager: Shutting down and abandoning module AppleARKit (52)
[2018.03.28-20.16.23:931][422]LogModuleManager: Shutting down and abandoning module AugmentedReality (51)
[2018.03.28-20.16.23:931][422]LogModuleManager: Shutting down and abandoning module OnlineBlueprintSupport (48)
[2018.03.28-20.16.23:931][422]LogModuleManager: Shutting down and abandoning module OnlineSubsystem (44)
[2018.03.28-20.16.23:931][422]LogModuleManager: Shutting down and abandoning module XMPP (43)
[2018.03.28-20.16.23:931][422]LogModuleManager: Shutting down and abandoning module HTTP (41)
[2018.03.28-20.16.23:931][422]LogHttp: Display: Http module shutting down, but needs to wait on 1 outstanding Http requests:
[2018.03.28-20.16.23:931][422]LogHttp: Display: 	verb=[POST] url=[https://datarouter.ol.epicgames.com/datarouter/api/v1/public/data?SessionID=%7B524AC027-4C67-A219-9002-E3A6CF6A8AB7%7D&AppID=UEEditor.Rocket.Release&AppVersion=4.18.3-3832480%2B%2B%2BUE4%2BRelease-4.18&UserID=b2e6573947b13cdf34c8b79340542664%7C4478b30bdc294823a3cf87d051182ded%7C85b2f058-83e3-4094-9c4d-02c48fb8d545&AppEnvironment=datacollector-binary&UploadType=eteventstream] status=Processing
[2018.03.28-20.16.23:933][422]LogModuleManager: Shutting down and abandoning module SSL (40)
[2018.03.28-20.16.23:934][422]LogModuleManager: Shutting down and abandoning module AnimationModifiers (36)
[2018.03.28-20.16.23:934][422]LogModuleManager: Shutting down and abandoning module PropertyEditor (35)
[2018.03.28-20.16.23:934][422]LogModuleManager: Shutting down and abandoning module AudioEditor (32)
[2018.03.28-20.16.23:935][422]LogModuleManager: Shutting down and abandoning module TextureCompressor (30)
[2018.03.28-20.16.23:935][422]LogModuleManager: Shutting down and abandoning module ShaderCore (28)
[2018.03.28-20.16.23:935][422]LogModuleManager: Shutting down and abandoning module Landscape (26)
[2018.03.28-20.16.23:935][422]LogModuleManager: Shutting down and abandoning module SlateRHIRenderer (24)
[2018.03.28-20.16.23:936][422]LogModuleManager: Shutting down and abandoning module OpenGLDrv (22)
[2018.03.28-20.16.23:936][422]LogModuleManager: Shutting down and abandoning module D3D11RHI (20)
[2018.03.28-20.16.23:936][422]LogModuleManager: Shutting down and abandoning module AnimGraphRuntime (18)
[2018.03.28-20.16.23:936][422]LogModuleManager: Shutting down and abandoning module Renderer (16)
[2018.03.28-20.16.23:936][422]LogModuleManager: Shutting down and abandoning module Engine (14)
[2018.03.28-20.16.23:936][422]LogModuleManager: Shutting down and abandoning module CoreUObject (12)
[2018.03.28-20.16.23:936][422]LogModuleManager: Shutting down and abandoning module NetworkFile (10)
[2018.03.28-20.16.23:936][422]LogModuleManager: Shutting down and abandoning module CookedIterativeFile (8)
[2018.03.28-20.16.23:936][422]LogModuleManager: Shutting down and abandoning module StreamingFile (6)
[2018.03.28-20.16.23:936][422]LogModuleManager: Shutting down and abandoning module SandboxFile (4)
[2018.03.28-20.16.23:936][422]LogModuleManager: Shutting down and abandoning module PakFile (2)
[2018.03.28-20.16.23:940][422]LogExit: Exiting.
[2018.03.28-20.16.23:958][422]Log file closed, 03/28/18 16:16:23
