Log file open, 03/28/18 13:15:05
LogWindows: Failed to load 'aqProf.dll' (GetLastError=126)
LogWindows: File 'aqProf.dll' does not exist
LogWindows: Failed to load 'VSPerf140.dll' (GetLastError=126)
LogWindows: File 'VSPerf140.dll' does not exist
LogWindows: Failed to load 'VtuneApi.dll' (GetLastError=126)
LogWindows: File 'VtuneApi.dll' does not exist
LogWindows: Failed to load 'VtuneApi32e.dll' (GetLastError=126)
LogWindows: File 'VtuneApi32e.dll' does not exist
LogInit: Display: Running engine for game: DetectiveGame
LogPlatformFile: Not using cached read wrapper
LogInit: Display: RandInit(357247413) SRandInit(357247413).
LogInit: Read version file with build ID '3709383'
LogInit: Overriding engine version to CL 3794801, compatible CL 3709383
LogInit: Registered custom module enumerator with build ID '3709383'
LogTaskGraph: Started task graph with 5 named threads and 20 total threads with 3 sets of task threads.
LogStats: Stats thread started at 0.247439
LogD3D11RHI: Aftermath initialized
LogModuleManager: Display: Found up-to-date module file ../../../Engine/Plugins/Runtime/ApexDestruction/Binaries/Win64/UE4Editor-ApexDestruction.dll (API version 3709383).
LogModuleManager: Display: Found up-to-date module file ../../../Engine/Plugins/Runtime/ApexDestruction/Binaries/Win64/UE4Editor-ApexDestructionEditor.dll (API version 3709383).
LogModuleManager: Display: Found up-to-date module file ../../../Engine/Plugins/2D/Paper2D/Binaries/Win64/UE4Editor-Paper2D.dll (API version 3709383).
LogModuleManager: Display: Found up-to-date module file ../../../Engine/Plugins/2D/Paper2D/Binaries/Win64/UE4Editor-Paper2DEditor.dll (API version 3709383).
LogModuleManager: Display: Found up-to-date module file ../../../Engine/Plugins/2D/Paper2D/Binaries/Win64/UE4Editor-PaperSpriteSheetImporter.dll (API version 3709383).
LogModuleManager: Display: Found up-to-date module file ../../../Engine/Plugins/2D/Paper2D/Binaries/Win64/UE4Editor-PaperTiledImporter.dll (API version 3709383).
LogModuleManager: Display: Found up-to-date module file ../../../Engine/Plugins/2D/Paper2D/Binaries/Win64/UE4Editor-SmartSnapping.dll (API version 3709383).
LogModuleManager: Display: Found up-to-date module file ../../../Engine/Plugins/Blendables/LightPropagationVolume/Binaries/Win64/UE4Editor-LightPropagationVolumeRuntime.dll (API version 3709383).
LogModuleManager: Display: Found up-to-date module file ../../../Engine/Plugins/Blendables/LightPropagationVolume/Binaries/Win64/UE4Editor-LightPropagationVolumeEditor.dll (API version 3709383).
LogModuleManager: Display: Found up-to-date module file ../../../Engine/Plugins/Developer/GitSourceControl/Binaries/Win64/UE4Editor-GitSourceControl.dll (API version 3709383).
LogModuleManager: Display: Found up-to-date module file ../../../Engine/Plugins/Developer/PerforceSourceControl/Binaries/Win64/UE4Editor-PerforceSourceControl.dll (API version 3709383).
LogModuleManager: Display: Found up-to-date module file ../../../Engine/Plugins/Developer/SubversionSourceControl/Binaries/Win64/UE4Editor-SubversionSourceControl.dll (API version 3709383).
LogModuleManager: Display: Found up-to-date module file ../../../Engine/Plugins/Developer/UObjectPlugin/Binaries/Win64/UE4Editor-UObjectPlugin.dll (API version 3709383).
LogModuleManager: Display: Found up-to-date module file ../../../Engine/Plugins/Developer/VisualStudioCodeSourceCodeAccess/Binaries/Win64/UE4Editor-VisualStudioCodeSourceCodeAccess.dll (API version 3709383).
LogModuleManager: Display: Found up-to-date module file ../../../Engine/Plugins/Developer/VisualStudioSourceCodeAccess/Binaries/Win64/UE4Editor-VisualStudioSourceCodeAccess.dll (API version 3709383).
LogModuleManager: Display: Found up-to-date module file ../../../Engine/Plugins/Editor/AssetManagerEditor/Binaries/Win64/UE4Editor-AssetManagerEditor.dll (API version 3709383).
LogModuleManager: Display: Found up-to-date module file ../../../Engine/Plugins/Editor/AudioCapture/Binaries/Win64/UE4Editor-AudioCapture.dll (API version 3709383).
LogModuleManager: Display: Found up-to-date module file ../../../Engine/Plugins/Editor/FacialAnimation/Binaries/Win64/UE4Editor-FacialAnimation.dll (API version 3709383).
LogModuleManager: Display: Found up-to-date module file ../../../Engine/Plugins/Editor/FacialAnimation/Binaries/Win64/UE4Editor-FacialAnimationEditor.dll (API version 3709383).
LogModuleManager: Display: Found up-to-date module file ../../../Engine/Plugins/Editor/GameplayTagsEditor/Binaries/Win64/UE4Editor-GameplayTagsEditor.dll (API version 3709383).
LogModuleManager: Display: Found up-to-date module file ../../../Engine/Plugins/Editor/MobileLauncherProfileWizard/Binaries/Win64/UE4Editor-MobileLauncherProfileWizard.dll (API version 3709383).
LogModuleManager: Display: Found up-to-date module file ../../../Engine/Plugins/Editor/PluginBrowser/Binaries/Win64/UE4Editor-PluginBrowser.dll (API version 3709383).
LogModuleManager: Display: Found up-to-date module file ../../../Engine/Plugins/Editor/SpeedTreeImporter/Binaries/Win64/UE4Editor-SpeedTreeImporter.dll (API version 3709383).
LogModuleManager: Display: Found up-to-date module file ../../../Engine/Plugins/Experimental/AlembicImporter/Binaries/Win64/UE4Editor-AlembicImporter.dll (API version 3709383).
LogModuleManager: Display: Found up-to-date module file ../../../Engine/Plugins/Experimental/AlembicImporter/Binaries/Win64/UE4Editor-AlembicLibrary.dll (API version 3709383).
LogModuleManager: Display: Found up-to-date module file ../../../Engine/Plugins/Experimental/CharacterAI/Binaries/Win64/UE4Editor-CharacterAI.dll (API version 3709383).
LogModuleManager: Display: Found up-to-date module file ../../../Engine/Plugins/Experimental/HTML5Networking/Binaries/Win64/UE4Editor-HTML5Networking.dll (API version 3709383).
LogModuleManager: Display: Found up-to-date module file ../../../Engine/Plugins/Media/AndroidMedia/Binaries/Win64/UE4Editor-AndroidMediaEditor.dll (API version 3709383).
LogModuleManager: Display: Found up-to-date module file ../../../Engine/Plugins/Media/AndroidMedia/Binaries/Win64/UE4Editor-AndroidMediaFactory.dll (API version 3709383).
LogModuleManager: Display: Found up-to-date module file ../../../Engine/Plugins/Media/AvfMedia/Binaries/Win64/UE4Editor-AvfMediaEditor.dll (API version 3709383).
LogModuleManager: Display: Found up-to-date module file ../../../Engine/Plugins/Media/AvfMedia/Binaries/Win64/UE4Editor-AvfMediaFactory.dll (API version 3709383).
LogModuleManager: Display: Found up-to-date module file ../../../Engine/Plugins/Media/AvfMedia/Binaries/Win64/UE4Editor-AvfMediaFactory.dll (API version 3709383).
LogModuleManager: Display: Found up-to-date module file ../../../Engine/Plugins/Media/ImgMedia/Binaries/Win64/UE4Editor-ImgMedia.dll (API version 3709383).
LogModuleManager: Display: Found up-to-date module file ../../../Engine/Plugins/Media/ImgMedia/Binaries/Win64/UE4Editor-ImgMediaEditor.dll (API version 3709383).
LogModuleManager: Display: Found up-to-date module file ../../../Engine/Plugins/Media/ImgMedia/Binaries/Win64/UE4Editor-ImgMediaFactory.dll (API version 3709383).
LogModuleManager: Display: Found up-to-date module file ../../../Engine/Plugins/Media/ImgMedia/Binaries/Win64/UE4Editor-ImgMediaFactory.dll (API version 3709383).
LogModuleManager: Display: Found up-to-date module file ../../../Engine/Plugins/Media/ImgMedia/Binaries/Win64/UE4Editor-OpenExrWrapper.dll (API version 3709383).
LogModuleManager: Display: Found up-to-date module file ../../../Engine/Plugins/Media/MediaCompositing/Binaries/Win64/UE4Editor-MediaCompositing.dll (API version 3709383).
LogModuleManager: Display: Found up-to-date module file ../../../Engine/Plugins/Media/MediaCompositing/Binaries/Win64/UE4Editor-MediaCompositingEditor.dll (API version 3709383).
LogModuleManager: Display: Found up-to-date module file ../../../Engine/Plugins/Media/MediaPlayerEditor/Binaries/Win64/UE4Editor-MediaPlayerEditor.dll (API version 3709383).
LogModuleManager: Display: Found up-to-date module file ../../../Engine/Plugins/Media/WmfMedia/Binaries/Win64/UE4Editor-WmfMedia.dll (API version 3709383).
LogModuleManager: Display: Found up-to-date module file ../../../Engine/Plugins/Media/WmfMedia/Binaries/Win64/UE4Editor-WmfMediaEditor.dll (API version 3709383).
LogModuleManager: Display: Found up-to-date module file ../../../Engine/Plugins/Media/WmfMedia/Binaries/Win64/UE4Editor-WmfMediaFactory.dll (API version 3709383).
LogModuleManager: Display: Found up-to-date module file ../../../Engine/Plugins/Media/WmfMedia/Binaries/Win64/UE4Editor-WmfMediaFactory.dll (API version 3709383).
LogModuleManager: Display: Found up-to-date module file ../../../Engine/Plugins/Messaging/TcpMessaging/Binaries/Win64/UE4Editor-TcpMessaging.dll (API version 3709383).
LogModuleManager: Display: Found up-to-date module file ../../../Engine/Plugins/Messaging/UdpMessaging/Binaries/Win64/UE4Editor-UdpMessaging.dll (API version 3709383).
LogModuleManager: Display: Found up-to-date module file ../../../Engine/Plugins/MovieScene/ActorSequence/Binaries/Win64/UE4Editor-ActorSequence.dll (API version 3709383).
LogModuleManager: Display: Found up-to-date module file ../../../Engine/Plugins/MovieScene/LevelSequenceEditor/Binaries/Win64/UE4Editor-LevelSequenceEditor.dll (API version 3709383).
LogModuleManager: Display: Found up-to-date module file ../../../Engine/Plugins/MovieScene/MatineeToLevelSequence/Binaries/Win64/UE4Editor-MatineeToLevelSequence.dll (API version 3709383).
LogModuleManager: Display: Found up-to-date module file ../../../Engine/Plugins/Online/OnlineSubsystem/Binaries/Win64/UE4Editor-OnlineSubsystem.dll (API version 3709383).
LogModuleManager: Display: Found up-to-date module file ../../../Engine/Plugins/Runtime/AndroidPermission/Binaries/Win64/UE4Editor-AndroidPermission.dll (API version 3709383).
LogModuleManager: Display: Found up-to-date module file ../../../Engine/Plugins/Online/OnlineSubsystemNull/Binaries/Win64/UE4Editor-OnlineSubsystemNull.dll (API version 3709383).
LogModuleManager: Display: Found up-to-date module file ../../../Engine/Plugins/Online/OnlineSubsystemUtils/Binaries/Win64/UE4Editor-OnlineSubsystemUtils.dll (API version 3709383).
LogModuleManager: Display: Found up-to-date module file ../../../Engine/Plugins/Online/OnlineSubsystemUtils/Binaries/Win64/UE4Editor-OnlineBlueprintSupport.dll (API version 3709383).
LogModuleManager: Display: Found up-to-date module file ../../../Engine/Plugins/Runtime/AndroidDeviceProfileSelector/Binaries/Win64/UE4Editor-AndroidDeviceProfileSelector.dll (API version 3709383).
LogModuleManager: Display: Found up-to-date module file ../../../Engine/Plugins/Runtime/AppleARKit/Binaries/Win64/UE4Editor-AppleARKit.dll (API version 3709383).
LogModuleManager: Display: Found up-to-date module file ../../../Engine/Plugins/Runtime/ArchVisCharacter/Binaries/Win64/UE4Editor-ArchVisCharacter.dll (API version 3709383).
LogModuleManager: Display: Found up-to-date module file ../../../Engine/Plugins/Runtime/CableComponent/Binaries/Win64/UE4Editor-CableComponent.dll (API version 3709383).
LogModuleManager: Display: Found up-to-date module file ../../../Engine/Plugins/Runtime/CustomMeshComponent/Binaries/Win64/UE4Editor-CustomMeshComponent.dll (API version 3709383).
LogModuleManager: Display: Found up-to-date module file ../../../Engine/Plugins/Runtime/ExampleDeviceProfileSelector/Binaries/Win64/UE4Editor-ExampleDeviceProfileSelector.dll (API version 3709383).
LogModuleManager: Display: Found up-to-date module file ../../../Engine/Plugins/Runtime/ImmediatePhysics/Binaries/Win64/UE4Editor-ImmediatePhysics.dll (API version 3709383).
LogModuleManager: Display: Found up-to-date module file ../../../Engine/Plugins/Runtime/ImmediatePhysics/Binaries/Win64/UE4Editor-ImmediatePhysicsEditor.dll (API version 3709383).
LogModuleManager: Display: Found up-to-date module file ../../../Engine/Plugins/Runtime/LocationServicesBPLibrary/Binaries/Win64/UE4Editor-LocationServicesBPLibrary.dll (API version 3709383).
LogModuleManager: Display: Found up-to-date module file ../../../Engine/Plugins/Runtime/MobilePatchingUtils/Binaries/Win64/UE4Editor-MobilePatchingUtils.dll (API version 3709383).
LogModuleManager: Display: Found up-to-date module file ../../../Engine/Plugins/Runtime/Oculus/OculusVR/Binaries/Win64/UE4Editor-OculusHMD.dll (API version 3709383).
LogModuleManager: Display: Found up-to-date module file ../../../Engine/Plugins/Runtime/Oculus/OculusVR/Binaries/Win64/UE4Editor-OculusInput.dll (API version 3709383).
LogModuleManager: Display: Found up-to-date module file ../../../Engine/Plugins/Runtime/Oculus/OculusVR/Binaries/Win64/UE4Editor-OculusEditor.dll (API version 3709383).
LogModuleManager: Display: Found up-to-date module file ../../../Engine/Plugins/Runtime/PhysXVehicles/Binaries/Win64/UE4Editor-PhysXVehicles.dll (API version 3709383).
LogModuleManager: Display: Found up-to-date module file ../../../Engine/Plugins/Runtime/PhysXVehicles/Binaries/Win64/UE4Editor-PhysXVehiclesEditor.dll (API version 3709383).
LogModuleManager: Display: Found up-to-date module file ../../../Engine/Plugins/Runtime/ProceduralMeshComponent/Binaries/Win64/UE4Editor-ProceduralMeshComponent.dll (API version 3709383).
LogModuleManager: Display: Found up-to-date module file ../../../Engine/Plugins/Runtime/ProceduralMeshComponent/Binaries/Win64/UE4Editor-ProceduralMeshComponentEditor.dll (API version 3709383).
LogModuleManager: Display: Found up-to-date module file ../../../Engine/Plugins/Runtime/RuntimePhysXCooking/Binaries/Win64/UE4Editor-RuntimePhysXCooking.dll (API version 3709383).
LogModuleManager: Display: Found up-to-date module file ../../../Engine/Plugins/Runtime/Steam/SteamVR/Binaries/Win64/UE4Editor-SteamVR.dll (API version 3709383).
LogModuleManager: Display: Found up-to-date module file ../../../Engine/Plugins/Runtime/Steam/SteamVR/Binaries/Win64/UE4Editor-SteamVRController.dll (API version 3709383).
LogModuleManager: Display: Found up-to-date module file ../../../Engine/Plugins/Runtime/WindowsMoviePlayer/Binaries/Win64/UE4Editor-WindowsMoviePlayer.dll (API version 3709383).
LogPluginManager: Mounting plugin Paper2D
LogPluginManager: Mounting plugin LightPropagationVolume
LogPluginManager: Mounting plugin CodeLiteSourceCodeAccess
LogPluginManager: Mounting plugin GitSourceControl
LogPluginManager: Mounting plugin KDevelopSourceCodeAccess
LogPluginManager: Mounting plugin NullSourceCodeAccess
LogPluginManager: Mounting plugin PerforceSourceControl
LogPluginManager: Mounting plugin SubversionSourceControl
LogPluginManager: Mounting plugin UObjectPlugin
LogPluginManager: Mounting plugin VisualStudioCodeSourceCodeAccess
LogPluginManager: Mounting plugin VisualStudioSourceCodeAccess
LogPluginManager: Mounting plugin XCodeSourceCodeAccess
LogPluginManager: Mounting plugin AssetManagerEditor
LogPluginManager: Mounting plugin AudioCapture
LogPluginManager: Mounting plugin FacialAnimation
LogPluginManager: Mounting plugin GameplayTagsEditor
LogPluginManager: Mounting plugin MobileLauncherProfileWizard
LogPluginManager: Mounting plugin PluginBrowser
LogPluginManager: Mounting plugin SpeedTreeImporter
LogPluginManager: Mounting plugin AlembicImporter
LogPluginManager: Mounting plugin CharacterAI
LogPluginManager: Mounting plugin HTML5Networking
LogPluginManager: Mounting plugin AndroidMedia
LogPluginManager: Mounting plugin AvfMedia
LogPluginManager: Mounting plugin ImgMedia
LogPluginManager: Mounting plugin MediaCompositing
LogPluginManager: Mounting plugin MediaPlayerEditor
LogPluginManager: Mounting plugin WmfMedia
LogPluginManager: Mounting plugin TcpMessaging
LogPluginManager: Mounting plugin UdpMessaging
LogPluginManager: Mounting plugin ActorSequence
LogPluginManager: Mounting plugin LevelSequenceEditor
LogPluginManager: Mounting plugin MatineeToLevelSequence
LogPluginManager: Mounting plugin OnlineSubsystemGooglePlay
LogPluginManager: Mounting plugin OnlineSubsystemIOS
LogPluginManager: Mounting plugin OnlineSubsystem
LogPluginManager: Mounting plugin OnlineSubsystemNull
LogPluginManager: Mounting plugin OnlineSubsystemUtils
LogPluginManager: Mounting plugin AndroidDeviceProfileSelector
LogPluginManager: Mounting plugin AndroidMoviePlayer
LogPluginManager: Mounting plugin AndroidPermission
LogPluginManager: Mounting plugin ApexDestruction
LogPluginManager: Mounting plugin AppleARKit
LogPluginManager: Mounting plugin AppleMoviePlayer
LogPluginManager: Mounting plugin ArchVisCharacter
LogPluginManager: Mounting plugin CableComponent
LogPluginManager: Mounting plugin CustomMeshComponent
LogPluginManager: Mounting plugin ExampleDeviceProfileSelector
LogPluginManager: Mounting plugin GoogleCloudMessaging
LogPluginManager: Mounting plugin ImmediatePhysics
LogPluginManager: Mounting plugin IOSDeviceProfileSelector
LogPluginManager: Mounting plugin LinuxDeviceProfileSelector
LogPluginManager: Mounting plugin LocationServicesBPLibrary
LogPluginManager: Mounting plugin MobilePatchingUtils
LogPluginManager: Mounting plugin OculusVR
LogPluginManager: Plugin shader directory ../../../Engine/Plugins/Runtime/Oculus/OculusVR/Shaders found
LogPluginManager: Mapping shader source directory ../../../Engine/Plugins/Runtime/Oculus/OculusVR/Shaders to virtual directory /Plugin/OculusVR
LogPluginManager: Mounting plugin PhysXVehicles
LogPluginManager: Mounting plugin ProceduralMeshComponent
LogPluginManager: Mounting plugin RuntimePhysXCooking
LogPluginManager: Mounting plugin SteamVR
LogPluginManager: Mounting plugin WindowsMoviePlayer
LogInit: Using libcurl 7.47.1
LogInit:  - built for x86_64-pc-win32
LogInit:  - supports SSL with OpenSSL/1.0.2g
LogInit:  - supports HTTP deflate (compression) using libz 1.2.8
LogInit:  - other features:
LogInit:      CURL_VERSION_SSL
LogInit:      CURL_VERSION_LIBZ
LogInit:      CURL_VERSION_IPV6
LogInit:      CURL_VERSION_ASYNCHDNS
LogInit:      CURL_VERSION_LARGEFILE
LogInit:      CURL_VERSION_IDN
LogInit:  CurlRequestOptions (configurable via config and command line):
LogInit:  - bVerifyPeer = false  - Libcurl will NOT verify peer certificate
LogInit:  - bUseHttpProxy = false  - Libcurl will NOT use HTTP proxy
LogInit:  - bDontReuseConnections = false  - Libcurl will reuse connections
LogInit:  - CertBundlePath = nullptr  - Libcurl will use whatever was configured at build time.
LogInit: Build: ++UE4+Release-4.18-CL-3794801
LogInit: Engine Version: 4.18.2-3794801+++UE4+Release-4.18
LogInit: Compatible Engine Version: 4.18.0-3709383+++UE4+Release-4.18
LogInit: Net CL: 3709383
LogDevObjectVersion: Number of dev versions registered: 16
LogDevObjectVersion:   Dev-Blueprints (B0D832E4-1F89-4F0D-ACCF-7EB736FD4AA2): 10
LogDevObjectVersion:   Dev-Build (E1C64328-A22C-4D53-A36C-8E866417BD8C): 0
LogDevObjectVersion:   Dev-Core (375EC13C-06E4-48FB-B500-84F0262A717E): 2
LogDevObjectVersion:   Dev-Editor (E4B068ED-F494-42E9-A231-DA0B2E46BB41): 20
LogDevObjectVersion:   Dev-Framework (CFFC743F-43B0-4480-9391-14DF171D2073): 30
LogDevObjectVersion:   Dev-Mobile (B02B49B5-BB20-44E9-A304-32B752E40360): 0
LogDevObjectVersion:   Dev-Networking (A4E4105C-59A1-49B5-A7C5-40C4547EDFEE): 0
LogDevObjectVersion:   Dev-Online (39C831C9-5AE6-47DC-9A44-9C173E1C8E7C): 0
LogDevObjectVersion:   Dev-Physics (78F01B33-EBEA-4F98-B9B4-84EACCB95AA2): 0
LogDevObjectVersion:   Dev-Platform (6631380F-2D4D-43E0-8009-CF276956A95A): 0
LogDevObjectVersion:   Dev-Rendering (12F88B9F-8875-4AFC-A67C-D90C383ABD29): 20
LogDevObjectVersion:   Dev-Sequencer (7B5AE74C-D270-4C10-A958-57980B212A5A): 4
LogDevObjectVersion:   Dev-VR (D7296918-1DD6-4BDD-9DE2-64A83CC13884): 0
LogDevObjectVersion:   Dev-LoadTimes (C2A15278-BFE7-4AFE-6C17-90FF531DF755): 1
LogDevObjectVersion:   Private-Geometry (6EACA3D4-40EC-4CC1-B786-8BED09428FC5): 1
LogDevObjectVersion:   Dev-AnimPhys (29E575DD-E0A3-4627-9D10-D276232CDCEA): 12
LogInit: Compiled (64-bit): Dec  8 2017 02:04:53
LogInit: Compiled with Visual C++: 19.00.24215.01
LogInit: Build Configuration: Development
LogInit: Branch Name: ++UE4+Release-4.18
LogInit: Command line:  
LogInit: Base directory: C:/Program Files/Epic Games/UE_4.18/Engine/Binaries/Win64/
LogInit: Installed Engine Build: 1
LogInit: Presizing for max 8388607 objects, including 0 objects not considered by GC, pre-allocating 0 bytes for permanent pool.
LogInit: Object subsystem initialized
[2018.03.28-17.15.06:787][  0]LogInit: Selected Device Profile: [Windows]
[2018.03.28-17.15.06:787][  0]LogInit: Applying CVar settings loaded from the selected device profile: [Windows]
[2018.03.28-17.15.06:800][  0]LogInit: Computer: SA2502-PC02
[2018.03.28-17.15.06:800][  0]LogInit: User: langlg
[2018.03.28-17.15.06:800][  0]LogInit: CPU Page size=4096, Cores=6
[2018.03.28-17.15.06:800][  0]LogInit: High frequency timer resolution =3.410071 MHz
[2018.03.28-17.15.06:800][  0]LogMemory: Memory total: Physical=31.9GB (32GB approx)
[2018.03.28-17.15.06:800][  0]LogMemory: Platform Memory Stats for Windows
[2018.03.28-17.15.06:800][  0]LogMemory: Process Physical Memory: 274.03 MB used, 274.03 MB peak
[2018.03.28-17.15.06:800][  0]LogMemory: Process Virtual Memory: 272.38 MB used, 272.38 MB peak
[2018.03.28-17.15.06:800][  0]LogMemory: Physical Memory: 5575.41 MB used,  27114.87 MB free, 32690.28 MB total
[2018.03.28-17.15.06:800][  0]LogMemory: Virtual Memory: 689.80 MB used,  27114.87 MB free, 134217728.00 MB total
[2018.03.28-17.15.06:946][  0]LogInit: Using OS detected language (en-US).
[2018.03.28-17.15.06:946][  0]LogInit: Using OS detected locale (en-US).
[2018.03.28-17.15.06:949][  0]LogTextLocalizationManager: No specific localization for 'en-US' exists, so the 'en' localization will be used.
[2018.03.28-17.15.07:376][  0]LogInit: Setting process to per monitor DPI aware
[2018.03.28-17.15.07:653][  0]LogD3D11RHI: D3D11 adapters:
[2018.03.28-17.15.07:703][  0]LogD3D11RHI:    0. 'NVIDIA GeForce GTX 1080' (Feature Level 11_0)
[2018.03.28-17.15.07:703][  0]LogD3D11RHI:       8086/0/16345 MB DedicatedVideo/DedicatedSystem/SharedSystem, Outputs:2, VendorId:0x10de
[2018.03.28-17.15.07:705][  0]LogD3D11RHI:    1. 'Microsoft Basic Render Driver' (Feature Level 11_0)
[2018.03.28-17.15.07:705][  0]LogD3D11RHI:       0/0/16345 MB DedicatedVideo/DedicatedSystem/SharedSystem, Outputs:0, VendorId:0x1414
[2018.03.28-17.15.07:705][  0]LogD3D11RHI: Chosen D3D11 Adapter: 0
[2018.03.28-17.15.07:711][  0]LogD3D11RHI: Creating new Direct3DDevice
[2018.03.28-17.15.07:712][  0]LogD3D11RHI:     GPU DeviceId: 0x1b80 (for the marketing name, search the web for "GPU Device Id")
[2018.03.28-17.15.07:712][  0]LogWindows: EnumDisplayDevices:
[2018.03.28-17.15.07:712][  0]LogWindows:    0. 'NVIDIA GeForce GTX 1080' (P:0 D:1)
[2018.03.28-17.15.07:712][  0]LogWindows:    1. 'NVIDIA GeForce GTX 1080' (P:1 D:1)
[2018.03.28-17.15.07:712][  0]LogWindows:    2. 'NVIDIA GeForce GTX 1080' (P:0 D:0)
[2018.03.28-17.15.07:712][  0]LogWindows:    3. 'NVIDIA GeForce GTX 1080' (P:0 D:0)
[2018.03.28-17.15.07:712][  0]LogWindows: DebugString: GetVideoDriverDetailsInvalid PrimaryIsNotTheChoosenAdapter GetVideoDriverDetailsInvalid PrimaryIsNotTheChoosenAdapter GetVideoDriverDetailsInvalid PrimaryIsNotTheChoosenAdapter GetVideoDriverDetailsInvalid PrimaryIsNotTheChoosenAdapter FoundDriverCount:0 
[2018.03.28-17.15.07:712][  0]LogD3D11RHI:     Adapter Name: NVIDIA GeForce GTX 1080
[2018.03.28-17.15.07:712][  0]LogD3D11RHI:   Driver Version: Unknown (internal:Unknown, unified:Unknown)
[2018.03.28-17.15.07:712][  0]LogD3D11RHI:      Driver Date: Unknown
[2018.03.28-17.15.07:712][  0]LogRHI: Texture pool is 5660 MB (70% of 8086 MB)
[2018.03.28-17.15.07:733][  0]LogD3D11RHI: Async texture creation enabled
[2018.03.28-17.15.07:747][  0]LogD3D11RHI: GPU Timing Frequency: 1000.000000 (Debug: 2 1)
[2018.03.28-17.15.07:790][  0]LogShaderCompilers: Guid format shader working directory is -31 characters bigger than the processId version (../../../../../../Users/langlg/Documents/GitHub/FakeBook/Game 3/DetectiveGame/Intermediate/Shaders/WorkingDirectory/14560/).
[2018.03.28-17.15.07:790][  0]LogShaderCompilers: Cleaned the shader compiler working directory 'C:/Users/langlg/AppData/Local/Temp/UnrealShaderWorkingDir/0F43508A49462A3A14DF71BEBD9FF1FA/'.
[2018.03.28-17.15.07:790][  0]LogShaderCompilers: Display: Using Local Shader Compiler.
[2018.03.28-17.15.08:828][  0]LogTemp: Display: Loaded TP AllDesktopTargetPlatform
[2018.03.28-17.15.08:883][  0]LogTemp: Display: Loaded TP MacClientTargetPlatform
[2018.03.28-17.15.08:939][  0]LogTemp: Display: Loaded TP MacNoEditorTargetPlatform
[2018.03.28-17.15.08:994][  0]LogTemp: Display: Loaded TP MacServerTargetPlatform
[2018.03.28-17.15.09:050][  0]LogTemp: Display: Loaded TP MacTargetPlatform
[2018.03.28-17.15.09:106][  0]LogTemp: Display: Loaded TP WindowsClientTargetPlatform
[2018.03.28-17.15.09:163][  0]LogTemp: Display: Loaded TP WindowsNoEditorTargetPlatform
[2018.03.28-17.15.09:218][  0]LogTemp: Display: Loaded TP WindowsServerTargetPlatform
[2018.03.28-17.15.09:266][  0]LogTemp: Display: Loaded TP WindowsTargetPlatform
[2018.03.28-17.15.09:326][  0]LogTemp: Display: Loaded TP Android_ASTCTargetPlatform
[2018.03.28-17.15.09:409][  0]LogTemp: Display: Loaded TP Android_ATCTargetPlatform
[2018.03.28-17.15.09:471][  0]LogTemp: Display: Loaded TP Android_DXTTargetPlatform
[2018.03.28-17.15.09:525][  0]LogTemp: Display: Loaded TP Android_ETC1TargetPlatform
[2018.03.28-17.15.09:579][  0]LogTemp: Display: Loaded TP Android_ETC2TargetPlatform
[2018.03.28-17.15.09:688][  0]LogTemp: Display: Loaded TP Android_MultiTargetPlatform
[2018.03.28-17.15.09:688][  0]LogTemp: Display: Loaded TP Android_PVRTCTargetPlatform
[2018.03.28-17.15.09:743][  0]LogTemp: Display: Loaded TP AndroidTargetPlatform
[2018.03.28-17.15.09:787][  0]LogTemp: Display: Loaded TP HTML5TargetPlatform
[2018.03.28-17.15.09:895][  0]LogTemp: Display: Loaded TP IOSTargetPlatform
[2018.03.28-17.15.09:949][  0]LogTemp: Display: Loaded TP TVOSTargetPlatform
[2018.03.28-17.15.10:006][  0]LogTemp: Display: Loaded TP LinuxClientTargetPlatform
[2018.03.28-17.15.10:067][  0]LogTemp: Display: Loaded TP LinuxNoEditorTargetPlatform
[2018.03.28-17.15.10:121][  0]LogTemp: Display: Loaded TP LinuxServerTargetPlatform
[2018.03.28-17.15.10:175][  0]LogTemp: Display: Loaded TP LinuxTargetPlatform
[2018.03.28-17.15.10:175][  0]LogTargetPlatformManager: Display: Building Assets For Windows
[2018.03.28-17.15.10:847][  0]LogDerivedDataCache: Display: Max Cache Size: 512 MB
[2018.03.28-17.15.10:936][  0]LogDerivedDataCache: Loaded boot cache 0.09s 79MB C:/Users/langlg/AppData/Local/UnrealEngine/4.18/DerivedDataCache/Boot.ddc.
[2018.03.28-17.15.10:936][  0]LogDerivedDataCache: Display: Loaded Boot cache: C:/Users/langlg/AppData/Local/UnrealEngine/4.18/DerivedDataCache/Boot.ddc
[2018.03.28-17.15.10:936][  0]LogDerivedDataCache: FDerivedDataBackendGraph:  Pak pak cache file ../../../../../../Users/langlg/Documents/GitHub/FakeBook/Game 3/DetectiveGame/DerivedDataCache/DDC.ddp not found, will not use a pak cache.
[2018.03.28-17.15.10:936][  0]LogDerivedDataCache: Unable to find inner node Pak for hierarchical cache Hierarchy.
[2018.03.28-17.15.10:936][  0]LogDerivedDataCache: FDerivedDataBackendGraph:  CompressedPak pak cache file ../../../../../../Users/langlg/Documents/GitHub/FakeBook/Game 3/DetectiveGame/DerivedDataCache/Compressed.ddp not found, will not use a pak cache.
[2018.03.28-17.15.10:936][  0]LogDerivedDataCache: Unable to find inner node CompressedPak for hierarchical cache Hierarchy.
[2018.03.28-17.15.10:952][  0]LogDerivedDataCache: Display: Pak cache opened for reading ../../../Engine/DerivedDataCache/Compressed.ddp.
[2018.03.28-17.15.10:964][  0]LogDerivedDataCache: Using Local data cache path C:/Users/langlg/AppData/Local/UnrealEngine/Common/DerivedDataCache: Writable
[2018.03.28-17.15.10:974][  0]LogMaterial: Verifying Global Shaders for PCD3D_SM5
[2018.03.28-17.15.10:975][  0]LogSlate: Using Freetype 2.6.0
[2018.03.28-17.15.10:975][  0]LogSlate: SlateFontCache - WITH_FREETYPE: 1, WITH_HARFBUZZ: 1
[2018.03.28-17.15.10:975][  0]LogSlate: SlateFontCache - WITH_FREETYPE: 1, WITH_HARFBUZZ: 1
[2018.03.28-17.15.11:441][  0]LogInit: Selected Device Profile: [Windows]
[2018.03.28-17.15.11:824][  0]LogSimplygon: Simplygon DLL not present - disabling.
[2018.03.28-17.15.11:870][  0]LogMeshReduction: Using SimplygonSwarm for distributed automatic mesh merging
[2018.03.28-17.15.11:870][  0]LogMeshReduction: Using QuadricMeshReduction for automatic static mesh reduction
[2018.03.28-17.15.11:870][  0]LogMeshReduction: No automatic skeletal mesh reduction module available
[2018.03.28-17.15.11:870][  0]LogMeshReduction: No automatic mesh merging module available
[2018.03.28-17.15.11:870][  0]LogMeshMerging: No automatic mesh merging module available
[2018.03.28-17.15.11:915][  0]LogNetVersion: DetectiveGame , NetCL: 3709383, EngineNetVer: 2, GameNetVer: 0 (Checksum: 4117068022)
[2018.03.28-17.15.12:115][  0]LogAssetRegistry: FAssetRegistry took 0.0268 seconds to start up
[2018.03.28-17.15.12:737][  0]LogPackageLocalizationCache: Processed 7 localized package path(s) for 2 prioritized culture(s) in 0.074577 seconds
[2018.03.28-17.15.12:743][  0]LogUObjectArray: 35900 objects as part of root set at end of initial load.
[2018.03.28-17.15.12:743][  0]LogUObjectAllocator: 7372016 out of 0 bytes used by permanent object pool.
[2018.03.28-17.15.12:743][  0]LogUObjectArray: CloseDisregardForGC: 0/0 objects in disregard for GC pool
[2018.03.28-17.15.12:801][  0]LogInit: WinSock: version 1.1 (2.2), MaxSocks=32767, MaxUdp=65467
[2018.03.28-17.15.15:929][  0]LogTcpMessaging: Initializing TcpMessaging bridge
[2018.03.28-17.15.15:974][  0]LogUdpMessaging: Initializing bridge on interface 0.0.0.0:0 to multicast group 230.0.0.1:6666.
[2018.03.28-17.15.16:945][  0]LogMaterial: Uniform references updated for custom material expression Custom.
[2018.03.28-17.15.17:378][  0]SourceControl: Source control is disabled
[2018.03.28-17.15.17:378][  0]SourceControl: Source control is disabled
[2018.03.28-17.15.17:454][  0]SourceControl: Source control is disabled
[2018.03.28-17.15.17:507][  0]SourceControl: Source control is disabled
[2018.03.28-17.15.18:518][  0]LogAndroidPermission: UAndroidPermissionCallbackProxy::GetInstance
[2018.03.28-17.15.18:808][  0]LogOcInput: OculusInput pre-init called
[2018.03.28-17.15.19:168][  0]LogEngine: Initializing Engine...
[2018.03.28-17.15.19:171][  0]LogHMD: Failed to initialize OpenVR with code 110
[2018.03.28-17.15.19:426][  0]LogStats: UGameplayTagsManager::ConstructGameplayTagTree: Construct from data asset -  0.000 s
[2018.03.28-17.15.19:426][  0]LogStats: UGameplayTagsManager::ConstructGameplayTagTree: GameplayTagTreeChangedEvent.Broadcast -  0.000 s
[2018.03.28-17.15.19:576][  0]LogAIModule: Creating AISystem for world Untitled
[2018.03.28-17.15.19:584][  0]LogInit: XAudio2 using 'Speakers / Headphones (Realtek Audio)' : 2 channels at 48 kHz using 32 bits per sample (channel mask 0x3)
[2018.03.28-17.15.19:782][  0]LogInit: FAudioDevice initialized.
[2018.03.28-17.15.19:865][  0]LogDerivedDataCache: Saved boot cache 0.08s 79MB C:/Users/langlg/AppData/Local/UnrealEngine/4.18/DerivedDataCache/Boot.ddc.
[2018.03.28-17.15.19:890][  0]LogInit: Texture streaming: Enabled
[2018.03.28-17.15.20:005][  0]LogEngineSessionManager: EngineSessionManager initialized
[2018.03.28-17.15.20:181][  0]LogInit: Transaction tracking system initialized
[2018.03.28-17.15.20:515][  0]BlueprintLog: New page: Editor Load
[2018.03.28-17.15.21:635][  0]LocalizationService: Localization service is disabled
[2018.03.28-17.15.22:707][  0]LogConsoleResponse: Display: 
[2018.03.28-17.15.22:909][  0]LogCook: Display: Max memory allowance for cook 16384mb min free memory 0mb
[2018.03.28-17.15.22:909][  0]LogCook: Display: Mobile HDR setting 1
[2018.03.28-17.15.22:909][  0]LogGameplayTags: Display: UGameplayTagsManager::DoneAddingNativeTags. DelegateIsBound: 0
[2018.03.28-17.15.22:918][  0]LogFileCache: Scanning file cache for directory 'C:/Users/langlg/Documents/GitHub/FakeBook/Game 3/DetectiveGame/Content/' took 0.02s
[2018.03.28-17.15.24:266][  0]SourceControl: Source control is disabled
[2018.03.28-17.15.24:266][  0]Cmd: MAP LOAD FILE="../../../../../../Users/langlg/Documents/GitHub/FakeBook/Game 3/DetectiveGame/Content/VirtualRealityBP/Maps/StartupMap.umap" TEMPLATE=0 SHOWPROGRESS=1 FEATURELEVEL=3
[2018.03.28-17.15.24:266][  0]LightingResults: New page: Lighting Build
[2018.03.28-17.15.24:326][  0]MapCheck: New page: Map Check
[2018.03.28-17.15.24:326][  0]LightingResults: New page: Lighting Build
[2018.03.28-17.15.25:157][  0]LogAIModule: Creating AISystem for world StartupMap
[2018.03.28-17.15.25:170][  0]LogEditorServer: Finished looking for orphan Actors (0.000 secs)
[2018.03.28-17.15.25:197][  0]Cmd: MAP CHECKDEP NOCLEARLOG
[2018.03.28-17.15.25:260][  0]MapCheck: Map check complete: 0 Error(s), 0 Warning(s), took 62.243ms to complete.
[2018.03.28-17.15.25:260][  0]LogFileHelpers: Loading map 'StartupMap' took 0.993
[2018.03.28-17.15.25:446][  0]LogCollectionManager: Loaded 0 collections in 0.001658 seconds
[2018.03.28-17.15.25:580][  0]LogFileCache: Scanning file cache for directory 'C:/Users/langlg/Documents/GitHub/FakeBook/Game 3/DetectiveGame/Saved/Collections/' took 0.01s
[2018.03.28-17.15.25:580][  0]LogFileCache: Scanning file cache for directory 'C:/Users/langlg/Documents/GitHub/FakeBook/Game 3/DetectiveGame/Content/Developers/langlg/Collections/' took 0.01s
[2018.03.28-17.15.25:580][  0]LogFileCache: Scanning file cache for directory 'C:/Users/langlg/Documents/GitHub/FakeBook/Game 3/DetectiveGame/Content/Collections/' took 0.01s
[2018.03.28-17.15.25:580][  0]LogCollectionManager: Rebuilt the GUID cache for 0 collections in 0.000000 seconds
[2018.03.28-17.15.25:590][  0]LogContentBrowser: Native class hierarchy populated in 0.0097 seconds. Added 2372 classes and 524 folders.
[2018.03.28-17.15.25:663][  0]LogContentBrowser: Native class hierarchy updated for 'WidgetCarousel' in 0.0003 seconds. Added 0 classes and 0 folders.
[2018.03.28-17.15.25:703][  0]LogContentBrowser: Native class hierarchy updated for 'AddContentDialog' in 0.0002 seconds. Added 0 classes and 0 folders.
[2018.03.28-17.15.25:750][  0]LogContentBrowser: Native class hierarchy updated for 'SceneOutliner' in 0.0003 seconds. Added 1 classes and 2 folders.
[2018.03.28-17.15.25:780][  0]LogDirectoryWatcher: Warning: Failed to begin reading directory changes for ../../../../../../Users/langlg/Documents/GitHub/FakeBook/Game 3/DetectiveGame/Plugins/. Error: The system cannot find the file specified. (0x00000002)
[2018.03.28-17.15.25:795][  0]LogSlate: Took 0.000205 seconds to synchronously load lazily loaded font '../../../Engine/Content/Slate/Fonts/Roboto-Regular.ttf' (155K)
[2018.03.28-17.15.25:796][  0]LogSlate: Took 0.000178 seconds to synchronously load lazily loaded font '../../../Engine/Content/Slate/Fonts/Roboto-Bold.ttf' (160K)
[2018.03.28-17.15.25:802][  0]LogSlate: Took 0.000179 seconds to synchronously load lazily loaded font '../../../Engine/Content/Editor/Slate/Fonts/FontAwesome.ttf' (139K)
[2018.03.28-17.15.25:907][  0]LogRenderer: Reallocating scene render targets to support 1208x652 Format 26 NumSamples 1 (Frame:1).
[2018.03.28-17.15.26:100][  0]LogContentBrowser: Native class hierarchy updated for 'HierarchicalLODOutliner' in 0.0003 seconds. Added 1 classes and 2 folders.
[2018.03.28-17.15.26:100][  0]LogLoad: (Engine Initialization) Total time: 22.09 seconds
[2018.03.28-17.15.26:100][  0]LogLoad: (Engine Initialization) Total Blueprint compile time: 0.00 seconds
[2018.03.28-17.15.26:100][  0]LogExternalProfiler: No external profilers were discovered.  External profiling features will not be available.
[2018.03.28-17.15.26:156][  0]LogContentStreaming: Texture pool size now 1000 MB
[2018.03.28-17.15.26:200][  0]LogSlate: Took 0.000257 seconds to synchronously load lazily loaded font '../../../Engine/Content/Slate/Fonts/Roboto-Light.ttf' (159K)
[2018.03.28-17.15.26:244][  1]LogFileCache: Retrieving MD5 hashes for directory 'C:/Users/langlg/Documents/GitHub/FakeBook/Game 3/DetectiveGame/Content/' took 0.11s
[2018.03.28-17.15.26:255][  1]LogAssetRegistry: Asset discovery search completed in 14.1622 seconds
[2018.03.28-17.15.26:257][  1]LogCollectionManager: Rebuilt the object cache for 0 collections in 0.000000 seconds (found 0 objects)
[2018.03.28-17.15.26:257][  1]LogCollectionManager: Fixed up redirectors for 0 collections in 0.000044 seconds (updated 0 objects)
[2018.03.28-17.15.27:150][ 91]LogSlate: Took 0.000218 seconds to synchronously load lazily loaded font '../../../Engine/Content/Slate/Fonts/Roboto-Light.ttf' (159K)
[2018.03.28-17.15.27:220][ 99]LogDirectoryWatcher: A directory notification for '../../../Engine/Plugins/' was aborted.
[2018.03.28-17.15.31:461][585]LogDestructible: Warning: MainMesh Tris: 440
[2018.03.28-17.15.31:473][585]LogApexDestructibleAssetImport: Warning: Using default materials for material slot
[2018.03.28-17.15.31:473][585]LogApexDestructibleAssetImport: Warning: Bones digested - 2  Depth of hierarchy - 2
[2018.03.28-17.15.31:478][585]LogSlate: Took 0.000183 seconds to synchronously load lazily loaded font '../../../Engine/Content/Slate/Fonts/Roboto-Light.ttf' (159K)
[2018.03.28-17.15.31:486][585]LogSkeletalMesh: Section 0: 273 vertices, 1 active bones
[2018.03.28-17.15.31:488][585]LogSkeletalMesh: Section 0: Material=0, 440 triangles
[2018.03.28-17.15.33:932][848]LogDestructible: Warning: MainMesh Tris: 440
[2018.03.28-17.15.34:245][848]LogApexDestructibleAssetImport: Warning: Using default materials for material slot
[2018.03.28-17.15.34:245][848]LogApexDestructibleAssetImport: Warning: Bones digested - 27  Depth of hierarchy - 2
[2018.03.28-17.15.34:289][848]LogSkeletalMesh: Section 0: 1799 vertices, 26 active bones
[2018.03.28-17.15.34:289][848]LogSkeletalMesh: Section 1: 2289 vertices, 25 active bones
[2018.03.28-17.15.34:297][848]LogSkeletalMesh: Section 0: Material=0, 2180 triangles
[2018.03.28-17.15.34:297][848]LogSkeletalMesh: Section 1: Material=1, 1853 triangles
[2018.03.28-17.15.55:329][255]Cmd: OBJ SAVEPACKAGE PACKAGE="/Game/Objects/vase_DM" FILE="../../../../../../Users/langlg/Documents/GitHub/FakeBook/Game 3/DetectiveGame/Content/Objects/vase_DM.uasset" SILENT=true
[2018.03.28-17.15.55:376][255]LogSavePackage: Save=43.00ms
[2018.03.28-17.15.55:376][255]LogSavePackage: Moving '../../../../../../Users/langlg/Documents/GitHub/FakeBook/Game 3/DetectiveGame/Saved/vase_DMF55832B3496CAE42934D1BA66B0223C5.tmp' to '../../../../../../Users/langlg/Documents/GitHub/FakeBook/Game 3/DetectiveGame/Content/Objects/vase_DM.uasset'
[2018.03.28-17.15.55:380][255]LogSavePackage: Display: Finished SavePackage ../../../../../../Users/langlg/Documents/GitHub/FakeBook/Game 3/DetectiveGame/Content/Objects/vase_DM.uasset
[2018.03.28-17.16.37:582][917]LogContentBrowser: Native class hierarchy updated for 'BlueprintGraph' in 0.0006 seconds. Added 116 classes and 0 folders.
[2018.03.28-17.16.38:206][917]LogSlate: Took 0.000344 seconds to synchronously load lazily loaded font '../../../Engine/Content/Slate/Fonts/Roboto-Regular.ttf' (155K)
[2018.03.28-17.16.40:086][ 83]LogSlate: Took 0.000221 seconds to synchronously load lazily loaded font '../../../Engine/Content/Editor/Slate/Fonts/Roboto-Italic.ttf' (157K)
[2018.03.28-17.16.40:926][162]LogSlate: Warning: Prevented a slow task dialog from being summoned while a context menu was open
[2018.03.28-17.16.50:939][173]BlueprintLog: New page: Compile BP_DestructiblePickup
[2018.03.28-17.16.51:172][173]LogSavePackage: Save=13.37ms
[2018.03.28-17.16.51:173][173]LogSavePackage: Moving '../../../../../../Users/langlg/Documents/GitHub/FakeBook/Game 3/DetectiveGame/Saved/BP_DestructiblePickup762AF9C74ABAE840AC1C3EA608CFB95F.tmp' to '../../../../../../Users/langlg/Documents/GitHub/FakeBook/Game 3/DetectiveGame/Content/Blueprints/BP_DestructiblePickup.uasset'
[2018.03.28-17.16.51:176][173]LogSavePackage: Display: Finished SavePackage ../../../../../../Users/langlg/Documents/GitHub/FakeBook/Game 3/DetectiveGame/Content/Blueprints/BP_DestructiblePickup.uasset
[2018.03.28-17.17.05:851][608]BlueprintLog: New page: Compile BP_DestructiblePickup
[2018.03.28-17.17.06:087][608]LogSavePackage: Save=12.18ms
[2018.03.28-17.17.06:087][608]LogSavePackage: Moving '../../../../../../Users/langlg/Documents/GitHub/FakeBook/Game 3/DetectiveGame/Saved/BP_DestructiblePickupBE74754B4E67D6547C8BC381F37AD780.tmp' to '../../../../../../Users/langlg/Documents/GitHub/FakeBook/Game 3/DetectiveGame/Content/Blueprints/BP_DestructiblePickup.uasset'
[2018.03.28-17.17.06:090][608]LogSavePackage: Display: Finished SavePackage ../../../../../../Users/langlg/Documents/GitHub/FakeBook/Game 3/DetectiveGame/Content/Blueprints/BP_DestructiblePickup.uasset
[2018.03.28-17.17.17:461][779]BlueprintLog: New page: Compile BP_DestructiblePickup
[2018.03.28-17.17.17:742][779]LogSavePackage: Save=17.40ms
[2018.03.28-17.17.17:742][779]LogSavePackage: Moving '../../../../../../Users/langlg/Documents/GitHub/FakeBook/Game 3/DetectiveGame/Saved/BP_DestructiblePickupF418C21048F13257A5853784B937F32D.tmp' to '../../../../../../Users/langlg/Documents/GitHub/FakeBook/Game 3/DetectiveGame/Content/Blueprints/BP_DestructiblePickup.uasset'
[2018.03.28-17.17.17:748][779]LogSavePackage: Display: Finished SavePackage ../../../../../../Users/langlg/Documents/GitHub/FakeBook/Game 3/DetectiveGame/Content/Blueprints/BP_DestructiblePickup.uasset
[2018.03.28-17.17.20:853][ 91]BlueprintLog: New page: Compile BP_DestructiblePickup
[2018.03.28-17.17.21:078][ 91]LogSavePackage: Save=12.21ms
[2018.03.28-17.17.21:078][ 91]LogSavePackage: Moving '../../../../../../Users/langlg/Documents/GitHub/FakeBook/Game 3/DetectiveGame/Saved/BP_DestructiblePickupED589B2C4A5BD991FE09F89E5F5A8D2F.tmp' to '../../../../../../Users/langlg/Documents/GitHub/FakeBook/Game 3/DetectiveGame/Content/Blueprints/BP_DestructiblePickup.uasset'
[2018.03.28-17.17.21:081][ 91]LogSavePackage: Display: Finished SavePackage ../../../../../../Users/langlg/Documents/GitHub/FakeBook/Game 3/DetectiveGame/Content/Blueprints/BP_DestructiblePickup.uasset
[2018.03.28-17.17.28:894][944]Cmd: DELETE
[2018.03.28-17.17.28:894][944]Cmd: ACTOR DELETE
[2018.03.28-17.17.28:896][944]LogEditorActor: Deleted Actor: BP_DestructiblePickup_C
[2018.03.28-17.17.28:931][944]LogEditorActor: Deleted 1 Actors (0.037 secs)
[2018.03.28-17.17.35:250][646]LogSavePackage: Save=66.74ms
[2018.03.28-17.17.35:250][646]LogSavePackage: Moving '../../../../../../Users/langlg/Documents/GitHub/FakeBook/Game 3/DetectiveGame/Saved/StartupMap74861F9945C621827914C8955DC95927.tmp' to '../../../../../../Users/langlg/Documents/GitHub/FakeBook/Game 3/DetectiveGame/Content/VirtualRealityBP/Maps/StartupMap.umap'
[2018.03.28-17.17.35:257][646]LogSavePackage: Display: Finished SavePackage ../../../../../../Users/langlg/Documents/GitHub/FakeBook/Game 3/DetectiveGame/Content/VirtualRealityBP/Maps/StartupMap.umap
[2018.03.28-17.17.35:308][646]LogFileHelpers: Saving map 'StartupMap' took 0.241
[2018.03.28-17.17.36:683][770]LogSlate: Took 0.000282 seconds to synchronously load lazily loaded font '../../../Engine/Content/Editor/Slate/Fonts/Roboto-BoldCondensed.ttf' (158K)
[2018.03.28-17.48.18:793][547]LogFactory: FactoryCreateFile: SoundWave with ReimportSoundFactory (0 0 C:\Users\langlg\Desktop\Beffy.wav)
[2018.03.28-17.48.18:835][547]LogAudioDerivedData: Display: Building compressed audio format OGG wave Beffy...
[2018.03.28-17.48.19:408][547]LogAudioDerivedData: Updated SoundWave->RawPCMDataSize during cooking SoundWave /Game/Blueprints/Beffy.Beffy.
[2018.03.28-17.48.44:558][916]BlueprintLog: New page: Compile BP_Telephone
[2018.03.28-17.48.44:878][916]Cmd: OBJ SAVEPACKAGE PACKAGE="/Game/Blueprints/BP_Telephone" FILE="../../../../../../Users/langlg/Documents/GitHub/FakeBook/Game 3/DetectiveGame/Content/Blueprints/BP_Telephone.uasset" SILENT=true
[2018.03.28-17.48.44:930][916]LogSavePackage: Save=40.17ms
[2018.03.28-17.48.44:930][916]LogSavePackage: Moving '../../../../../../Users/langlg/Documents/GitHub/FakeBook/Game 3/DetectiveGame/Saved/BP_Telephone25154ECB43152A534432EE8CC0FECB12.tmp' to '../../../../../../Users/langlg/Documents/GitHub/FakeBook/Game 3/DetectiveGame/Content/Blueprints/BP_Telephone.uasset'
[2018.03.28-17.48.44:936][916]LogSavePackage: Display: Finished SavePackage ../../../../../../Users/langlg/Documents/GitHub/FakeBook/Game 3/DetectiveGame/Content/Blueprints/BP_Telephone.uasset
[2018.03.28-17.49.19:789][837]Cmd: OBJ SAVEPACKAGE PACKAGE="/Game/Blueprints/Beffy" FILE="../../../../../../Users/langlg/Documents/GitHub/FakeBook/Game 3/DetectiveGame/Content/Blueprints/Beffy.uasset" SILENT=true
[2018.03.28-17.49.19:804][837]LogSavePackage: Save=10.57ms
[2018.03.28-17.49.19:804][837]LogSavePackage: Moving '../../../../../../Users/langlg/Documents/GitHub/FakeBook/Game 3/DetectiveGame/Saved/BeffyB6AE27DD4E9F52B039A73BBDD5B0300B.tmp' to '../../../../../../Users/langlg/Documents/GitHub/FakeBook/Game 3/DetectiveGame/Content/Blueprints/Beffy.uasset'
[2018.03.28-17.49.19:808][837]LogSavePackage: Display: Finished SavePackage ../../../../../../Users/langlg/Documents/GitHub/FakeBook/Game 3/DetectiveGame/Content/Blueprints/Beffy.uasset
[2018.03.28-17.51.16:317][905]BlueprintLog: New page: Compile BP_Telephone
[2018.03.28-17.51.16:648][905]Cmd: OBJ SAVEPACKAGE PACKAGE="/Game/Blueprints/BP_Telephone" FILE="../../../../../../Users/langlg/Documents/GitHub/FakeBook/Game 3/DetectiveGame/Content/Blueprints/BP_Telephone.uasset" SILENT=true
[2018.03.28-17.51.16:699][905]LogSavePackage: Save=44.61ms
[2018.03.28-17.51.16:699][905]LogSavePackage: Moving '../../../../../../Users/langlg/Documents/GitHub/FakeBook/Game 3/DetectiveGame/Saved/BP_Telephone3E212C064B026863054DF983697F43F9.tmp' to '../../../../../../Users/langlg/Documents/GitHub/FakeBook/Game 3/DetectiveGame/Content/Blueprints/BP_Telephone.uasset'
[2018.03.28-17.51.16:708][905]LogSavePackage: Display: Finished SavePackage ../../../../../../Users/langlg/Documents/GitHub/FakeBook/Game 3/DetectiveGame/Content/Blueprints/BP_Telephone.uasset
