Log file open, 03/07/18 12:07:59
LogWindows: Failed to load 'aqProf.dll' (GetLastError=126)
LogWindows: File 'aqProf.dll' does not exist
LogWindows: Failed to load 'VSPerf140.dll' (GetLastError=126)
LogWindows: File 'VSPerf140.dll' does not exist
LogWindows: Failed to load 'VtuneApi.dll' (GetLastError=126)
LogWindows: File 'VtuneApi.dll' does not exist
LogWindows: Failed to load 'VtuneApi32e.dll' (GetLastError=126)
LogWindows: File 'VtuneApi32e.dll' does not exist
LogInit: Display: Running engine for game: DetectiveGame
LogPlatformFile: Not using cached read wrapper
LogInit: Display: RandInit(-977078063) SRandInit(-977078063).
LogInit: Read version file with build ID '3709383'
LogInit: Overriding engine version to CL 3832480, compatible CL 3709383
LogInit: Registered custom module enumerator with build ID '3709383'
LogTaskGraph: Started task graph with 5 named threads and 14 total threads with 3 sets of task threads.
LogStats: Stats thread started at 0.215476
LogD3D11RHI: Aftermath initialized
LogModuleManager: Display: Found up-to-date module file ../../../Engine/Plugins/2D/Paper2D/Binaries/Win64/UE4Editor-Paper2D.dll (API version 3709383).
LogModuleManager: Display: Found up-to-date module file ../../../Engine/Plugins/2D/Paper2D/Binaries/Win64/UE4Editor-Paper2DEditor.dll (API version 3709383).
LogModuleManager: Display: Found up-to-date module file ../../../Engine/Plugins/2D/Paper2D/Binaries/Win64/UE4Editor-PaperSpriteSheetImporter.dll (API version 3709383).
LogModuleManager: Display: Found up-to-date module file ../../../Engine/Plugins/2D/Paper2D/Binaries/Win64/UE4Editor-PaperTiledImporter.dll (API version 3709383).
LogModuleManager: Display: Found up-to-date module file ../../../Engine/Plugins/2D/Paper2D/Binaries/Win64/UE4Editor-SmartSnapping.dll (API version 3709383).
LogModuleManager: Display: Found up-to-date module file ../../../Engine/Plugins/Blendables/LightPropagationVolume/Binaries/Win64/UE4Editor-LightPropagationVolumeRuntime.dll (API version 3709383).
LogModuleManager: Display: Found up-to-date module file ../../../Engine/Plugins/Blendables/LightPropagationVolume/Binaries/Win64/UE4Editor-LightPropagationVolumeEditor.dll (API version 3709383).
LogModuleManager: Display: Found up-to-date module file ../../../Engine/Plugins/Developer/GitSourceControl/Binaries/Win64/UE4Editor-GitSourceControl.dll (API version 3709383).
LogModuleManager: Display: Found up-to-date module file ../../../Engine/Plugins/Developer/PerforceSourceControl/Binaries/Win64/UE4Editor-PerforceSourceControl.dll (API version 3709383).
LogModuleManager: Display: Found up-to-date module file ../../../Engine/Plugins/Developer/SubversionSourceControl/Binaries/Win64/UE4Editor-SubversionSourceControl.dll (API version 3709383).
LogModuleManager: Display: Found up-to-date module file ../../../Engine/Plugins/Developer/UObjectPlugin/Binaries/Win64/UE4Editor-UObjectPlugin.dll (API version 3709383).
LogModuleManager: Display: Found up-to-date module file ../../../Engine/Plugins/Developer/VisualStudioCodeSourceCodeAccess/Binaries/Win64/UE4Editor-VisualStudioCodeSourceCodeAccess.dll (API version 3709383).
LogModuleManager: Display: Found up-to-date module file ../../../Engine/Plugins/Developer/VisualStudioSourceCodeAccess/Binaries/Win64/UE4Editor-VisualStudioSourceCodeAccess.dll (API version 3709383).
LogModuleManager: Display: Found up-to-date module file ../../../Engine/Plugins/Editor/AssetManagerEditor/Binaries/Win64/UE4Editor-AssetManagerEditor.dll (API version 3709383).
LogModuleManager: Display: Found up-to-date module file ../../../Engine/Plugins/Editor/AudioCapture/Binaries/Win64/UE4Editor-AudioCapture.dll (API version 3709383).
LogModuleManager: Display: Found up-to-date module file ../../../Engine/Plugins/Editor/FacialAnimation/Binaries/Win64/UE4Editor-FacialAnimation.dll (API version 3709383).
LogModuleManager: Display: Found up-to-date module file ../../../Engine/Plugins/Editor/FacialAnimation/Binaries/Win64/UE4Editor-FacialAnimationEditor.dll (API version 3709383).
LogModuleManager: Display: Found up-to-date module file ../../../Engine/Plugins/Editor/GameplayTagsEditor/Binaries/Win64/UE4Editor-GameplayTagsEditor.dll (API version 3709383).
LogModuleManager: Display: Found up-to-date module file ../../../Engine/Plugins/Editor/MobileLauncherProfileWizard/Binaries/Win64/UE4Editor-MobileLauncherProfileWizard.dll (API version 3709383).
LogModuleManager: Display: Found up-to-date module file ../../../Engine/Plugins/Editor/PluginBrowser/Binaries/Win64/UE4Editor-PluginBrowser.dll (API version 3709383).
LogModuleManager: Display: Found up-to-date module file ../../../Engine/Plugins/Editor/SpeedTreeImporter/Binaries/Win64/UE4Editor-SpeedTreeImporter.dll (API version 3709383).
LogModuleManager: Display: Found up-to-date module file ../../../Engine/Plugins/Experimental/AlembicImporter/Binaries/Win64/UE4Editor-AlembicImporter.dll (API version 3709383).
LogModuleManager: Display: Found up-to-date module file ../../../Engine/Plugins/Experimental/AlembicImporter/Binaries/Win64/UE4Editor-AlembicLibrary.dll (API version 3709383).
LogModuleManager: Display: Found up-to-date module file ../../../Engine/Plugins/Experimental/CharacterAI/Binaries/Win64/UE4Editor-CharacterAI.dll (API version 3709383).
LogModuleManager: Display: Found up-to-date module file ../../../Engine/Plugins/Experimental/HTML5Networking/Binaries/Win64/UE4Editor-HTML5Networking.dll (API version 3709383).
LogModuleManager: Display: Found up-to-date module file ../../../Engine/Plugins/Media/AndroidMedia/Binaries/Win64/UE4Editor-AndroidMediaEditor.dll (API version 3709383).
LogModuleManager: Display: Found up-to-date module file ../../../Engine/Plugins/Media/AndroidMedia/Binaries/Win64/UE4Editor-AndroidMediaFactory.dll (API version 3709383).
LogModuleManager: Display: Found up-to-date module file ../../../Engine/Plugins/Media/AvfMedia/Binaries/Win64/UE4Editor-AvfMediaEditor.dll (API version 3709383).
LogModuleManager: Display: Found up-to-date module file ../../../Engine/Plugins/Media/AvfMedia/Binaries/Win64/UE4Editor-AvfMediaFactory.dll (API version 3709383).
LogModuleManager: Display: Found up-to-date module file ../../../Engine/Plugins/Media/AvfMedia/Binaries/Win64/UE4Editor-AvfMediaFactory.dll (API version 3709383).
LogModuleManager: Display: Found up-to-date module file ../../../Engine/Plugins/Media/ImgMedia/Binaries/Win64/UE4Editor-ImgMedia.dll (API version 3709383).
LogModuleManager: Display: Found up-to-date module file ../../../Engine/Plugins/Media/ImgMedia/Binaries/Win64/UE4Editor-ImgMediaEditor.dll (API version 3709383).
LogModuleManager: Display: Found up-to-date module file ../../../Engine/Plugins/Media/ImgMedia/Binaries/Win64/UE4Editor-ImgMediaFactory.dll (API version 3709383).
LogModuleManager: Display: Found up-to-date module file ../../../Engine/Plugins/Media/ImgMedia/Binaries/Win64/UE4Editor-ImgMediaFactory.dll (API version 3709383).
LogModuleManager: Display: Found up-to-date module file ../../../Engine/Plugins/Media/ImgMedia/Binaries/Win64/UE4Editor-OpenExrWrapper.dll (API version 3709383).
LogModuleManager: Display: Found up-to-date module file ../../../Engine/Plugins/Media/MediaCompositing/Binaries/Win64/UE4Editor-MediaCompositing.dll (API version 3709383).
LogModuleManager: Display: Found up-to-date module file ../../../Engine/Plugins/Media/MediaCompositing/Binaries/Win64/UE4Editor-MediaCompositingEditor.dll (API version 3709383).
LogModuleManager: Display: Found up-to-date module file ../../../Engine/Plugins/Media/MediaPlayerEditor/Binaries/Win64/UE4Editor-MediaPlayerEditor.dll (API version 3709383).
LogModuleManager: Display: Found up-to-date module file ../../../Engine/Plugins/Media/WmfMedia/Binaries/Win64/UE4Editor-WmfMedia.dll (API version 3709383).
LogModuleManager: Display: Found up-to-date module file ../../../Engine/Plugins/Media/WmfMedia/Binaries/Win64/UE4Editor-WmfMediaEditor.dll (API version 3709383).
LogModuleManager: Display: Found up-to-date module file ../../../Engine/Plugins/Media/WmfMedia/Binaries/Win64/UE4Editor-WmfMediaFactory.dll (API version 3709383).
LogModuleManager: Display: Found up-to-date module file ../../../Engine/Plugins/Media/WmfMedia/Binaries/Win64/UE4Editor-WmfMediaFactory.dll (API version 3709383).
LogModuleManager: Display: Found up-to-date module file ../../../Engine/Plugins/Messaging/TcpMessaging/Binaries/Win64/UE4Editor-TcpMessaging.dll (API version 3709383).
LogModuleManager: Display: Found up-to-date module file ../../../Engine/Plugins/Messaging/UdpMessaging/Binaries/Win64/UE4Editor-UdpMessaging.dll (API version 3709383).
LogModuleManager: Display: Found up-to-date module file ../../../Engine/Plugins/MovieScene/ActorSequence/Binaries/Win64/UE4Editor-ActorSequence.dll (API version 3709383).
LogModuleManager: Display: Found up-to-date module file ../../../Engine/Plugins/MovieScene/LevelSequenceEditor/Binaries/Win64/UE4Editor-LevelSequenceEditor.dll (API version 3709383).
LogModuleManager: Display: Found up-to-date module file ../../../Engine/Plugins/MovieScene/MatineeToLevelSequence/Binaries/Win64/UE4Editor-MatineeToLevelSequence.dll (API version 3709383).
LogModuleManager: Display: Found up-to-date module file ../../../Engine/Plugins/Online/OnlineSubsystem/Binaries/Win64/UE4Editor-OnlineSubsystem.dll (API version 3709383).
LogModuleManager: Display: Found up-to-date module file ../../../Engine/Plugins/Runtime/AndroidPermission/Binaries/Win64/UE4Editor-AndroidPermission.dll (API version 3709383).
LogModuleManager: Display: Found up-to-date module file ../../../Engine/Plugins/Online/OnlineSubsystemNull/Binaries/Win64/UE4Editor-OnlineSubsystemNull.dll (API version 3709383).
LogModuleManager: Display: Found up-to-date module file ../../../Engine/Plugins/Online/OnlineSubsystemUtils/Binaries/Win64/UE4Editor-OnlineSubsystemUtils.dll (API version 3709383).
LogModuleManager: Display: Found up-to-date module file ../../../Engine/Plugins/Online/OnlineSubsystemUtils/Binaries/Win64/UE4Editor-OnlineBlueprintSupport.dll (API version 3709383).
LogModuleManager: Display: Found up-to-date module file ../../../Engine/Plugins/Runtime/AndroidDeviceProfileSelector/Binaries/Win64/UE4Editor-AndroidDeviceProfileSelector.dll (API version 3709383).
LogModuleManager: Display: Found up-to-date module file ../../../Engine/Plugins/Runtime/AppleARKit/Binaries/Win64/UE4Editor-AppleARKit.dll (API version 3709383).
LogModuleManager: Display: Found up-to-date module file ../../../Engine/Plugins/Runtime/ArchVisCharacter/Binaries/Win64/UE4Editor-ArchVisCharacter.dll (API version 3709383).
LogModuleManager: Display: Found up-to-date module file ../../../Engine/Plugins/Runtime/CableComponent/Binaries/Win64/UE4Editor-CableComponent.dll (API version 3709383).
LogModuleManager: Display: Found up-to-date module file ../../../Engine/Plugins/Runtime/CustomMeshComponent/Binaries/Win64/UE4Editor-CustomMeshComponent.dll (API version 3709383).
LogModuleManager: Display: Found up-to-date module file ../../../Engine/Plugins/Runtime/ExampleDeviceProfileSelector/Binaries/Win64/UE4Editor-ExampleDeviceProfileSelector.dll (API version 3709383).
LogModuleManager: Display: Found up-to-date module file ../../../Engine/Plugins/Runtime/ImmediatePhysics/Binaries/Win64/UE4Editor-ImmediatePhysics.dll (API version 3709383).
LogModuleManager: Display: Found up-to-date module file ../../../Engine/Plugins/Runtime/ImmediatePhysics/Binaries/Win64/UE4Editor-ImmediatePhysicsEditor.dll (API version 3709383).
LogModuleManager: Display: Found up-to-date module file ../../../Engine/Plugins/Runtime/LocationServicesBPLibrary/Binaries/Win64/UE4Editor-LocationServicesBPLibrary.dll (API version 3709383).
LogModuleManager: Display: Found up-to-date module file ../../../Engine/Plugins/Runtime/MobilePatchingUtils/Binaries/Win64/UE4Editor-MobilePatchingUtils.dll (API version 3709383).
LogModuleManager: Display: Found up-to-date module file ../../../Engine/Plugins/Runtime/Oculus/OculusVR/Binaries/Win64/UE4Editor-OculusHMD.dll (API version 3709383).
LogModuleManager: Display: Found up-to-date module file ../../../Engine/Plugins/Runtime/Oculus/OculusVR/Binaries/Win64/UE4Editor-OculusInput.dll (API version 3709383).
LogModuleManager: Display: Found up-to-date module file ../../../Engine/Plugins/Runtime/Oculus/OculusVR/Binaries/Win64/UE4Editor-OculusEditor.dll (API version 3709383).
LogModuleManager: Display: Found up-to-date module file ../../../Engine/Plugins/Runtime/PhysXVehicles/Binaries/Win64/UE4Editor-PhysXVehicles.dll (API version 3709383).
LogModuleManager: Display: Found up-to-date module file ../../../Engine/Plugins/Runtime/PhysXVehicles/Binaries/Win64/UE4Editor-PhysXVehiclesEditor.dll (API version 3709383).
LogModuleManager: Display: Found up-to-date module file ../../../Engine/Plugins/Runtime/ProceduralMeshComponent/Binaries/Win64/UE4Editor-ProceduralMeshComponent.dll (API version 3709383).
LogModuleManager: Display: Found up-to-date module file ../../../Engine/Plugins/Runtime/ProceduralMeshComponent/Binaries/Win64/UE4Editor-ProceduralMeshComponentEditor.dll (API version 3709383).
LogModuleManager: Display: Found up-to-date module file ../../../Engine/Plugins/Runtime/RuntimePhysXCooking/Binaries/Win64/UE4Editor-RuntimePhysXCooking.dll (API version 3709383).
LogModuleManager: Display: Found up-to-date module file ../../../Engine/Plugins/Runtime/Steam/SteamVR/Binaries/Win64/UE4Editor-SteamVR.dll (API version 3709383).
LogModuleManager: Display: Found up-to-date module file ../../../Engine/Plugins/Runtime/Steam/SteamVR/Binaries/Win64/UE4Editor-SteamVRController.dll (API version 3709383).
LogModuleManager: Display: Found up-to-date module file ../../../Engine/Plugins/Runtime/WindowsMoviePlayer/Binaries/Win64/UE4Editor-WindowsMoviePlayer.dll (API version 3709383).
LogPluginManager: Mounting plugin Paper2D
LogPluginManager: Mounting plugin LightPropagationVolume
LogPluginManager: Mounting plugin CodeLiteSourceCodeAccess
LogPluginManager: Mounting plugin GitSourceControl
LogPluginManager: Mounting plugin KDevelopSourceCodeAccess
LogPluginManager: Mounting plugin NullSourceCodeAccess
LogPluginManager: Mounting plugin PerforceSourceControl
LogPluginManager: Mounting plugin SubversionSourceControl
LogPluginManager: Mounting plugin UObjectPlugin
LogPluginManager: Mounting plugin VisualStudioCodeSourceCodeAccess
LogPluginManager: Mounting plugin VisualStudioSourceCodeAccess
LogPluginManager: Mounting plugin XCodeSourceCodeAccess
LogPluginManager: Mounting plugin AssetManagerEditor
LogPluginManager: Mounting plugin AudioCapture
LogPluginManager: Mounting plugin FacialAnimation
LogPluginManager: Mounting plugin GameplayTagsEditor
LogPluginManager: Mounting plugin MobileLauncherProfileWizard
LogPluginManager: Mounting plugin PluginBrowser
LogPluginManager: Mounting plugin SpeedTreeImporter
LogPluginManager: Mounting plugin AlembicImporter
LogPluginManager: Mounting plugin CharacterAI
LogPluginManager: Mounting plugin HTML5Networking
LogPluginManager: Mounting plugin AndroidMedia
LogPluginManager: Mounting plugin AvfMedia
LogPluginManager: Mounting plugin ImgMedia
LogPluginManager: Mounting plugin MediaCompositing
LogPluginManager: Mounting plugin MediaPlayerEditor
LogPluginManager: Mounting plugin WmfMedia
LogPluginManager: Mounting plugin TcpMessaging
LogPluginManager: Mounting plugin UdpMessaging
LogPluginManager: Mounting plugin ActorSequence
LogPluginManager: Mounting plugin LevelSequenceEditor
LogPluginManager: Mounting plugin MatineeToLevelSequence
LogPluginManager: Mounting plugin OnlineSubsystemGooglePlay
LogPluginManager: Mounting plugin OnlineSubsystemIOS
LogPluginManager: Mounting plugin OnlineSubsystem
LogPluginManager: Mounting plugin OnlineSubsystemNull
LogPluginManager: Mounting plugin OnlineSubsystemUtils
LogPluginManager: Mounting plugin AndroidDeviceProfileSelector
LogPluginManager: Mounting plugin AndroidMoviePlayer
LogPluginManager: Mounting plugin AndroidPermission
LogPluginManager: Mounting plugin AppleARKit
LogPluginManager: Mounting plugin AppleMoviePlayer
LogPluginManager: Mounting plugin ArchVisCharacter
LogPluginManager: Mounting plugin CableComponent
LogPluginManager: Mounting plugin CustomMeshComponent
LogPluginManager: Mounting plugin ExampleDeviceProfileSelector
LogPluginManager: Mounting plugin GoogleCloudMessaging
LogPluginManager: Mounting plugin ImmediatePhysics
LogPluginManager: Mounting plugin IOSDeviceProfileSelector
LogPluginManager: Mounting plugin LinuxDeviceProfileSelector
LogPluginManager: Mounting plugin LocationServicesBPLibrary
LogPluginManager: Mounting plugin MobilePatchingUtils
LogPluginManager: Mounting plugin OculusVR
LogPluginManager: Plugin shader directory ../../../Engine/Plugins/Runtime/Oculus/OculusVR/Shaders found
LogPluginManager: Mapping shader source directory ../../../Engine/Plugins/Runtime/Oculus/OculusVR/Shaders to virtual directory /Plugin/OculusVR
LogPluginManager: Mounting plugin PhysXVehicles
LogPluginManager: Mounting plugin ProceduralMeshComponent
LogPluginManager: Mounting plugin RuntimePhysXCooking
LogPluginManager: Mounting plugin SteamVR
LogPluginManager: Mounting plugin WindowsMoviePlayer
LogInit: Using libcurl 7.47.1
LogInit:  - built for x86_64-pc-win32
LogInit:  - supports SSL with OpenSSL/1.0.2g
LogInit:  - supports HTTP deflate (compression) using libz 1.2.8
LogInit:  - other features:
LogInit:      CURL_VERSION_SSL
LogInit:      CURL_VERSION_LIBZ
LogInit:      CURL_VERSION_IPV6
LogInit:      CURL_VERSION_ASYNCHDNS
LogInit:      CURL_VERSION_LARGEFILE
LogInit:      CURL_VERSION_IDN
LogInit:  CurlRequestOptions (configurable via config and command line):
LogInit:  - bVerifyPeer = false  - Libcurl will NOT verify peer certificate
LogInit:  - bUseHttpProxy = false  - Libcurl will NOT use HTTP proxy
LogInit:  - bDontReuseConnections = false  - Libcurl will reuse connections
LogInit:  - CertBundlePath = nullptr  - Libcurl will use whatever was configured at build time.
LogInit: Build: ++UE4+Release-4.18-CL-3832480
LogInit: Engine Version: 4.18.3-3832480+++UE4+Release-4.18
LogInit: Compatible Engine Version: 4.18.0-3709383+++UE4+Release-4.18
LogInit: Net CL: 3709383
LogDevObjectVersion: Number of dev versions registered: 16
LogDevObjectVersion:   Dev-Blueprints (B0D832E4-1F89-4F0D-ACCF-7EB736FD4AA2): 10
LogDevObjectVersion:   Dev-Build (E1C64328-A22C-4D53-A36C-8E866417BD8C): 0
LogDevObjectVersion:   Dev-Core (375EC13C-06E4-48FB-B500-84F0262A717E): 2
LogDevObjectVersion:   Dev-Editor (E4B068ED-F494-42E9-A231-DA0B2E46BB41): 20
LogDevObjectVersion:   Dev-Framework (CFFC743F-43B0-4480-9391-14DF171D2073): 30
LogDevObjectVersion:   Dev-Mobile (B02B49B5-BB20-44E9-A304-32B752E40360): 0
LogDevObjectVersion:   Dev-Networking (A4E4105C-59A1-49B5-A7C5-40C4547EDFEE): 0
LogDevObjectVersion:   Dev-Online (39C831C9-5AE6-47DC-9A44-9C173E1C8E7C): 0
LogDevObjectVersion:   Dev-Physics (78F01B33-EBEA-4F98-B9B4-84EACCB95AA2): 0
LogDevObjectVersion:   Dev-Platform (6631380F-2D4D-43E0-8009-CF276956A95A): 0
LogDevObjectVersion:   Dev-Rendering (12F88B9F-8875-4AFC-A67C-D90C383ABD29): 20
LogDevObjectVersion:   Dev-Sequencer (7B5AE74C-D270-4C10-A958-57980B212A5A): 4
LogDevObjectVersion:   Dev-VR (D7296918-1DD6-4BDD-9DE2-64A83CC13884): 0
LogDevObjectVersion:   Dev-LoadTimes (C2A15278-BFE7-4AFE-6C17-90FF531DF755): 1
LogDevObjectVersion:   Private-Geometry (6EACA3D4-40EC-4CC1-B786-8BED09428FC5): 1
LogDevObjectVersion:   Dev-AnimPhys (29E575DD-E0A3-4627-9D10-D276232CDCEA): 12
LogInit: Compiled (64-bit): Jan 12 2018 02:04:55
LogInit: Compiled with Visual C++: 19.00.24215.01
LogInit: Build Configuration: Development
LogInit: Branch Name: ++UE4+Release-4.18
LogInit: Command line:  
LogInit: Base directory: C:/Program Files/Epic Games/UE_4.18/Engine/Binaries/Win64/
LogInit: Installed Engine Build: 1
LogInit: Presizing for max 8388607 objects, including 0 objects not considered by GC, pre-allocating 0 bytes for permanent pool.
LogInit: Object subsystem initialized
[2018.03.07-17.08.01:217][  0]LogInit: Selected Device Profile: [Windows]
[2018.03.07-17.08.01:217][  0]LogInit: Applying CVar settings loaded from the selected device profile: [Windows]
[2018.03.07-17.08.01:238][  0]LogInit: Computer: 96XJ1R1
[2018.03.07-17.08.01:238][  0]LogInit: User: User
[2018.03.07-17.08.01:238][  0]LogInit: CPU Page size=4096, Cores=4
[2018.03.07-17.08.01:238][  0]LogInit: High frequency timer resolution =3.312790 MHz
[2018.03.07-17.08.01:238][  0]LogMemory: Memory total: Physical=24.0GB (24GB approx)
[2018.03.07-17.08.01:238][  0]LogMemory: Platform Memory Stats for Windows
[2018.03.07-17.08.01:238][  0]LogMemory: Process Physical Memory: 273.47 MB used, 273.47 MB peak
[2018.03.07-17.08.01:238][  0]LogMemory: Process Virtual Memory: 271.93 MB used, 271.93 MB peak
[2018.03.07-17.08.01:238][  0]LogMemory: Physical Memory: 4037.75 MB used,  20495.26 MB free, 24533.01 MB total
[2018.03.07-17.08.01:238][  0]LogMemory: Virtual Memory: 684.30 MB used,  20495.26 MB free, 134217728.00 MB total
[2018.03.07-17.08.01:462][  0]LogInit: Using OS detected language (en-US).
[2018.03.07-17.08.01:462][  0]LogInit: Using OS detected locale (en-US).
[2018.03.07-17.08.01:516][  0]LogTextLocalizationManager: No specific localization for 'en-US' exists, so the 'en' localization will be used.
[2018.03.07-17.08.02:018][  0]LogInit: Setting process to per monitor DPI aware
[2018.03.07-17.08.04:111][  0]LogD3D11RHI: D3D11 adapters:
[2018.03.07-17.08.04:179][  0]LogD3D11RHI:    0. 'NVIDIA GeForce GTX 1050' (Feature Level 11_0)
[2018.03.07-17.08.04:179][  0]LogD3D11RHI:       1977/0/12266 MB DedicatedVideo/DedicatedSystem/SharedSystem, Outputs:1, VendorId:0x10de
[2018.03.07-17.08.04:202][  0]LogD3D11RHI:    1. 'Microsoft Basic Render Driver' (Feature Level 11_0)
[2018.03.07-17.08.04:202][  0]LogD3D11RHI:       0/0/12266 MB DedicatedVideo/DedicatedSystem/SharedSystem, Outputs:0, VendorId:0x1414
[2018.03.07-17.08.04:202][  0]LogD3D11RHI: Chosen D3D11 Adapter: 0
[2018.03.07-17.08.04:208][  0]LogD3D11RHI: Creating new Direct3DDevice
[2018.03.07-17.08.04:208][  0]LogD3D11RHI:     GPU DeviceId: 0x1c81 (for the marketing name, search the web for "GPU Device Id")
[2018.03.07-17.08.04:209][  0]LogWindows: EnumDisplayDevices:
[2018.03.07-17.08.04:209][  0]LogWindows:    0. 'NVIDIA GeForce GTX 1050' (P:1 D:1)
[2018.03.07-17.08.04:209][  0]LogWindows:    1. 'NVIDIA GeForce GTX 1050' (P:0 D:0)
[2018.03.07-17.08.04:209][  0]LogWindows:    2. 'NVIDIA GeForce GTX 1050' (P:0 D:0)
[2018.03.07-17.08.04:209][  0]LogWindows:    3. 'NVIDIA GeForce GTX 1050' (P:0 D:0)
[2018.03.07-17.08.04:209][  0]LogWindows: DebugString: GetVideoDriverDetailsInvalid PrimaryIsNotTheChoosenAdapter GetVideoDriverDetailsInvalid PrimaryIsNotTheChoosenAdapter GetVideoDriverDetailsInvalid PrimaryIsNotTheChoosenAdapter GetVideoDriverDetailsInvalid PrimaryIsNotTheChoosenAdapter FoundDriverCount:0 
[2018.03.07-17.08.04:209][  0]LogD3D11RHI:     Adapter Name: NVIDIA GeForce GTX 1050
[2018.03.07-17.08.04:209][  0]LogD3D11RHI:   Driver Version: Unknown (internal:Unknown, unified:Unknown)
[2018.03.07-17.08.04:209][  0]LogD3D11RHI:      Driver Date: Unknown
[2018.03.07-17.08.04:209][  0]LogRHI: Texture pool is 1384 MB (70% of 1977 MB)
[2018.03.07-17.08.04:250][  0]LogD3D11RHI: Async texture creation enabled
[2018.03.07-17.08.04:330][  0]LogD3D11RHI: GPU Timing Frequency: 1000.000000 (Debug: 2 2)
[2018.03.07-17.08.04:376][  0]LogShaderCompilers: Guid format shader working directory is -31 characters bigger than the processId version (../../../../../../Users/User/Documents/GitHub/FakeBook/Game 3/DetectiveGame/Intermediate/Shaders/WorkingDirectory/13392/).
[2018.03.07-17.08.04:376][  0]LogShaderCompilers: Cleaned the shader compiler working directory 'C:/Users/User/AppData/Local/Temp/UnrealShaderWorkingDir/B9BD9A6B4CDD59E7CD9894963619EFD0/'.
[2018.03.07-17.08.04:377][  0]LogShaderCompilers: Display: Using Local Shader Compiler.
[2018.03.07-17.08.06:420][  0]LogTemp: Display: Loaded TP AllDesktopTargetPlatform
[2018.03.07-17.08.06:489][  0]LogTemp: Display: Loaded TP MacClientTargetPlatform
[2018.03.07-17.08.06:561][  0]LogTemp: Display: Loaded TP MacNoEditorTargetPlatform
[2018.03.07-17.08.06:646][  0]LogTemp: Display: Loaded TP MacServerTargetPlatform
[2018.03.07-17.08.06:720][  0]LogTemp: Display: Loaded TP MacTargetPlatform
[2018.03.07-17.08.06:791][  0]LogTemp: Display: Loaded TP WindowsClientTargetPlatform
[2018.03.07-17.08.06:863][  0]LogTemp: Display: Loaded TP WindowsNoEditorTargetPlatform
[2018.03.07-17.08.06:933][  0]LogTemp: Display: Loaded TP WindowsServerTargetPlatform
[2018.03.07-17.08.06:995][  0]LogTemp: Display: Loaded TP WindowsTargetPlatform
[2018.03.07-17.08.07:064][  0]LogTemp: Display: Loaded TP Android_ASTCTargetPlatform
[2018.03.07-17.08.07:134][  0]LogTemp: Display: Loaded TP Android_ATCTargetPlatform
[2018.03.07-17.08.07:201][  0]LogTemp: Display: Loaded TP Android_DXTTargetPlatform
[2018.03.07-17.08.07:270][  0]LogTemp: Display: Loaded TP Android_ETC1TargetPlatform
[2018.03.07-17.08.07:339][  0]LogTemp: Display: Loaded TP Android_ETC2TargetPlatform
[2018.03.07-17.08.07:474][  0]LogTemp: Display: Loaded TP Android_MultiTargetPlatform
[2018.03.07-17.08.07:474][  0]LogTemp: Display: Loaded TP Android_PVRTCTargetPlatform
[2018.03.07-17.08.07:547][  0]LogTemp: Display: Loaded TP AndroidTargetPlatform
[2018.03.07-17.08.07:603][  0]LogTemp: Display: Loaded TP HTML5TargetPlatform
[2018.03.07-17.08.07:725][  0]LogTemp: Display: Loaded TP IOSTargetPlatform
[2018.03.07-17.08.07:777][  0]LogTemp: Display: Loaded TP TVOSTargetPlatform
[2018.03.07-17.08.07:850][  0]LogTemp: Display: Loaded TP LinuxClientTargetPlatform
[2018.03.07-17.08.07:918][  0]LogTemp: Display: Loaded TP LinuxNoEditorTargetPlatform
[2018.03.07-17.08.07:985][  0]LogTemp: Display: Loaded TP LinuxServerTargetPlatform
[2018.03.07-17.08.08:058][  0]LogTemp: Display: Loaded TP LinuxTargetPlatform
[2018.03.07-17.08.08:058][  0]LogTargetPlatformManager: Display: Building Assets For Windows
[2018.03.07-17.08.08:731][  0]LogDerivedDataCache: Display: Max Cache Size: 512 MB
[2018.03.07-17.08.09:194][  0]LogDerivedDataCache: Loaded boot cache 0.46s 97MB C:/Users/User/AppData/Local/UnrealEngine/4.18/DerivedDataCache/Boot.ddc.
[2018.03.07-17.08.09:194][  0]LogDerivedDataCache: Display: Loaded Boot cache: C:/Users/User/AppData/Local/UnrealEngine/4.18/DerivedDataCache/Boot.ddc
[2018.03.07-17.08.09:195][  0]LogDerivedDataCache: FDerivedDataBackendGraph:  Pak pak cache file ../../../../../../Users/User/Documents/GitHub/FakeBook/Game 3/DetectiveGame/DerivedDataCache/DDC.ddp not found, will not use a pak cache.
[2018.03.07-17.08.09:195][  0]LogDerivedDataCache: Unable to find inner node Pak for hierarchical cache Hierarchy.
[2018.03.07-17.08.09:195][  0]LogDerivedDataCache: FDerivedDataBackendGraph:  CompressedPak pak cache file ../../../../../../Users/User/Documents/GitHub/FakeBook/Game 3/DetectiveGame/DerivedDataCache/Compressed.ddp not found, will not use a pak cache.
[2018.03.07-17.08.09:195][  0]LogDerivedDataCache: Unable to find inner node CompressedPak for hierarchical cache Hierarchy.
[2018.03.07-17.08.09:219][  0]LogDerivedDataCache: Display: Pak cache opened for reading ../../../Engine/DerivedDataCache/Compressed.ddp.
[2018.03.07-17.08.09:231][  0]LogDerivedDataCache: Using Local data cache path C:/Users/User/AppData/Local/UnrealEngine/Common/DerivedDataCache: Writable
[2018.03.07-17.08.09:258][  0]LogMaterial: Verifying Global Shaders for PCD3D_SM5
[2018.03.07-17.08.09:259][  0]LogSlate: Using Freetype 2.6.0
[2018.03.07-17.08.09:272][  0]LogSlate: SlateFontCache - WITH_FREETYPE: 1, WITH_HARFBUZZ: 1
[2018.03.07-17.08.09:272][  0]LogSlate: SlateFontCache - WITH_FREETYPE: 1, WITH_HARFBUZZ: 1
[2018.03.07-17.08.10:158][  0]LogInit: Selected Device Profile: [Windows]
[2018.03.07-17.08.10:228][  0]LogMaterial: Missing cached shader map for material DefaultDeferredDecalMaterial, compiling. 
[2018.03.07-17.08.21:345][  0]LogMaterial: Missing cached shader map for material DefaultLightFunctionMaterial, compiling. 
[2018.03.07-17.08.22:374][  0]LogMaterial: Missing cached shader map for material DefaultPostProcessMaterial, compiling. 
[2018.03.07-17.08.23:293][  0]LogMaterial: Missing cached shader map for material WorldGridMaterial, compiling. Is special engine material.
[2018.03.07-17.09.11:087][  0]LogMaterial: Missing cached shader map for material MatineeCam_mat, compiling. 
[2018.03.07-17.09.11:549][  0]LogSimplygon: Simplygon DLL not present - disabling.
[2018.03.07-17.09.11:620][  0]LogMeshReduction: Using SimplygonSwarm for distributed automatic mesh merging
[2018.03.07-17.09.11:620][  0]LogMeshReduction: Using QuadricMeshReduction for automatic static mesh reduction
[2018.03.07-17.09.11:620][  0]LogMeshReduction: No automatic skeletal mesh reduction module available
[2018.03.07-17.09.11:620][  0]LogMeshReduction: No automatic mesh merging module available
[2018.03.07-17.09.11:620][  0]LogMeshMerging: No automatic mesh merging module available
[2018.03.07-17.09.11:666][  0]LogNetVersion: DetectiveGame , NetCL: 3709383, EngineNetVer: 2, GameNetVer: 0 (Checksum: 4117068022)
[2018.03.07-17.09.11:709][  0]LogMaterial: Missing cached shader map for material HelpActorMaterial, compiling. 
[2018.03.07-17.09.11:865][  0]LogMaterial: Missing cached shader map for material DefaultTextMaterialOpaque, compiling. 
[2018.03.07-17.09.12:095][  0]LogAssetRegistry: FAssetRegistry took 0.0312 seconds to start up
[2018.03.07-17.09.12:167][  0]LogMaterial: Missing cached shader map for material Xray, compiling. 
[2018.03.07-17.09.12:209][  0]LogMaterial: Missing cached shader map for material Main, compiling. 
[2018.03.07-17.09.12:386][  0]LogMaterial: Missing cached shader map for material TranslucentTransformGizmoMaterial, compiling. 
[2018.03.07-17.09.12:411][  0]LogMaterial: Missing cached shader map for material TransformGizmoMaterial, compiling. 
[2018.03.07-17.09.12:429][  0]LogMaterial: Missing cached shader map for material SnapGridMaterial, compiling. 
[2018.03.07-17.09.12:541][  0]LogMaterial: Missing cached shader map for material CineMat, compiling. 
[2018.03.07-17.09.12:665][  0]LogMaterial: Missing cached shader map for material M_SimpleOpaque, compiling. 
[2018.03.07-17.09.12:719][  0]LogMaterial: Missing cached shader map for material M_SimpleTranslucent, compiling. 
[2018.03.07-17.09.12:875][  0]LogMaterial: Missing cached shader map for material Widget3DPassThrough, compiling. 
[2018.03.07-17.09.12:902][  0]LogMaterial: Missing cached shader map for material Widget3DPassThrough, compiling. 
[2018.03.07-17.09.12:942][  0]LogMaterial: Missing cached shader map for material Widget3DPassThrough, compiling. 
[2018.03.07-17.09.12:968][  0]LogMaterial: Missing cached shader map for material Widget3DPassThrough, compiling. 
[2018.03.07-17.09.12:987][  0]LogMaterial: Missing cached shader map for material Widget3DPassThrough, compiling. 
[2018.03.07-17.09.13:024][  0]LogMaterial: Missing cached shader map for material Widget3DPassThrough, compiling. 
[2018.03.07-17.09.13:222][  0]LogMaterial: Missing cached shader map for material SkySphereMaterial, compiling. 
[2018.03.07-17.09.13:255][  0]LogMaterial: Missing cached shader map for material FloorPlaneMaterial, compiling. 
[2018.03.07-17.09.13:415][  0]LogMaterial: Missing cached shader map for material LandscapeGizmo_Mat, compiling. 
[2018.03.07-17.09.13:474][  0]LogMaterial: Missing cached shader map for material LandscapeGizmoHeight_Mat, compiling. 
[2018.03.07-17.09.13:594][  0]LogMaterial: Missing cached shader map for material SplineEditorMeshMat, compiling. 
[2018.03.07-17.09.13:644][  0]LogMaterial: Missing cached shader map for material ARKitCameraMaterial, compiling. 
[2018.03.07-17.09.13:677][  0]LogMaterial: Missing cached shader map for material GearVRControllerMaterial, compiling. 
[2018.03.07-17.09.13:918][  0]LogPackageLocalizationCache: Processed 7 localized package path(s) for 2 prioritized culture(s) in 0.145292 seconds
[2018.03.07-17.09.13:930][  0]LogUObjectArray: 35870 objects as part of root set at end of initial load.
[2018.03.07-17.09.13:931][  0]LogUObjectAllocator: 7363704 out of 0 bytes used by permanent object pool.
[2018.03.07-17.09.13:931][  0]LogUObjectArray: CloseDisregardForGC: 0/0 objects in disregard for GC pool
[2018.03.07-17.09.14:065][  0]LogInit: WinSock: version 1.1 (2.2), MaxSocks=32767, MaxUdp=65467
[2018.03.07-17.09.21:082][  0]LogMaterial: Missing cached shader map for material OculusControllerMaterial, compiling. 
[2018.03.07-17.09.21:121][  0]LogMaterial: Missing cached shader map for material LaserPointerMaterial, compiling. 
[2018.03.07-17.09.21:166][  0]LogMaterial: Missing cached shader map for material LaserPointerMaterial, compiling. 
[2018.03.07-17.09.21:245][  0]LogMaterial: Missing cached shader map for material GenericHMDMaterial, compiling. 
[2018.03.07-17.09.21:297][  0]LogMaterial: Missing cached shader map for material TeleportDirectionMaterial, compiling. 
[2018.03.07-17.09.21:367][  0]LogMaterial: Missing cached shader map for material VivePreControllerMaterial, compiling. 
[2018.03.07-17.09.21:406][  0]LogMaterial: Missing cached shader map for material GridPostProcess, compiling. 
[2018.03.07-17.09.21:423][  0]LogMaterial: Missing cached shader map for material GridMaterial, compiling. 
[2018.03.07-17.09.21:446][  0]LogMaterial: Missing cached shader map for material VRTextMaterial, compiling. 
[2018.03.07-17.09.21:486][  0]LogMaterial: Missing cached shader map for material FlattenHeightMat, compiling. 
[2018.03.07-17.09.21:513][  0]LogMaterial: Missing cached shader map for material ArrowMaterial, compiling. 
[2018.03.07-17.09.21:570][  0]LogMaterial: Missing cached shader map for material KeyDiskMaterial, compiling. 
[2018.03.07-17.09.21:601][  0]LogMaterial: Missing cached shader map for material M_ContentWindow, compiling. 
[2018.03.07-17.09.21:692][  0]LogMaterial: Missing cached shader map for material LineMaterial, compiling. 
[2018.03.07-17.09.21:718][  0]LogMaterial: Missing cached shader map for material VRTextMaterial, compiling. 
[2018.03.07-17.09.23:733][  0]LogMaterial: Missing cached shader map for material DefaultSpriteMaterial, compiling. 
[2018.03.07-17.09.23:774][  0]LogMaterial: Missing cached shader map for material DefaultSpriteMaterial, compiling. 
[2018.03.07-17.09.24:730][  0]LogTcpMessaging: Initializing TcpMessaging bridge
[2018.03.07-17.09.24:809][  0]LogUdpMessaging: Initializing bridge on interface 0.0.0.0:0 to multicast group 230.0.0.1:6666.
[2018.03.07-17.09.25:524][  0]LogMaterial: Missing cached shader map for material DefaultMaterial, compiling. 
[2018.03.07-17.09.26:588][  0]LogMaterial: Missing cached shader map for material BaseColor, compiling. 
[2018.03.07-17.09.26:604][  0]LogMaterial: Missing cached shader map for material CustomDepth, compiling. 
[2018.03.07-17.09.26:650][  0]LogMaterial: Uniform references updated for custom material expression Custom.
[2018.03.07-17.09.26:655][  0]LogMaterial: Missing cached shader map for material CustomStencil, compiling. 
[2018.03.07-17.09.26:674][  0]LogMaterial: Missing cached shader map for material FinalImage, compiling. 
[2018.03.07-17.09.26:691][  0]LogMaterial: Missing cached shader map for material LightingModel, compiling. 
[2018.03.07-17.09.26:707][  0]LogMaterial: Missing cached shader map for material MaterialAO, compiling. 
[2018.03.07-17.09.26:725][  0]LogMaterial: Missing cached shader map for material Metallic, compiling. 
[2018.03.07-17.09.26:744][  0]LogMaterial: Missing cached shader map for material Opacity, compiling. 
[2018.03.07-17.09.26:762][  0]LogMaterial: Missing cached shader map for material Roughness, compiling. 
[2018.03.07-17.09.26:777][  0]LogMaterial: Missing cached shader map for material SceneColor, compiling. 
[2018.03.07-17.09.26:796][  0]LogMaterial: Missing cached shader map for material SceneDepth, compiling. 
[2018.03.07-17.09.26:814][  0]LogMaterial: Missing cached shader map for material SeparateTranslucencyRGB, compiling. 
[2018.03.07-17.09.26:832][  0]LogMaterial: Missing cached shader map for material SeparateTranslucencyA, compiling. 
[2018.03.07-17.09.26:850][  0]LogMaterial: Missing cached shader map for material Specular, compiling. 
[2018.03.07-17.09.26:871][  0]LogMaterial: Missing cached shader map for material SubsurfaceColor, compiling. 
[2018.03.07-17.09.26:892][  0]LogMaterial: Missing cached shader map for material WorldNormal, compiling. 
[2018.03.07-17.09.26:913][  0]LogMaterial: Missing cached shader map for material AmbientOcclusion, compiling. 
[2018.03.07-17.09.26:946][  0]LogMaterial: Missing cached shader map for material CustomDepthWorldUnits, compiling. 
[2018.03.07-17.09.26:968][  0]LogMaterial: Missing cached shader map for material SceneDepthWorldUnits, compiling. 
[2018.03.07-17.09.26:986][  0]LogMaterial: Missing cached shader map for material PreTonemapHDRColor, compiling. 
[2018.03.07-17.09.27:006][  0]LogMaterial: Missing cached shader map for material PostTonemapHDRColor, compiling. 
[2018.03.07-17.09.27:868][  0]SourceControl: Source control is disabled
[2018.03.07-17.09.27:869][  0]SourceControl: Source control is disabled
[2018.03.07-17.09.27:989][  0]SourceControl: Source control is disabled
[2018.03.07-17.09.28:129][  0]SourceControl: Source control is disabled
[2018.03.07-17.09.29:429][  0]LogMaterial: Missing cached shader map for material DefaultMediaPlaneMaterial, compiling. 
[2018.03.07-17.09.30:123][  0]LogAndroidPermission: UAndroidPermissionCallbackProxy::GetInstance
[2018.03.07-17.09.30:729][  0]LogOcInput: OculusInput pre-init called
[2018.03.07-17.09.31:290][  0]LogMaterial: Missing cached shader map for material HighResScreenshot, compiling. 
[2018.03.07-17.09.31:319][  0]LogMaterial: Missing cached shader map for material HighResScreenshotMask, compiling. 
[2018.03.07-17.09.31:360][  0]LogMaterial: Missing cached shader map for material HighResScreenshotCaptureRegion, compiling. 
[2018.03.07-17.09.31:450][  0]LogEngine: Initializing Engine...
[2018.03.07-17.09.31:454][  0]LogHMD: Failed to initialize OpenVR with code 110
[2018.03.07-17.09.31:462][  0]LogMaterial: Missing cached shader map for material WireframeMaterial, compiling. Is special engine material.
[2018.03.07-17.09.31:885][  0]LogMaterial: Missing cached shader map for material LevelColorationLitMaterial, compiling. Is special engine material.
[2018.03.07-17.09.33:044][  0]LogMaterial: Missing cached shader map for material LevelColorationUnlitMaterial, compiling. Is special engine material.
[2018.03.07-17.09.33:396][  0]LogMaterial: Missing cached shader map for material MAT_LevelColorationLitLightmapUV, compiling. Is special engine material.
[2018.03.07-17.09.34:578][  0]LogMaterial: Missing cached shader map for material ShadedLevelColorationLitMaterial, compiling. Is special engine material.
[2018.03.07-17.09.35:753][  0]LogMaterial: Missing cached shader map for material ShadedLevelColorationUnlitMateri, compiling. Is special engine material.
[2018.03.07-17.09.36:105][  0]LogMaterial: Missing cached shader map for material VertexColorMaterial, compiling. 
[2018.03.07-17.09.36:281][  0]LogMaterial: Missing cached shader map for material VertexColorViewMode_ColorOnly, compiling. 
[2018.03.07-17.09.36:327][  0]LogMaterial: Missing cached shader map for material VertexColorViewMode_AlphaAsColor, compiling. 
[2018.03.07-17.09.36:361][  0]LogMaterial: Missing cached shader map for material VertexColorViewMode_RedOnly, compiling. 
[2018.03.07-17.09.36:393][  0]LogMaterial: Missing cached shader map for material VertexColorViewMode_GreenOnly, compiling. 
[2018.03.07-17.09.36:425][  0]LogMaterial: Missing cached shader map for material VertexColorViewMode_BlueOnly, compiling. 
[2018.03.07-17.09.36:458][  0]LogMaterial: Missing cached shader map for material RemoveSurfaceMaterial, compiling. 
[2018.03.07-17.09.36:471][  0]LogMaterial: Missing cached shader map for material DebugMeshMaterial, compiling. 
[2018.03.07-17.09.36:501][  0]LogMaterial: Missing cached shader map for material M_InvalidLightmapSettings, compiling. 
[2018.03.07-17.09.36:576][  0]LogMaterial: Missing cached shader map for material GizmoMaterial, compiling. 
[2018.03.07-17.09.36:610][  0]LogMaterial: Missing cached shader map for material PhAT_JointLimitMaterial, compiling. 
[2018.03.07-17.09.36:657][  0]LogMaterial: Missing cached shader map for material GeomMaterial, compiling. 
[2018.03.07-17.09.36:681][  0]LogMaterial: Missing cached shader map for material EditorBrushMaterial, compiling. 
[2018.03.07-17.09.36:710][  0]LogMaterial: Missing cached shader map for material BoneWeightMaterial, compiling. 
[2018.03.07-17.09.36:897][  0]LogMaterial: Missing cached shader map for material ClothMaterial, compiling. 
[2018.03.07-17.09.36:928][  0]LogMaterial: Missing cached shader map for material ClothMaterial_WF, compiling. 
[2018.03.07-17.09.36:970][  0]LogMaterial: Missing cached shader map for material DebugEditorMaterial, compiling. 
[2018.03.07-17.09.36:999][  0]LogMaterial: Missing cached shader map for material PreviewShadowIndicatorMaterial, compiling. 
[2018.03.07-17.09.37:161][  0]LogStats: UGameplayTagsManager::ConstructGameplayTagTree: Construct from data asset -  0.000 s
[2018.03.07-17.09.37:162][  0]LogStats: UGameplayTagsManager::ConstructGameplayTagTree: GameplayTagTreeChangedEvent.Broadcast -  0.000 s
[2018.03.07-17.09.37:491][  0]LogAIModule: Creating AISystem for world Untitled
[2018.03.07-17.09.37:504][  0]LogInit: XAudio2 using 'E480i-C2 (NVIDIA High Definition Audio)' : 2 channels at 48 kHz using 16 bits per sample (channel mask 0x3)
[2018.03.07-17.09.37:520][  0]LogInit: FAudioDevice initialized.
[2018.03.07-17.09.37:639][  0]LogDerivedDataCache: Saved boot cache 0.12s 101MB C:/Users/User/AppData/Local/UnrealEngine/4.18/DerivedDataCache/Boot.ddc.
[2018.03.07-17.09.37:678][  0]LogInit: Texture streaming: Enabled
[2018.03.07-17.09.37:938][  0]LogEngineSessionManager: EngineSessionManager initialized
[2018.03.07-17.09.38:265][  0]LogInit: Transaction tracking system initialized
[2018.03.07-17.09.39:018][  0]BlueprintLog: New page: Editor Load
[2018.03.07-17.09.41:195][  0]LocalizationService: Localization service is disabled
[2018.03.07-17.09.43:097][  0]LogConsoleResponse: Display: 
[2018.03.07-17.09.43:157][  0]LogMaterial: Missing cached shader map for material Cross_Mat, compiling. 
[2018.03.07-17.09.43:197][  0]LogMaterial: Missing cached shader map for material PhAT_BoneSelectedMaterial, compiling. 
[2018.03.07-17.09.43:225][  0]LogMaterial: Missing cached shader map for material PhAT_ElemSelectedMaterial, compiling. 
[2018.03.07-17.09.43:251][  0]LogMaterial: Missing cached shader map for material PhAT_NoCollisionMaterial, compiling. 
[2018.03.07-17.09.43:277][  0]LogMaterial: Missing cached shader map for material PhAT_UnselectedMaterial, compiling. 
[2018.03.07-17.09.43:307][  0]LogMaterial: Missing cached shader map for material Tick_Mat, compiling. 
[2018.03.07-17.09.43:346][  0]LogMaterial: Missing cached shader map for material WidgetGridVertexColorMaterial_Ma, compiling. 
[2018.03.07-17.09.43:378][  0]LogMaterial: Missing cached shader map for material WidgetMaterial, compiling. 
[2018.03.07-17.09.43:406][  0]LogMaterial: Missing cached shader map for material WidgetMaterial_Current, compiling. 
[2018.03.07-17.09.43:432][  0]LogMaterial: Missing cached shader map for material WidgetMaterial_X, compiling. 
[2018.03.07-17.09.43:460][  0]LogMaterial: Missing cached shader map for material WidgetMaterial_Y, compiling. 
[2018.03.07-17.09.43:488][  0]LogMaterial: Missing cached shader map for material WidgetMaterial_Z, compiling. 
[2018.03.07-17.09.43:514][  0]LogMaterial: Missing cached shader map for material WidgetVertexColorMaterial, compiling. 
[2018.03.07-17.09.43:596][  0]LogMaterial: Missing cached shader map for material LevelGridMaterial, compiling. 
[2018.03.07-17.09.43:678][  0]LogMaterial: Missing cached shader map for material BlinkingCaret, compiling. 
[2018.03.07-17.09.43:752][  0]LogMaterial: Missing cached shader map for material M_StreamingPause, compiling. 
[2018.03.07-17.09.43:807][  0]LogCook: Display: Max memory allowance for cook 16384mb min free memory 0mb
[2018.03.07-17.09.43:807][  0]LogCook: Display: Mobile HDR setting 1
[2018.03.07-17.09.43:807][  0]LogGameplayTags: Display: UGameplayTagsManager::DoneAddingNativeTags. DelegateIsBound: 0
[2018.03.07-17.09.44:179][  0]LogFileCache: Scanning file cache for directory 'C:/Users/User/Documents/GitHub/FakeBook/Game 3/DetectiveGame/Content/' took 0.02s
[2018.03.07-17.09.46:768][  0]SourceControl: Source control is disabled
[2018.03.07-17.09.46:768][  0]Cmd: MAP LOAD FILE="../../../../../../Users/User/Documents/GitHub/FakeBook/Game 3/DetectiveGame/Content/VirtualRealityBP/Maps/StartupMap.umap" TEMPLATE=0 SHOWPROGRESS=1 FEATURELEVEL=3
[2018.03.07-17.09.46:769][  0]LightingResults: New page: Lighting Build
[2018.03.07-17.09.46:872][  0]MapCheck: New page: Map Check
[2018.03.07-17.09.46:873][  0]LightingResults: New page: Lighting Build
[2018.03.07-17.09.47:060][  0]LogMaterial: Missing cached shader map for material M_ArcEndpoint, compiling. 
[2018.03.07-17.09.47:145][  0]LogMaterial: Missing cached shader map for material M_BaseMaterial, compiling. 
[2018.03.07-17.09.47:272][  0]LogMaterial: Missing cached shader map for material M_TeleportPreviews, compiling. 
[2018.03.07-17.09.47:300][  0]LogMaterial: Missing cached shader map for material GenericHMDMaterial, compiling. 
[2018.03.07-17.09.47:343][  0]LogMaterial: Missing cached shader map for material BasicShapeMaterial, compiling. 
[2018.03.07-17.09.47:483][  0]LogMaterial: Missing cached shader map for material M_HandMat, compiling. 
[2018.03.07-17.09.47:589][  0]LogAIModule: Creating AISystem for world StartupMap
[2018.03.07-17.09.47:926][  0]LogEditorServer: Finished looking for orphan Actors (0.000 secs)
[2018.03.07-17.09.47:939][  0]Cmd: MAP CHECKDEP NOCLEARLOG
[2018.03.07-17.09.48:037][  0]MapCheck: Map check complete: 0 Error(s), 0 Warning(s), took 98.103ms to complete.
[2018.03.07-17.09.48:038][  0]LogFileHelpers: Loading map 'StartupMap' took 1.270
[2018.03.07-17.09.48:419][  0]LogCollectionManager: Loaded 0 collections in 0.004996 seconds
[2018.03.07-17.09.48:565][  0]LogFileCache: Scanning file cache for directory 'C:/Users/User/Documents/GitHub/FakeBook/Game 3/DetectiveGame/Saved/Collections/' took 0.01s
[2018.03.07-17.09.48:565][  0]LogFileCache: Scanning file cache for directory 'C:/Users/User/Documents/GitHub/FakeBook/Game 3/DetectiveGame/Content/Developers/User/Collections/' took 0.01s
[2018.03.07-17.09.48:565][  0]LogFileCache: Scanning file cache for directory 'C:/Users/User/Documents/GitHub/FakeBook/Game 3/DetectiveGame/Content/Collections/' took 0.01s
[2018.03.07-17.09.48:565][  0]LogCollectionManager: Rebuilt the GUID cache for 0 collections in 0.000001 seconds
[2018.03.07-17.09.48:583][  0]LogContentBrowser: Native class hierarchy populated in 0.0180 seconds. Added 2364 classes and 521 folders.
[2018.03.07-17.09.48:745][  0]LogContentBrowser: Native class hierarchy updated for 'WidgetCarousel' in 0.0004 seconds. Added 0 classes and 0 folders.
[2018.03.07-17.09.49:361][  0]LogContentBrowser: Native class hierarchy updated for 'AddContentDialog' in 0.0004 seconds. Added 0 classes and 0 folders.
[2018.03.07-17.09.49:392][  0]LogSlate: Took 0.006841 seconds to synchronously load lazily loaded font '../../../Engine/Content/Slate/Fonts/Roboto-Regular.ttf' (155K)
[2018.03.07-17.09.49:406][  0]LogSlate: Took 0.006424 seconds to synchronously load lazily loaded font '../../../Engine/Content/Slate/Fonts/Roboto-Bold.ttf' (160K)
[2018.03.07-17.09.49:417][  0]LogSlate: Took 0.007916 seconds to synchronously load lazily loaded font '../../../Engine/Content/Editor/Slate/Fonts/FontAwesome.ttf' (139K)
[2018.03.07-17.09.49:520][  0]LogMaterial: Missing cached shader map for material LevelGridMaterial2, compiling. 
[2018.03.07-17.09.49:668][  0]LogRenderer: Reallocating scene render targets to support 1288x616 Format 26 NumSamples 1 (Frame:1).
[2018.03.07-17.09.50:128][  0]LogContentBrowser: Native class hierarchy updated for 'HierarchicalLODOutliner' in 0.0005 seconds. Added 1 classes and 2 folders.
[2018.03.07-17.09.50:128][  0]LogLoad: (Engine Initialization) Total time: 113.49 seconds
[2018.03.07-17.09.50:128][  0]LogLoad: (Engine Initialization) Total Blueprint compile time: 0.00 seconds
[2018.03.07-17.09.50:128][  0]LogExternalProfiler: No external profilers were discovered.  External profiling features will not be available.
[2018.03.07-17.09.50:174][  0]LogContentStreaming: Texture pool size now 400 MB
[2018.03.07-17.09.50:243][  0]LogSlate: Took 0.007446 seconds to synchronously load lazily loaded font '../../../Engine/Content/Slate/Fonts/Roboto-Light.ttf' (159K)
[2018.03.07-17.09.50:421][  1]LogFileCache: Retrieving MD5 hashes for directory 'C:/Users/User/Documents/GitHub/FakeBook/Game 3/DetectiveGame/Content/' took 0.26s
[2018.03.07-17.09.50:599][  2]LogAssetRegistry: Asset discovery search completed in 38.5265 seconds
[2018.03.07-17.09.50:605][  2]LogCollectionManager: Rebuilt the object cache for 0 collections in 0.000001 seconds (found 0 objects)
[2018.03.07-17.09.50:605][  2]LogCollectionManager: Fixed up redirectors for 0 collections in 0.000116 seconds (updated 0 objects)
[2018.03.07-17.09.53:204][ 75]LogSlate: Took 0.000322 seconds to synchronously load lazily loaded font '../../../Engine/Content/Slate/Fonts/Roboto-Light.ttf' (159K)
[2018.03.07-17.09.57:080][192]AssetReimport: New page: Outstanding source content changes 7:09:57 AM
[2018.03.07-17.09.57:136][193]LogFactory: FactoryCreateFile: StaticMesh with FbxFactory (0 0 C:/Users/User/Documents/GitHub/FakeBook/Game 3/DetectiveGame/Content/Objects/bed.fbx)
[2018.03.07-17.09.57:176][193]LogFbx: ItemName: GlobalSettings, ItemCount : 1
[2018.03.07-17.09.57:176][193]LogFbx: ItemName: AnimationStack, ItemCount : 1
[2018.03.07-17.09.57:176][193]LogFbx: ItemName: AnimationLayer, ItemCount : 1
[2018.03.07-17.09.57:176][193]LogFbx: ItemName: Geometry, ItemCount : 1
[2018.03.07-17.09.57:176][193]LogFbx: ItemName: Material, ItemCount : 3
[2018.03.07-17.09.57:176][193]LogFbx: ItemName: Texture, ItemCount : 1
[2018.03.07-17.09.57:176][193]LogFbx: ItemName: Model, ItemCount : 1
[2018.03.07-17.09.57:176][193]LogFbx: ItemName: Video, ItemCount : 1
[2018.03.07-17.09.57:190][193]LogFbx: Loading FBX Scene from C:/Users/User/Documents/GitHub/FakeBook/Game 3/DetectiveGame/Content/Objects/bed.fbx
[2018.03.07-17.09.57:210][193]LogFbx: FBX Scene Loaded Succesfully
[2018.03.07-17.10.00:477][193]LogFbx: Loading FBX Scene from C:/Users/User/Documents/GitHub/FakeBook/Game 3/DetectiveGame/Content/Objects/bed.fbx
[2018.03.07-17.10.00:491][193]LogFbx: FBX Scene Loaded Succesfully
[2018.03.07-17.10.00:497][193]LogLinker: Can't find file '/Game/Objects/lambert2'
[2018.03.07-17.10.00:497][193]LogLinker: Can't find file '/Game/Objects/lambert2'
[2018.03.07-17.10.00:510][193]LogLinker: Can't find file '/Game/Objects/wood'
[2018.03.07-17.10.00:511][193]LogLinker: Can't find file '/Game/Objects/wood'
[2018.03.07-17.10.00:516][193]LogMaterial: Missing cached shader map for material lambert2, compiling. 
[2018.03.07-17.10.00:554][193]LogLinker: Can't find file '/Game/Objects/lambert3'
[2018.03.07-17.10.00:555][193]LogLinker: Can't find file '/Game/Objects/lambert3'
[2018.03.07-17.10.00:564][193]LogMaterial: Missing cached shader map for material lambert3, compiling. 
[2018.03.07-17.10.00:602][193]LogLinker: Can't find file '/Game/Objects/lambert4'
[2018.03.07-17.10.00:603][193]LogLinker: Can't find file '/Game/Objects/lambert4'
[2018.03.07-17.10.00:610][193]LogMaterial: Missing cached shader map for material lambert4, compiling. 
[2018.03.07-17.10.00:963][193]LogStaticMesh: Building static mesh bed...
[2018.03.07-17.10.01:120][193]LogStaticMesh: Built static mesh [0.16s] /Game/Objects/bed.bed
[2018.03.07-17.10.01:362][194]LogSlate: Took 0.000360 seconds to synchronously load lazily loaded font '../../../Engine/Content/Slate/Fonts/Roboto-Light.ttf' (159K)
[2018.03.07-17.10.01:838][194]Cmd: OBJ SAVEPACKAGE PACKAGE="/Game/Objects/bed" FILE="../../../../../../Users/User/Documents/GitHub/FakeBook/Game 3/DetectiveGame/Content/Objects/bed.uasset" SILENT=true
[2018.03.07-17.10.01:864][194]LogSavePackage: Save=21.68ms
[2018.03.07-17.10.01:864][194]LogSavePackage: Moving '../../../../../../Users/User/Documents/GitHub/FakeBook/Game 3/DetectiveGame/Saved/bed316E0AB849290382758A28815DB0A8FC.tmp' to '../../../../../../Users/User/Documents/GitHub/FakeBook/Game 3/DetectiveGame/Content/Objects/bed.uasset'
[2018.03.07-17.10.01:876][194]LogSavePackage: Display: Finished SavePackage ../../../../../../Users/User/Documents/GitHub/FakeBook/Game 3/DetectiveGame/Content/Objects/bed.uasset
[2018.03.07-17.10.04:963][241]AssetReimport: Importing new asset /Game/Objects/bed.
[2018.03.07-17.10.17:960][602]LogMaterial: Missing cached shader map for material M_SkyBox, compiling. 
[2018.03.07-17.10.17:990][602]LogMaterial: Missing cached shader map for material GridMaterial, compiling. 
[2018.03.07-17.10.18:027][602]LogSlate: Took 0.000368 seconds to synchronously load lazily loaded font '../../../Engine/Content/Slate/Fonts/Roboto-Regular.ttf' (155K)
[2018.03.07-17.10.18:714][602]LogRenderer: Reallocating scene render targets to support 1432x924 Format 26 NumSamples 1 (Frame:1).
[2018.03.07-17.10.42:203][266]LogEditorFactories: Performing atomic reimport of [C:/Users/User/Documents/GitHub/FakeBook/Game 3/DetectiveGame/Content/Objects/bed.fbx]
[2018.03.07-17.10.42:295][266]LogFbx: Loading FBX Scene from C:/Users/User/Documents/GitHub/FakeBook/Game 3/DetectiveGame/Content/Objects/bed.fbx
[2018.03.07-17.10.42:308][266]LogFbx: FBX Scene Loaded Succesfully
[2018.03.07-17.10.42:314][266]LogFbx: Warning: Triangulating static mesh pPlane2
[2018.03.07-17.10.42:630][266]LogStaticMesh: Building static mesh bed...
[2018.03.07-17.10.42:740][266]LogStaticMesh: Built static mesh [0.11s] /Game/Objects/bed.bed
[2018.03.07-17.10.42:808][266]LogEditorFactories: -- imported successfully
[2018.03.07-17.10.42:813][266]FBXImport: Warning: No smoothing group information was found in this FBX scene.  Please make sure to enable the 'Export Smoothing Groups' option in the FBX Exporter plug-in before exporting the file.  Even for tools that don't support smoothing groups, the FBX Exporter will generate appropriate smoothing data at export-time so that correct vertex normals can be inferred while importing. 
[2018.03.07-17.10.56:999][657]Cmd: OBJ SAVEPACKAGE PACKAGE="/Game/Objects/bed" FILE="../../../../../../Users/User/Documents/GitHub/FakeBook/Game 3/DetectiveGame/Content/Objects/bed.uasset" SILENT=true
[2018.03.07-17.10.57:034][657]LogSavePackage: Save=22.06ms
[2018.03.07-17.10.57:034][657]LogSavePackage: Moving '../../../../../../Users/User/Documents/GitHub/FakeBook/Game 3/DetectiveGame/Saved/bed740BD58649A462CD7AE63591ACA17196.tmp' to '../../../../../../Users/User/Documents/GitHub/FakeBook/Game 3/DetectiveGame/Content/Objects/bed.uasset'
[2018.03.07-17.10.57:039][657]LogSavePackage: Display: Finished SavePackage ../../../../../../Users/User/Documents/GitHub/FakeBook/Game 3/DetectiveGame/Content/Objects/bed.uasset
[2018.03.07-17.11.08:259][978]LogContentBrowser: Native class hierarchy updated for 'MaterialEditor' in 0.0003 seconds. Added 1 classes and 0 folders.
[2018.03.07-17.11.08:282][978]LogMaterial: Missing cached shader map for material lambert2, compiling. 
[2018.03.07-17.11.08:576][978]LogMaterial: Missing cached shader map for material lambert2, compiling. 
[2018.03.07-17.11.08:634][978]LogMaterial: Missing cached shader map for material FMatExpressionPreview MaterialExpressionVectorParameter_0, compiling. 
[2018.03.07-17.11.08:660][978]LogSlate: Took 0.007278 seconds to synchronously load lazily loaded font '../../../Engine/Content/Editor/Slate/Fonts/Roboto-BoldCondensed.ttf' (158K)
[2018.03.07-17.11.08:936][979]LogSlate: Took 0.006253 seconds to synchronously load lazily loaded font '../../../Engine/Content/Editor/Slate/Fonts/Roboto-Italic.ttf' (157K)
[2018.03.07-17.11.12:000][ 54]MaterialEditorStats: Base pass shader: 147 instructions
[2018.03.07-17.11.12:000][ 54]MaterialEditorStats: Base pass shader with Volumetric Lightmap: 220 instructions
[2018.03.07-17.11.12:000][ 54]MaterialEditorStats: Vertex shader: 85 instructions
[2018.03.07-17.11.12:000][ 54]MaterialEditorStats: Texture samplers: 2/16
[2018.03.07-17.11.17:385][179]LogMaterialEditor: Saving and Compiling material lambert2
[2018.03.07-17.11.18:264][179]LogMaterial: Missing cached shader map for material lambert2, compiling. 
[2018.03.07-17.11.18:383][179]LogMaterial: Missing cached shader map for material lambert2, compiling. 
[2018.03.07-17.11.18:431][179]LogMaterial: Missing cached shader map for material lambert2, compiling. 
[2018.03.07-17.11.18:499][179]LogMaterial: Missing cached shader map for material FDebugViewModeMaterialProxy lambert2, compiling. 
[2018.03.07-17.11.20:960][179]TextureStreamingBuild: Display: Compiling optional shaders took 2.476 seconds.
