Log file open, 04/10/18 12:31:16
LogWindows: Failed to load 'aqProf.dll' (GetLastError=126)
LogWindows: File 'aqProf.dll' does not exist
LogWindows: Failed to load 'VSPerf140.dll' (GetLastError=126)
LogWindows: File 'VSPerf140.dll' does not exist
LogWindows: Failed to load 'VtuneApi.dll' (GetLastError=126)
LogWindows: File 'VtuneApi.dll' does not exist
LogWindows: Failed to load 'VtuneApi32e.dll' (GetLastError=126)
LogWindows: File 'VtuneApi32e.dll' does not exist
LogInit: Display: Running engine for game: DetectiveGame
LogPlatformFile: Not using cached read wrapper
LogInit: Display: RandInit(432038059) SRandInit(432038059).
LogInit: Read version file with build ID '3709383'
LogInit: Overriding engine version to CL 3794801, compatible CL 3709383
LogInit: Registered custom module enumerator with build ID '3709383'
LogTaskGraph: Started task graph with 5 named threads and 20 total threads with 3 sets of task threads.
LogStats: Stats thread started at 0.841622
LogD3D11RHI: Aftermath initialized
LogModuleManager: Display: Found up-to-date module file ../../../Engine/Plugins/Runtime/ApexDestruction/Binaries/Win64/UE4Editor-ApexDestruction.dll (API version 3709383).
LogModuleManager: Display: Found up-to-date module file ../../../Engine/Plugins/Runtime/ApexDestruction/Binaries/Win64/UE4Editor-ApexDestructionEditor.dll (API version 3709383).
LogModuleManager: Display: Found up-to-date module file ../../../Engine/Plugins/2D/Paper2D/Binaries/Win64/UE4Editor-Paper2D.dll (API version 3709383).
LogModuleManager: Display: Found up-to-date module file ../../../Engine/Plugins/2D/Paper2D/Binaries/Win64/UE4Editor-Paper2DEditor.dll (API version 3709383).
LogModuleManager: Display: Found up-to-date module file ../../../Engine/Plugins/2D/Paper2D/Binaries/Win64/UE4Editor-PaperSpriteSheetImporter.dll (API version 3709383).
LogModuleManager: Display: Found up-to-date module file ../../../Engine/Plugins/2D/Paper2D/Binaries/Win64/UE4Editor-PaperTiledImporter.dll (API version 3709383).
LogModuleManager: Display: Found up-to-date module file ../../../Engine/Plugins/2D/Paper2D/Binaries/Win64/UE4Editor-SmartSnapping.dll (API version 3709383).
LogModuleManager: Display: Found up-to-date module file ../../../Engine/Plugins/Blendables/LightPropagationVolume/Binaries/Win64/UE4Editor-LightPropagationVolumeRuntime.dll (API version 3709383).
LogModuleManager: Display: Found up-to-date module file ../../../Engine/Plugins/Blendables/LightPropagationVolume/Binaries/Win64/UE4Editor-LightPropagationVolumeEditor.dll (API version 3709383).
LogModuleManager: Display: Found up-to-date module file ../../../Engine/Plugins/Developer/GitSourceControl/Binaries/Win64/UE4Editor-GitSourceControl.dll (API version 3709383).
LogModuleManager: Display: Found up-to-date module file ../../../Engine/Plugins/Developer/PerforceSourceControl/Binaries/Win64/UE4Editor-PerforceSourceControl.dll (API version 3709383).
LogModuleManager: Display: Found up-to-date module file ../../../Engine/Plugins/Developer/SubversionSourceControl/Binaries/Win64/UE4Editor-SubversionSourceControl.dll (API version 3709383).
LogModuleManager: Display: Found up-to-date module file ../../../Engine/Plugins/Developer/UObjectPlugin/Binaries/Win64/UE4Editor-UObjectPlugin.dll (API version 3709383).
LogModuleManager: Display: Found up-to-date module file ../../../Engine/Plugins/Developer/VisualStudioCodeSourceCodeAccess/Binaries/Win64/UE4Editor-VisualStudioCodeSourceCodeAccess.dll (API version 3709383).
LogModuleManager: Display: Found up-to-date module file ../../../Engine/Plugins/Developer/VisualStudioSourceCodeAccess/Binaries/Win64/UE4Editor-VisualStudioSourceCodeAccess.dll (API version 3709383).
LogModuleManager: Display: Found up-to-date module file ../../../Engine/Plugins/Editor/AssetManagerEditor/Binaries/Win64/UE4Editor-AssetManagerEditor.dll (API version 3709383).
LogModuleManager: Display: Found up-to-date module file ../../../Engine/Plugins/Editor/AudioCapture/Binaries/Win64/UE4Editor-AudioCapture.dll (API version 3709383).
LogModuleManager: Display: Found up-to-date module file ../../../Engine/Plugins/Editor/FacialAnimation/Binaries/Win64/UE4Editor-FacialAnimation.dll (API version 3709383).
LogModuleManager: Display: Found up-to-date module file ../../../Engine/Plugins/Editor/FacialAnimation/Binaries/Win64/UE4Editor-FacialAnimationEditor.dll (API version 3709383).
LogModuleManager: Display: Found up-to-date module file ../../../Engine/Plugins/Editor/GameplayTagsEditor/Binaries/Win64/UE4Editor-GameplayTagsEditor.dll (API version 3709383).
LogModuleManager: Display: Found up-to-date module file ../../../Engine/Plugins/Editor/MobileLauncherProfileWizard/Binaries/Win64/UE4Editor-MobileLauncherProfileWizard.dll (API version 3709383).
LogModuleManager: Display: Found up-to-date module file ../../../Engine/Plugins/Editor/PluginBrowser/Binaries/Win64/UE4Editor-PluginBrowser.dll (API version 3709383).
LogModuleManager: Display: Found up-to-date module file ../../../Engine/Plugins/Editor/SpeedTreeImporter/Binaries/Win64/UE4Editor-SpeedTreeImporter.dll (API version 3709383).
LogModuleManager: Display: Found up-to-date module file ../../../Engine/Plugins/Experimental/AlembicImporter/Binaries/Win64/UE4Editor-AlembicImporter.dll (API version 3709383).
LogModuleManager: Display: Found up-to-date module file ../../../Engine/Plugins/Experimental/AlembicImporter/Binaries/Win64/UE4Editor-AlembicLibrary.dll (API version 3709383).
LogModuleManager: Display: Found up-to-date module file ../../../Engine/Plugins/Experimental/CharacterAI/Binaries/Win64/UE4Editor-CharacterAI.dll (API version 3709383).
LogModuleManager: Display: Found up-to-date module file ../../../Engine/Plugins/Experimental/HTML5Networking/Binaries/Win64/UE4Editor-HTML5Networking.dll (API version 3709383).
LogModuleManager: Display: Found up-to-date module file ../../../Engine/Plugins/Media/AndroidMedia/Binaries/Win64/UE4Editor-AndroidMediaEditor.dll (API version 3709383).
LogModuleManager: Display: Found up-to-date module file ../../../Engine/Plugins/Media/AndroidMedia/Binaries/Win64/UE4Editor-AndroidMediaFactory.dll (API version 3709383).
LogModuleManager: Display: Found up-to-date module file ../../../Engine/Plugins/Media/AvfMedia/Binaries/Win64/UE4Editor-AvfMediaEditor.dll (API version 3709383).
LogModuleManager: Display: Found up-to-date module file ../../../Engine/Plugins/Media/AvfMedia/Binaries/Win64/UE4Editor-AvfMediaFactory.dll (API version 3709383).
LogModuleManager: Display: Found up-to-date module file ../../../Engine/Plugins/Media/AvfMedia/Binaries/Win64/UE4Editor-AvfMediaFactory.dll (API version 3709383).
LogModuleManager: Display: Found up-to-date module file ../../../Engine/Plugins/Media/ImgMedia/Binaries/Win64/UE4Editor-ImgMedia.dll (API version 3709383).
LogModuleManager: Display: Found up-to-date module file ../../../Engine/Plugins/Media/ImgMedia/Binaries/Win64/UE4Editor-ImgMediaEditor.dll (API version 3709383).
LogModuleManager: Display: Found up-to-date module file ../../../Engine/Plugins/Media/ImgMedia/Binaries/Win64/UE4Editor-ImgMediaFactory.dll (API version 3709383).
LogModuleManager: Display: Found up-to-date module file ../../../Engine/Plugins/Media/ImgMedia/Binaries/Win64/UE4Editor-ImgMediaFactory.dll (API version 3709383).
LogModuleManager: Display: Found up-to-date module file ../../../Engine/Plugins/Media/ImgMedia/Binaries/Win64/UE4Editor-OpenExrWrapper.dll (API version 3709383).
LogModuleManager: Display: Found up-to-date module file ../../../Engine/Plugins/Media/MediaCompositing/Binaries/Win64/UE4Editor-MediaCompositing.dll (API version 3709383).
LogModuleManager: Display: Found up-to-date module file ../../../Engine/Plugins/Media/MediaCompositing/Binaries/Win64/UE4Editor-MediaCompositingEditor.dll (API version 3709383).
LogModuleManager: Display: Found up-to-date module file ../../../Engine/Plugins/Media/MediaPlayerEditor/Binaries/Win64/UE4Editor-MediaPlayerEditor.dll (API version 3709383).
LogModuleManager: Display: Found up-to-date module file ../../../Engine/Plugins/Media/WmfMedia/Binaries/Win64/UE4Editor-WmfMedia.dll (API version 3709383).
LogModuleManager: Display: Found up-to-date module file ../../../Engine/Plugins/Media/WmfMedia/Binaries/Win64/UE4Editor-WmfMediaEditor.dll (API version 3709383).
LogModuleManager: Display: Found up-to-date module file ../../../Engine/Plugins/Media/WmfMedia/Binaries/Win64/UE4Editor-WmfMediaFactory.dll (API version 3709383).
LogModuleManager: Display: Found up-to-date module file ../../../Engine/Plugins/Media/WmfMedia/Binaries/Win64/UE4Editor-WmfMediaFactory.dll (API version 3709383).
LogModuleManager: Display: Found up-to-date module file ../../../Engine/Plugins/Messaging/TcpMessaging/Binaries/Win64/UE4Editor-TcpMessaging.dll (API version 3709383).
LogModuleManager: Display: Found up-to-date module file ../../../Engine/Plugins/Messaging/UdpMessaging/Binaries/Win64/UE4Editor-UdpMessaging.dll (API version 3709383).
LogModuleManager: Display: Found up-to-date module file ../../../Engine/Plugins/MovieScene/ActorSequence/Binaries/Win64/UE4Editor-ActorSequence.dll (API version 3709383).
LogModuleManager: Display: Found up-to-date module file ../../../Engine/Plugins/MovieScene/LevelSequenceEditor/Binaries/Win64/UE4Editor-LevelSequenceEditor.dll (API version 3709383).
LogModuleManager: Display: Found up-to-date module file ../../../Engine/Plugins/MovieScene/MatineeToLevelSequence/Binaries/Win64/UE4Editor-MatineeToLevelSequence.dll (API version 3709383).
LogModuleManager: Display: Found up-to-date module file ../../../Engine/Plugins/Online/OnlineSubsystem/Binaries/Win64/UE4Editor-OnlineSubsystem.dll (API version 3709383).
LogModuleManager: Display: Found up-to-date module file ../../../Engine/Plugins/Runtime/AndroidPermission/Binaries/Win64/UE4Editor-AndroidPermission.dll (API version 3709383).
LogModuleManager: Display: Found up-to-date module file ../../../Engine/Plugins/Online/OnlineSubsystemNull/Binaries/Win64/UE4Editor-OnlineSubsystemNull.dll (API version 3709383).
LogModuleManager: Display: Found up-to-date module file ../../../Engine/Plugins/Online/OnlineSubsystemUtils/Binaries/Win64/UE4Editor-OnlineSubsystemUtils.dll (API version 3709383).
LogModuleManager: Display: Found up-to-date module file ../../../Engine/Plugins/Online/OnlineSubsystemUtils/Binaries/Win64/UE4Editor-OnlineBlueprintSupport.dll (API version 3709383).
LogModuleManager: Display: Found up-to-date module file ../../../Engine/Plugins/Runtime/AndroidDeviceProfileSelector/Binaries/Win64/UE4Editor-AndroidDeviceProfileSelector.dll (API version 3709383).
LogModuleManager: Display: Found up-to-date module file ../../../Engine/Plugins/Runtime/AppleARKit/Binaries/Win64/UE4Editor-AppleARKit.dll (API version 3709383).
LogModuleManager: Display: Found up-to-date module file ../../../Engine/Plugins/Runtime/ArchVisCharacter/Binaries/Win64/UE4Editor-ArchVisCharacter.dll (API version 3709383).
LogModuleManager: Display: Found up-to-date module file ../../../Engine/Plugins/Runtime/CableComponent/Binaries/Win64/UE4Editor-CableComponent.dll (API version 3709383).
LogModuleManager: Display: Found up-to-date module file ../../../Engine/Plugins/Runtime/CustomMeshComponent/Binaries/Win64/UE4Editor-CustomMeshComponent.dll (API version 3709383).
LogModuleManager: Display: Found up-to-date module file ../../../Engine/Plugins/Runtime/ExampleDeviceProfileSelector/Binaries/Win64/UE4Editor-ExampleDeviceProfileSelector.dll (API version 3709383).
LogModuleManager: Display: Found up-to-date module file ../../../Engine/Plugins/Runtime/ImmediatePhysics/Binaries/Win64/UE4Editor-ImmediatePhysics.dll (API version 3709383).
LogModuleManager: Display: Found up-to-date module file ../../../Engine/Plugins/Runtime/ImmediatePhysics/Binaries/Win64/UE4Editor-ImmediatePhysicsEditor.dll (API version 3709383).
LogModuleManager: Display: Found up-to-date module file ../../../Engine/Plugins/Runtime/LocationServicesBPLibrary/Binaries/Win64/UE4Editor-LocationServicesBPLibrary.dll (API version 3709383).
LogModuleManager: Display: Found up-to-date module file ../../../Engine/Plugins/Runtime/MobilePatchingUtils/Binaries/Win64/UE4Editor-MobilePatchingUtils.dll (API version 3709383).
LogModuleManager: Display: Found up-to-date module file ../../../Engine/Plugins/Runtime/Oculus/OculusVR/Binaries/Win64/UE4Editor-OculusHMD.dll (API version 3709383).
LogModuleManager: Display: Found up-to-date module file ../../../Engine/Plugins/Runtime/Oculus/OculusVR/Binaries/Win64/UE4Editor-OculusInput.dll (API version 3709383).
LogModuleManager: Display: Found up-to-date module file ../../../Engine/Plugins/Runtime/Oculus/OculusVR/Binaries/Win64/UE4Editor-OculusEditor.dll (API version 3709383).
LogModuleManager: Display: Found up-to-date module file ../../../Engine/Plugins/Runtime/PhysXVehicles/Binaries/Win64/UE4Editor-PhysXVehicles.dll (API version 3709383).
LogModuleManager: Display: Found up-to-date module file ../../../Engine/Plugins/Runtime/PhysXVehicles/Binaries/Win64/UE4Editor-PhysXVehiclesEditor.dll (API version 3709383).
LogModuleManager: Display: Found up-to-date module file ../../../Engine/Plugins/Runtime/ProceduralMeshComponent/Binaries/Win64/UE4Editor-ProceduralMeshComponent.dll (API version 3709383).
LogModuleManager: Display: Found up-to-date module file ../../../Engine/Plugins/Runtime/ProceduralMeshComponent/Binaries/Win64/UE4Editor-ProceduralMeshComponentEditor.dll (API version 3709383).
LogModuleManager: Display: Found up-to-date module file ../../../Engine/Plugins/Runtime/RuntimePhysXCooking/Binaries/Win64/UE4Editor-RuntimePhysXCooking.dll (API version 3709383).
LogModuleManager: Display: Found up-to-date module file ../../../Engine/Plugins/Runtime/Steam/SteamVR/Binaries/Win64/UE4Editor-SteamVR.dll (API version 3709383).
LogModuleManager: Display: Found up-to-date module file ../../../Engine/Plugins/Runtime/Steam/SteamVR/Binaries/Win64/UE4Editor-SteamVRController.dll (API version 3709383).
LogModuleManager: Display: Found up-to-date module file ../../../Engine/Plugins/Runtime/WindowsMoviePlayer/Binaries/Win64/UE4Editor-WindowsMoviePlayer.dll (API version 3709383).
LogPluginManager: Mounting plugin Paper2D
LogPluginManager: Mounting plugin LightPropagationVolume
LogPluginManager: Mounting plugin CodeLiteSourceCodeAccess
LogPluginManager: Mounting plugin GitSourceControl
LogPluginManager: Mounting plugin KDevelopSourceCodeAccess
LogPluginManager: Mounting plugin NullSourceCodeAccess
LogPluginManager: Mounting plugin PerforceSourceControl
LogPluginManager: Mounting plugin SubversionSourceControl
LogPluginManager: Mounting plugin UObjectPlugin
LogPluginManager: Mounting plugin VisualStudioCodeSourceCodeAccess
LogPluginManager: Mounting plugin VisualStudioSourceCodeAccess
LogPluginManager: Mounting plugin XCodeSourceCodeAccess
LogPluginManager: Mounting plugin AssetManagerEditor
LogPluginManager: Mounting plugin AudioCapture
LogPluginManager: Mounting plugin FacialAnimation
LogPluginManager: Mounting plugin GameplayTagsEditor
LogPluginManager: Mounting plugin MobileLauncherProfileWizard
LogPluginManager: Mounting plugin PluginBrowser
LogPluginManager: Mounting plugin SpeedTreeImporter
LogPluginManager: Mounting plugin AlembicImporter
LogPluginManager: Mounting plugin CharacterAI
LogPluginManager: Mounting plugin HTML5Networking
LogPluginManager: Mounting plugin AndroidMedia
LogPluginManager: Mounting plugin AvfMedia
LogPluginManager: Mounting plugin ImgMedia
LogPluginManager: Mounting plugin MediaCompositing
LogPluginManager: Mounting plugin MediaPlayerEditor
LogPluginManager: Mounting plugin WmfMedia
LogPluginManager: Mounting plugin TcpMessaging
LogPluginManager: Mounting plugin UdpMessaging
LogPluginManager: Mounting plugin ActorSequence
LogPluginManager: Mounting plugin LevelSequenceEditor
LogPluginManager: Mounting plugin MatineeToLevelSequence
LogPluginManager: Mounting plugin OnlineSubsystemGooglePlay
LogPluginManager: Mounting plugin OnlineSubsystemIOS
LogPluginManager: Mounting plugin OnlineSubsystem
LogPluginManager: Mounting plugin OnlineSubsystemNull
LogPluginManager: Mounting plugin OnlineSubsystemUtils
LogPluginManager: Mounting plugin AndroidDeviceProfileSelector
LogPluginManager: Mounting plugin AndroidMoviePlayer
LogPluginManager: Mounting plugin AndroidPermission
LogPluginManager: Mounting plugin ApexDestruction
LogPluginManager: Mounting plugin AppleARKit
LogPluginManager: Mounting plugin AppleMoviePlayer
LogPluginManager: Mounting plugin ArchVisCharacter
LogPluginManager: Mounting plugin CableComponent
LogPluginManager: Mounting plugin CustomMeshComponent
LogPluginManager: Mounting plugin ExampleDeviceProfileSelector
LogPluginManager: Mounting plugin GoogleCloudMessaging
LogPluginManager: Mounting plugin ImmediatePhysics
LogPluginManager: Mounting plugin IOSDeviceProfileSelector
LogPluginManager: Mounting plugin LinuxDeviceProfileSelector
LogPluginManager: Mounting plugin LocationServicesBPLibrary
LogPluginManager: Mounting plugin MobilePatchingUtils
LogPluginManager: Mounting plugin OculusVR
LogPluginManager: Plugin shader directory ../../../Engine/Plugins/Runtime/Oculus/OculusVR/Shaders found
LogPluginManager: Mapping shader source directory ../../../Engine/Plugins/Runtime/Oculus/OculusVR/Shaders to virtual directory /Plugin/OculusVR
LogPluginManager: Mounting plugin PhysXVehicles
LogPluginManager: Mounting plugin ProceduralMeshComponent
LogPluginManager: Mounting plugin RuntimePhysXCooking
LogPluginManager: Mounting plugin SteamVR
LogPluginManager: Mounting plugin WindowsMoviePlayer
LogInit: Using libcurl 7.47.1
LogInit:  - built for x86_64-pc-win32
LogInit:  - supports SSL with OpenSSL/1.0.2g
LogInit:  - supports HTTP deflate (compression) using libz 1.2.8
LogInit:  - other features:
LogInit:      CURL_VERSION_SSL
LogInit:      CURL_VERSION_LIBZ
LogInit:      CURL_VERSION_IPV6
LogInit:      CURL_VERSION_ASYNCHDNS
LogInit:      CURL_VERSION_LARGEFILE
LogInit:      CURL_VERSION_IDN
LogInit:  CurlRequestOptions (configurable via config and command line):
LogInit:  - bVerifyPeer = false  - Libcurl will NOT verify peer certificate
LogInit:  - bUseHttpProxy = false  - Libcurl will NOT use HTTP proxy
LogInit:  - bDontReuseConnections = false  - Libcurl will reuse connections
LogInit:  - CertBundlePath = nullptr  - Libcurl will use whatever was configured at build time.
LogInit: Build: ++UE4+Release-4.18-CL-3794801
LogInit: Engine Version: 4.18.2-3794801+++UE4+Release-4.18
LogInit: Compatible Engine Version: 4.18.0-3709383+++UE4+Release-4.18
LogInit: Net CL: 3709383
LogDevObjectVersion: Number of dev versions registered: 16
LogDevObjectVersion:   Dev-Blueprints (B0D832E4-1F89-4F0D-ACCF-7EB736FD4AA2): 10
LogDevObjectVersion:   Dev-Build (E1C64328-A22C-4D53-A36C-8E866417BD8C): 0
LogDevObjectVersion:   Dev-Core (375EC13C-06E4-48FB-B500-84F0262A717E): 2
LogDevObjectVersion:   Dev-Editor (E4B068ED-F494-42E9-A231-DA0B2E46BB41): 20
LogDevObjectVersion:   Dev-Framework (CFFC743F-43B0-4480-9391-14DF171D2073): 30
LogDevObjectVersion:   Dev-Mobile (B02B49B5-BB20-44E9-A304-32B752E40360): 0
LogDevObjectVersion:   Dev-Networking (A4E4105C-59A1-49B5-A7C5-40C4547EDFEE): 0
LogDevObjectVersion:   Dev-Online (39C831C9-5AE6-47DC-9A44-9C173E1C8E7C): 0
LogDevObjectVersion:   Dev-Physics (78F01B33-EBEA-4F98-B9B4-84EACCB95AA2): 0
LogDevObjectVersion:   Dev-Platform (6631380F-2D4D-43E0-8009-CF276956A95A): 0
LogDevObjectVersion:   Dev-Rendering (12F88B9F-8875-4AFC-A67C-D90C383ABD29): 20
LogDevObjectVersion:   Dev-Sequencer (7B5AE74C-D270-4C10-A958-57980B212A5A): 4
LogDevObjectVersion:   Dev-VR (D7296918-1DD6-4BDD-9DE2-64A83CC13884): 0
LogDevObjectVersion:   Dev-LoadTimes (C2A15278-BFE7-4AFE-6C17-90FF531DF755): 1
LogDevObjectVersion:   Private-Geometry (6EACA3D4-40EC-4CC1-B786-8BED09428FC5): 1
LogDevObjectVersion:   Dev-AnimPhys (29E575DD-E0A3-4627-9D10-D276232CDCEA): 12
LogInit: Compiled (64-bit): Dec  8 2017 02:04:53
LogInit: Compiled with Visual C++: 19.00.24215.01
LogInit: Build Configuration: Development
LogInit: Branch Name: ++UE4+Release-4.18
LogInit: Command line:  
LogInit: Base directory: C:/Program Files/Epic Games/UE_4.18/Engine/Binaries/Win64/
LogInit: Installed Engine Build: 1
LogInit: Presizing for max 8388607 objects, including 0 objects not considered by GC, pre-allocating 0 bytes for permanent pool.
LogInit: Object subsystem initialized
[2018.04.10-16.31.18:299][  0]LogInit: Selected Device Profile: [Windows]
[2018.04.10-16.31.18:299][  0]LogInit: Applying CVar settings loaded from the selected device profile: [Windows]
[2018.04.10-16.31.18:348][  0]LogInit: Computer: SA2502-PC02
[2018.04.10-16.31.18:348][  0]LogInit: User: LANGLG
[2018.04.10-16.31.18:348][  0]LogInit: CPU Page size=4096, Cores=6
[2018.04.10-16.31.18:348][  0]LogInit: High frequency timer resolution =3.410075 MHz
[2018.04.10-16.31.18:348][  0]LogMemory: Memory total: Physical=31.9GB (32GB approx)
[2018.04.10-16.31.18:349][  0]LogMemory: Platform Memory Stats for Windows
[2018.04.10-16.31.18:349][  0]LogMemory: Process Physical Memory: 274.21 MB used, 274.21 MB peak
[2018.04.10-16.31.18:349][  0]LogMemory: Process Virtual Memory: 270.23 MB used, 270.23 MB peak
[2018.04.10-16.31.18:349][  0]LogMemory: Physical Memory: 3322.49 MB used,  29367.79 MB free, 32690.28 MB total
[2018.04.10-16.31.18:349][  0]LogMemory: Virtual Memory: 687.74 MB used,  29367.79 MB free, 134217728.00 MB total
[2018.04.10-16.31.18:823][  0]LogInit: Using OS detected language (en-US).
[2018.04.10-16.31.18:823][  0]LogInit: Using OS detected locale (en-US).
[2018.04.10-16.31.18:902][  0]LogTextLocalizationManager: No specific localization for 'en-US' exists, so the 'en' localization will be used.
[2018.04.10-16.31.19:448][  0]LogInit: Setting process to per monitor DPI aware
[2018.04.10-16.31.21:635][  0]LogD3D11RHI: D3D11 adapters:
[2018.04.10-16.31.21:692][  0]LogD3D11RHI:    0. 'NVIDIA GeForce GTX 1080' (Feature Level 11_0)
[2018.04.10-16.31.21:692][  0]LogD3D11RHI:       8086/0/16345 MB DedicatedVideo/DedicatedSystem/SharedSystem, Outputs:2, VendorId:0x10de
[2018.04.10-16.31.21:694][  0]LogD3D11RHI:    1. 'Microsoft Basic Render Driver' (Feature Level 11_0)
[2018.04.10-16.31.21:694][  0]LogD3D11RHI:       0/0/16345 MB DedicatedVideo/DedicatedSystem/SharedSystem, Outputs:0, VendorId:0x1414
[2018.04.10-16.31.21:694][  0]LogD3D11RHI: Chosen D3D11 Adapter: 0
[2018.04.10-16.31.21:702][  0]LogD3D11RHI: Creating new Direct3DDevice
[2018.04.10-16.31.21:702][  0]LogD3D11RHI:     GPU DeviceId: 0x1b80 (for the marketing name, search the web for "GPU Device Id")
[2018.04.10-16.31.21:702][  0]LogWindows: EnumDisplayDevices:
[2018.04.10-16.31.21:703][  0]LogWindows:    0. 'NVIDIA GeForce GTX 1080' (P:0 D:1)
[2018.04.10-16.31.21:703][  0]LogWindows:    1. 'NVIDIA GeForce GTX 1080' (P:1 D:1)
[2018.04.10-16.31.21:703][  0]LogWindows:    2. 'NVIDIA GeForce GTX 1080' (P:0 D:0)
[2018.04.10-16.31.21:703][  0]LogWindows:    3. 'NVIDIA GeForce GTX 1080' (P:0 D:0)
[2018.04.10-16.31.21:703][  0]LogWindows: DebugString: GetVideoDriverDetailsInvalid PrimaryIsNotTheChoosenAdapter GetVideoDriverDetailsInvalid PrimaryIsNotTheChoosenAdapter GetVideoDriverDetailsInvalid PrimaryIsNotTheChoosenAdapter GetVideoDriverDetailsInvalid PrimaryIsNotTheChoosenAdapter FoundDriverCount:0 
[2018.04.10-16.31.21:703][  0]LogD3D11RHI:     Adapter Name: NVIDIA GeForce GTX 1080
[2018.04.10-16.31.21:703][  0]LogD3D11RHI:   Driver Version: Unknown (internal:Unknown, unified:Unknown)
[2018.04.10-16.31.21:703][  0]LogD3D11RHI:      Driver Date: Unknown
[2018.04.10-16.31.21:703][  0]LogRHI: Texture pool is 5660 MB (70% of 8086 MB)
[2018.04.10-16.31.21:727][  0]LogD3D11RHI: Async texture creation enabled
[2018.04.10-16.31.21:756][  0]LogD3D11RHI: GPU Timing Frequency: 1000.000000 (Debug: 2 1)
[2018.04.10-16.31.21:805][  0]LogShaderCompilers: Guid format shader working directory is -29 characters bigger than the processId version (../../../../../../Users/langlg/Documents/GitHub/FakeBook/Game 3/DetectiveGame/Intermediate/Shaders/WorkingDirectory/280/).
[2018.04.10-16.31.21:805][  0]LogShaderCompilers: Cleaned the shader compiler working directory 'C:/Users/langlg/AppData/Local/Temp/UnrealShaderWorkingDir/D8ED28E840C8CD9986242E9B5207BDAB/'.
[2018.04.10-16.31.21:805][  0]LogShaderCompilers: Display: Using Local Shader Compiler.
[2018.04.10-16.31.24:383][  0]LogTemp: Display: Loaded TP AllDesktopTargetPlatform
[2018.04.10-16.31.24:443][  0]LogTemp: Display: Loaded TP MacClientTargetPlatform
[2018.04.10-16.31.24:498][  0]LogTemp: Display: Loaded TP MacNoEditorTargetPlatform
[2018.04.10-16.31.24:554][  0]LogTemp: Display: Loaded TP MacServerTargetPlatform
[2018.04.10-16.31.24:616][  0]LogTemp: Display: Loaded TP MacTargetPlatform
[2018.04.10-16.31.24:671][  0]LogTemp: Display: Loaded TP WindowsClientTargetPlatform
[2018.04.10-16.31.24:726][  0]LogTemp: Display: Loaded TP WindowsNoEditorTargetPlatform
[2018.04.10-16.31.24:780][  0]LogTemp: Display: Loaded TP WindowsServerTargetPlatform
[2018.04.10-16.31.24:828][  0]LogTemp: Display: Loaded TP WindowsTargetPlatform
[2018.04.10-16.31.24:882][  0]LogTemp: Display: Loaded TP Android_ASTCTargetPlatform
[2018.04.10-16.31.24:935][  0]LogTemp: Display: Loaded TP Android_ATCTargetPlatform
[2018.04.10-16.31.24:989][  0]LogTemp: Display: Loaded TP Android_DXTTargetPlatform
[2018.04.10-16.31.25:042][  0]LogTemp: Display: Loaded TP Android_ETC1TargetPlatform
[2018.04.10-16.31.25:100][  0]LogTemp: Display: Loaded TP Android_ETC2TargetPlatform
[2018.04.10-16.31.25:217][  0]LogTemp: Display: Loaded TP Android_MultiTargetPlatform
[2018.04.10-16.31.25:217][  0]LogTemp: Display: Loaded TP Android_PVRTCTargetPlatform
[2018.04.10-16.31.25:281][  0]LogTemp: Display: Loaded TP AndroidTargetPlatform
[2018.04.10-16.31.25:320][  0]LogTemp: Display: Loaded TP HTML5TargetPlatform
[2018.04.10-16.31.25:432][  0]LogTemp: Display: Loaded TP IOSTargetPlatform
[2018.04.10-16.31.25:467][  0]LogTemp: Display: Loaded TP TVOSTargetPlatform
[2018.04.10-16.31.25:516][  0]LogTemp: Display: Loaded TP LinuxClientTargetPlatform
[2018.04.10-16.31.25:565][  0]LogTemp: Display: Loaded TP LinuxNoEditorTargetPlatform
[2018.04.10-16.31.25:615][  0]LogTemp: Display: Loaded TP LinuxServerTargetPlatform
[2018.04.10-16.31.25:673][  0]LogTemp: Display: Loaded TP LinuxTargetPlatform
[2018.04.10-16.31.25:673][  0]LogTargetPlatformManager: Display: Building Assets For Windows
[2018.04.10-16.31.26:255][  0]LogDerivedDataCache: Display: Max Cache Size: 512 MB
[2018.04.10-16.31.26:500][  0]LogDerivedDataCache: Loaded boot cache 0.25s 79MB C:/Users/langlg/AppData/Local/UnrealEngine/4.18/DerivedDataCache/Boot.ddc.
[2018.04.10-16.31.26:500][  0]LogDerivedDataCache: Display: Loaded Boot cache: C:/Users/langlg/AppData/Local/UnrealEngine/4.18/DerivedDataCache/Boot.ddc
[2018.04.10-16.31.26:500][  0]LogDerivedDataCache: FDerivedDataBackendGraph:  Pak pak cache file ../../../../../../Users/langlg/Documents/GitHub/FakeBook/Game 3/DetectiveGame/DerivedDataCache/DDC.ddp not found, will not use a pak cache.
[2018.04.10-16.31.26:500][  0]LogDerivedDataCache: Unable to find inner node Pak for hierarchical cache Hierarchy.
[2018.04.10-16.31.26:501][  0]LogDerivedDataCache: FDerivedDataBackendGraph:  CompressedPak pak cache file ../../../../../../Users/langlg/Documents/GitHub/FakeBook/Game 3/DetectiveGame/DerivedDataCache/Compressed.ddp not found, will not use a pak cache.
[2018.04.10-16.31.26:501][  0]LogDerivedDataCache: Unable to find inner node CompressedPak for hierarchical cache Hierarchy.
[2018.04.10-16.31.26:531][  0]LogDerivedDataCache: Display: Pak cache opened for reading ../../../Engine/DerivedDataCache/Compressed.ddp.
[2018.04.10-16.31.26:544][  0]LogDerivedDataCache: Using Local data cache path C:/Users/langlg/AppData/Local/UnrealEngine/Common/DerivedDataCache: Writable
[2018.04.10-16.31.26:556][  0]LogMaterial: Verifying Global Shaders for PCD3D_SM5
[2018.04.10-16.31.26:561][  0]LogSlate: Using Freetype 2.6.0
[2018.04.10-16.31.26:588][  0]LogSlate: SlateFontCache - WITH_FREETYPE: 1, WITH_HARFBUZZ: 1
[2018.04.10-16.31.26:589][  0]LogSlate: SlateFontCache - WITH_FREETYPE: 1, WITH_HARFBUZZ: 1
[2018.04.10-16.31.27:436][  0]LogInit: Selected Device Profile: [Windows]
[2018.04.10-16.31.28:041][  0]LogSimplygon: Simplygon DLL not present - disabling.
[2018.04.10-16.31.28:085][  0]LogMeshReduction: Using SimplygonSwarm for distributed automatic mesh merging
[2018.04.10-16.31.28:086][  0]LogMeshReduction: Using QuadricMeshReduction for automatic static mesh reduction
[2018.04.10-16.31.28:086][  0]LogMeshReduction: No automatic skeletal mesh reduction module available
[2018.04.10-16.31.28:086][  0]LogMeshReduction: No automatic mesh merging module available
[2018.04.10-16.31.28:086][  0]LogMeshMerging: No automatic mesh merging module available
[2018.04.10-16.31.28:187][  0]LogNetVersion: DetectiveGame , NetCL: 3709383, EngineNetVer: 2, GameNetVer: 0 (Checksum: 4117068022)
[2018.04.10-16.31.28:674][  0]LogAssetRegistry: FAssetRegistry took 0.0361 seconds to start up
[2018.04.10-16.31.29:828][  0]LogPackageLocalizationCache: Processed 7 localized package path(s) for 2 prioritized culture(s) in 0.089090 seconds
[2018.04.10-16.31.29:833][  0]LogUObjectArray: 35900 objects as part of root set at end of initial load.
[2018.04.10-16.31.29:833][  0]LogUObjectAllocator: 7372016 out of 0 bytes used by permanent object pool.
[2018.04.10-16.31.29:833][  0]LogUObjectArray: CloseDisregardForGC: 0/0 objects in disregard for GC pool
[2018.04.10-16.31.29:884][  0]LogInit: WinSock: version 1.1 (2.2), MaxSocks=32767, MaxUdp=65467
[2018.04.10-16.31.35:584][  0]LogTcpMessaging: Initializing TcpMessaging bridge
[2018.04.10-16.31.35:631][  0]LogUdpMessaging: Initializing bridge on interface 0.0.0.0:0 to multicast group 230.0.0.1:6666.
[2018.04.10-16.31.37:009][  0]LogMaterial: Uniform references updated for custom material expression Custom.
[2018.04.10-16.31.37:615][  0]SourceControl: Source control is disabled
[2018.04.10-16.31.37:616][  0]SourceControl: Source control is disabled
[2018.04.10-16.31.37:680][  0]SourceControl: Source control is disabled
[2018.04.10-16.31.37:739][  0]SourceControl: Source control is disabled
[2018.04.10-16.31.38:686][  0]LogAndroidPermission: UAndroidPermissionCallbackProxy::GetInstance
[2018.04.10-16.31.38:949][  0]LogOcInput: OculusInput pre-init called
[2018.04.10-16.31.39:319][  0]LogEngine: Initializing Engine...
[2018.04.10-16.31.39:323][  0]LogHMD: Failed to initialize OpenVR with code 110
[2018.04.10-16.31.39:741][  0]LogStats: UGameplayTagsManager::ConstructGameplayTagTree: Construct from data asset -  0.000 s
[2018.04.10-16.31.39:741][  0]LogStats: UGameplayTagsManager::ConstructGameplayTagTree: GameplayTagTreeChangedEvent.Broadcast -  0.000 s
[2018.04.10-16.31.39:912][  0]LogAIModule: Creating AISystem for world Untitled
[2018.04.10-16.31.39:928][  0]LogInit: XAudio2 using 'Speakers / Headphones (Realtek Audio)' : 2 channels at 48 kHz using 32 bits per sample (channel mask 0x3)
[2018.04.10-16.31.40:170][  0]LogInit: FAudioDevice initialized.
[2018.04.10-16.31.40:252][  0]LogDerivedDataCache: Saved boot cache 0.08s 79MB C:/Users/langlg/AppData/Local/UnrealEngine/4.18/DerivedDataCache/Boot.ddc.
[2018.04.10-16.31.40:272][  0]LogInit: Texture streaming: Enabled
[2018.04.10-16.31.40:401][  0]LogEngineSessionManager: EngineSessionManager initialized
[2018.04.10-16.31.40:699][  0]LogInit: Transaction tracking system initialized
[2018.04.10-16.31.41:102][  0]BlueprintLog: New page: Editor Load
[2018.04.10-16.31.42:315][  0]LocalizationService: Localization service is disabled
[2018.04.10-16.31.43:193][  0]LogConsoleResponse: Display: 
[2018.04.10-16.31.43:801][  0]LogCook: Display: Max memory allowance for cook 16384mb min free memory 0mb
[2018.04.10-16.31.43:801][  0]LogCook: Display: Mobile HDR setting 1
[2018.04.10-16.31.43:801][  0]LogGameplayTags: Display: UGameplayTagsManager::DoneAddingNativeTags. DelegateIsBound: 0
[2018.04.10-16.31.44:507][  0]LogFileCache: Scanning file cache for directory 'C:/Users/langlg/Documents/GitHub/FakeBook/Game 3/DetectiveGame/Content/' took 0.02s
[2018.04.10-16.31.45:166][  0]SourceControl: Source control is disabled
[2018.04.10-16.31.45:168][  0]Cmd: MAP LOAD FILE="../../../../../../Users/langlg/Documents/GitHub/FakeBook/Game 3/DetectiveGame/Content/VirtualRealityBP/Maps/StartupMap.umap" TEMPLATE=0 SHOWPROGRESS=1 FEATURELEVEL=3
[2018.04.10-16.31.45:169][  0]LightingResults: New page: Lighting Build
[2018.04.10-16.31.45:216][  0]MapCheck: New page: Map Check
[2018.04.10-16.31.45:216][  0]LightingResults: New page: Lighting Build
[2018.04.10-16.31.45:686][  0]LogTexture: Display: Building textures: HQ_Lightmap0_1 (AutoDXT, 512X512)
[2018.04.10-16.31.45:686][  0]LogTexture: Display: Building textures: LQ_Lightmap_0_1 (DXT1, 512X512)
[2018.04.10-16.31.45:686][  0]LogStaticMesh: Building static mesh couchtake2_couchpillow...
[2018.04.10-16.31.45:688][  0]LogTexture: Display: Building textures: BedTexuture (AutoDXT, 2048X2048)
[2018.04.10-16.31.45:688][  0]LogStaticMesh: Built static mesh [0.00s] /Game/Objects/Import/couchtake2_couchpillow.couchtake2_couchpillow
[2018.04.10-16.31.45:756][  0]LogTexture: Display: Building textures: wallTexture (AutoDXT, 2048X2048)
[2018.04.10-16.31.45:756][  0]LogMaterial: Missing cached shader map for material couchMaterial, compiling. 
[2018.04.10-16.31.45:842][  0]LogTexture: Display: Building textures: PillowTextyre (AutoDXT, 2048X2048)
[2018.04.10-16.31.45:842][  0]LogTexture: Display: Building textures: CarpetTexture (AutoDXT, 2048X2048)
[2018.04.10-16.31.45:842][  0]LogMaterial: Missing cached shader map for material Celing, compiling. 
[2018.04.10-16.31.46:510][  0]LogMaterial: Missing cached shader map for material Cartpet, compiling. 
[2018.04.10-16.31.46:560][  0]LogMaterial: Missing cached shader map for material bedMatress, compiling. 
[2018.04.10-16.31.46:608][  0]LogMaterial: Missing cached shader map for material BedFrame, compiling. 
[2018.04.10-16.31.46:653][  0]LogMaterial: Missing cached shader map for material bedCover, compiling. 
[2018.04.10-16.31.46:719][  0]LogStaticMesh: Building static mesh Desktaek1...
[2018.04.10-16.31.46:728][  0]LogStaticMesh: Built static mesh [0.01s] /Game/Objects/Import/Desktaek1.Desktaek1
[2018.04.10-16.31.46:729][  0]LogStaticMesh: Building static mesh couchtake2_polySurface1...
[2018.04.10-16.31.46:741][  0]LogStaticMesh: Built static mesh [0.01s] /Game/Objects/Import/couchtake2_polySurface1.couchtake2_polySurface1
[2018.04.10-16.31.46:743][  0]LogStaticMesh: Building static mesh bedtaek2_bed...
[2018.04.10-16.31.46:749][  0]LogStaticMesh: Built static mesh [0.01s] /Game/Objects/Import/bedtaek2_bed.bedtaek2_bed
[2018.04.10-16.31.46:755][  0]LogMaterial: Missing cached shader map for material Wall, compiling. 
[2018.04.10-16.31.46:803][  0]LogMaterial: Missing cached shader map for material pillow, compiling. 
[2018.04.10-16.31.46:852][  0]LogMaterial: Missing cached shader map for material doorMaterial, compiling. 
[2018.04.10-16.31.46:896][  0]LogStaticMesh: Building static mesh couch...
[2018.04.10-16.31.46:911][  0]LogStaticMesh: Built static mesh [0.02s] /Game/Objects/Import/couch.couch
[2018.04.10-16.31.46:923][  0]LogMaterial: Missing cached shader map for material legs, compiling. 
[2018.04.10-16.31.47:272][  0]LogStaticMesh: Building static mesh CL2...
[2018.04.10-16.31.47:293][  0]LogStaticMesh: Built static mesh [0.02s] /Game/Objects/Import/CL2.CL2
[2018.04.10-16.31.47:299][  0]LogMaterial: Missing cached shader map for material BasicShapeMaterial, compiling. 
[2018.04.10-16.31.47:393][  0]LogStaticMesh: Building static mesh bedtaek2_pillow...
[2018.04.10-16.31.47:398][  0]LogStaticMesh: Built static mesh [0.00s] /Game/Objects/Import/bedtaek2_pillow.bedtaek2_pillow
[2018.04.10-16.31.47:566][  0]LogStaticMesh: Building static mesh deskDrawers...
[2018.04.10-16.31.47:575][  0]LogStaticMesh: Built static mesh [0.01s] /Game/Objects/Import/deskDrawers.deskDrawers
[2018.04.10-16.31.47:644][  0]LogAIModule: Creating AISystem for world StartupMap
[2018.04.10-16.31.47:688][  0]LogEditorServer: Finished looking for orphan Actors (0.000 secs)
[2018.04.10-16.31.47:719][  0]Cmd: MAP CHECKDEP NOCLEARLOG
[2018.04.10-16.31.47:814][  0]MapCheck: Map check complete: 0 Error(s), 0 Warning(s), took 94.819ms to complete.
[2018.04.10-16.31.47:814][  0]LogFileHelpers: Loading map 'StartupMap' took 2.647
[2018.04.10-16.31.48:110][  0]LogCollectionManager: Loaded 0 collections in 0.002815 seconds
[2018.04.10-16.31.48:255][  0]LogFileCache: Scanning file cache for directory 'C:/Users/langlg/Documents/GitHub/FakeBook/Game 3/DetectiveGame/Saved/Collections/' took 0.01s
[2018.04.10-16.31.48:255][  0]LogFileCache: Scanning file cache for directory 'C:/Users/langlg/Documents/GitHub/FakeBook/Game 3/DetectiveGame/Content/Developers/LANGLG/Collections/' took 0.01s
[2018.04.10-16.31.48:255][  0]LogFileCache: Scanning file cache for directory 'C:/Users/langlg/Documents/GitHub/FakeBook/Game 3/DetectiveGame/Content/Collections/' took 0.01s
[2018.04.10-16.31.48:255][  0]LogCollectionManager: Rebuilt the GUID cache for 0 collections in 0.000001 seconds
[2018.04.10-16.31.48:272][  0]LogContentBrowser: Native class hierarchy populated in 0.0145 seconds. Added 2372 classes and 524 folders.
[2018.04.10-16.31.48:391][  0]LogContentBrowser: Native class hierarchy updated for 'WidgetCarousel' in 0.0004 seconds. Added 0 classes and 0 folders.
[2018.04.10-16.31.48:923][  0]LogContentBrowser: Native class hierarchy updated for 'AddContentDialog' in 0.0003 seconds. Added 0 classes and 0 folders.
[2018.04.10-16.31.49:011][  0]LogContentBrowser: Native class hierarchy updated for 'SceneOutliner' in 0.0003 seconds. Added 1 classes and 2 folders.
[2018.04.10-16.31.49:087][  0]LogSlate: Took 0.008768 seconds to synchronously load lazily loaded font '../../../Engine/Content/Slate/Fonts/Roboto-Regular.ttf' (155K)
[2018.04.10-16.31.49:096][  0]LogSlate: Took 0.006381 seconds to synchronously load lazily loaded font '../../../Engine/Content/Slate/Fonts/Roboto-Bold.ttf' (160K)
[2018.04.10-16.31.49:111][  0]LogSlate: Took 0.006524 seconds to synchronously load lazily loaded font '../../../Engine/Content/Editor/Slate/Fonts/FontAwesome.ttf' (139K)
[2018.04.10-16.31.49:353][  0]LogRenderer: Reallocating scene render targets to support 1208x652 Format 26 NumSamples 1 (Frame:1).
[2018.04.10-16.31.49:608][  0]LogContentBrowser: Native class hierarchy updated for 'HierarchicalLODOutliner' in 0.0004 seconds. Added 1 classes and 2 folders.
[2018.04.10-16.31.49:608][  0]LogLoad: (Engine Initialization) Total time: 36.59 seconds
[2018.04.10-16.31.49:608][  0]LogLoad: (Engine Initialization) Total Blueprint compile time: 0.00 seconds
[2018.04.10-16.31.49:608][  0]LogExternalProfiler: No external profilers were discovered.  External profiling features will not be available.
[2018.04.10-16.31.49:985][  0]LogContentStreaming: Texture pool size now 1000 MB
[2018.04.10-16.31.50:093][  0]LogSlate: Took 0.007054 seconds to synchronously load lazily loaded font '../../../Engine/Content/Slate/Fonts/Roboto-Light.ttf' (159K)
[2018.04.10-16.31.50:331][  1]LogAssetRegistry: Asset discovery search completed in 21.6781 seconds
[2018.04.10-16.31.50:334][  1]LogCollectionManager: Rebuilt the object cache for 0 collections in 0.000001 seconds (found 0 objects)
[2018.04.10-16.31.50:334][  1]LogCollectionManager: Fixed up redirectors for 0 collections in 0.000097 seconds (updated 0 objects)
[2018.04.10-16.31.50:953][  3]LogSlate: Took 0.000294 seconds to synchronously load lazily loaded font '../../../Engine/Content/Slate/Fonts/Roboto-Light.ttf' (159K)
[2018.04.10-16.31.55:615][ 17]LogFileCache: Retrieving MD5 hashes for directory 'C:/Users/langlg/Documents/GitHub/FakeBook/Game 3/DetectiveGame/Content/' took 5.65s
[2018.04.10-16.34.19:701][454]AssetReimport: New page: Outstanding source content changes 8:34:19 AM
[2018.04.10-16.34.19:719][454]LogFactory: FactoryCreateFile: Texture with ReimportTextureFactory (0 0 C:/Users/langlg/Documents/GitHub/FakeBook/Game 3/DetectiveGame/Content/Objects/New folder/face5.psd)
[2018.04.10-16.34.19:946][455]LogFactory: FactoryCreateFile: Texture with ReimportTextureFactory (0 0 C:/Users/langlg/Documents/GitHub/FakeBook/Game 3/DetectiveGame/Content/Objects/New folder/face6.psd)
[2018.04.10-16.34.20:155][456]LogSlate: Took 0.000210 seconds to synchronously load lazily loaded font '../../../Engine/Content/Slate/Fonts/Roboto-Light.ttf' (159K)
[2018.04.10-16.34.20:181][456]Cmd: OBJ SAVEPACKAGE PACKAGE="/Game/Objects/New_folder/face5" FILE="../../../../../../Users/langlg/Documents/GitHub/FakeBook/Game 3/DetectiveGame/Content/Objects/New_folder/face5.uasset" SILENT=true
[2018.04.10-16.34.20:249][456]LogSavePackage: Save=65.32ms
[2018.04.10-16.34.20:249][456]LogSavePackage: Moving '../../../../../../Users/langlg/Documents/GitHub/FakeBook/Game 3/DetectiveGame/Saved/face57D7BA38A4DAC4BA5E918EB9F0F6FCF36.tmp' to '../../../../../../Users/langlg/Documents/GitHub/FakeBook/Game 3/DetectiveGame/Content/Objects/New_folder/face5.uasset'
[2018.04.10-16.34.20:256][456]LogSavePackage: Display: Finished SavePackage ../../../../../../Users/langlg/Documents/GitHub/FakeBook/Game 3/DetectiveGame/Content/Objects/New_folder/face5.uasset
[2018.04.10-16.34.20:270][456]Cmd: OBJ SAVEPACKAGE PACKAGE="/Game/Objects/New_folder/face6" FILE="../../../../../../Users/langlg/Documents/GitHub/FakeBook/Game 3/DetectiveGame/Content/Objects/New_folder/face6.uasset" SILENT=true
[2018.04.10-16.34.20:333][456]LogSavePackage: Save=60.08ms
[2018.04.10-16.34.20:333][456]LogSavePackage: Moving '../../../../../../Users/langlg/Documents/GitHub/FakeBook/Game 3/DetectiveGame/Saved/face61FB5ED99404B6F69432A3ABC4D913DFE.tmp' to '../../../../../../Users/langlg/Documents/GitHub/FakeBook/Game 3/DetectiveGame/Content/Objects/New_folder/face6.uasset'
[2018.04.10-16.34.20:339][456]LogSavePackage: Display: Finished SavePackage ../../../../../../Users/langlg/Documents/GitHub/FakeBook/Game 3/DetectiveGame/Content/Objects/New_folder/face6.uasset
[2018.04.10-16.34.23:356][802]AssetReimport: Importing new asset /Game/Objects/New_folder/face5.
[2018.04.10-16.34.23:356][802]AssetReimport: Importing new asset /Game/Objects/New_folder/face6.
[2018.04.10-16.34.25:441][ 42]MapCheck: New page: Map Check
[2018.04.10-16.34.25:454][ 42]LightingResults: New page: Lighting Build - Apr 10, 2018, 8:34:25 AM
[2018.04.10-16.34.25:544][ 42]LogSwarmInterface: [OpenConnection] Registering TCP channel ...
[2018.04.10-16.34.25:659][ 42]LogSwarmInterface: [OpenConnection] Connecting to agent ...
[2018.04.10-16.34.25:676][ 42]LogSwarmInterface: [TryOpenConnection] Testing the Agent
[2018.04.10-16.34.26:721][ 42]LogSwarmInterface: [TryOpenConnection] Opening Connection to Agent
[2018.04.10-16.34.26:721][ 42]LogSwarmInterface: [TryOpenConnection] Local Process ID is 280
[2018.04.10-16.34.28:922][ 42]LogStaticLightingSystem: Warning: No importance volume found, so the scene bounding box was used.  You can optimize your scene's quality and lighting build times by adding importance volumes.
[2018.04.10-16.34.28:922][ 42]LogStaticLightingSystem: Running Lightmass w/ ImmediateImport mode ENABLED
[2018.04.10-16.34.28:922][ 42]LogStaticLightingSystem: Running Lightmass w/ ImmediateProcess mode ENABLED
[2018.04.10-16.34.28:922][ 42]LogStaticLightingSystem: Running Lightmass w/ Sorting mode ENABLED
[2018.04.10-16.34.28:922][ 42]LogStaticLightingSystem: Running Lightmass w/ Mapping paddings ENABLED
[2018.04.10-16.34.28:922][ 42]LogStaticLightingSystem: Running Lightmass w/ Mapping debug paddings DISABLED
[2018.04.10-16.34.29:136][ 42]LogEditorBuildUtils: Build time 0:03
[2018.04.10-16.34.29:152][ 42]LogMaterial: Missing cached shader map for material FLightmassMaterialRenderer Cartpet, compiling. 
[2018.04.10-16.34.29:162][ 42]LogMaterial: Missing cached shader map for material FLightmassMaterialRenderer Cartpet, compiling. 
[2018.04.10-16.34.29:203][ 43]LogMaterial: Missing cached shader map for material FLightmassMaterialRenderer Wall, compiling. 
[2018.04.10-16.34.29:214][ 43]LogMaterial: Missing cached shader map for material FLightmassMaterialRenderer Wall, compiling. 
[2018.04.10-16.34.29:241][ 44]LogMaterial: Missing cached shader map for material FLightmassMaterialRenderer Celing, compiling. 
[2018.04.10-16.34.29:249][ 44]LogMaterial: Missing cached shader map for material FLightmassMaterialRenderer Celing, compiling. 
[2018.04.10-16.34.29:273][ 45]LogMaterial: Missing cached shader map for material FLightmassMaterialRenderer legs, compiling. 
[2018.04.10-16.34.29:281][ 45]LogMaterial: Missing cached shader map for material FLightmassMaterialRenderer legs, compiling. 
[2018.04.10-16.34.29:305][ 46]LogMaterial: Missing cached shader map for material FLightmassMaterialRenderer lambert2, compiling. 
[2018.04.10-16.34.29:313][ 46]LogMaterial: Missing cached shader map for material FLightmassMaterialRenderer lambert2, compiling. 
[2018.04.10-16.34.29:334][ 47]LogMaterial: Missing cached shader map for material FLightmassMaterialRenderer BedFrame, compiling. 
[2018.04.10-16.34.29:342][ 47]LogMaterial: Missing cached shader map for material FLightmassMaterialRenderer BedFrame, compiling. 
[2018.04.10-16.34.29:363][ 48]LogMaterial: Missing cached shader map for material FLightmassMaterialRenderer bedMatress, compiling. 
[2018.04.10-16.34.29:370][ 48]LogMaterial: Missing cached shader map for material FLightmassMaterialRenderer bedMatress, compiling. 
[2018.04.10-16.34.29:391][ 49]LogMaterial: Missing cached shader map for material FLightmassMaterialRenderer bedCover, compiling. 
[2018.04.10-16.34.29:398][ 49]LogMaterial: Missing cached shader map for material FLightmassMaterialRenderer bedCover, compiling. 
[2018.04.10-16.34.29:422][ 50]LogMaterial: Missing cached shader map for material FLightmassMaterialRenderer couchMaterial, compiling. 
[2018.04.10-16.34.29:432][ 50]LogMaterial: Missing cached shader map for material FLightmassMaterialRenderer couchMaterial, compiling. 
[2018.04.10-16.34.29:455][ 51]LogMaterial: Missing cached shader map for material FLightmassMaterialRenderer WorldGridMaterial, compiling. Is special engine material.
[2018.04.10-16.34.29:465][ 51]LogMaterial: Missing cached shader map for material FLightmassMaterialRenderer WorldGridMaterial, compiling. Is special engine material.
[2018.04.10-16.34.29:491][ 52]LogMaterial: Missing cached shader map for material FLightmassMaterialRenderer BasicShapeMaterial, compiling. 
[2018.04.10-16.34.29:500][ 52]LogMaterial: Missing cached shader map for material FLightmassMaterialRenderer BasicShapeMaterial, compiling. 
[2018.04.10-16.34.35:586][ 70]Job is a success!
[2018.04.10-16.34.35:965][ 71]LogVolumetricLightmapImport: Imported Volumetric Lightmap in 0.009s
[2018.04.10-16.34.35:965][ 71]LogVolumetricLightmapImport:      Indirection Texture 16x16x16 = 0.0Mb
[2018.04.10-16.34.35:965][ 71]LogVolumetricLightmapImport:      BrickData 160x5x5 = 0.1Mb
[2018.04.10-16.34.35:965][ 71]LogVolumetricLightmapImport:      Bricks at Level
[2018.04.10-16.34.35:965][ 71]LogVolumetricLightmapImport:          0: 3.1% covering 100.0% of volume
[2018.04.10-16.34.35:965][ 71]LogVolumetricLightmapImport:          1: 6.3% covering 3.1% of volume
[2018.04.10-16.34.35:965][ 71]LogVolumetricLightmapImport:          2: 90.6% covering 0.7% of volume
[2018.04.10-16.34.36:054][ 71]LogTexture: Display: Building textures: HQ_Lightmap1_1 (AutoDXT, 512X512)
[2018.04.10-16.34.36:054][ 71]LogTexture: Display: Building textures: LQ_Lightmap_1_1 (DXT1, 512X512)
[2018.04.10-16.34.36:091][ 71]Lightmass on SA2502-PC02: 2.40 sec total, 132 ms importing, 20 ms setup, 706 ms photons, 1.22 sec processing, 0 ms extra exporting [16/16 mappings]. Threads: 13.0 sec total, 1.86 sec processing.
[2018.04.10-16.34.36:111][ 71]LogStaticLightingSystem: Illumination: 10.3 sec (66 ms encoding lightmaps, 0 ms encoding shadowmaps)
[2018.04.10-16.34.36:111][ 71]LogStaticLightingSystem: Lightmap texture memory:  0.5 MB (0.5 MB streaming, 0.0 MB non-streaming), 2 textures
[2018.04.10-16.34.36:111][ 71]LogStaticLightingSystem: Shadowmap texture memory: 0.0 MB (0.0 MB streaming, 0.0 MB non-streaming), 0 textures
[2018.04.10-16.34.40:917][ 71]DumpUnbuiltLightIteractions
[2018.04.10-16.34.40:918][ 71]Lights with unbuilt interactions: 0
[2018.04.10-16.34.40:918][ 71]
[2018.04.10-16.34.40:918][ 71]Primitives with unbuilt interactions: 0
[2018.04.10-16.34.40:926][ 72]Cmd: MAP CHECK NOTIFYRESULTS
[2018.04.10-16.34.40:926][ 72]MapCheck: New page: StartupMap - Apr 10, 2018, 8:34:40 AM
[2018.04.10-16.34.41:039][ 72]MapCheck: Map check complete: 0 Error(s), 0 Warning(s), took 112.271ms to complete.
[2018.04.10-16.35.11:874][675]LogEditorViewport: Clicking on Actor (LMB): StaticMeshActor (Wall)
[2018.04.10-16.35.15:476][ 54]LogContentBrowser: Native class hierarchy updated for 'MaterialEditor' in 0.0003 seconds. Added 1 classes and 0 folders.
[2018.04.10-16.35.15:480][ 54]LogMaterial: Missing cached shader map for material Wall, compiling. 
[2018.04.10-16.35.15:914][ 54]LogMaterial: Missing cached shader map for material Wall, compiling. 
[2018.04.10-16.35.15:934][ 54]LogMaterial: Missing cached shader map for material Wall, compiling. 
[2018.04.10-16.35.15:982][ 54]LogMaterial: Missing cached shader map for material FMatExpressionPreview MaterialExpressionTextureSample_0, compiling. 
[2018.04.10-16.35.16:002][ 54]LogSlate: Took 0.004475 seconds to synchronously load lazily loaded font '../../../Engine/Content/Editor/Slate/Fonts/Roboto-BoldCondensed.ttf' (158K)
[2018.04.10-16.35.17:189][175]MaterialEditorStats: Base pass shader: 151 instructions
[2018.04.10-16.35.17:189][175]MaterialEditorStats: Base pass shader with Surface Lightmap: 168 instructions
[2018.04.10-16.35.17:189][175]MaterialEditorStats: Base pass shader with Volumetric Lightmap: 225 instructions
[2018.04.10-16.35.17:189][175]MaterialEditorStats: Vertex shader: 87 instructions
[2018.04.10-16.35.17:189][175]MaterialEditorStats: Texture samplers: 4/16
[2018.04.10-16.35.17:189][175]MaterialEditorStats: User interpolators: 2/4 Scalars (1/4 Vectors) (TexCoords: 2, Custom: 0)
[2018.04.10-16.35.38:898][548]LogEditorViewport: Clicking on Actor (LMB): BP_DeskDrawers_C (BP_DeskDrawers)
[2018.04.10-16.35.39:598][615]LogEditorViewport: Clicking on Actor (CTRL LMB): BP_DeskDrawers_C (BP_DeskDrawers2)
[2018.04.10-16.35.40:699][731]LogEditorViewport: Clicking on Actor (CTRL LMB): BP_DeskDrawers_C (BP_DeskDrawers3)
[2018.04.10-16.35.55:152][235]LogEditorViewport: Clicking on Actor (LMB): StaticMeshActor (Desk)
[2018.04.10-16.36.02:781][959]LogEditorViewport: Clicking on Actor (LMB): BP_DeskDrawers_C (BP_DeskDrawers)
[2018.04.10-16.36.05:280][182]LogContentBrowser: Native class hierarchy updated for 'BlueprintGraph' in 0.0006 seconds. Added 116 classes and 0 folders.
[2018.04.10-16.36.05:906][182]LogSlate: Took 0.000326 seconds to synchronously load lazily loaded font '../../../Engine/Content/Slate/Fonts/Roboto-Regular.ttf' (155K)
[2018.04.10-16.36.06:110][183]LogSlate: Took 0.007371 seconds to synchronously load lazily loaded font '../../../Engine/Content/Editor/Slate/Fonts/Roboto-Italic.ttf' (157K)
[2018.04.10-16.37.04:214][137]LogBlueprint: Warning: Reparenting blueprint Blueprint /Game/Blueprints/BP_DeskDrawers.BP_DeskDrawers from StaticMeshActor to Actor...
[2018.04.10-16.37.04:224][137]LogBlueprint: Warning: [BP_DeskDrawers] 'StaticMeshComponent' variable not found. Base class was probably changed. /Game/Blueprints/BP_DeskDrawers.BP_DeskDrawers
[2018.04.10-16.37.04:224][137]LogBlueprint: Warning: [BP_DeskDrawers] 'StaticMeshComponent' variable not found. Base class was probably changed. /Game/Blueprints/BP_DeskDrawers.BP_DeskDrawers
[2018.04.10-16.37.04:225][137]BlueprintLog: New page: Compile BP_DeskDrawers
[2018.04.10-16.37.04:232][137]LogBlueprint: Warning: [Compiler BP_DeskDrawers] Could not find a variable named "StaticMeshComponent" in 'BP_DeskDrawers_C'.
Make sure 'BP_DeskDrawers_C' has been compiled for  Get StaticMeshComponent
[2018.04.10-16.37.04:232][137]LogBlueprint: Warning: [Compiler BP_DeskDrawers] Could not find a variable named "StaticMeshComponent" in 'BP_DeskDrawers_C'.
Make sure 'BP_DeskDrawers_C' has been compiled for  Get StaticMeshComponent
[2018.04.10-16.37.04:233][137]LogBlueprint: Error: [Compiler BP_DeskDrawers] The property associated with  Static Mesh Component  could not be found
[2018.04.10-16.37.04:233][137]LogBlueprint: Error: [Compiler BP_DeskDrawers] The property associated with  Static Mesh Component  could not be found
[2018.04.10-16.37.04:234][137]LogBlueprint: Warning: USimpleConstructionScript::FixupRootNodeParentReferences() - Couldn't find native parent component 'StaticMeshComponent0' for 'Scene' in BlueprintGeneratedClass 'BP_DeskDrawers_C' (it may have been removed)
[2018.04.10-16.37.04:391][137]LogBlueprint: Warning: [Compiler BP_DeskDrawers] [0351.37] Compile of BP_DeskDrawers failed. 2 Fatal Issue(s) 2 Warning(s) [in 166 ms] (/Game/Blueprints/BP_DeskDrawers.BP_DeskDrawers)
[2018.04.10-16.38.02:773][ 66]BlueprintLog: New page: Compile BP_DeskDrawers
[2018.04.10-16.38.02:780][ 66]LogBlueprint: Warning: [Compiler BP_DeskDrawers] Could not find a variable named "StaticMeshComponent" in 'BP_DeskDrawers_C'.
Make sure 'BP_DeskDrawers_C' has been compiled for  Get StaticMeshComponent
[2018.04.10-16.38.02:780][ 66]LogBlueprint: Warning: [Compiler BP_DeskDrawers] Could not find a variable named "StaticMeshComponent" in 'BP_DeskDrawers_C'.
Make sure 'BP_DeskDrawers_C' has been compiled for  Get StaticMeshComponent
[2018.04.10-16.38.02:781][ 66]LogBlueprint: Error: [Compiler BP_DeskDrawers] The property associated with  Static Mesh Component  could not be found
[2018.04.10-16.38.02:781][ 66]LogBlueprint: Error: [Compiler BP_DeskDrawers] The property associated with  Static Mesh Component  could not be found
[2018.04.10-16.38.02:914][ 66]LogBlueprint: Warning: [Compiler BP_DeskDrawers] [0409.89] Compile of BP_DeskDrawers failed. 2 Fatal Issue(s) 2 Warning(s) [in 140 ms] (/Game/Blueprints/BP_DeskDrawers.BP_DeskDrawers)
[2018.04.10-16.38.17:725][318]BlueprintLog: New page: Compile BP_DeskDrawers
[2018.04.10-16.38.18:568][318]Cmd: OBJ SAVEPACKAGE PACKAGE="/Game/Blueprints/BP_DeskDrawers" FILE="../../../../../../Users/langlg/Documents/GitHub/FakeBook/Game 3/DetectiveGame/Content/Blueprints/BP_DeskDrawers.uasset" SILENT=true
[2018.04.10-16.38.18:621][318]LogSavePackage: Save=34.76ms
[2018.04.10-16.38.18:621][318]LogSavePackage: Moving '../../../../../../Users/langlg/Documents/GitHub/FakeBook/Game 3/DetectiveGame/Saved/BP_DeskDrawers6791154F4AF8854C164442A87A636D27.tmp' to '../../../../../../Users/langlg/Documents/GitHub/FakeBook/Game 3/DetectiveGame/Content/Blueprints/BP_DeskDrawers.uasset'
[2018.04.10-16.38.18:629][318]LogSavePackage: Display: Finished SavePackage ../../../../../../Users/langlg/Documents/GitHub/FakeBook/Game 3/DetectiveGame/Content/Blueprints/BP_DeskDrawers.uasset
[2018.04.10-16.38.34:240][ 29]LogRenderer: Reallocating scene render targets to support 1208x808 Format 26 NumSamples 1 (Frame:3211).
[2018.04.10-16.38.39:631][646]BlueprintLog: New page: Compile BP_DeskDrawers
[2018.04.10-16.38.40:487][646]Cmd: OBJ SAVEPACKAGE PACKAGE="/Game/Blueprints/BP_DeskDrawers" FILE="../../../../../../Users/langlg/Documents/GitHub/FakeBook/Game 3/DetectiveGame/Content/Blueprints/BP_DeskDrawers.uasset" SILENT=true
[2018.04.10-16.38.40:530][646]LogSavePackage: Save=32.97ms
[2018.04.10-16.38.40:530][646]LogSavePackage: Moving '../../../../../../Users/langlg/Documents/GitHub/FakeBook/Game 3/DetectiveGame/Saved/BP_DeskDrawers6BBC764C4A7BCCF2B4640D844028864D.tmp' to '../../../../../../Users/langlg/Documents/GitHub/FakeBook/Game 3/DetectiveGame/Content/Blueprints/BP_DeskDrawers.uasset'
[2018.04.10-16.38.40:537][646]LogSavePackage: Display: Finished SavePackage ../../../../../../Users/langlg/Documents/GitHub/FakeBook/Game 3/DetectiveGame/Content/Blueprints/BP_DeskDrawers.uasset
[2018.04.10-16.40.17:664][786]LogClass: Warning: In asset 'None', there is an enum property of type 'ECollisionEnabled' with an invalid value of ''
[2018.04.10-16.40.17:664][786]LogClass: Warning: In asset 'None', there is an enum property of type 'ECollisionEnabled' with an invalid value of ''
[2018.04.10-16.40.17:664][786]LogClass: Warning: In asset 'None', there is an enum property of type 'ECollisionEnabled' with an invalid value of ''
[2018.04.10-16.40.17:664][786]LogClass: Warning: In asset 'None', there is an enum property of type 'ECollisionEnabled' with an invalid value of ''
[2018.04.10-16.40.17:664][786]LogClass: Warning: In asset 'None', there is an enum property of type 'ECollisionEnabled' with an invalid value of ''
[2018.04.10-16.40.17:664][786]LogClass: Warning: In asset 'None', there is an enum property of type 'ECollisionEnabled' with an invalid value of ''
[2018.04.10-16.40.17:664][786]LogClass: Warning: In asset 'None', there is an enum property of type 'ECollisionEnabled' with an invalid value of ''
[2018.04.10-16.40.17:664][786]LogClass: Warning: In asset 'None', there is an enum property of type 'ECollisionEnabled' with an invalid value of ''
[2018.04.10-16.40.17:664][786]LogClass: Warning: In asset 'None', there is an enum property of type 'ECollisionChannel' with an invalid value of ''
[2018.04.10-16.40.17:664][786]LogClass: Warning: In asset 'None', there is an enum property of type 'ECollisionChannel' with an invalid value of ''
[2018.04.10-16.40.17:664][786]LogClass: Warning: In asset 'None', there is an enum property of type 'ECollisionChannel' with an invalid value of ''
[2018.04.10-16.40.17:664][786]LogClass: Warning: In asset 'None', there is an enum property of type 'ECollisionChannel' with an invalid value of ''
[2018.04.10-16.40.17:664][786]LogClass: Warning: In asset 'None', there is an enum property of type 'ECollisionChannel' with an invalid value of ''
[2018.04.10-16.40.17:664][786]LogClass: Warning: In asset 'None', there is an enum property of type 'ECollisionChannel' with an invalid value of ''
[2018.04.10-16.40.17:664][786]LogClass: Warning: In asset 'None', there is an enum property of type 'ECollisionChannel' with an invalid value of ''
[2018.04.10-16.40.17:664][786]LogClass: Warning: In asset 'None', there is an enum property of type 'ECollisionChannel' with an invalid value of ''
[2018.04.10-16.40.19:438][994]LogClass: Warning: In asset 'None', there is an enum property of type 'ECanBeCharacterBase' with an invalid value of ''
[2018.04.10-16.40.19:438][994]LogClass: Warning: In asset 'None', there is an enum property of type 'ECanBeCharacterBase' with an invalid value of ''
[2018.04.10-16.40.19:438][994]LogClass: Warning: In asset 'None', there is an enum property of type 'ECanBeCharacterBase' with an invalid value of ''
[2018.04.10-16.40.19:438][994]LogClass: Warning: In asset 'None', there is an enum property of type 'ECanBeCharacterBase' with an invalid value of ''
[2018.04.10-16.40.19:438][994]LogClass: Warning: In asset 'None', there is an enum property of type 'ECanBeCharacterBase' with an invalid value of ''
[2018.04.10-16.40.19:438][994]LogClass: Warning: In asset 'None', there is an enum property of type 'ECanBeCharacterBase' with an invalid value of ''
[2018.04.10-16.40.19:438][994]LogClass: Warning: In asset 'None', there is an enum property of type 'ECanBeCharacterBase' with an invalid value of ''
[2018.04.10-16.40.19:438][994]LogClass: Warning: In asset 'None', there is an enum property of type 'ECanBeCharacterBase' with an invalid value of ''
[2018.04.10-16.40.24:480][590]BlueprintLog: New page: Compile BP_DeskDrawers
[2018.04.10-16.40.25:392][590]Cmd: OBJ SAVEPACKAGE PACKAGE="/Game/Blueprints/BP_DeskDrawers" FILE="../../../../../../Users/langlg/Documents/GitHub/FakeBook/Game 3/DetectiveGame/Content/Blueprints/BP_DeskDrawers.uasset" SILENT=true
[2018.04.10-16.40.25:443][590]LogSavePackage: Save=38.67ms
[2018.04.10-16.40.25:443][590]LogSavePackage: Moving '../../../../../../Users/langlg/Documents/GitHub/FakeBook/Game 3/DetectiveGame/Saved/BP_DeskDrawers82CD68A049507E3B9CD3FABA142F1660.tmp' to '../../../../../../Users/langlg/Documents/GitHub/FakeBook/Game 3/DetectiveGame/Content/Blueprints/BP_DeskDrawers.uasset'
[2018.04.10-16.40.25:451][590]LogSavePackage: Display: Finished SavePackage ../../../../../../Users/langlg/Documents/GitHub/FakeBook/Game 3/DetectiveGame/Content/Blueprints/BP_DeskDrawers.uasset
[2018.04.10-16.40.38:646][ 15]LogRenderer: Reallocating scene render targets to support 1432x1044 Format 26 NumSamples 1 (Frame:1).
[2018.04.10-16.41.51:728][705]Cmd: OBJ SAVEPACKAGE PACKAGE="/Game/Objects/Import/deskDrawers" FILE="../../../../../../Users/langlg/Documents/GitHub/FakeBook/Game 3/DetectiveGame/Content/Objects/Import/deskDrawers.uasset" SILENT=true
[2018.04.10-16.41.51:756][705]LogSavePackage: Save=13.94ms
[2018.04.10-16.41.51:756][705]LogSavePackage: Moving '../../../../../../Users/langlg/Documents/GitHub/FakeBook/Game 3/DetectiveGame/Saved/deskDrawers5E52CEC74A8583C8ACA09B9B3C18E2FE.tmp' to '../../../../../../Users/langlg/Documents/GitHub/FakeBook/Game 3/DetectiveGame/Content/Objects/Import/deskDrawers.uasset'
[2018.04.10-16.41.51:758][705]LogSavePackage: Display: Finished SavePackage ../../../../../../Users/langlg/Documents/GitHub/FakeBook/Game 3/DetectiveGame/Content/Objects/Import/deskDrawers.uasset
[2018.04.10-16.41.55:129][ 72]LogSavePackage: Save=105.36ms
[2018.04.10-16.41.55:129][ 72]LogSavePackage: Moving '../../../../../../Users/langlg/Documents/GitHub/FakeBook/Game 3/DetectiveGame/Saved/StartupMap_Auto1F350D5B64196090D95FA36B8D66C4712.tmp' to '../../../../../../Users/langlg/Documents/GitHub/FakeBook/Game 3/DetectiveGame/Saved/Autosaves/Game/VirtualRealityBP/Maps/StartupMap_Auto1.umap'
[2018.04.10-16.41.55:130][ 72]LogSavePackage: Display: Finished SavePackage ../../../../../../Users/langlg/Documents/GitHub/FakeBook/Game 3/DetectiveGame/Saved/Autosaves/Game/VirtualRealityBP/Maps/StartupMap_Auto1.umap
[2018.04.10-16.41.55:138][ 72]LogFileHelpers: Editor autosave (incl. sublevels) for '/Game/VirtualRealityBP/Maps/StartupMap' took 0.154
[2018.04.10-16.41.55:138][ 72]LogFileHelpers: Editor autosave (incl. sublevels) for all levels took 0.154
[2018.04.10-16.41.55:141][ 72]OBJ SavePackage: Generating thumbnails for [0] asset(s) in package [/Game/VirtualRealityBP/Maps/StartupMap_BuiltData] ([1] browsable assets)...
[2018.04.10-16.41.55:141][ 72]OBJ SavePackage: Finished generating thumbnails for package [/Game/VirtualRealityBP/Maps/StartupMap_BuiltData]
[2018.04.10-16.41.55:169][ 72]LogSavePackage: Save=14.50ms
[2018.04.10-16.41.55:169][ 72]LogSavePackage: Moving '../../../../../../Users/langlg/Documents/GitHub/FakeBook/Game 3/DetectiveGame/Saved/StartupMap_BuiltData_Auto174EB89904D31A6C8CC662BBBC9B90C18.tmp' to '../../../../../../Users/langlg/Documents/GitHub/FakeBook/Game 3/DetectiveGame/Saved/Autosaves/Game/VirtualRealityBP/Maps/StartupMap_BuiltData_Auto1.uasset'
[2018.04.10-16.41.55:173][ 72]LogSavePackage: Display: Finished SavePackage ../../../../../../Users/langlg/Documents/GitHub/FakeBook/Game 3/DetectiveGame/Saved/Autosaves/Game/VirtualRealityBP/Maps/StartupMap_BuiltData_Auto1.uasset
[2018.04.10-16.41.55:173][ 72]LogFileHelpers: Auto-saving content packages took 0.033
[2018.04.10-16.42.07:549][837]LogSavePackage: Save=107.44ms
[2018.04.10-16.42.07:549][837]LogSavePackage: Moving '../../../../../../Users/langlg/Documents/GitHub/FakeBook/Game 3/DetectiveGame/Saved/StartupMapE616DF9D4235A3E6FAB24DAB2C56F0C1.tmp' to '../../../../../../Users/langlg/Documents/GitHub/FakeBook/Game 3/DetectiveGame/Content/VirtualRealityBP/Maps/StartupMap.umap'
[2018.04.10-16.42.07:558][837]LogSavePackage: Display: Finished SavePackage ../../../../../../Users/langlg/Documents/GitHub/FakeBook/Game 3/DetectiveGame/Content/VirtualRealityBP/Maps/StartupMap.umap
[2018.04.10-16.42.07:617][837]LogFileHelpers: Saving map 'StartupMap' took 0.293
[2018.04.10-16.42.07:674][837]LogSavePackage: Save=38.34ms
[2018.04.10-16.42.07:674][837]LogSavePackage: Moving '../../../../../../Users/langlg/Documents/GitHub/FakeBook/Game 3/DetectiveGame/Saved/StartupMap_BuiltDataD6DCB5934ED379279D64ECB0B0EB085A.tmp' to '../../../../../../Users/langlg/Documents/GitHub/FakeBook/Game 3/DetectiveGame/Content/VirtualRealityBP/Maps/StartupMap_BuiltData.uasset'
[2018.04.10-16.42.07:678][837]LogSavePackage: Display: Finished SavePackage ../../../../../../Users/langlg/Documents/GitHub/FakeBook/Game 3/DetectiveGame/Content/VirtualRealityBP/Maps/StartupMap_BuiltData.uasset
[2018.04.10-16.42.08:474][838]Cmd: QUIT_EDITOR
[2018.04.10-16.42.08:518][838]LogWindowsTextInputMethodSystem: Display: IME system now deactivated.
[2018.04.10-16.42.08:530][838]LogExit: Preparing to exit.
[2018.04.10-16.42.08:947][838]LogDirectoryWatcher: A directory notification for 'C:/Users/langlg/Documents/GitHub/FakeBook/Game 3/DetectiveGame/Content/' was aborted.
[2018.04.10-16.42.08:988][838]LogExit: Editor shut down
[2018.04.10-16.42.08:994][838]LogExit: Transaction tracking system shut down
[2018.04.10-16.42.09:190][838]LogDirectoryWatcher: A directory notification for '../../../Engine/Content/' was aborted.
[2018.04.10-16.42.09:190][838]LogDirectoryWatcher: A directory notification for '../../../../../../Users/langlg/Documents/GitHub/FakeBook/Game 3/DetectiveGame/Content/' was aborted.
[2018.04.10-16.42.09:191][838]LogDirectoryWatcher: A directory notification for '../../../Engine/Plugins/2D/Paper2D/Content/' was aborted.
[2018.04.10-16.42.09:191][838]LogDirectoryWatcher: A directory notification for '../../../Engine/Plugins/Media/MediaCompositing/Content/' was aborted.
[2018.04.10-16.42.09:191][838]LogDirectoryWatcher: A directory notification for '../../../Engine/Plugins/Runtime/AppleARKit/Content/' was aborted.
[2018.04.10-16.42.09:191][838]LogDirectoryWatcher: A directory notification for '../../../Engine/Plugins/Runtime/Oculus/OculusVR/Content/' was aborted.
[2018.04.10-16.42.09:191][838]LogDirectoryWatcher: A directory notification for '../../../Engine/Plugins/Runtime/Steam/SteamVR/Content/' was aborted.
[2018.04.10-16.42.09:295][838]LogExit: Object subsystem successfully closed.
[2018.04.10-16.42.09:312][838]LogD3D11RHI: Shutdown
[2018.04.10-16.42.09:312][838]LogD3D11RHI: CleanupD3DDevice
[2018.04.10-16.42.09:315][838]LogD3D11RHI: ~FD3D11DynamicRHI
[2018.04.10-16.42.09:337][838]LogModuleManager: Shutting down and abandoning module BlueprintGraph (558)
[2018.04.10-16.42.09:337][838]LogModuleManager: Shutting down and abandoning module StaticMeshEditor (556)
[2018.04.10-16.42.09:337][838]LogModuleManager: Shutting down and abandoning module MaterialEditor (554)
[2018.04.10-16.42.09:337][838]LogModuleManager: Shutting down and abandoning module HierarchicalLODOutliner (552)
[2018.04.10-16.42.09:337][838]LogModuleManager: Shutting down and abandoning module SceneOutliner (550)
[2018.04.10-16.42.09:337][838]LogModuleManager: Shutting down and abandoning module AddContentDialog (548)
[2018.04.10-16.42.09:337][838]LogDirectoryWatcher: A directory notification for 'C:/Program Files/Epic Games/UE_4.18/FeaturePacks/' was aborted.
[2018.04.10-16.42.09:339][838]LogModuleManager: Shutting down and abandoning module WidgetCarousel (547)
[2018.04.10-16.42.09:339][838]LogModuleManager: Shutting down and abandoning module EditorWidgets (544)
[2018.04.10-16.42.09:339][838]LogModuleManager: Shutting down and abandoning module CollectionManager (542)
[2018.04.10-16.42.09:339][838]LogDirectoryWatcher: A directory notification for 'C:/Users/langlg/Documents/GitHub/FakeBook/Game 3/DetectiveGame/Content/Collections/' was aborted.
[2018.04.10-16.42.09:339][838]LogDirectoryWatcher: A directory notification for 'C:/Users/langlg/Documents/GitHub/FakeBook/Game 3/DetectiveGame/Content/Developers/LANGLG/Collections/' was aborted.
[2018.04.10-16.42.09:339][838]LogDirectoryWatcher: A directory notification for 'C:/Users/langlg/Documents/GitHub/FakeBook/Game 3/DetectiveGame/Saved/Collections/' was aborted.
[2018.04.10-16.42.09:339][838]LogModuleManager: Shutting down and abandoning module StatsViewer (540)
[2018.04.10-16.42.09:339][838]LogModuleManager: Shutting down and abandoning module FoliageEdit (538)
[2018.04.10-16.42.09:339][838]LogModuleManager: Shutting down and abandoning module LandscapeEditor (536)
[2018.04.10-16.42.09:340][838]LogModuleManager: Shutting down and abandoning module MeshPaintMode (534)
[2018.04.10-16.42.09:340][838]LogModuleManager: Shutting down and abandoning module SceneDepthPickerMode (532)
[2018.04.10-16.42.09:340][838]LogModuleManager: Shutting down and abandoning module ActorPickerMode (530)
[2018.04.10-16.42.09:340][838]LogModuleManager: Shutting down and abandoning module GeometryMode (528)
[2018.04.10-16.42.09:340][838]LogModuleManager: Shutting down and abandoning module TextureAlignMode (526)
[2018.04.10-16.42.09:340][838]LogModuleManager: Shutting down and abandoning module BspMode (524)
[2018.04.10-16.42.09:340][838]LogModuleManager: Shutting down and abandoning module PIEPreviewDeviceProfileSelector (522)
[2018.04.10-16.42.09:340][838]LogModuleManager: Shutting down and abandoning module HardwareSurvey (520)
[2018.04.10-16.42.09:340][838]LogModuleManager: Shutting down and abandoning module SequenceRecorderSections (518)
[2018.04.10-16.42.09:340][838]LogModuleManager: Shutting down and abandoning module AutomationWorker (516)
[2018.04.10-16.42.09:340][838]LogModuleManager: Shutting down and abandoning module MatineeToLevelSequence (514)
[2018.04.10-16.42.09:340][838]LogModuleManager: Shutting down and abandoning module LevelSequenceEditor (512)
[2018.04.10-16.42.09:341][838]LogModuleManager: Shutting down and abandoning module PlacementMode (511)
[2018.04.10-16.42.09:341][838]LogModuleManager: Shutting down and abandoning module WmfMediaFactory (508)
[2018.04.10-16.42.09:341][838]LogModuleManager: Shutting down and abandoning module WmfMediaEditor (506)
[2018.04.10-16.42.09:341][838]LogModuleManager: Shutting down and abandoning module OpenExrWrapper (504)
[2018.04.10-16.42.09:341][838]LogModuleManager: Shutting down and abandoning module ImgMediaFactory (502)
[2018.04.10-16.42.09:341][838]LogModuleManager: Shutting down and abandoning module ImgMediaEditor (500)
[2018.04.10-16.42.09:341][838]LogModuleManager: Shutting down and abandoning module AvfMediaFactory (498)
[2018.04.10-16.42.09:341][838]LogModuleManager: Shutting down and abandoning module AvfMediaEditor (496)
[2018.04.10-16.42.09:341][838]LogModuleManager: Shutting down and abandoning module AndroidMediaFactory (494)
[2018.04.10-16.42.09:341][838]LogModuleManager: Shutting down and abandoning module AndroidMediaEditor (492)
[2018.04.10-16.42.09:341][838]LogModuleManager: Shutting down and abandoning module CharacterAI (490)
[2018.04.10-16.42.09:341][838]LogModuleManager: Shutting down and abandoning module AudioCapture (488)
[2018.04.10-16.42.09:341][838]LogModuleManager: Shutting down and abandoning module SequenceRecorder (487)
[2018.04.10-16.42.09:341][838]LogModuleManager: Shutting down and abandoning module SmartSnapping (484)
[2018.04.10-16.42.09:341][838]LogModuleManager: Shutting down and abandoning module SessionServices (482)
[2018.04.10-16.42.09:341][838]LogModuleManager: Shutting down and abandoning module ViewportSnapping (480)
[2018.04.10-16.42.09:341][838]LogModuleManager: Shutting down and abandoning module ViewportInteraction (478)
[2018.04.10-16.42.09:341][838]LogModuleManager: Shutting down and abandoning module ClothPainter (476)
[2018.04.10-16.42.09:341][838]LogModuleManager: Shutting down and abandoning module SkeletalMeshEditor (475)
[2018.04.10-16.42.09:342][838]LogModuleManager: Shutting down and abandoning module LogVisualizer (472)
[2018.04.10-16.42.09:342][838]LogModuleManager: Shutting down and abandoning module IntroTutorials (470)
[2018.04.10-16.42.09:342][838]LogModuleManager: Shutting down and abandoning module GameProjectGeneration (469)
[2018.04.10-16.42.09:343][838]LogModuleManager: Shutting down and abandoning module IOSPlatformEditor (466)
[2018.04.10-16.42.09:343][838]LogModuleManager: Shutting down and abandoning module HTML5PlatformEditor (464)
[2018.04.10-16.42.09:343][838]LogModuleManager: Shutting down and abandoning module AndroidPlatformEditor (462)
[2018.04.10-16.42.09:343][838]LogModuleManager: Shutting down and abandoning module AndroidDeviceDetection (461)
[2018.04.10-16.42.10:019][838]LogModuleManager: Shutting down and abandoning module WindowsPlatformEditor (458)
[2018.04.10-16.42.10:019][838]LogModuleManager: Shutting down and abandoning module IOSRuntimeSettings (456)
[2018.04.10-16.42.10:019][838]LogModuleManager: Shutting down and abandoning module AndroidRuntimeSettings (454)
[2018.04.10-16.42.10:019][838]LogModuleManager: Shutting down and abandoning module InputBindingEditor (452)
[2018.04.10-16.42.10:019][838]LogModuleManager: Shutting down and abandoning module MergeActors (450)
[2018.04.10-16.42.10:019][838]LogModuleManager: Shutting down and abandoning module SizeMap (448)
[2018.04.10-16.42.10:020][838]LogModuleManager: Shutting down and abandoning module TreeMap (446)
[2018.04.10-16.42.10:020][838]LogModuleManager: Shutting down and abandoning module ReferenceViewer (444)
[2018.04.10-16.42.10:020][838]LogModuleManager: Shutting down and abandoning module LocalizationDashboard (442)
[2018.04.10-16.42.10:020][838]LogModuleManager: Shutting down and abandoning module LocalizationService (441)
[2018.04.10-16.42.10:020][838]LogModuleManager: Shutting down and abandoning module HardwareTargeting (438)
[2018.04.10-16.42.10:021][838]LogModuleManager: Shutting down and abandoning module DeviceProfileEditor (436)
[2018.04.10-16.42.10:021][838]LogModuleManager: Shutting down and abandoning module UndoHistory (434)
[2018.04.10-16.42.10:021][838]LogModuleManager: Shutting down and abandoning module XmlParser (432)
[2018.04.10-16.42.10:021][838]LogModuleManager: Shutting down and abandoning module Blutility (430)
[2018.04.10-16.42.10:021][838]LogModuleManager: Shutting down and abandoning module ProjectSettingsViewer (428)
[2018.04.10-16.42.10:021][838]LogModuleManager: Shutting down and abandoning module ProjectTargetPlatformEditor (427)
[2018.04.10-16.42.10:021][838]LogModuleManager: Shutting down and abandoning module EditorSettingsViewer (424)
[2018.04.10-16.42.10:021][838]LogModuleManager: Shutting down and abandoning module SettingsEditor (422)
[2018.04.10-16.42.10:022][838]LogModuleManager: Shutting down and abandoning module ProjectLauncher (420)
[2018.04.10-16.42.10:022][838]LogModuleManager: Shutting down and abandoning module SessionFrontend (418)
[2018.04.10-16.42.10:022][838]LogModuleManager: Shutting down and abandoning module ProfilerClient (416)
[2018.04.10-16.42.10:022][838]LogModuleManager: Shutting down and abandoning module DeviceManager (414)
[2018.04.10-16.42.10:022][838]LogModuleManager: Shutting down and abandoning module TargetDeviceServices (413)
[2018.04.10-16.42.10:078][838]LogModuleManager: Shutting down and abandoning module AutomationController (410)
[2018.04.10-16.42.10:078][838]LogModuleManager: Shutting down and abandoning module AutomationWindow (408)
[2018.04.10-16.42.10:078][838]LogModuleManager: Shutting down and abandoning module Layers (406)
[2018.04.10-16.42.10:081][838]LogModuleManager: Shutting down and abandoning module ComponentVisualizers (404)
[2018.04.10-16.42.10:081][838]LogModuleManager: Shutting down and abandoning module DetailCustomizations (402)
[2018.04.10-16.42.10:081][838]LogModuleManager: Shutting down and abandoning module PackagesDialog (400)
[2018.04.10-16.42.10:081][838]LogModuleManager: Shutting down and abandoning module Persona (398)
[2018.04.10-16.42.10:082][838]LogModuleManager: Shutting down and abandoning module AdvancedPreviewScene (397)
[2018.04.10-16.42.10:082][838]LogModuleManager: Shutting down and abandoning module AnimGraph (395)
[2018.04.10-16.42.10:082][838]LogModuleManager: Shutting down and abandoning module Kismet (392)
[2018.04.10-16.42.10:098][838]LogModuleManager: Shutting down and abandoning module ClassViewer (390)
[2018.04.10-16.42.10:100][838]LogModuleManager: Shutting down and abandoning module Toolbox (388)
[2018.04.10-16.42.10:101][838]LogModuleManager: Shutting down and abandoning module ModuleUI (386)
[2018.04.10-16.42.10:101][838]LogModuleManager: Shutting down and abandoning module MovieSceneTools (384)
[2018.04.10-16.42.10:101][838]LogModuleManager: Shutting down and abandoning module OutputLog (382)
[2018.04.10-16.42.10:102][838]LogModuleManager: Shutting down and abandoning module GammaUI (380)
[2018.04.10-16.42.10:102][838]LogModuleManager: Shutting down and abandoning module Documentation (378)
[2018.04.10-16.42.10:102][838]LogModuleManager: Shutting down and abandoning module MovieSceneTracks (376)
[2018.04.10-16.42.10:102][838]LogModuleManager: Shutting down and abandoning module MovieScene (374)
[2018.04.10-16.42.10:103][838]LogModuleManager: Shutting down and abandoning module StreamingPauseRendering (372)
[2018.04.10-16.42.10:103][838]LogModuleManager: Shutting down and abandoning module LauncherPlatform (370)
[2018.04.10-16.42.10:103][838]LogModuleManager: Shutting down and abandoning module AnalyticsET (368)
[2018.04.10-16.42.10:103][838]LogModuleManager: Shutting down and abandoning module PortalServices (366)
[2018.04.10-16.42.10:103][838]LogModuleManager: Shutting down and abandoning module PortalRpc (364)
[2018.04.10-16.42.10:103][838]LogModuleManager: Shutting down and abandoning module MessagingRpc (362)
[2018.04.10-16.42.10:103][838]LogModuleManager: Shutting down and abandoning module AIModule (360)
[2018.04.10-16.42.10:103][838]LogModuleManager: Shutting down and abandoning module GameplayDebugger (359)
[2018.04.10-16.42.10:103][838]LogModuleManager: Shutting down and abandoning module AITestSuite (357)
[2018.04.10-16.42.10:103][838]LogModuleManager: Shutting down and abandoning module DesktopPlatform (354)
[2018.04.10-16.42.10:103][838]LogModuleManager: Shutting down and abandoning module ProfilerService (352)
[2018.04.10-16.42.10:279][838]LogModuleManager: Shutting down and abandoning module TaskGraph (350)
[2018.04.10-16.42.10:279][838]LogModuleManager: Shutting down and abandoning module SteamVRController (348)
[2018.04.10-16.42.10:279][838]LogModuleManager: Shutting down and abandoning module ProceduralMeshComponentEditor (346)
[2018.04.10-16.42.10:279][838]LogModuleManager: Shutting down and abandoning module ProceduralMeshComponent (344)
[2018.04.10-16.42.10:279][838]LogModuleManager: Shutting down and abandoning module OculusInput (342)
[2018.04.10-16.42.10:279][838]LogModuleManager: Shutting down and abandoning module MobilePatchingUtils (340)
[2018.04.10-16.42.10:279][838]LogModuleManager: Shutting down and abandoning module CustomMeshComponent (338)
[2018.04.10-16.42.10:279][838]LogModuleManager: Shutting down and abandoning module CableComponent (336)
[2018.04.10-16.42.10:279][838]LogModuleManager: Shutting down and abandoning module ArchVisCharacter (334)
[2018.04.10-16.42.10:279][838]LogModuleManager: Shutting down and abandoning module AndroidPermission (332)
[2018.04.10-16.42.10:279][838]LogModuleManager: Shutting down and abandoning module ActorSequence (328)
[2018.04.10-16.42.10:280][838]LogModuleManager: Shutting down and abandoning module MediaPlayerEditor (326)
[2018.04.10-16.42.10:280][838]LogModuleManager: Shutting down and abandoning module MediaCompositingEditor (324)
[2018.04.10-16.42.10:280][838]LogModuleManager: Shutting down and abandoning module MediaCompositing (322)
[2018.04.10-16.42.10:280][838]LogModuleManager: Shutting down and abandoning module HTML5Networking (320)
[2018.04.10-16.42.10:280][838]LogModuleManager: Shutting down and abandoning module AlembicImporter (318)
[2018.04.10-16.42.10:281][838]LogModuleManager: Shutting down and abandoning module AlembicLibrary (317)
[2018.04.10-16.42.10:281][838]LogModuleManager: Shutting down and abandoning module GeometryCache (316)
[2018.04.10-16.42.10:281][838]LogModuleManager: Shutting down and abandoning module GeometryCacheEd (315)
[2018.04.10-16.42.10:281][838]LogModuleManager: Shutting down and abandoning module SpeedTreeImporter (310)
[2018.04.10-16.42.10:281][838]LogModuleManager: Shutting down and abandoning module PluginBrowser (308)
[2018.04.10-16.42.10:281][838]LogModuleManager: Shutting down and abandoning module MobileLauncherProfileWizard (306)
[2018.04.10-16.42.10:282][838]LogModuleManager: Shutting down and abandoning module VisualStudioSourceCodeAccess (304)
[2018.04.10-16.42.10:282][838]LogModuleManager: Shutting down and abandoning module VisualStudioCodeSourceCodeAccess (302)
[2018.04.10-16.42.10:282][838]LogModuleManager: Shutting down and abandoning module UObjectPlugin (300)
[2018.04.10-16.42.10:282][838]LogModuleManager: Shutting down and abandoning module SubversionSourceControl (298)
[2018.04.10-16.42.10:282][838]LogModuleManager: Shutting down and abandoning module PerforceSourceControl (296)
[2018.04.10-16.42.10:282][838]LogModuleManager: Shutting down and abandoning module GitSourceControl (294)
[2018.04.10-16.42.10:282][838]LogModuleManager: Shutting down and abandoning module SourceControl (293)
[2018.04.10-16.42.10:283][838]LogModuleManager: Shutting down and abandoning module LightPropagationVolumeEditor (290)
[2018.04.10-16.42.10:283][838]LogModuleManager: Shutting down and abandoning module PaperTiledImporter (288)
[2018.04.10-16.42.10:283][838]LogModuleManager: Shutting down and abandoning module PaperSpriteSheetImporter (286)
[2018.04.10-16.42.10:283][838]LogModuleManager: Shutting down and abandoning module Paper2DEditor (284)
[2018.04.10-16.42.10:283][838]LogModuleManager: Shutting down and abandoning module MeshPaint (283)
[2018.04.10-16.42.10:283][838]LogModuleManager: Shutting down and abandoning module LevelEditor (281)
[2018.04.10-16.42.10:285][838]LogModuleManager: Shutting down and abandoning module PixelInspectorModule (280)
[2018.04.10-16.42.10:285][838]LogModuleManager: Shutting down and abandoning module MainFrame (278)
[2018.04.10-16.42.10:285][838]LogModuleManager: Shutting down and abandoning module HotReload (277)
[2018.04.10-16.42.10:286][838]LogModuleManager: Shutting down and abandoning module RuntimePhysXCooking (272)
[2018.04.10-16.42.10:286][838]LogModuleManager: Shutting down and abandoning module PhysXVehiclesEditor (270)
[2018.04.10-16.42.10:287][838]LogModuleManager: Shutting down and abandoning module PhysXVehicles (268)
[2018.04.10-16.42.10:287][838]LogModuleManager: Shutting down and abandoning module OculusEditor (266)
[2018.04.10-16.42.10:287][838]LogModuleManager: Shutting down and abandoning module LocationServicesBPLibrary (264)
[2018.04.10-16.42.10:287][838]LogModuleManager: Shutting down and abandoning module ImmediatePhysicsEditor (262)
[2018.04.10-16.42.10:287][838]LogModuleManager: Shutting down and abandoning module ImmediatePhysics (260)
[2018.04.10-16.42.10:287][838]LogModuleManager: Shutting down and abandoning module ApexDestructionEditor (258)
[2018.04.10-16.42.10:287][838]LogModuleManager: Shutting down and abandoning module ApexDestruction (256)
[2018.04.10-16.42.10:287][838]LogModuleManager: Shutting down and abandoning module UdpMessaging (254)
[2018.04.10-16.42.10:388][838]LogModuleManager: Shutting down and abandoning module TcpMessaging (252)
[2018.04.10-16.42.10:489][838]LogModuleManager: Shutting down and abandoning module GameplayTagsEditor (250)
[2018.04.10-16.42.10:489][838]LogModuleManager: Shutting down and abandoning module FacialAnimationEditor (248)
[2018.04.10-16.42.10:489][838]LogModuleManager: Shutting down and abandoning module FacialAnimation (246)
[2018.04.10-16.42.10:489][838]LogModuleManager: Shutting down and abandoning module AssetManagerEditor (244)
[2018.04.10-16.42.10:489][838]LogModuleManager: Shutting down and abandoning module GraphEditor (243)
[2018.04.10-16.42.10:489][838]LogModuleManager: Shutting down and abandoning module ContentBrowser (241)
[2018.04.10-16.42.10:491][838]LogModuleManager: Shutting down and abandoning module LightPropagationVolumeRuntime (238)
[2018.04.10-16.42.10:492][838]LogModuleManager: Shutting down and abandoning module Paper2D (236)
[2018.04.10-16.42.10:492][838]LogModuleManager: Shutting down and abandoning module WindowsMoviePlayer (234)
[2018.04.10-16.42.10:492][838]LogModuleManager: Shutting down and abandoning module WmfMedia (232)
[2018.04.10-16.42.10:496][838]LogModuleManager: Shutting down and abandoning module ImgMedia (230)
[2018.04.10-16.42.10:496][838]LogModuleManager: Shutting down and abandoning module PacketHandler (228)
[2018.04.10-16.42.10:496][838]LogModuleManager: Shutting down and abandoning module ClothingSystemEditor (226)
[2018.04.10-16.42.10:496][838]LogModuleManager: Shutting down and abandoning module ClothingSystemRuntime (224)
[2018.04.10-16.42.10:496][838]LogModuleManager: Shutting down and abandoning module MediaAssets (222)
[2018.04.10-16.42.10:496][838]LogModuleManager: Shutting down and abandoning module Media (221)
[2018.04.10-16.42.10:502][838]LogModuleManager: Shutting down and abandoning module Overlay (218)
[2018.04.10-16.42.10:503][838]LogModuleManager: Shutting down and abandoning module OverlayEditor (217)
[2018.04.10-16.42.10:503][838]LogModuleManager: Shutting down and abandoning module VREditor (214)
[2018.04.10-16.42.10:503][838]LogModuleManager: Shutting down and abandoning module StringTableEditor (212)
[2018.04.10-16.42.10:503][838]LogModuleManager: Shutting down and abandoning module GameplayTasksEditor (210)
[2018.04.10-16.42.10:503][838]LogModuleManager: Shutting down and abandoning module BehaviorTreeEditor (208)
[2018.04.10-16.42.10:504][838]LogModuleManager: Shutting down and abandoning module FunctionalTesting (206)
[2018.04.10-16.42.10:504][838]LogModuleManager: Shutting down and abandoning module CollisionAnalyzer (204)
[2018.04.10-16.42.10:504][838]LogModuleManager: Shutting down and abandoning module WorkspaceMenuStructure (203)
[2018.04.10-16.42.10:504][838]LogModuleManager: Shutting down and abandoning module UMG (200)
[2018.04.10-16.42.10:504][838]LogModuleManager: Shutting down and abandoning module UMGEditor (199)
[2018.04.10-16.42.10:505][838]LogModuleManager: Shutting down and abandoning module Sequencer (198)
[2018.04.10-16.42.10:506][838]LogModuleManager: Shutting down and abandoning module MessageLog (195)
[2018.04.10-16.42.10:506][838]LogModuleManager: Shutting down and abandoning module SlateReflector (190)
[2018.04.10-16.42.10:507][838]LogModuleManager: Shutting down and abandoning module Slate (188)
[2018.04.10-16.42.10:507][838]LogModuleManager: Shutting down and abandoning module EditorStyle (186)
[2018.04.10-16.42.10:513][838]LogModuleManager: Shutting down and abandoning module MRMesh (184)
[2018.04.10-16.42.10:513][838]LogModuleManager: Shutting down and abandoning module SourceCodeAccess (182)
[2018.04.10-16.42.10:513][838]LogModuleManager: Shutting down and abandoning module HeadMountedDisplay (180)
[2018.04.10-16.42.10:513][838]LogModuleManager: Shutting down and abandoning module XAudio2 (178)
[2018.04.10-16.42.10:513][838]LogModuleManager: Shutting down and abandoning module Networking (176)
[2018.04.10-16.42.10:513][838]LogModuleManager: Shutting down and abandoning module Core (172)
[2018.04.10-16.42.10:513][838]LogModuleManager: Shutting down and abandoning module LevelSequence (168)
[2018.04.10-16.42.10:513][838]LogModuleManager: Shutting down and abandoning module DirectoryWatcher (166)
[2018.04.10-16.42.10:515][838]LogModuleManager: Shutting down and abandoning module KismetCompiler (164)
[2018.04.10-16.42.10:515][838]LogModuleManager: Shutting down and abandoning module MeshUtilities (162)
[2018.04.10-16.42.10:515][838]LogModuleManager: Shutting down and abandoning module MeshMergeUtilities (161)
[2018.04.10-16.42.10:516][838]LogModuleManager: Shutting down and abandoning module MeshReductionInterface (160)
[2018.04.10-16.42.10:516][838]LogModuleManager: Shutting down and abandoning module SimplygonSwarm (159)
[2018.04.10-16.42.10:516][838]LogModuleManager: Shutting down and abandoning module SimplygonMeshReduction (157)
[2018.04.10-16.42.10:516][838]LogModuleManager: Shutting down and abandoning module QuadricMeshReduction (155)
[2018.04.10-16.42.10:516][838]LogModuleManager: Shutting down and abandoning module MaterialBaking (151)
[2018.04.10-16.42.10:516][838]LogModuleManager: Shutting down and abandoning module DerivedDataCache (148)
[2018.04.10-16.42.10:529][838]LogDerivedDataCache: Shutdown
[2018.04.10-16.42.10:529][838]LogModuleManager: Shutting down and abandoning module TargetPlatform (146)
[2018.04.10-16.42.10:529][838]LogModuleManager: Shutting down and abandoning module VulkanShaderFormat (145)
[2018.04.10-16.42.10:529][838]LogModuleManager: Shutting down and abandoning module ShaderFormatVectorVM (143)
[2018.04.10-16.42.10:529][838]LogModuleManager: Shutting down and abandoning module ShaderFormatOpenGL (141)
[2018.04.10-16.42.10:530][838]LogModuleManager: Shutting down and abandoning module ShaderFormatD3D (139)
[2018.04.10-16.42.10:530][838]LogModuleManager: Shutting down and abandoning module MetalShaderFormat (137)
[2018.04.10-16.42.10:530][838]LogModuleManager: Shutting down and abandoning module TextureFormatUncompressed (135)
[2018.04.10-16.42.10:530][838]LogModuleManager: Shutting down and abandoning module TextureFormatPVR (133)
[2018.04.10-16.42.10:530][838]LogModuleManager: Shutting down and abandoning module TextureFormatDXT (131)
[2018.04.10-16.42.10:530][838]LogModuleManager: Shutting down and abandoning module TextureFormatIntelISPCTexComp (129)
[2018.04.10-16.42.10:531][838]LogModuleManager: Shutting down and abandoning module TextureFormatASTC (127)
[2018.04.10-16.42.10:531][838]LogModuleManager: Shutting down and abandoning module ImageWrapper (126)
[2018.04.10-16.42.10:531][838]LogModuleManager: Shutting down and abandoning module TextureFormatAndroid (123)
[2018.04.10-16.42.10:531][838]LogModuleManager: Shutting down and abandoning module AudioFormatOpus (121)
[2018.04.10-16.42.10:531][838]LogModuleManager: Shutting down and abandoning module AudioFormatOgg (119)
[2018.04.10-16.42.10:531][838]LogModuleManager: Shutting down and abandoning module AudioFormatADPCM (117)
[2018.04.10-16.42.10:531][838]LogModuleManager: Shutting down and abandoning module LinuxTargetPlatform (115)
[2018.04.10-16.42.10:531][838]LogModuleManager: Shutting down and abandoning module LinuxServerTargetPlatform (113)
[2018.04.10-16.42.10:531][838]LogModuleManager: Shutting down and abandoning module LinuxNoEditorTargetPlatform (111)
[2018.04.10-16.42.10:531][838]LogModuleManager: Shutting down and abandoning module LinuxClientTargetPlatform (109)
[2018.04.10-16.42.10:531][838]LogModuleManager: Shutting down and abandoning module TVOSTargetPlatform (107)
[2018.04.10-16.42.10:531][838]LogModuleManager: Shutting down and abandoning module Messaging (105)
[2018.04.10-16.42.10:531][838]LogModuleManager: Shutting down and abandoning module IOSTargetPlatform (103)
[2018.04.10-16.42.10:531][838]LogModuleManager: Shutting down and abandoning module HTML5TargetPlatform (101)
[2018.04.10-16.42.10:531][838]LogModuleManager: Shutting down and abandoning module AndroidTargetPlatform (99)
[2018.04.10-16.42.10:531][838]LogModuleManager: Shutting down and abandoning module Android_PVRTCTargetPlatform (97)
[2018.04.10-16.42.10:531][838]LogModuleManager: Shutting down and abandoning module Android_MultiTargetPlatform (95)
[2018.04.10-16.42.10:531][838]LogModuleManager: Shutting down and abandoning module Android_ETC2TargetPlatform (93)
[2018.04.10-16.42.10:531][838]LogModuleManager: Shutting down and abandoning module Android_ETC1TargetPlatform (91)
[2018.04.10-16.42.10:531][838]LogModuleManager: Shutting down and abandoning module Android_DXTTargetPlatform (89)
[2018.04.10-16.42.10:532][838]LogModuleManager: Shutting down and abandoning module Android_ATCTargetPlatform (87)
[2018.04.10-16.42.10:532][838]LogModuleManager: Shutting down and abandoning module Android_ASTCTargetPlatform (85)
[2018.04.10-16.42.10:532][838]LogModuleManager: Shutting down and abandoning module WindowsTargetPlatform (83)
[2018.04.10-16.42.10:532][838]LogModuleManager: Shutting down and abandoning module WindowsServerTargetPlatform (81)
[2018.04.10-16.42.10:532][838]LogModuleManager: Shutting down and abandoning module WindowsNoEditorTargetPlatform (79)
[2018.04.10-16.42.10:532][838]LogModuleManager: Shutting down and abandoning module WindowsClientTargetPlatform (77)
[2018.04.10-16.42.10:532][838]LogModuleManager: Shutting down and abandoning module MacTargetPlatform (75)
[2018.04.10-16.42.10:532][838]LogModuleManager: Shutting down and abandoning module MacServerTargetPlatform (73)
[2018.04.10-16.42.10:532][838]LogModuleManager: Shutting down and abandoning module MacNoEditorTargetPlatform (71)
[2018.04.10-16.42.10:532][838]LogModuleManager: Shutting down and abandoning module MacClientTargetPlatform (69)
[2018.04.10-16.42.10:532][838]LogModuleManager: Shutting down and abandoning module AllDesktopTargetPlatform (67)
[2018.04.10-16.42.10:532][838]LogModuleManager: Shutting down and abandoning module InputCore (64)
[2018.04.10-16.42.10:532][838]LogModuleManager: Shutting down and abandoning module Settings (62)
[2018.04.10-16.42.10:532][838]LogModuleManager: Shutting down and abandoning module PhysXCooking (60)
[2018.04.10-16.42.10:532][838]LogModuleManager: Shutting down and abandoning module SteamVR (58)
[2018.04.10-16.42.10:532][838]LogModuleManager: Shutting down and abandoning module OculusHMD (56)
[2018.04.10-16.42.10:532][838]LogModuleManager: Shutting down and abandoning module ExampleDeviceProfileSelector (54)
[2018.04.10-16.42.10:532][838]LogModuleManager: Shutting down and abandoning module AppleARKit (52)
[2018.04.10-16.42.10:532][838]LogModuleManager: Shutting down and abandoning module AugmentedReality (51)
[2018.04.10-16.42.10:532][838]LogModuleManager: Shutting down and abandoning module OnlineBlueprintSupport (48)
[2018.04.10-16.42.10:533][838]LogModuleManager: Shutting down and abandoning module OnlineSubsystem (44)
[2018.04.10-16.42.10:533][838]LogModuleManager: Shutting down and abandoning module XMPP (43)
[2018.04.10-16.42.10:534][838]LogModuleManager: Shutting down and abandoning module HTTP (41)
[2018.04.10-16.42.10:534][838]LogHttp: Display: Http module shutting down, but needs to wait on 1 outstanding Http requests:
[2018.04.10-16.42.10:534][838]LogHttp: Display: 	verb=[POST] url=[https://datarouter.ol.epicgames.com/datarouter/api/v1/public/data?SessionID=%7B2B0CFE21-4FF2-5708-7698-AD8D2F965273%7D&AppID=UEEditor.Rocket.Release&AppVersion=4.18.2-3794801%2B%2B%2BUE4%2BRelease-4.18&UserID=b2e6573947b13cdf34c8b79340542664%7C4478b30bdc294823a3cf87d051182ded%7Cf13a57f5-a90d-4937-b063-d8173ca1d930&AppEnvironment=datacollector-binary&UploadType=eteventstream] status=Processing
[2018.04.10-16.42.10:549][838]LogModuleManager: Shutting down and abandoning module SSL (40)
[2018.04.10-16.42.10:552][838]LogModuleManager: Shutting down and abandoning module AnimationModifiers (36)
[2018.04.10-16.42.10:552][838]LogModuleManager: Shutting down and abandoning module PropertyEditor (35)
[2018.04.10-16.42.10:552][838]LogModuleManager: Shutting down and abandoning module AudioEditor (32)
[2018.04.10-16.42.10:552][838]LogModuleManager: Shutting down and abandoning module TextureCompressor (30)
[2018.04.10-16.42.10:553][838]LogModuleManager: Shutting down and abandoning module ShaderCore (28)
[2018.04.10-16.42.10:553][838]LogModuleManager: Shutting down and abandoning module Landscape (26)
[2018.04.10-16.42.10:553][838]LogModuleManager: Shutting down and abandoning module SlateRHIRenderer (24)
[2018.04.10-16.42.10:555][838]LogModuleManager: Shutting down and abandoning module OpenGLDrv (22)
[2018.04.10-16.42.10:556][838]LogModuleManager: Shutting down and abandoning module D3D11RHI (20)
[2018.04.10-16.42.10:556][838]LogModuleManager: Shutting down and abandoning module AnimGraphRuntime (18)
[2018.04.10-16.42.10:556][838]LogModuleManager: Shutting down and abandoning module Renderer (16)
[2018.04.10-16.42.10:556][838]LogModuleManager: Shutting down and abandoning module Engine (14)
[2018.04.10-16.42.10:556][838]LogModuleManager: Shutting down and abandoning module CoreUObject (12)
[2018.04.10-16.42.10:556][838]LogModuleManager: Shutting down and abandoning module NetworkFile (10)
[2018.04.10-16.42.10:556][838]LogModuleManager: Shutting down and abandoning module CookedIterativeFile (8)
[2018.04.10-16.42.10:557][838]LogModuleManager: Shutting down and abandoning module StreamingFile (6)
[2018.04.10-16.42.10:557][838]LogModuleManager: Shutting down and abandoning module SandboxFile (4)
[2018.04.10-16.42.10:557][838]LogModuleManager: Shutting down and abandoning module PakFile (2)
[2018.04.10-16.42.10:570][838]LogExit: Exiting.
[2018.04.10-16.42.10:620][838]Log file closed, 04/10/18 12:42:10
