Log file open, 03/28/18 16:18:00
LogWindows: Failed to load 'aqProf.dll' (GetLastError=126)
LogWindows: File 'aqProf.dll' does not exist
LogWindows: Failed to load 'VSPerf140.dll' (GetLastError=126)
LogWindows: File 'VSPerf140.dll' does not exist
LogWindows: Failed to load 'VtuneApi.dll' (GetLastError=126)
LogWindows: File 'VtuneApi.dll' does not exist
LogWindows: Failed to load 'VtuneApi32e.dll' (GetLastError=126)
LogWindows: File 'VtuneApi32e.dll' does not exist
LogInit: Display: Running engine for game: DetectiveGame
LogPlatformFile: Not using cached read wrapper
LogInit: Display: RandInit(758274215) SRandInit(758274215).
LogInit: Read version file with build ID '3709383'
LogInit: Overriding engine version to CL 3832480, compatible CL 3709383
LogInit: Registered custom module enumerator with build ID '3709383'
LogTaskGraph: Started task graph with 5 named threads and 20 total threads with 3 sets of task threads.
LogStats: Stats thread started at 0.230923
LogD3D11RHI: Aftermath initialized
LogModuleManager: Display: Found up-to-date module file ../../../Engine/Plugins/Runtime/ApexDestruction/Binaries/Win64/UE4Editor-ApexDestruction.dll (API version 3709383).
LogModuleManager: Display: Found up-to-date module file ../../../Engine/Plugins/Runtime/ApexDestruction/Binaries/Win64/UE4Editor-ApexDestructionEditor.dll (API version 3709383).
LogModuleManager: Display: Found up-to-date module file ../../../Engine/Plugins/2D/Paper2D/Binaries/Win64/UE4Editor-Paper2D.dll (API version 3709383).
LogModuleManager: Display: Found up-to-date module file ../../../Engine/Plugins/2D/Paper2D/Binaries/Win64/UE4Editor-Paper2DEditor.dll (API version 3709383).
LogModuleManager: Display: Found up-to-date module file ../../../Engine/Plugins/2D/Paper2D/Binaries/Win64/UE4Editor-PaperSpriteSheetImporter.dll (API version 3709383).
LogModuleManager: Display: Found up-to-date module file ../../../Engine/Plugins/2D/Paper2D/Binaries/Win64/UE4Editor-PaperTiledImporter.dll (API version 3709383).
LogModuleManager: Display: Found up-to-date module file ../../../Engine/Plugins/2D/Paper2D/Binaries/Win64/UE4Editor-SmartSnapping.dll (API version 3709383).
LogModuleManager: Display: Found up-to-date module file ../../../Engine/Plugins/Blendables/LightPropagationVolume/Binaries/Win64/UE4Editor-LightPropagationVolumeRuntime.dll (API version 3709383).
LogModuleManager: Display: Found up-to-date module file ../../../Engine/Plugins/Blendables/LightPropagationVolume/Binaries/Win64/UE4Editor-LightPropagationVolumeEditor.dll (API version 3709383).
LogModuleManager: Display: Found up-to-date module file ../../../Engine/Plugins/Developer/GitSourceControl/Binaries/Win64/UE4Editor-GitSourceControl.dll (API version 3709383).
LogModuleManager: Display: Found up-to-date module file ../../../Engine/Plugins/Developer/PerforceSourceControl/Binaries/Win64/UE4Editor-PerforceSourceControl.dll (API version 3709383).
LogModuleManager: Display: Found up-to-date module file ../../../Engine/Plugins/Developer/SubversionSourceControl/Binaries/Win64/UE4Editor-SubversionSourceControl.dll (API version 3709383).
LogModuleManager: Display: Found up-to-date module file ../../../Engine/Plugins/Developer/UObjectPlugin/Binaries/Win64/UE4Editor-UObjectPlugin.dll (API version 3709383).
LogModuleManager: Display: Found up-to-date module file ../../../Engine/Plugins/Developer/VisualStudioCodeSourceCodeAccess/Binaries/Win64/UE4Editor-VisualStudioCodeSourceCodeAccess.dll (API version 3709383).
LogModuleManager: Display: Found up-to-date module file ../../../Engine/Plugins/Developer/VisualStudioSourceCodeAccess/Binaries/Win64/UE4Editor-VisualStudioSourceCodeAccess.dll (API version 3709383).
LogModuleManager: Display: Found up-to-date module file ../../../Engine/Plugins/Editor/AssetManagerEditor/Binaries/Win64/UE4Editor-AssetManagerEditor.dll (API version 3709383).
LogModuleManager: Display: Found up-to-date module file ../../../Engine/Plugins/Editor/AudioCapture/Binaries/Win64/UE4Editor-AudioCapture.dll (API version 3709383).
LogModuleManager: Display: Found up-to-date module file ../../../Engine/Plugins/Editor/FacialAnimation/Binaries/Win64/UE4Editor-FacialAnimation.dll (API version 3709383).
LogModuleManager: Display: Found up-to-date module file ../../../Engine/Plugins/Editor/FacialAnimation/Binaries/Win64/UE4Editor-FacialAnimationEditor.dll (API version 3709383).
LogModuleManager: Display: Found up-to-date module file ../../../Engine/Plugins/Editor/GameplayTagsEditor/Binaries/Win64/UE4Editor-GameplayTagsEditor.dll (API version 3709383).
LogModuleManager: Display: Found up-to-date module file ../../../Engine/Plugins/Editor/MobileLauncherProfileWizard/Binaries/Win64/UE4Editor-MobileLauncherProfileWizard.dll (API version 3709383).
LogModuleManager: Display: Found up-to-date module file ../../../Engine/Plugins/Editor/PluginBrowser/Binaries/Win64/UE4Editor-PluginBrowser.dll (API version 3709383).
LogModuleManager: Display: Found up-to-date module file ../../../Engine/Plugins/Editor/SpeedTreeImporter/Binaries/Win64/UE4Editor-SpeedTreeImporter.dll (API version 3709383).
LogModuleManager: Display: Found up-to-date module file ../../../Engine/Plugins/Experimental/AlembicImporter/Binaries/Win64/UE4Editor-AlembicImporter.dll (API version 3709383).
LogModuleManager: Display: Found up-to-date module file ../../../Engine/Plugins/Experimental/AlembicImporter/Binaries/Win64/UE4Editor-AlembicLibrary.dll (API version 3709383).
LogModuleManager: Display: Found up-to-date module file ../../../Engine/Plugins/Experimental/CharacterAI/Binaries/Win64/UE4Editor-CharacterAI.dll (API version 3709383).
LogModuleManager: Display: Found up-to-date module file ../../../Engine/Plugins/Experimental/HTML5Networking/Binaries/Win64/UE4Editor-HTML5Networking.dll (API version 3709383).
LogModuleManager: Display: Found up-to-date module file ../../../Engine/Plugins/Media/AndroidMedia/Binaries/Win64/UE4Editor-AndroidMediaEditor.dll (API version 3709383).
LogModuleManager: Display: Found up-to-date module file ../../../Engine/Plugins/Media/AndroidMedia/Binaries/Win64/UE4Editor-AndroidMediaFactory.dll (API version 3709383).
LogModuleManager: Display: Found up-to-date module file ../../../Engine/Plugins/Media/AvfMedia/Binaries/Win64/UE4Editor-AvfMediaEditor.dll (API version 3709383).
LogModuleManager: Display: Found up-to-date module file ../../../Engine/Plugins/Media/AvfMedia/Binaries/Win64/UE4Editor-AvfMediaFactory.dll (API version 3709383).
LogModuleManager: Display: Found up-to-date module file ../../../Engine/Plugins/Media/AvfMedia/Binaries/Win64/UE4Editor-AvfMediaFactory.dll (API version 3709383).
LogModuleManager: Display: Found up-to-date module file ../../../Engine/Plugins/Media/ImgMedia/Binaries/Win64/UE4Editor-ImgMedia.dll (API version 3709383).
LogModuleManager: Display: Found up-to-date module file ../../../Engine/Plugins/Media/ImgMedia/Binaries/Win64/UE4Editor-ImgMediaEditor.dll (API version 3709383).
LogModuleManager: Display: Found up-to-date module file ../../../Engine/Plugins/Media/ImgMedia/Binaries/Win64/UE4Editor-ImgMediaFactory.dll (API version 3709383).
LogModuleManager: Display: Found up-to-date module file ../../../Engine/Plugins/Media/ImgMedia/Binaries/Win64/UE4Editor-ImgMediaFactory.dll (API version 3709383).
LogModuleManager: Display: Found up-to-date module file ../../../Engine/Plugins/Media/ImgMedia/Binaries/Win64/UE4Editor-OpenExrWrapper.dll (API version 3709383).
LogModuleManager: Display: Found up-to-date module file ../../../Engine/Plugins/Media/MediaCompositing/Binaries/Win64/UE4Editor-MediaCompositing.dll (API version 3709383).
LogModuleManager: Display: Found up-to-date module file ../../../Engine/Plugins/Media/MediaCompositing/Binaries/Win64/UE4Editor-MediaCompositingEditor.dll (API version 3709383).
LogModuleManager: Display: Found up-to-date module file ../../../Engine/Plugins/Media/MediaPlayerEditor/Binaries/Win64/UE4Editor-MediaPlayerEditor.dll (API version 3709383).
LogModuleManager: Display: Found up-to-date module file ../../../Engine/Plugins/Media/WmfMedia/Binaries/Win64/UE4Editor-WmfMedia.dll (API version 3709383).
LogModuleManager: Display: Found up-to-date module file ../../../Engine/Plugins/Media/WmfMedia/Binaries/Win64/UE4Editor-WmfMediaEditor.dll (API version 3709383).
LogModuleManager: Display: Found up-to-date module file ../../../Engine/Plugins/Media/WmfMedia/Binaries/Win64/UE4Editor-WmfMediaFactory.dll (API version 3709383).
LogModuleManager: Display: Found up-to-date module file ../../../Engine/Plugins/Media/WmfMedia/Binaries/Win64/UE4Editor-WmfMediaFactory.dll (API version 3709383).
LogModuleManager: Display: Found up-to-date module file ../../../Engine/Plugins/Messaging/TcpMessaging/Binaries/Win64/UE4Editor-TcpMessaging.dll (API version 3709383).
LogModuleManager: Display: Found up-to-date module file ../../../Engine/Plugins/Messaging/UdpMessaging/Binaries/Win64/UE4Editor-UdpMessaging.dll (API version 3709383).
LogModuleManager: Display: Found up-to-date module file ../../../Engine/Plugins/MovieScene/ActorSequence/Binaries/Win64/UE4Editor-ActorSequence.dll (API version 3709383).
LogModuleManager: Display: Found up-to-date module file ../../../Engine/Plugins/MovieScene/LevelSequenceEditor/Binaries/Win64/UE4Editor-LevelSequenceEditor.dll (API version 3709383).
LogModuleManager: Display: Found up-to-date module file ../../../Engine/Plugins/MovieScene/MatineeToLevelSequence/Binaries/Win64/UE4Editor-MatineeToLevelSequence.dll (API version 3709383).
LogModuleManager: Display: Found up-to-date module file ../../../Engine/Plugins/Online/OnlineSubsystem/Binaries/Win64/UE4Editor-OnlineSubsystem.dll (API version 3709383).
LogModuleManager: Display: Found up-to-date module file ../../../Engine/Plugins/Runtime/AndroidPermission/Binaries/Win64/UE4Editor-AndroidPermission.dll (API version 3709383).
LogModuleManager: Display: Found up-to-date module file ../../../Engine/Plugins/Online/OnlineSubsystemNull/Binaries/Win64/UE4Editor-OnlineSubsystemNull.dll (API version 3709383).
LogModuleManager: Display: Found up-to-date module file ../../../Engine/Plugins/Online/OnlineSubsystemUtils/Binaries/Win64/UE4Editor-OnlineSubsystemUtils.dll (API version 3709383).
LogModuleManager: Display: Found up-to-date module file ../../../Engine/Plugins/Online/OnlineSubsystemUtils/Binaries/Win64/UE4Editor-OnlineBlueprintSupport.dll (API version 3709383).
LogModuleManager: Display: Found up-to-date module file ../../../Engine/Plugins/Runtime/AndroidDeviceProfileSelector/Binaries/Win64/UE4Editor-AndroidDeviceProfileSelector.dll (API version 3709383).
LogModuleManager: Display: Found up-to-date module file ../../../Engine/Plugins/Runtime/AppleARKit/Binaries/Win64/UE4Editor-AppleARKit.dll (API version 3709383).
LogModuleManager: Display: Found up-to-date module file ../../../Engine/Plugins/Runtime/ArchVisCharacter/Binaries/Win64/UE4Editor-ArchVisCharacter.dll (API version 3709383).
LogModuleManager: Display: Found up-to-date module file ../../../Engine/Plugins/Runtime/CableComponent/Binaries/Win64/UE4Editor-CableComponent.dll (API version 3709383).
LogModuleManager: Display: Found up-to-date module file ../../../Engine/Plugins/Runtime/CustomMeshComponent/Binaries/Win64/UE4Editor-CustomMeshComponent.dll (API version 3709383).
LogModuleManager: Display: Found up-to-date module file ../../../Engine/Plugins/Runtime/ExampleDeviceProfileSelector/Binaries/Win64/UE4Editor-ExampleDeviceProfileSelector.dll (API version 3709383).
LogModuleManager: Display: Found up-to-date module file ../../../Engine/Plugins/Runtime/ImmediatePhysics/Binaries/Win64/UE4Editor-ImmediatePhysics.dll (API version 3709383).
LogModuleManager: Display: Found up-to-date module file ../../../Engine/Plugins/Runtime/ImmediatePhysics/Binaries/Win64/UE4Editor-ImmediatePhysicsEditor.dll (API version 3709383).
LogModuleManager: Display: Found up-to-date module file ../../../Engine/Plugins/Runtime/LocationServicesBPLibrary/Binaries/Win64/UE4Editor-LocationServicesBPLibrary.dll (API version 3709383).
LogModuleManager: Display: Found up-to-date module file ../../../Engine/Plugins/Runtime/MobilePatchingUtils/Binaries/Win64/UE4Editor-MobilePatchingUtils.dll (API version 3709383).
LogModuleManager: Display: Found up-to-date module file ../../../Engine/Plugins/Runtime/Oculus/OculusVR/Binaries/Win64/UE4Editor-OculusHMD.dll (API version 3709383).
LogModuleManager: Display: Found up-to-date module file ../../../Engine/Plugins/Runtime/Oculus/OculusVR/Binaries/Win64/UE4Editor-OculusInput.dll (API version 3709383).
LogModuleManager: Display: Found up-to-date module file ../../../Engine/Plugins/Runtime/Oculus/OculusVR/Binaries/Win64/UE4Editor-OculusEditor.dll (API version 3709383).
LogModuleManager: Display: Found up-to-date module file ../../../Engine/Plugins/Runtime/PhysXVehicles/Binaries/Win64/UE4Editor-PhysXVehicles.dll (API version 3709383).
LogModuleManager: Display: Found up-to-date module file ../../../Engine/Plugins/Runtime/PhysXVehicles/Binaries/Win64/UE4Editor-PhysXVehiclesEditor.dll (API version 3709383).
LogModuleManager: Display: Found up-to-date module file ../../../Engine/Plugins/Runtime/ProceduralMeshComponent/Binaries/Win64/UE4Editor-ProceduralMeshComponent.dll (API version 3709383).
LogModuleManager: Display: Found up-to-date module file ../../../Engine/Plugins/Runtime/ProceduralMeshComponent/Binaries/Win64/UE4Editor-ProceduralMeshComponentEditor.dll (API version 3709383).
LogModuleManager: Display: Found up-to-date module file ../../../Engine/Plugins/Runtime/RuntimePhysXCooking/Binaries/Win64/UE4Editor-RuntimePhysXCooking.dll (API version 3709383).
LogModuleManager: Display: Found up-to-date module file ../../../Engine/Plugins/Runtime/Steam/SteamVR/Binaries/Win64/UE4Editor-SteamVR.dll (API version 3709383).
LogModuleManager: Display: Found up-to-date module file ../../../Engine/Plugins/Runtime/Steam/SteamVR/Binaries/Win64/UE4Editor-SteamVRController.dll (API version 3709383).
LogModuleManager: Display: Found up-to-date module file ../../../Engine/Plugins/Runtime/WindowsMoviePlayer/Binaries/Win64/UE4Editor-WindowsMoviePlayer.dll (API version 3709383).
LogPluginManager: Mounting plugin Paper2D
LogPluginManager: Mounting plugin LightPropagationVolume
LogPluginManager: Mounting plugin CodeLiteSourceCodeAccess
LogPluginManager: Mounting plugin GitSourceControl
LogPluginManager: Mounting plugin KDevelopSourceCodeAccess
LogPluginManager: Mounting plugin NullSourceCodeAccess
LogPluginManager: Mounting plugin PerforceSourceControl
LogPluginManager: Mounting plugin SubversionSourceControl
LogPluginManager: Mounting plugin UObjectPlugin
LogPluginManager: Mounting plugin VisualStudioCodeSourceCodeAccess
LogPluginManager: Mounting plugin VisualStudioSourceCodeAccess
LogPluginManager: Mounting plugin XCodeSourceCodeAccess
LogPluginManager: Mounting plugin AssetManagerEditor
LogPluginManager: Mounting plugin AudioCapture
LogPluginManager: Mounting plugin FacialAnimation
LogPluginManager: Mounting plugin GameplayTagsEditor
LogPluginManager: Mounting plugin MobileLauncherProfileWizard
LogPluginManager: Mounting plugin PluginBrowser
LogPluginManager: Mounting plugin SpeedTreeImporter
LogPluginManager: Mounting plugin AlembicImporter
LogPluginManager: Mounting plugin CharacterAI
LogPluginManager: Mounting plugin HTML5Networking
LogPluginManager: Mounting plugin AndroidMedia
LogPluginManager: Mounting plugin AvfMedia
LogPluginManager: Mounting plugin ImgMedia
LogPluginManager: Mounting plugin MediaCompositing
LogPluginManager: Mounting plugin MediaPlayerEditor
LogPluginManager: Mounting plugin WmfMedia
LogPluginManager: Mounting plugin TcpMessaging
LogPluginManager: Mounting plugin UdpMessaging
LogPluginManager: Mounting plugin ActorSequence
LogPluginManager: Mounting plugin LevelSequenceEditor
LogPluginManager: Mounting plugin MatineeToLevelSequence
LogPluginManager: Mounting plugin OnlineSubsystemGooglePlay
LogPluginManager: Mounting plugin OnlineSubsystemIOS
LogPluginManager: Mounting plugin OnlineSubsystem
LogPluginManager: Mounting plugin OnlineSubsystemNull
LogPluginManager: Mounting plugin OnlineSubsystemUtils
LogPluginManager: Mounting plugin AndroidDeviceProfileSelector
LogPluginManager: Mounting plugin AndroidMoviePlayer
LogPluginManager: Mounting plugin AndroidPermission
LogPluginManager: Mounting plugin ApexDestruction
LogPluginManager: Mounting plugin AppleARKit
LogPluginManager: Mounting plugin AppleMoviePlayer
LogPluginManager: Mounting plugin ArchVisCharacter
LogPluginManager: Mounting plugin CableComponent
LogPluginManager: Mounting plugin CustomMeshComponent
LogPluginManager: Mounting plugin ExampleDeviceProfileSelector
LogPluginManager: Mounting plugin GoogleCloudMessaging
LogPluginManager: Mounting plugin ImmediatePhysics
LogPluginManager: Mounting plugin IOSDeviceProfileSelector
LogPluginManager: Mounting plugin LinuxDeviceProfileSelector
LogPluginManager: Mounting plugin LocationServicesBPLibrary
LogPluginManager: Mounting plugin MobilePatchingUtils
LogPluginManager: Mounting plugin OculusVR
LogPluginManager: Plugin shader directory ../../../Engine/Plugins/Runtime/Oculus/OculusVR/Shaders found
LogPluginManager: Mapping shader source directory ../../../Engine/Plugins/Runtime/Oculus/OculusVR/Shaders to virtual directory /Plugin/OculusVR
LogPluginManager: Mounting plugin PhysXVehicles
LogPluginManager: Mounting plugin ProceduralMeshComponent
LogPluginManager: Mounting plugin RuntimePhysXCooking
LogPluginManager: Mounting plugin SteamVR
LogPluginManager: Mounting plugin WindowsMoviePlayer
LogInit: Using libcurl 7.47.1
LogInit:  - built for x86_64-pc-win32
LogInit:  - supports SSL with OpenSSL/1.0.2g
LogInit:  - supports HTTP deflate (compression) using libz 1.2.8
LogInit:  - other features:
LogInit:      CURL_VERSION_SSL
LogInit:      CURL_VERSION_LIBZ
LogInit:      CURL_VERSION_IPV6
LogInit:      CURL_VERSION_ASYNCHDNS
LogInit:      CURL_VERSION_LARGEFILE
LogInit:      CURL_VERSION_IDN
LogInit:  CurlRequestOptions (configurable via config and command line):
LogInit:  - bVerifyPeer = false  - Libcurl will NOT verify peer certificate
LogInit:  - bUseHttpProxy = false  - Libcurl will NOT use HTTP proxy
LogInit:  - bDontReuseConnections = false  - Libcurl will reuse connections
LogInit:  - CertBundlePath = nullptr  - Libcurl will use whatever was configured at build time.
LogInit: Build: ++UE4+Release-4.18-CL-3832480
LogInit: Engine Version: 4.18.3-3832480+++UE4+Release-4.18
LogInit: Compatible Engine Version: 4.18.0-3709383+++UE4+Release-4.18
LogInit: Net CL: 3709383
LogDevObjectVersion: Number of dev versions registered: 16
LogDevObjectVersion:   Dev-Blueprints (B0D832E4-1F89-4F0D-ACCF-7EB736FD4AA2): 10
LogDevObjectVersion:   Dev-Build (E1C64328-A22C-4D53-A36C-8E866417BD8C): 0
LogDevObjectVersion:   Dev-Core (375EC13C-06E4-48FB-B500-84F0262A717E): 2
LogDevObjectVersion:   Dev-Editor (E4B068ED-F494-42E9-A231-DA0B2E46BB41): 20
LogDevObjectVersion:   Dev-Framework (CFFC743F-43B0-4480-9391-14DF171D2073): 30
LogDevObjectVersion:   Dev-Mobile (B02B49B5-BB20-44E9-A304-32B752E40360): 0
LogDevObjectVersion:   Dev-Networking (A4E4105C-59A1-49B5-A7C5-40C4547EDFEE): 0
LogDevObjectVersion:   Dev-Online (39C831C9-5AE6-47DC-9A44-9C173E1C8E7C): 0
LogDevObjectVersion:   Dev-Physics (78F01B33-EBEA-4F98-B9B4-84EACCB95AA2): 0
LogDevObjectVersion:   Dev-Platform (6631380F-2D4D-43E0-8009-CF276956A95A): 0
LogDevObjectVersion:   Dev-Rendering (12F88B9F-8875-4AFC-A67C-D90C383ABD29): 20
LogDevObjectVersion:   Dev-Sequencer (7B5AE74C-D270-4C10-A958-57980B212A5A): 4
LogDevObjectVersion:   Dev-VR (D7296918-1DD6-4BDD-9DE2-64A83CC13884): 0
LogDevObjectVersion:   Dev-LoadTimes (C2A15278-BFE7-4AFE-6C17-90FF531DF755): 1
LogDevObjectVersion:   Private-Geometry (6EACA3D4-40EC-4CC1-B786-8BED09428FC5): 1
LogDevObjectVersion:   Dev-AnimPhys (29E575DD-E0A3-4627-9D10-D276232CDCEA): 12
LogInit: Compiled (64-bit): Jan 12 2018 02:04:55
LogInit: Compiled with Visual C++: 19.00.24215.01
LogInit: Build Configuration: Development
LogInit: Branch Name: ++UE4+Release-4.18
LogInit: Command line:  
LogInit: Base directory: C:/Program Files/Epic Games/UE_4.18/Engine/Binaries/Win64/
LogInit: Installed Engine Build: 1
LogInit: Presizing for max 8388607 objects, including 0 objects not considered by GC, pre-allocating 0 bytes for permanent pool.
LogInit: Object subsystem initialized
[2018.03.28-20.18.02:190][  0]LogInit: Selected Device Profile: [Windows]
[2018.03.28-20.18.02:190][  0]LogInit: Applying CVar settings loaded from the selected device profile: [Windows]
[2018.03.28-20.18.02:203][  0]LogInit: Computer: SA2502-PC01
[2018.03.28-20.18.02:203][  0]LogInit: User: CARVAI
[2018.03.28-20.18.02:203][  0]LogInit: CPU Page size=4096, Cores=6
[2018.03.28-20.18.02:203][  0]LogInit: High frequency timer resolution =3.410072 MHz
[2018.03.28-20.18.02:203][  0]LogMemory: Memory total: Physical=31.9GB (32GB approx)
[2018.03.28-20.18.02:203][  0]LogMemory: Platform Memory Stats for Windows
[2018.03.28-20.18.02:203][  0]LogMemory: Process Physical Memory: 274.00 MB used, 274.00 MB peak
[2018.03.28-20.18.02:203][  0]LogMemory: Process Virtual Memory: 270.41 MB used, 270.41 MB peak
[2018.03.28-20.18.02:203][  0]LogMemory: Physical Memory: 7038.79 MB used,  25651.51 MB free, 32690.29 MB total
[2018.03.28-20.18.02:203][  0]LogMemory: Virtual Memory: 687.75 MB used,  25651.51 MB free, 134217728.00 MB total
[2018.03.28-20.18.02:353][  0]LogInit: Using OS detected language (en-US).
[2018.03.28-20.18.02:353][  0]LogInit: Using OS detected locale (en-US).
[2018.03.28-20.18.02:355][  0]LogTextLocalizationManager: No specific localization for 'en-US' exists, so the 'en' localization will be used.
[2018.03.28-20.18.02:734][  0]LogInit: Setting process to per monitor DPI aware
[2018.03.28-20.18.02:975][  0]LogD3D11RHI: D3D11 adapters:
[2018.03.28-20.18.03:008][  0]LogD3D11RHI:    0. 'NVIDIA GeForce GTX 1080' (Feature Level 11_0)
[2018.03.28-20.18.03:008][  0]LogD3D11RHI:       8086/0/16345 MB DedicatedVideo/DedicatedSystem/SharedSystem, Outputs:2, VendorId:0x10de
[2018.03.28-20.18.03:010][  0]LogD3D11RHI:    1. 'Microsoft Basic Render Driver' (Feature Level 11_0)
[2018.03.28-20.18.03:010][  0]LogD3D11RHI:       0/0/16345 MB DedicatedVideo/DedicatedSystem/SharedSystem, Outputs:0, VendorId:0x1414
[2018.03.28-20.18.03:010][  0]LogD3D11RHI: Chosen D3D11 Adapter: 0
[2018.03.28-20.18.03:016][  0]LogD3D11RHI: Creating new Direct3DDevice
[2018.03.28-20.18.03:016][  0]LogD3D11RHI:     GPU DeviceId: 0x1b80 (for the marketing name, search the web for "GPU Device Id")
[2018.03.28-20.18.03:016][  0]LogWindows: EnumDisplayDevices:
[2018.03.28-20.18.03:016][  0]LogWindows:    0. 'NVIDIA GeForce GTX 1080' (P:1 D:1)
[2018.03.28-20.18.03:017][  0]LogWindows:    1. 'NVIDIA GeForce GTX 1080' (P:0 D:1)
[2018.03.28-20.18.03:017][  0]LogWindows:    2. 'NVIDIA GeForce GTX 1080' (P:0 D:0)
[2018.03.28-20.18.03:017][  0]LogWindows:    3. 'NVIDIA GeForce GTX 1080' (P:0 D:0)
[2018.03.28-20.18.03:017][  0]LogWindows: DebugString: GetVideoDriverDetailsInvalid PrimaryIsNotTheChoosenAdapter GetVideoDriverDetailsInvalid PrimaryIsNotTheChoosenAdapter GetVideoDriverDetailsInvalid PrimaryIsNotTheChoosenAdapter GetVideoDriverDetailsInvalid PrimaryIsNotTheChoosenAdapter FoundDriverCount:0 
[2018.03.28-20.18.03:017][  0]LogD3D11RHI:     Adapter Name: NVIDIA GeForce GTX 1080
[2018.03.28-20.18.03:017][  0]LogD3D11RHI:   Driver Version: Unknown (internal:Unknown, unified:Unknown)
[2018.03.28-20.18.03:017][  0]LogD3D11RHI:      Driver Date: Unknown
[2018.03.28-20.18.03:017][  0]LogRHI: Texture pool is 5660 MB (70% of 8086 MB)
[2018.03.28-20.18.03:039][  0]LogD3D11RHI: Async texture creation enabled
[2018.03.28-20.18.03:049][  0]LogD3D11RHI: GPU Timing Frequency: 1000.000000 (Debug: 2 1)
[2018.03.28-20.18.03:093][  0]LogShaderCompilers: Guid format shader working directory is -26 characters bigger than the processId version (../../../../../../Users/carvai/Desktop/EGD/FakeBook/Game 3/DetectiveGame/Intermediate/Shaders/WorkingDirectory/15440/).
[2018.03.28-20.18.03:093][  0]LogShaderCompilers: Cleaned the shader compiler working directory 'C:/Users/carvai/AppData/Local/Temp/UnrealShaderWorkingDir/936C915345D7644DFB25B0873B18261A/'.
[2018.03.28-20.18.03:093][  0]LogShaderCompilers: Display: Using Local Shader Compiler.
[2018.03.28-20.18.04:010][  0]LogTemp: Display: Loaded TP AllDesktopTargetPlatform
[2018.03.28-20.18.04:063][  0]LogTemp: Display: Loaded TP MacClientTargetPlatform
[2018.03.28-20.18.04:116][  0]LogTemp: Display: Loaded TP MacNoEditorTargetPlatform
[2018.03.28-20.18.04:168][  0]LogTemp: Display: Loaded TP MacServerTargetPlatform
[2018.03.28-20.18.04:224][  0]LogTemp: Display: Loaded TP MacTargetPlatform
[2018.03.28-20.18.04:276][  0]LogTemp: Display: Loaded TP WindowsClientTargetPlatform
[2018.03.28-20.18.04:332][  0]LogTemp: Display: Loaded TP WindowsNoEditorTargetPlatform
[2018.03.28-20.18.04:386][  0]LogTemp: Display: Loaded TP WindowsServerTargetPlatform
[2018.03.28-20.18.04:432][  0]LogTemp: Display: Loaded TP WindowsTargetPlatform
[2018.03.28-20.18.04:484][  0]LogTemp: Display: Loaded TP Android_ASTCTargetPlatform
[2018.03.28-20.18.04:537][  0]LogTemp: Display: Loaded TP Android_ATCTargetPlatform
[2018.03.28-20.18.04:587][  0]LogTemp: Display: Loaded TP Android_DXTTargetPlatform
[2018.03.28-20.18.04:638][  0]LogTemp: Display: Loaded TP Android_ETC1TargetPlatform
[2018.03.28-20.18.04:691][  0]LogTemp: Display: Loaded TP Android_ETC2TargetPlatform
[2018.03.28-20.18.04:795][  0]LogTemp: Display: Loaded TP Android_MultiTargetPlatform
[2018.03.28-20.18.04:795][  0]LogTemp: Display: Loaded TP Android_PVRTCTargetPlatform
[2018.03.28-20.18.04:848][  0]LogTemp: Display: Loaded TP AndroidTargetPlatform
[2018.03.28-20.18.04:889][  0]LogTemp: Display: Loaded TP HTML5TargetPlatform
[2018.03.28-20.18.04:982][  0]LogTemp: Display: Loaded TP IOSTargetPlatform
[2018.03.28-20.18.05:010][  0]LogTemp: Display: Loaded TP TVOSTargetPlatform
[2018.03.28-20.18.05:062][  0]LogTemp: Display: Loaded TP LinuxClientTargetPlatform
[2018.03.28-20.18.05:115][  0]LogTemp: Display: Loaded TP LinuxNoEditorTargetPlatform
[2018.03.28-20.18.05:166][  0]LogTemp: Display: Loaded TP LinuxServerTargetPlatform
[2018.03.28-20.18.05:219][  0]LogTemp: Display: Loaded TP LinuxTargetPlatform
[2018.03.28-20.18.05:219][  0]LogTargetPlatformManager: Display: Building Assets For Windows
[2018.03.28-20.18.05:684][  0]LogDerivedDataCache: Display: Max Cache Size: 512 MB
[2018.03.28-20.18.05:757][  0]LogDerivedDataCache: Loaded boot cache 0.07s 79MB C:/Users/carvai/AppData/Local/UnrealEngine/4.18/DerivedDataCache/Boot.ddc.
[2018.03.28-20.18.05:757][  0]LogDerivedDataCache: Display: Loaded Boot cache: C:/Users/carvai/AppData/Local/UnrealEngine/4.18/DerivedDataCache/Boot.ddc
[2018.03.28-20.18.05:757][  0]LogDerivedDataCache: FDerivedDataBackendGraph:  Pak pak cache file ../../../../../../Users/carvai/Desktop/EGD/FakeBook/Game 3/DetectiveGame/DerivedDataCache/DDC.ddp not found, will not use a pak cache.
[2018.03.28-20.18.05:757][  0]LogDerivedDataCache: Unable to find inner node Pak for hierarchical cache Hierarchy.
[2018.03.28-20.18.05:757][  0]LogDerivedDataCache: FDerivedDataBackendGraph:  CompressedPak pak cache file ../../../../../../Users/carvai/Desktop/EGD/FakeBook/Game 3/DetectiveGame/DerivedDataCache/Compressed.ddp not found, will not use a pak cache.
[2018.03.28-20.18.05:757][  0]LogDerivedDataCache: Unable to find inner node CompressedPak for hierarchical cache Hierarchy.
[2018.03.28-20.18.05:773][  0]LogDerivedDataCache: Display: Pak cache opened for reading ../../../Engine/DerivedDataCache/Compressed.ddp.
[2018.03.28-20.18.05:784][  0]LogDerivedDataCache: Using Local data cache path C:/Users/carvai/AppData/Local/UnrealEngine/Common/DerivedDataCache: Writable
[2018.03.28-20.18.05:794][  0]LogMaterial: Verifying Global Shaders for PCD3D_SM5
[2018.03.28-20.18.05:795][  0]LogSlate: Using Freetype 2.6.0
[2018.03.28-20.18.05:795][  0]LogSlate: SlateFontCache - WITH_FREETYPE: 1, WITH_HARFBUZZ: 1
[2018.03.28-20.18.05:795][  0]LogSlate: SlateFontCache - WITH_FREETYPE: 1, WITH_HARFBUZZ: 1
[2018.03.28-20.18.06:150][  0]LogInit: Selected Device Profile: [Windows]
[2018.03.28-20.18.06:479][  0]LogSimplygon: Simplygon DLL not present - disabling.
[2018.03.28-20.18.06:521][  0]LogMeshReduction: Using SimplygonSwarm for distributed automatic mesh merging
[2018.03.28-20.18.06:521][  0]LogMeshReduction: Using QuadricMeshReduction for automatic static mesh reduction
[2018.03.28-20.18.06:522][  0]LogMeshReduction: No automatic skeletal mesh reduction module available
[2018.03.28-20.18.06:522][  0]LogMeshReduction: No automatic mesh merging module available
[2018.03.28-20.18.06:522][  0]LogMeshMerging: No automatic mesh merging module available
[2018.03.28-20.18.06:548][  0]LogNetVersion: DetectiveGame , NetCL: 3709383, EngineNetVer: 2, GameNetVer: 0 (Checksum: 4117068022)
[2018.03.28-20.18.06:705][  0]LogAssetRegistry: FAssetRegistry took 0.0256 seconds to start up
[2018.03.28-20.18.07:177][  0]LogPackageLocalizationCache: Processed 7 localized package path(s) for 2 prioritized culture(s) in 0.064816 seconds
[2018.03.28-20.18.07:182][  0]LogUObjectArray: 35870 objects as part of root set at end of initial load.
[2018.03.28-20.18.07:182][  0]LogUObjectAllocator: 7363704 out of 0 bytes used by permanent object pool.
[2018.03.28-20.18.07:182][  0]LogUObjectArray: CloseDisregardForGC: 0/0 objects in disregard for GC pool
[2018.03.28-20.18.07:235][  0]LogInit: WinSock: version 1.1 (2.2), MaxSocks=32767, MaxUdp=65467
[2018.03.28-20.18.09:928][  0]LogTcpMessaging: Initializing TcpMessaging bridge
[2018.03.28-20.18.09:975][  0]LogUdpMessaging: Initializing bridge on interface 0.0.0.0:0 to multicast group 230.0.0.1:6666.
[2018.03.28-20.18.10:821][  0]LogMaterial: Uniform references updated for custom material expression Custom.
[2018.03.28-20.18.11:251][  0]SourceControl: Source control is disabled
[2018.03.28-20.18.11:251][  0]SourceControl: Source control is disabled
[2018.03.28-20.18.11:305][  0]SourceControl: Source control is disabled
[2018.03.28-20.18.11:358][  0]SourceControl: Source control is disabled
[2018.03.28-20.18.12:292][  0]LogAndroidPermission: UAndroidPermissionCallbackProxy::GetInstance
[2018.03.28-20.18.12:608][  0]LogOcInput: OculusInput pre-init called
[2018.03.28-20.18.12:918][  0]LogEngine: Initializing Engine...
[2018.03.28-20.18.13:487][  0]LogHMD: SteamVR initialized.  Driver: lighthouse  Display: LHR-7AF84CC7
[2018.03.28-20.18.13:685][  0]LogStats: UGameplayTagsManager::ConstructGameplayTagTree: Construct from data asset -  0.000 s
[2018.03.28-20.18.13:685][  0]LogStats: UGameplayTagsManager::ConstructGameplayTagTree: GameplayTagTreeChangedEvent.Broadcast -  0.000 s
[2018.03.28-20.18.13:816][  0]LogAIModule: Creating AISystem for world Untitled
[2018.03.28-20.18.13:828][  0]LogInit: XAudio2 using 'Speakers / Headphones (Realtek Audio)' : 2 channels at 48 kHz using 32 bits per sample (channel mask 0x3)
[2018.03.28-20.18.13:846][  0]LogInit: FAudioDevice initialized.
[2018.03.28-20.18.13:898][  0]LogDerivedDataCache: Saved boot cache 0.05s 79MB C:/Users/carvai/AppData/Local/UnrealEngine/4.18/DerivedDataCache/Boot.ddc.
[2018.03.28-20.18.13:909][  0]LogInit: Texture streaming: Enabled
[2018.03.28-20.18.14:009][  0]LogEngineSessionManager: EngineSessionManager initialized
[2018.03.28-20.18.14:145][  0]LogInit: Transaction tracking system initialized
[2018.03.28-20.18.14:471][  0]BlueprintLog: New page: Editor Load
[2018.03.28-20.18.15:393][  0]LocalizationService: Localization service is disabled
[2018.03.28-20.18.16:153][  0]LogConsoleResponse: Display: 
[2018.03.28-20.18.16:317][  0]LogCook: Display: Max memory allowance for cook 16384mb min free memory 0mb
[2018.03.28-20.18.16:317][  0]LogCook: Display: Mobile HDR setting 1
[2018.03.28-20.18.16:317][  0]LogGameplayTags: Display: UGameplayTagsManager::DoneAddingNativeTags. DelegateIsBound: 0
[2018.03.28-20.18.17:144][  0]LogFileCache: Scanning file cache for directory 'C:/Users/carvai/Desktop/EGD/FakeBook/Game 3/DetectiveGame/Content/' took 0.01s
[2018.03.28-20.18.17:518][  0]SourceControl: Source control is disabled
[2018.03.28-20.18.17:518][  0]Cmd: MAP LOAD FILE="../../../../../../Users/carvai/Desktop/EGD/FakeBook/Game 3/DetectiveGame/Content/VirtualRealityBP/Maps/StartupMap.umap" TEMPLATE=0 SHOWPROGRESS=1 FEATURELEVEL=3
[2018.03.28-20.18.17:519][  0]LightingResults: New page: Lighting Build
[2018.03.28-20.18.17:560][  0]MapCheck: New page: Map Check
[2018.03.28-20.18.17:560][  0]LightingResults: New page: Lighting Build
[2018.03.28-20.18.18:277][  0]LogAIModule: Creating AISystem for world StartupMap
[2018.03.28-20.18.18:289][  0]LogEditorServer: Finished looking for orphan Actors (0.000 secs)
[2018.03.28-20.18.18:308][  0]Cmd: MAP CHECKDEP NOCLEARLOG
[2018.03.28-20.18.18:372][  0]MapCheck: Map check complete: 0 Error(s), 0 Warning(s), took 63.222ms to complete.
[2018.03.28-20.18.18:372][  0]LogFileHelpers: Loading map 'StartupMap' took 0.854
[2018.03.28-20.18.18:515][  0]LogCollectionManager: Loaded 0 collections in 0.001513 seconds
[2018.03.28-20.18.18:597][  0]LogFileCache: Scanning file cache for directory 'C:/Users/carvai/Desktop/EGD/FakeBook/Game 3/DetectiveGame/Saved/Collections/' took 0.01s
[2018.03.28-20.18.18:597][  0]LogFileCache: Scanning file cache for directory 'C:/Users/carvai/Desktop/EGD/FakeBook/Game 3/DetectiveGame/Content/Developers/CARVAI/Collections/' took 0.01s
[2018.03.28-20.18.18:597][  0]LogFileCache: Scanning file cache for directory 'C:/Users/carvai/Desktop/EGD/FakeBook/Game 3/DetectiveGame/Content/Collections/' took 0.01s
[2018.03.28-20.18.18:597][  0]LogCollectionManager: Rebuilt the GUID cache for 0 collections in 0.000001 seconds
[2018.03.28-20.18.18:605][  0]LogContentBrowser: Native class hierarchy populated in 0.0079 seconds. Added 2372 classes and 524 folders.
[2018.03.28-20.18.18:671][  0]LogContentBrowser: Native class hierarchy updated for 'WidgetCarousel' in 0.0002 seconds. Added 0 classes and 0 folders.
[2018.03.28-20.18.18:708][  0]LogContentBrowser: Native class hierarchy updated for 'AddContentDialog' in 0.0002 seconds. Added 0 classes and 0 folders.
[2018.03.28-20.18.18:753][  0]LogContentBrowser: Native class hierarchy updated for 'SceneOutliner' in 0.0003 seconds. Added 1 classes and 2 folders.
[2018.03.28-20.18.18:769][  0]LogSlate: Took 0.000362 seconds to synchronously load lazily loaded font '../../../Engine/Content/Slate/Fonts/Roboto-Regular.ttf' (155K)
[2018.03.28-20.18.18:772][  0]LogSlate: Took 0.000354 seconds to synchronously load lazily loaded font '../../../Engine/Content/Slate/Fonts/Roboto-Bold.ttf' (160K)
[2018.03.28-20.18.18:782][  0]LogSlate: Took 0.000182 seconds to synchronously load lazily loaded font '../../../Engine/Content/Editor/Slate/Fonts/FontAwesome.ttf' (139K)
[2018.03.28-20.18.18:873][  0]LogRenderer: Reallocating scene render targets to support 1208x652 Format 26 NumSamples 1 (Frame:1).
[2018.03.28-20.18.19:027][  0]LogContentBrowser: Native class hierarchy updated for 'HierarchicalLODOutliner' in 0.0002 seconds. Added 1 classes and 2 folders.
[2018.03.28-20.18.19:027][  0]LogLoad: (Engine Initialization) Total time: 19.13 seconds
[2018.03.28-20.18.19:027][  0]LogLoad: (Engine Initialization) Total Blueprint compile time: 0.00 seconds
[2018.03.28-20.18.19:027][  0]LogExternalProfiler: No external profilers were discovered.  External profiling features will not be available.
[2018.03.28-20.18.19:036][  0]LogWindowsTextInputMethodSystem: Display: IME system now deactivated.
[2018.03.28-20.18.19:068][  0]LogContentStreaming: Texture pool size now 1000 MB
[2018.03.28-20.18.19:109][  0]LogSlate: Took 0.000170 seconds to synchronously load lazily loaded font '../../../Engine/Content/Slate/Fonts/Roboto-Light.ttf' (159K)
[2018.03.28-20.18.19:121][  1]LogFileCache: Retrieving MD5 hashes for directory 'C:/Users/carvai/Desktop/EGD/FakeBook/Game 3/DetectiveGame/Content/' took 0.07s
[2018.03.28-20.18.19:128][  1]LogAssetRegistry: Asset discovery search completed in 12.4445 seconds
[2018.03.28-20.18.19:130][  1]LogCollectionManager: Rebuilt the object cache for 0 collections in 0.000001 seconds (found 0 objects)
[2018.03.28-20.18.19:130][  1]LogCollectionManager: Fixed up redirectors for 0 collections in 0.000061 seconds (updated 0 objects)
[2018.03.28-20.18.36:760][109]LogTemp: Repeating last play command: VR Preview
[2018.03.28-20.18.36:807][109]LogPlayLevel: PlayLevel: No blueprints needed recompiling
[2018.03.28-20.18.36:807][109]PIE: New page: PIE session: StartupMap (Mar 28, 2018, 12:18:36 PM)
[2018.03.28-20.18.36:807][109]LogPlayLevel: Creating play world package: /Game/VirtualRealityBP/Maps/UEDPIE_0_StartupMap
[2018.03.28-20.18.36:810][109]LogPlayLevel: PIE: StaticDuplicateObject took: (0.003361s)
[2018.03.28-20.18.36:811][109]LogAIModule: Creating AISystem for world StartupMap
[2018.03.28-20.18.36:811][109]LogPlayLevel: PIE: World Init took: (0.000595s)
[2018.03.28-20.18.36:811][109]LogPlayLevel: PIE: Created PIE world by copying editor world from /Game/VirtualRealityBP/Maps/StartupMap.StartupMap to /Game/VirtualRealityBP/Maps/UEDPIE_0_StartupMap.StartupMap (0.004188s)
[2018.03.28-20.18.36:832][109]LogInit: XAudio2 using 'Speakers / Headphones (Realtek Audio)' : 2 channels at 48 kHz using 32 bits per sample (channel mask 0x3)
[2018.03.28-20.18.36:846][109]LogInit: FAudioDevice initialized.
[2018.03.28-20.18.36:943][109]LogLoad: Game class is 'GameModeVR_C'
[2018.03.28-20.18.36:948][109]LogWorld: Bringing World /Game/VirtualRealityBP/Maps/UEDPIE_0_StartupMap.StartupMap up for play (max tick rate 0) at 2018.03.28-16.18.36
[2018.03.28-20.18.36:948][109]LogWorld: Bringing up level for play took: 0.003987
[2018.03.28-20.18.36:991][109]LogContentBrowser: Native class hierarchy updated for 'MovieSceneCapture' in 0.0003 seconds. Added 11 classes and 0 folders.
[2018.03.28-20.18.36:991][109]LogGameMode: Display: Match State Changed from EnteringMap to WaitingToStart
[2018.03.28-20.18.36:991][109]LogGameState: Match State Changed from EnteringMap to WaitingToStart
[2018.03.28-20.18.36:991][109]LogGameMode: Display: Match State Changed from WaitingToStart to InProgress
[2018.03.28-20.18.36:996][109]LogGameState: Match State Changed from WaitingToStart to InProgress
[2018.03.28-20.18.36:999][109]PIE: Play in editor start time for /Game/VirtualRealityBP/Maps/UEDPIE_0_StartupMap -0.094
[2018.03.28-20.18.37:042][110]LogRenderer: Reallocating scene render targets to support 2160x1200 Format 26 NumSamples 1 (Frame:1).
[2018.03.28-20.18.38:024][196]LogScript: Warning: Attempted to access Widget via property CallFunc_GetHoveredWidgetComponent_ReturnValue, but Widget is pending kill
	BP_MotionController_C /Game/VirtualRealityBP/Maps/UEDPIE_0_StartupMap.StartupMap:PersistentLevel.BP_MotionController_C_1
	Function /Game/VirtualRealityBP/Blueprints/BP_MotionController.BP_MotionController_C:ExecuteUbergraph_BP_MotionController:0175
[2018.03.28-20.18.38:024][196]PIE: Error: Blueprint Runtime Error: Attempted to access Widget via property CallFunc_GetHoveredWidgetComponent_ReturnValue, but Widget is pending kill from function: 'ExecuteUbergraph_BP_MotionController' from node: IsValid in graph: EventGraph in object: BP_MotionController with description: Attempted to access Widget via property CallFunc_GetHoveredWidgetComponent_ReturnValue, but Widget is pending kill
[2018.03.28-20.20.03:646][239]LogEditorViewport: Clicking on Actor (LMB): BP_DestructiblePickup_C (BP_DestructiblePickup3)
[2018.03.28-20.20.04:255][307]LogEditorViewport: Clicking on Actor (CTRL LMB): BP_DestructiblePickup_C (BP_DestructiblePickup2)
[2018.03.28-20.20.05:913][503]Cmd: EDIT COPY
[2018.03.28-20.20.09:368][899]Cmd: DUPLICATE
[2018.03.28-20.20.09:368][899]Cmd: ACTOR DUPLICATE
[2018.03.28-20.20.43:318][833]Cmd: DUPLICATE
[2018.03.28-20.20.43:318][833]Cmd: ACTOR DUPLICATE
[2018.03.28-20.21.17:615][891]LogEditorViewport: Clicking on Actor (CTRL LMB): BP_DestructiblePickup_C (BP_DestructiblePickup5)
[2018.03.28-20.21.18:236][941]LogEditorViewport: Clicking on Actor (CTRL LMB): BP_DestructiblePickup_C (BP_DestructiblePickup4)
[2018.03.28-20.21.20:165][139]Cmd: DUPLICATE
[2018.03.28-20.21.20:165][139]Cmd: ACTOR DUPLICATE
[2018.03.28-20.21.27:886][ 42]Cmd: SELECT NONE
[2018.03.28-20.21.31:097][409]LogSlate: Took 0.000155 seconds to synchronously load lazily loaded font '../../../Engine/Content/Slate/Fonts/Roboto-Light.ttf' (159K)
[2018.03.28-20.21.31:281][409]LogSavePackage: Save=82.92ms
[2018.03.28-20.21.31:281][409]LogSavePackage: Moving '../../../../../../Users/carvai/Desktop/EGD/FakeBook/Game 3/DetectiveGame/Saved/StartupMap3297E42648D5E124FBBDCE88111BB99B.tmp' to '../../../../../../Users/carvai/Desktop/EGD/FakeBook/Game 3/DetectiveGame/Content/VirtualRealityBP/Maps/StartupMap.umap'
[2018.03.28-20.21.31:284][409]LogSavePackage: Display: Finished SavePackage ../../../../../../Users/carvai/Desktop/EGD/FakeBook/Game 3/DetectiveGame/Content/VirtualRealityBP/Maps/StartupMap.umap
[2018.03.28-20.21.31:329][409]LogFileHelpers: Saving map 'StartupMap' took 0.224
[2018.03.28-20.21.31:846][471]LogTemp: Repeating last play command: VR Preview
[2018.03.28-20.21.31:866][471]LogPlayLevel: PlayLevel: No blueprints needed recompiling
[2018.03.28-20.21.31:866][471]PIE: New page: PIE session: StartupMap (Mar 28, 2018, 12:21:31 PM)
[2018.03.28-20.21.31:866][471]LogPlayLevel: Creating play world package: /Game/VirtualRealityBP/Maps/UEDPIE_0_StartupMap
[2018.03.28-20.21.31:870][471]LogPlayLevel: PIE: StaticDuplicateObject took: (0.003818s)
[2018.03.28-20.21.31:871][471]LogAIModule: Creating AISystem for world StartupMap
[2018.03.28-20.21.31:871][471]LogPlayLevel: PIE: World Init took: (0.000606s)
[2018.03.28-20.21.31:871][471]LogPlayLevel: PIE: Created PIE world by copying editor world from /Game/VirtualRealityBP/Maps/StartupMap.StartupMap to /Game/VirtualRealityBP/Maps/UEDPIE_0_StartupMap.StartupMap (0.004666s)
[2018.03.28-20.21.31:891][471]LogInit: XAudio2 using 'Speakers / Headphones (Realtek Audio)' : 2 channels at 48 kHz using 32 bits per sample (channel mask 0x3)
[2018.03.28-20.21.31:907][471]LogInit: FAudioDevice initialized.
[2018.03.28-20.21.31:992][471]LogLoad: Game class is 'GameModeVR_C'
[2018.03.28-20.21.31:997][471]LogWorld: Bringing World /Game/VirtualRealityBP/Maps/UEDPIE_0_StartupMap.StartupMap up for play (max tick rate 0) at 2018.03.28-16.21.31
[2018.03.28-20.21.31:997][471]LogWorld: Bringing up level for play took: 0.004177
[2018.03.28-20.21.31:998][471]LogGameMode: Display: Match State Changed from EnteringMap to WaitingToStart
[2018.03.28-20.21.31:998][471]LogGameState: Match State Changed from EnteringMap to WaitingToStart
[2018.03.28-20.21.31:998][471]LogGameMode: Display: Match State Changed from WaitingToStart to InProgress
[2018.03.28-20.21.32:001][471]LogGameState: Match State Changed from WaitingToStart to InProgress
[2018.03.28-20.21.32:006][471]PIE: Play in editor start time for /Game/VirtualRealityBP/Maps/UEDPIE_0_StartupMap 0.912
[2018.03.28-20.25.26:729][555]LogEditorViewport: Clicking on Actor (LMB): PlayerStart (PlayerStart2)
[2018.03.28-20.25.33:575][302]LogNavigationPoint: PostEditMove Clear paths rebuilt
[2018.03.28-20.25.36:256][619]LogNavigationPoint: PostEditMove Clear paths rebuilt
[2018.03.28-20.25.38:343][864]LogNavigationPoint: PostEditMove Clear paths rebuilt
[2018.03.28-20.25.39:782][ 34]LogTemp: Repeating last play command: VR Preview
[2018.03.28-20.25.39:801][ 34]LogPlayLevel: PlayLevel: No blueprints needed recompiling
[2018.03.28-20.25.39:802][ 34]PIE: New page: PIE session: StartupMap (Mar 28, 2018, 12:25:39 PM)
[2018.03.28-20.25.39:802][ 34]LogPlayLevel: Creating play world package: /Game/VirtualRealityBP/Maps/UEDPIE_0_StartupMap
[2018.03.28-20.25.39:807][ 34]LogPlayLevel: PIE: StaticDuplicateObject took: (0.004784s)
[2018.03.28-20.25.39:807][ 34]LogAIModule: Creating AISystem for world StartupMap
[2018.03.28-20.25.39:807][ 34]LogPlayLevel: PIE: World Init took: (0.000753s)
[2018.03.28-20.25.39:808][ 34]LogPlayLevel: PIE: Created PIE world by copying editor world from /Game/VirtualRealityBP/Maps/StartupMap.StartupMap to /Game/VirtualRealityBP/Maps/UEDPIE_0_StartupMap.StartupMap (0.005863s)
[2018.03.28-20.25.39:829][ 34]LogInit: XAudio2 using 'Speakers / Headphones (Realtek Audio)' : 2 channels at 48 kHz using 32 bits per sample (channel mask 0x3)
[2018.03.28-20.25.39:843][ 34]LogInit: FAudioDevice initialized.
[2018.03.28-20.25.39:929][ 34]LogLoad: Game class is 'GameModeVR_C'
[2018.03.28-20.25.39:934][ 34]LogWorld: Bringing World /Game/VirtualRealityBP/Maps/UEDPIE_0_StartupMap.StartupMap up for play (max tick rate 0) at 2018.03.28-16.25.39
[2018.03.28-20.25.39:934][ 34]LogWorld: Bringing up level for play took: 0.004393
[2018.03.28-20.25.39:935][ 34]LogGameMode: Display: Match State Changed from EnteringMap to WaitingToStart
[2018.03.28-20.25.39:935][ 34]LogGameState: Match State Changed from EnteringMap to WaitingToStart
[2018.03.28-20.25.39:935][ 34]LogGameMode: Display: Match State Changed from WaitingToStart to InProgress
[2018.03.28-20.25.39:938][ 34]LogGameState: Match State Changed from WaitingToStart to InProgress
[2018.03.28-20.25.39:943][ 34]PIE: Play in editor start time for /Game/VirtualRealityBP/Maps/UEDPIE_0_StartupMap 0.849
[2018.03.28-20.25.46:266][597]Cmd: LevelEditor.ToggleImmersive
[2018.03.28-20.25.51:291][896]LogEditorViewport: Clicking on Actor (LMB): StaticMeshActor (Wall3)
[2018.03.28-20.29.42:133][346]LogTemp: Repeating last play command: VR Preview
[2018.03.28-20.29.42:153][346]LogPlayLevel: PlayLevel: No blueprints needed recompiling
[2018.03.28-20.29.42:153][346]PIE: New page: PIE session: StartupMap (Mar 28, 2018, 12:29:42 PM)
[2018.03.28-20.29.42:153][346]LogPlayLevel: Creating play world package: /Game/VirtualRealityBP/Maps/UEDPIE_0_StartupMap
[2018.03.28-20.29.42:158][346]LogPlayLevel: PIE: StaticDuplicateObject took: (0.004044s)
[2018.03.28-20.29.42:158][346]LogAIModule: Creating AISystem for world StartupMap
[2018.03.28-20.29.42:158][346]LogPlayLevel: PIE: World Init took: (0.000768s)
[2018.03.28-20.29.42:159][346]LogPlayLevel: PIE: Created PIE world by copying editor world from /Game/VirtualRealityBP/Maps/StartupMap.StartupMap to /Game/VirtualRealityBP/Maps/UEDPIE_0_StartupMap.StartupMap (0.005131s)
[2018.03.28-20.29.42:179][346]LogInit: XAudio2 using 'Speakers / Headphones (Realtek Audio)' : 2 channels at 48 kHz using 32 bits per sample (channel mask 0x3)
[2018.03.28-20.29.42:195][346]LogInit: FAudioDevice initialized.
[2018.03.28-20.29.42:277][346]LogLoad: Game class is 'GameModeVR_C'
[2018.03.28-20.29.42:281][346]LogWorld: Bringing World /Game/VirtualRealityBP/Maps/UEDPIE_0_StartupMap.StartupMap up for play (max tick rate 0) at 2018.03.28-16.29.42
[2018.03.28-20.29.42:282][346]LogWorld: Bringing up level for play took: 0.004349
[2018.03.28-20.29.42:282][346]LogGameMode: Display: Match State Changed from EnteringMap to WaitingToStart
[2018.03.28-20.29.42:282][346]LogGameState: Match State Changed from EnteringMap to WaitingToStart
[2018.03.28-20.29.42:282][346]LogGameMode: Display: Match State Changed from WaitingToStart to InProgress
[2018.03.28-20.29.42:286][346]LogGameState: Match State Changed from WaitingToStart to InProgress
[2018.03.28-20.29.42:290][346]PIE: Play in editor start time for /Game/VirtualRealityBP/Maps/UEDPIE_0_StartupMap -0.804
[2018.03.28-20.34.03:249][269]LogTemp: Repeating last play command: VR Preview
[2018.03.28-20.34.03:269][269]LogPlayLevel: PlayLevel: No blueprints needed recompiling
[2018.03.28-20.34.03:269][269]PIE: New page: PIE session: StartupMap (Mar 28, 2018, 12:34:03 PM)
[2018.03.28-20.34.03:269][269]LogPlayLevel: Creating play world package: /Game/VirtualRealityBP/Maps/UEDPIE_0_StartupMap
[2018.03.28-20.34.03:273][269]LogPlayLevel: PIE: StaticDuplicateObject took: (0.004120s)
[2018.03.28-20.34.03:274][269]LogAIModule: Creating AISystem for world StartupMap
[2018.03.28-20.34.03:274][269]LogPlayLevel: PIE: World Init took: (0.000661s)
[2018.03.28-20.34.03:274][269]LogPlayLevel: PIE: Created PIE world by copying editor world from /Game/VirtualRealityBP/Maps/StartupMap.StartupMap to /Game/VirtualRealityBP/Maps/UEDPIE_0_StartupMap.StartupMap (0.005041s)
[2018.03.28-20.34.03:295][269]LogInit: XAudio2 using 'Speakers / Headphones (Realtek Audio)' : 2 channels at 48 kHz using 32 bits per sample (channel mask 0x3)
[2018.03.28-20.34.03:309][269]LogInit: FAudioDevice initialized.
[2018.03.28-20.34.03:390][269]LogLoad: Game class is 'GameModeVR_C'
[2018.03.28-20.34.03:394][269]LogWorld: Bringing World /Game/VirtualRealityBP/Maps/UEDPIE_0_StartupMap.StartupMap up for play (max tick rate 0) at 2018.03.28-16.34.03
[2018.03.28-20.34.03:395][269]LogWorld: Bringing up level for play took: 0.004405
[2018.03.28-20.34.03:395][269]LogGameMode: Display: Match State Changed from EnteringMap to WaitingToStart
[2018.03.28-20.34.03:395][269]LogGameState: Match State Changed from EnteringMap to WaitingToStart
[2018.03.28-20.34.03:395][269]LogGameMode: Display: Match State Changed from WaitingToStart to InProgress
[2018.03.28-20.34.03:399][269]LogGameState: Match State Changed from WaitingToStart to InProgress
[2018.03.28-20.34.03:402][269]PIE: Play in editor start time for /Game/VirtualRealityBP/Maps/UEDPIE_0_StartupMap 0.309
[2018.03.28-20.36.55:046][873]LogTemp: Repeating last play command: VR Preview
[2018.03.28-20.36.55:067][873]LogPlayLevel: PlayLevel: No blueprints needed recompiling
[2018.03.28-20.36.55:067][873]PIE: New page: PIE session: StartupMap (Mar 28, 2018, 12:36:55 PM)
[2018.03.28-20.36.55:067][873]LogPlayLevel: Creating play world package: /Game/VirtualRealityBP/Maps/UEDPIE_0_StartupMap
[2018.03.28-20.36.55:071][873]LogPlayLevel: PIE: StaticDuplicateObject took: (0.003857s)
[2018.03.28-20.36.55:071][873]LogAIModule: Creating AISystem for world StartupMap
[2018.03.28-20.36.55:072][873]LogPlayLevel: PIE: World Init took: (0.000614s)
[2018.03.28-20.36.55:072][873]LogPlayLevel: PIE: Created PIE world by copying editor world from /Game/VirtualRealityBP/Maps/StartupMap.StartupMap to /Game/VirtualRealityBP/Maps/UEDPIE_0_StartupMap.StartupMap (0.004712s)
[2018.03.28-20.36.55:093][873]LogInit: XAudio2 using 'Speakers / Headphones (Realtek Audio)' : 2 channels at 48 kHz using 32 bits per sample (channel mask 0x3)
[2018.03.28-20.36.55:107][873]LogInit: FAudioDevice initialized.
[2018.03.28-20.36.55:191][873]LogLoad: Game class is 'GameModeVR_C'
[2018.03.28-20.36.55:196][873]LogWorld: Bringing World /Game/VirtualRealityBP/Maps/UEDPIE_0_StartupMap.StartupMap up for play (max tick rate 0) at 2018.03.28-16.36.55
[2018.03.28-20.36.55:196][873]LogWorld: Bringing up level for play took: 0.004267
[2018.03.28-20.36.55:197][873]LogGameMode: Display: Match State Changed from EnteringMap to WaitingToStart
[2018.03.28-20.36.55:197][873]LogGameState: Match State Changed from EnteringMap to WaitingToStart
[2018.03.28-20.36.55:197][873]LogGameMode: Display: Match State Changed from WaitingToStart to InProgress
[2018.03.28-20.36.55:200][873]LogGameState: Match State Changed from WaitingToStart to InProgress
[2018.03.28-20.36.55:204][873]PIE: Play in editor start time for /Game/VirtualRealityBP/Maps/UEDPIE_0_StartupMap 0.11
[2018.03.28-20.43.59:807][905]LogSavePackage: Save=84.44ms
[2018.03.28-20.43.59:807][905]LogSavePackage: Moving '../../../../../../Users/carvai/Desktop/EGD/FakeBook/Game 3/DetectiveGame/Saved/StartupMap657A1DEA443C499CD2D76AA5FA57FB71.tmp' to '../../../../../../Users/carvai/Desktop/EGD/FakeBook/Game 3/DetectiveGame/Content/VirtualRealityBP/Maps/StartupMap.umap'
[2018.03.28-20.43.59:812][905]LogSavePackage: Display: Finished SavePackage ../../../../../../Users/carvai/Desktop/EGD/FakeBook/Game 3/DetectiveGame/Content/VirtualRealityBP/Maps/StartupMap.umap
[2018.03.28-20.43.59:847][905]LogFileHelpers: Saving map 'StartupMap' took 0.216
[2018.03.28-20.45.39:474][334]LogSlate: Took 0.000200 seconds to synchronously load lazily loaded font '../../../Engine/Content/Slate/Fonts/Roboto-Light.ttf' (159K)
[2018.03.28-20.45.41:622][346]LogWindowsTextInputMethodSystem: Display: IME system now deactivated.
[2018.03.28-20.45.41:793][347]Cmd: QUIT_EDITOR
[2018.03.28-20.45.42:243][347]LogExit: Preparing to exit.
[2018.03.28-20.45.42:659][347]LogDirectoryWatcher: A directory notification for 'C:/Users/carvai/Desktop/EGD/FakeBook/Game 3/DetectiveGame/Content/' was aborted.
[2018.03.28-20.45.42:676][347]LogExit: Editor shut down
[2018.03.28-20.45.42:680][347]LogExit: Transaction tracking system shut down
[2018.03.28-20.45.42:810][347]LogDirectoryWatcher: A directory notification for '../../../Engine/Content/' was aborted.
[2018.03.28-20.45.42:810][347]LogDirectoryWatcher: A directory notification for '../../../../../../Users/carvai/Desktop/EGD/FakeBook/Game 3/DetectiveGame/Content/' was aborted.
[2018.03.28-20.45.42:810][347]LogDirectoryWatcher: A directory notification for '../../../Engine/Plugins/2D/Paper2D/Content/' was aborted.
[2018.03.28-20.45.42:810][347]LogDirectoryWatcher: A directory notification for '../../../Engine/Plugins/Media/MediaCompositing/Content/' was aborted.
[2018.03.28-20.45.42:810][347]LogDirectoryWatcher: A directory notification for '../../../Engine/Plugins/Runtime/AppleARKit/Content/' was aborted.
[2018.03.28-20.45.42:810][347]LogDirectoryWatcher: A directory notification for '../../../Engine/Plugins/Runtime/Oculus/OculusVR/Content/' was aborted.
[2018.03.28-20.45.42:810][347]LogDirectoryWatcher: A directory notification for '../../../Engine/Plugins/Runtime/Steam/SteamVR/Content/' was aborted.
[2018.03.28-20.45.42:852][347]LogExit: Object subsystem successfully closed.
[2018.03.28-20.45.42:872][347]LogD3D11RHI: Shutdown
[2018.03.28-20.45.42:872][347]LogD3D11RHI: CleanupD3DDevice
[2018.03.28-20.45.42:874][347]LogD3D11RHI: ~FD3D11DynamicRHI
[2018.03.28-20.45.42:888][347]LogModuleManager: Shutting down and abandoning module MovieSceneCapture (554)
[2018.03.28-20.45.42:888][347]LogModuleManager: Shutting down and abandoning module HierarchicalLODOutliner (552)
[2018.03.28-20.45.42:888][347]LogModuleManager: Shutting down and abandoning module SceneOutliner (550)
[2018.03.28-20.45.42:888][347]LogModuleManager: Shutting down and abandoning module AddContentDialog (548)
[2018.03.28-20.45.42:888][347]LogDirectoryWatcher: A directory notification for 'C:/Program Files/Epic Games/UE_4.18/FeaturePacks/' was aborted.
[2018.03.28-20.45.42:889][347]LogModuleManager: Shutting down and abandoning module WidgetCarousel (547)
[2018.03.28-20.45.42:889][347]LogModuleManager: Shutting down and abandoning module EditorWidgets (544)
[2018.03.28-20.45.42:889][347]LogModuleManager: Shutting down and abandoning module CollectionManager (542)
[2018.03.28-20.45.42:889][347]LogDirectoryWatcher: A directory notification for 'C:/Users/carvai/Desktop/EGD/FakeBook/Game 3/DetectiveGame/Content/Collections/' was aborted.
[2018.03.28-20.45.42:889][347]LogDirectoryWatcher: A directory notification for 'C:/Users/carvai/Desktop/EGD/FakeBook/Game 3/DetectiveGame/Content/Developers/CARVAI/Collections/' was aborted.
[2018.03.28-20.45.42:889][347]LogDirectoryWatcher: A directory notification for 'C:/Users/carvai/Desktop/EGD/FakeBook/Game 3/DetectiveGame/Saved/Collections/' was aborted.
[2018.03.28-20.45.42:890][347]LogModuleManager: Shutting down and abandoning module StatsViewer (540)
[2018.03.28-20.45.42:890][347]LogModuleManager: Shutting down and abandoning module FoliageEdit (538)
[2018.03.28-20.45.42:890][347]LogModuleManager: Shutting down and abandoning module LandscapeEditor (536)
[2018.03.28-20.45.42:890][347]LogModuleManager: Shutting down and abandoning module MeshPaintMode (534)
[2018.03.28-20.45.42:890][347]LogModuleManager: Shutting down and abandoning module SceneDepthPickerMode (532)
[2018.03.28-20.45.42:890][347]LogModuleManager: Shutting down and abandoning module ActorPickerMode (530)
[2018.03.28-20.45.42:890][347]LogModuleManager: Shutting down and abandoning module GeometryMode (528)
[2018.03.28-20.45.42:890][347]LogModuleManager: Shutting down and abandoning module TextureAlignMode (526)
[2018.03.28-20.45.42:890][347]LogModuleManager: Shutting down and abandoning module BspMode (524)
[2018.03.28-20.45.42:890][347]LogModuleManager: Shutting down and abandoning module PIEPreviewDeviceProfileSelector (522)
[2018.03.28-20.45.42:890][347]LogModuleManager: Shutting down and abandoning module HardwareSurvey (520)
[2018.03.28-20.45.42:890][347]LogModuleManager: Shutting down and abandoning module SequenceRecorderSections (518)
[2018.03.28-20.45.42:890][347]LogModuleManager: Shutting down and abandoning module AutomationWorker (516)
[2018.03.28-20.45.42:890][347]LogModuleManager: Shutting down and abandoning module MatineeToLevelSequence (514)
[2018.03.28-20.45.42:890][347]LogModuleManager: Shutting down and abandoning module LevelSequenceEditor (512)
[2018.03.28-20.45.42:890][347]LogModuleManager: Shutting down and abandoning module PlacementMode (511)
[2018.03.28-20.45.42:890][347]LogModuleManager: Shutting down and abandoning module WmfMediaFactory (508)
[2018.03.28-20.45.42:890][347]LogModuleManager: Shutting down and abandoning module WmfMediaEditor (506)
[2018.03.28-20.45.42:890][347]LogModuleManager: Shutting down and abandoning module OpenExrWrapper (504)
[2018.03.28-20.45.42:890][347]LogModuleManager: Shutting down and abandoning module ImgMediaFactory (502)
[2018.03.28-20.45.42:890][347]LogModuleManager: Shutting down and abandoning module ImgMediaEditor (500)
[2018.03.28-20.45.42:890][347]LogModuleManager: Shutting down and abandoning module AvfMediaFactory (498)
[2018.03.28-20.45.42:890][347]LogModuleManager: Shutting down and abandoning module AvfMediaEditor (496)
[2018.03.28-20.45.42:890][347]LogModuleManager: Shutting down and abandoning module AndroidMediaFactory (494)
[2018.03.28-20.45.42:890][347]LogModuleManager: Shutting down and abandoning module AndroidMediaEditor (492)
[2018.03.28-20.45.42:890][347]LogModuleManager: Shutting down and abandoning module CharacterAI (490)
[2018.03.28-20.45.42:890][347]LogModuleManager: Shutting down and abandoning module AudioCapture (488)
[2018.03.28-20.45.42:890][347]LogModuleManager: Shutting down and abandoning module SequenceRecorder (487)
[2018.03.28-20.45.42:890][347]LogModuleManager: Shutting down and abandoning module SmartSnapping (484)
[2018.03.28-20.45.42:890][347]LogModuleManager: Shutting down and abandoning module SessionServices (482)
[2018.03.28-20.45.42:890][347]LogModuleManager: Shutting down and abandoning module ViewportSnapping (480)
[2018.03.28-20.45.42:890][347]LogModuleManager: Shutting down and abandoning module ViewportInteraction (478)
[2018.03.28-20.45.42:890][347]LogModuleManager: Shutting down and abandoning module ClothPainter (476)
[2018.03.28-20.45.42:890][347]LogModuleManager: Shutting down and abandoning module SkeletalMeshEditor (475)
[2018.03.28-20.45.42:890][347]LogModuleManager: Shutting down and abandoning module LogVisualizer (472)
[2018.03.28-20.45.42:890][347]LogModuleManager: Shutting down and abandoning module IntroTutorials (470)
[2018.03.28-20.45.42:890][347]LogModuleManager: Shutting down and abandoning module GameProjectGeneration (469)
[2018.03.28-20.45.42:890][347]LogModuleManager: Shutting down and abandoning module IOSPlatformEditor (466)
[2018.03.28-20.45.42:891][347]LogModuleManager: Shutting down and abandoning module HTML5PlatformEditor (464)
[2018.03.28-20.45.42:891][347]LogModuleManager: Shutting down and abandoning module AndroidPlatformEditor (462)
[2018.03.28-20.45.42:891][347]LogModuleManager: Shutting down and abandoning module AndroidDeviceDetection (461)
[2018.03.28-20.45.43:469][347]LogModuleManager: Shutting down and abandoning module WindowsPlatformEditor (458)
[2018.03.28-20.45.43:469][347]LogModuleManager: Shutting down and abandoning module IOSRuntimeSettings (456)
[2018.03.28-20.45.43:469][347]LogModuleManager: Shutting down and abandoning module AndroidRuntimeSettings (454)
[2018.03.28-20.45.43:469][347]LogModuleManager: Shutting down and abandoning module InputBindingEditor (452)
[2018.03.28-20.45.43:469][347]LogModuleManager: Shutting down and abandoning module MergeActors (450)
[2018.03.28-20.45.43:469][347]LogModuleManager: Shutting down and abandoning module SizeMap (448)
[2018.03.28-20.45.43:469][347]LogModuleManager: Shutting down and abandoning module TreeMap (446)
[2018.03.28-20.45.43:469][347]LogModuleManager: Shutting down and abandoning module ReferenceViewer (444)
[2018.03.28-20.45.43:469][347]LogModuleManager: Shutting down and abandoning module LocalizationDashboard (442)
[2018.03.28-20.45.43:469][347]LogModuleManager: Shutting down and abandoning module LocalizationService (441)
[2018.03.28-20.45.43:469][347]LogModuleManager: Shutting down and abandoning module HardwareTargeting (438)
[2018.03.28-20.45.43:469][347]LogModuleManager: Shutting down and abandoning module DeviceProfileEditor (436)
[2018.03.28-20.45.43:469][347]LogModuleManager: Shutting down and abandoning module UndoHistory (434)
[2018.03.28-20.45.43:469][347]LogModuleManager: Shutting down and abandoning module XmlParser (432)
[2018.03.28-20.45.43:469][347]LogModuleManager: Shutting down and abandoning module Blutility (430)
[2018.03.28-20.45.43:469][347]LogModuleManager: Shutting down and abandoning module ProjectSettingsViewer (428)
[2018.03.28-20.45.43:469][347]LogModuleManager: Shutting down and abandoning module ProjectTargetPlatformEditor (427)
[2018.03.28-20.45.43:469][347]LogModuleManager: Shutting down and abandoning module EditorSettingsViewer (424)
[2018.03.28-20.45.43:469][347]LogModuleManager: Shutting down and abandoning module SettingsEditor (422)
[2018.03.28-20.45.43:469][347]LogModuleManager: Shutting down and abandoning module ProjectLauncher (420)
[2018.03.28-20.45.43:469][347]LogModuleManager: Shutting down and abandoning module SessionFrontend (418)
[2018.03.28-20.45.43:469][347]LogModuleManager: Shutting down and abandoning module ProfilerClient (416)
[2018.03.28-20.45.43:469][347]LogModuleManager: Shutting down and abandoning module DeviceManager (414)
[2018.03.28-20.45.43:469][347]LogModuleManager: Shutting down and abandoning module TargetDeviceServices (413)
[2018.03.28-20.45.43:522][347]LogModuleManager: Shutting down and abandoning module AutomationController (410)
[2018.03.28-20.45.43:522][347]LogModuleManager: Shutting down and abandoning module AutomationWindow (408)
[2018.03.28-20.45.43:522][347]LogModuleManager: Shutting down and abandoning module Layers (406)
[2018.03.28-20.45.43:522][347]LogModuleManager: Shutting down and abandoning module ComponentVisualizers (404)
[2018.03.28-20.45.43:522][347]LogModuleManager: Shutting down and abandoning module DetailCustomizations (402)
[2018.03.28-20.45.43:522][347]LogModuleManager: Shutting down and abandoning module PackagesDialog (400)
[2018.03.28-20.45.43:523][347]LogModuleManager: Shutting down and abandoning module Persona (398)
[2018.03.28-20.45.43:523][347]LogModuleManager: Shutting down and abandoning module AdvancedPreviewScene (397)
[2018.03.28-20.45.43:523][347]LogModuleManager: Shutting down and abandoning module AnimGraph (395)
[2018.03.28-20.45.43:523][347]LogModuleManager: Shutting down and abandoning module Kismet (392)
[2018.03.28-20.45.43:524][347]LogModuleManager: Shutting down and abandoning module ClassViewer (390)
[2018.03.28-20.45.43:524][347]LogModuleManager: Shutting down and abandoning module Toolbox (388)
[2018.03.28-20.45.43:524][347]LogModuleManager: Shutting down and abandoning module ModuleUI (386)
[2018.03.28-20.45.43:524][347]LogModuleManager: Shutting down and abandoning module MovieSceneTools (384)
[2018.03.28-20.45.43:524][347]LogModuleManager: Shutting down and abandoning module OutputLog (382)
[2018.03.28-20.45.43:524][347]LogModuleManager: Shutting down and abandoning module GammaUI (380)
[2018.03.28-20.45.43:524][347]LogModuleManager: Shutting down and abandoning module Documentation (378)
[2018.03.28-20.45.43:524][347]LogModuleManager: Shutting down and abandoning module MovieSceneTracks (376)
[2018.03.28-20.45.43:524][347]LogModuleManager: Shutting down and abandoning module MovieScene (374)
[2018.03.28-20.45.43:524][347]LogModuleManager: Shutting down and abandoning module StreamingPauseRendering (372)
[2018.03.28-20.45.43:524][347]LogModuleManager: Shutting down and abandoning module LauncherPlatform (370)
[2018.03.28-20.45.43:524][347]LogModuleManager: Shutting down and abandoning module AnalyticsET (368)
[2018.03.28-20.45.43:524][347]LogModuleManager: Shutting down and abandoning module PortalServices (366)
[2018.03.28-20.45.43:524][347]LogModuleManager: Shutting down and abandoning module PortalRpc (364)
[2018.03.28-20.45.43:524][347]LogModuleManager: Shutting down and abandoning module MessagingRpc (362)
[2018.03.28-20.45.43:524][347]LogModuleManager: Shutting down and abandoning module AIModule (360)
[2018.03.28-20.45.43:524][347]LogModuleManager: Shutting down and abandoning module GameplayDebugger (359)
[2018.03.28-20.45.43:524][347]LogModuleManager: Shutting down and abandoning module AITestSuite (357)
[2018.03.28-20.45.43:524][347]LogModuleManager: Shutting down and abandoning module DesktopPlatform (354)
[2018.03.28-20.45.43:524][347]LogModuleManager: Shutting down and abandoning module ProfilerService (352)
[2018.03.28-20.45.43:639][347]LogModuleManager: Shutting down and abandoning module TaskGraph (350)
[2018.03.28-20.45.43:639][347]LogModuleManager: Shutting down and abandoning module SteamVRController (348)
[2018.03.28-20.45.43:639][347]LogModuleManager: Shutting down and abandoning module ProceduralMeshComponentEditor (346)
[2018.03.28-20.45.43:639][347]LogModuleManager: Shutting down and abandoning module ProceduralMeshComponent (344)
[2018.03.28-20.45.43:639][347]LogModuleManager: Shutting down and abandoning module OculusInput (342)
[2018.03.28-20.45.43:639][347]LogModuleManager: Shutting down and abandoning module MobilePatchingUtils (340)
[2018.03.28-20.45.43:639][347]LogModuleManager: Shutting down and abandoning module CustomMeshComponent (338)
[2018.03.28-20.45.43:639][347]LogModuleManager: Shutting down and abandoning module CableComponent (336)
[2018.03.28-20.45.43:639][347]LogModuleManager: Shutting down and abandoning module ArchVisCharacter (334)
[2018.03.28-20.45.43:639][347]LogModuleManager: Shutting down and abandoning module AndroidPermission (332)
[2018.03.28-20.45.43:639][347]LogModuleManager: Shutting down and abandoning module ActorSequence (328)
[2018.03.28-20.45.43:639][347]LogModuleManager: Shutting down and abandoning module MediaPlayerEditor (326)
[2018.03.28-20.45.43:640][347]LogModuleManager: Shutting down and abandoning module MediaCompositingEditor (324)
[2018.03.28-20.45.43:640][347]LogModuleManager: Shutting down and abandoning module MediaCompositing (322)
[2018.03.28-20.45.43:640][347]LogModuleManager: Shutting down and abandoning module HTML5Networking (320)
[2018.03.28-20.45.43:640][347]LogModuleManager: Shutting down and abandoning module AlembicImporter (318)
[2018.03.28-20.45.43:640][347]LogModuleManager: Shutting down and abandoning module AlembicLibrary (317)
[2018.03.28-20.45.43:640][347]LogModuleManager: Shutting down and abandoning module GeometryCache (316)
[2018.03.28-20.45.43:640][347]LogModuleManager: Shutting down and abandoning module GeometryCacheEd (315)
[2018.03.28-20.45.43:640][347]LogModuleManager: Shutting down and abandoning module SpeedTreeImporter (310)
[2018.03.28-20.45.43:640][347]LogModuleManager: Shutting down and abandoning module PluginBrowser (308)
[2018.03.28-20.45.43:640][347]LogModuleManager: Shutting down and abandoning module MobileLauncherProfileWizard (306)
[2018.03.28-20.45.43:640][347]LogModuleManager: Shutting down and abandoning module VisualStudioSourceCodeAccess (304)
[2018.03.28-20.45.43:640][347]LogModuleManager: Shutting down and abandoning module VisualStudioCodeSourceCodeAccess (302)
[2018.03.28-20.45.43:640][347]LogModuleManager: Shutting down and abandoning module UObjectPlugin (300)
[2018.03.28-20.45.43:640][347]LogModuleManager: Shutting down and abandoning module SubversionSourceControl (298)
[2018.03.28-20.45.43:640][347]LogModuleManager: Shutting down and abandoning module PerforceSourceControl (296)
[2018.03.28-20.45.43:640][347]LogModuleManager: Shutting down and abandoning module GitSourceControl (294)
[2018.03.28-20.45.43:640][347]LogModuleManager: Shutting down and abandoning module SourceControl (293)
[2018.03.28-20.45.43:640][347]LogModuleManager: Shutting down and abandoning module LightPropagationVolumeEditor (290)
[2018.03.28-20.45.43:640][347]LogModuleManager: Shutting down and abandoning module PaperTiledImporter (288)
[2018.03.28-20.45.43:640][347]LogModuleManager: Shutting down and abandoning module PaperSpriteSheetImporter (286)
[2018.03.28-20.45.43:640][347]LogModuleManager: Shutting down and abandoning module Paper2DEditor (284)
[2018.03.28-20.45.43:640][347]LogModuleManager: Shutting down and abandoning module MeshPaint (283)
[2018.03.28-20.45.43:640][347]LogModuleManager: Shutting down and abandoning module LevelEditor (281)
[2018.03.28-20.45.43:641][347]LogModuleManager: Shutting down and abandoning module PixelInspectorModule (280)
[2018.03.28-20.45.43:641][347]LogModuleManager: Shutting down and abandoning module MainFrame (278)
[2018.03.28-20.45.43:641][347]LogModuleManager: Shutting down and abandoning module HotReload (277)
[2018.03.28-20.45.43:641][347]LogModuleManager: Shutting down and abandoning module RuntimePhysXCooking (272)
[2018.03.28-20.45.43:641][347]LogModuleManager: Shutting down and abandoning module PhysXVehiclesEditor (270)
[2018.03.28-20.45.43:642][347]LogModuleManager: Shutting down and abandoning module PhysXVehicles (268)
[2018.03.28-20.45.43:642][347]LogModuleManager: Shutting down and abandoning module OculusEditor (266)
[2018.03.28-20.45.43:642][347]LogModuleManager: Shutting down and abandoning module LocationServicesBPLibrary (264)
[2018.03.28-20.45.43:642][347]LogModuleManager: Shutting down and abandoning module ImmediatePhysicsEditor (262)
[2018.03.28-20.45.43:642][347]LogModuleManager: Shutting down and abandoning module ImmediatePhysics (260)
[2018.03.28-20.45.43:642][347]LogModuleManager: Shutting down and abandoning module ApexDestructionEditor (258)
[2018.03.28-20.45.43:642][347]LogModuleManager: Shutting down and abandoning module ApexDestruction (256)
[2018.03.28-20.45.43:642][347]LogModuleManager: Shutting down and abandoning module UdpMessaging (254)
[2018.03.28-20.45.43:742][347]LogModuleManager: Shutting down and abandoning module TcpMessaging (252)
[2018.03.28-20.45.43:843][347]LogModuleManager: Shutting down and abandoning module GameplayTagsEditor (250)
[2018.03.28-20.45.43:843][347]LogModuleManager: Shutting down and abandoning module FacialAnimationEditor (248)
[2018.03.28-20.45.43:843][347]LogModuleManager: Shutting down and abandoning module FacialAnimation (246)
[2018.03.28-20.45.43:843][347]LogModuleManager: Shutting down and abandoning module AssetManagerEditor (244)
[2018.03.28-20.45.43:843][347]LogModuleManager: Shutting down and abandoning module GraphEditor (243)
[2018.03.28-20.45.43:843][347]LogModuleManager: Shutting down and abandoning module ContentBrowser (241)
[2018.03.28-20.45.43:844][347]LogModuleManager: Shutting down and abandoning module LightPropagationVolumeRuntime (238)
[2018.03.28-20.45.43:844][347]LogModuleManager: Shutting down and abandoning module Paper2D (236)
[2018.03.28-20.45.43:844][347]LogModuleManager: Shutting down and abandoning module WindowsMoviePlayer (234)
[2018.03.28-20.45.43:844][347]LogModuleManager: Shutting down and abandoning module WmfMedia (232)
[2018.03.28-20.45.43:845][347]LogModuleManager: Shutting down and abandoning module ImgMedia (230)
[2018.03.28-20.45.43:845][347]LogModuleManager: Shutting down and abandoning module PacketHandler (228)
[2018.03.28-20.45.43:846][347]LogModuleManager: Shutting down and abandoning module ClothingSystemEditor (226)
[2018.03.28-20.45.43:846][347]LogModuleManager: Shutting down and abandoning module ClothingSystemRuntime (224)
[2018.03.28-20.45.43:846][347]LogModuleManager: Shutting down and abandoning module MediaAssets (222)
[2018.03.28-20.45.43:846][347]LogModuleManager: Shutting down and abandoning module Media (221)
[2018.03.28-20.45.43:852][347]LogModuleManager: Shutting down and abandoning module Overlay (218)
[2018.03.28-20.45.43:852][347]LogModuleManager: Shutting down and abandoning module OverlayEditor (217)
[2018.03.28-20.45.43:852][347]LogModuleManager: Shutting down and abandoning module VREditor (214)
[2018.03.28-20.45.43:852][347]LogModuleManager: Shutting down and abandoning module StringTableEditor (212)
[2018.03.28-20.45.43:852][347]LogModuleManager: Shutting down and abandoning module GameplayTasksEditor (210)
[2018.03.28-20.45.43:852][347]LogModuleManager: Shutting down and abandoning module BehaviorTreeEditor (208)
[2018.03.28-20.45.43:852][347]LogModuleManager: Shutting down and abandoning module FunctionalTesting (206)
[2018.03.28-20.45.43:852][347]LogModuleManager: Shutting down and abandoning module CollisionAnalyzer (204)
[2018.03.28-20.45.43:852][347]LogModuleManager: Shutting down and abandoning module WorkspaceMenuStructure (203)
[2018.03.28-20.45.43:852][347]LogModuleManager: Shutting down and abandoning module UMG (200)
[2018.03.28-20.45.43:852][347]LogModuleManager: Shutting down and abandoning module UMGEditor (199)
[2018.03.28-20.45.43:852][347]LogModuleManager: Shutting down and abandoning module Sequencer (198)
[2018.03.28-20.45.43:853][347]LogModuleManager: Shutting down and abandoning module MessageLog (195)
[2018.03.28-20.45.43:853][347]LogModuleManager: Shutting down and abandoning module SlateReflector (190)
[2018.03.28-20.45.43:853][347]LogModuleManager: Shutting down and abandoning module Slate (188)
[2018.03.28-20.45.43:853][347]LogModuleManager: Shutting down and abandoning module EditorStyle (186)
[2018.03.28-20.45.43:855][347]LogModuleManager: Shutting down and abandoning module MRMesh (184)
[2018.03.28-20.45.43:855][347]LogModuleManager: Shutting down and abandoning module SourceCodeAccess (182)
[2018.03.28-20.45.43:855][347]LogModuleManager: Shutting down and abandoning module HeadMountedDisplay (180)
[2018.03.28-20.45.43:855][347]LogModuleManager: Shutting down and abandoning module XAudio2 (178)
[2018.03.28-20.45.43:855][347]LogModuleManager: Shutting down and abandoning module Networking (176)
[2018.03.28-20.45.43:855][347]LogModuleManager: Shutting down and abandoning module Core (172)
[2018.03.28-20.45.43:855][347]LogModuleManager: Shutting down and abandoning module LevelSequence (168)
[2018.03.28-20.45.43:855][347]LogModuleManager: Shutting down and abandoning module DirectoryWatcher (166)
[2018.03.28-20.45.43:856][347]LogModuleManager: Shutting down and abandoning module KismetCompiler (164)
[2018.03.28-20.45.43:856][347]LogModuleManager: Shutting down and abandoning module MeshUtilities (162)
[2018.03.28-20.45.43:856][347]LogModuleManager: Shutting down and abandoning module MeshMergeUtilities (161)
[2018.03.28-20.45.43:856][347]LogModuleManager: Shutting down and abandoning module MeshReductionInterface (160)
[2018.03.28-20.45.43:856][347]LogModuleManager: Shutting down and abandoning module SimplygonSwarm (159)
[2018.03.28-20.45.43:856][347]LogModuleManager: Shutting down and abandoning module SimplygonMeshReduction (157)
[2018.03.28-20.45.43:856][347]LogModuleManager: Shutting down and abandoning module QuadricMeshReduction (155)
[2018.03.28-20.45.43:856][347]LogModuleManager: Shutting down and abandoning module MaterialBaking (151)
[2018.03.28-20.45.43:856][347]LogModuleManager: Shutting down and abandoning module DerivedDataCache (148)
[2018.03.28-20.45.43:908][347]LogDerivedDataCache: Shutdown
[2018.03.28-20.45.43:908][347]LogModuleManager: Shutting down and abandoning module TargetPlatform (146)
[2018.03.28-20.45.43:908][347]LogModuleManager: Shutting down and abandoning module VulkanShaderFormat (145)
[2018.03.28-20.45.43:908][347]LogModuleManager: Shutting down and abandoning module ShaderFormatVectorVM (143)
[2018.03.28-20.45.43:908][347]LogModuleManager: Shutting down and abandoning module ShaderFormatOpenGL (141)
[2018.03.28-20.45.43:908][347]LogModuleManager: Shutting down and abandoning module ShaderFormatD3D (139)
[2018.03.28-20.45.43:908][347]LogModuleManager: Shutting down and abandoning module MetalShaderFormat (137)
[2018.03.28-20.45.43:908][347]LogModuleManager: Shutting down and abandoning module TextureFormatUncompressed (135)
[2018.03.28-20.45.43:908][347]LogModuleManager: Shutting down and abandoning module TextureFormatPVR (133)
[2018.03.28-20.45.43:908][347]LogModuleManager: Shutting down and abandoning module TextureFormatDXT (131)
[2018.03.28-20.45.43:908][347]LogModuleManager: Shutting down and abandoning module TextureFormatIntelISPCTexComp (129)
[2018.03.28-20.45.43:908][347]LogModuleManager: Shutting down and abandoning module TextureFormatASTC (127)
[2018.03.28-20.45.43:909][347]LogModuleManager: Shutting down and abandoning module ImageWrapper (126)
[2018.03.28-20.45.43:909][347]LogModuleManager: Shutting down and abandoning module TextureFormatAndroid (123)
[2018.03.28-20.45.43:909][347]LogModuleManager: Shutting down and abandoning module AudioFormatOpus (121)
[2018.03.28-20.45.43:909][347]LogModuleManager: Shutting down and abandoning module AudioFormatOgg (119)
[2018.03.28-20.45.43:909][347]LogModuleManager: Shutting down and abandoning module AudioFormatADPCM (117)
[2018.03.28-20.45.43:909][347]LogModuleManager: Shutting down and abandoning module LinuxTargetPlatform (115)
[2018.03.28-20.45.43:909][347]LogModuleManager: Shutting down and abandoning module LinuxServerTargetPlatform (113)
[2018.03.28-20.45.43:909][347]LogModuleManager: Shutting down and abandoning module LinuxNoEditorTargetPlatform (111)
[2018.03.28-20.45.43:909][347]LogModuleManager: Shutting down and abandoning module LinuxClientTargetPlatform (109)
[2018.03.28-20.45.43:909][347]LogModuleManager: Shutting down and abandoning module TVOSTargetPlatform (107)
[2018.03.28-20.45.43:909][347]LogModuleManager: Shutting down and abandoning module Messaging (105)
[2018.03.28-20.45.43:909][347]LogModuleManager: Shutting down and abandoning module IOSTargetPlatform (103)
[2018.03.28-20.45.43:909][347]LogModuleManager: Shutting down and abandoning module HTML5TargetPlatform (101)
[2018.03.28-20.45.43:909][347]LogModuleManager: Shutting down and abandoning module AndroidTargetPlatform (99)
[2018.03.28-20.45.43:909][347]LogModuleManager: Shutting down and abandoning module Android_PVRTCTargetPlatform (97)
[2018.03.28-20.45.43:909][347]LogModuleManager: Shutting down and abandoning module Android_MultiTargetPlatform (95)
[2018.03.28-20.45.43:909][347]LogModuleManager: Shutting down and abandoning module Android_ETC2TargetPlatform (93)
[2018.03.28-20.45.43:909][347]LogModuleManager: Shutting down and abandoning module Android_ETC1TargetPlatform (91)
[2018.03.28-20.45.43:909][347]LogModuleManager: Shutting down and abandoning module Android_DXTTargetPlatform (89)
[2018.03.28-20.45.43:909][347]LogModuleManager: Shutting down and abandoning module Android_ATCTargetPlatform (87)
[2018.03.28-20.45.43:909][347]LogModuleManager: Shutting down and abandoning module Android_ASTCTargetPlatform (85)
[2018.03.28-20.45.43:909][347]LogModuleManager: Shutting down and abandoning module WindowsTargetPlatform (83)
[2018.03.28-20.45.43:909][347]LogModuleManager: Shutting down and abandoning module WindowsServerTargetPlatform (81)
[2018.03.28-20.45.43:909][347]LogModuleManager: Shutting down and abandoning module WindowsNoEditorTargetPlatform (79)
[2018.03.28-20.45.43:909][347]LogModuleManager: Shutting down and abandoning module WindowsClientTargetPlatform (77)
[2018.03.28-20.45.43:909][347]LogModuleManager: Shutting down and abandoning module MacTargetPlatform (75)
[2018.03.28-20.45.43:909][347]LogModuleManager: Shutting down and abandoning module MacServerTargetPlatform (73)
[2018.03.28-20.45.43:909][347]LogModuleManager: Shutting down and abandoning module MacNoEditorTargetPlatform (71)
[2018.03.28-20.45.43:909][347]LogModuleManager: Shutting down and abandoning module MacClientTargetPlatform (69)
[2018.03.28-20.45.43:909][347]LogModuleManager: Shutting down and abandoning module AllDesktopTargetPlatform (67)
[2018.03.28-20.45.43:909][347]LogModuleManager: Shutting down and abandoning module InputCore (64)
[2018.03.28-20.45.43:909][347]LogModuleManager: Shutting down and abandoning module Settings (62)
[2018.03.28-20.45.43:909][347]LogModuleManager: Shutting down and abandoning module PhysXCooking (60)
[2018.03.28-20.45.43:909][347]LogModuleManager: Shutting down and abandoning module SteamVR (58)
[2018.03.28-20.45.43:909][347]LogModuleManager: Shutting down and abandoning module OculusHMD (56)
[2018.03.28-20.45.43:909][347]LogModuleManager: Shutting down and abandoning module ExampleDeviceProfileSelector (54)
[2018.03.28-20.45.43:909][347]LogModuleManager: Shutting down and abandoning module AppleARKit (52)
[2018.03.28-20.45.43:909][347]LogModuleManager: Shutting down and abandoning module AugmentedReality (51)
[2018.03.28-20.45.43:909][347]LogModuleManager: Shutting down and abandoning module OnlineBlueprintSupport (48)
[2018.03.28-20.45.43:909][347]LogModuleManager: Shutting down and abandoning module OnlineSubsystem (44)
[2018.03.28-20.45.43:909][347]LogModuleManager: Shutting down and abandoning module XMPP (43)
[2018.03.28-20.45.43:909][347]LogModuleManager: Shutting down and abandoning module HTTP (41)
[2018.03.28-20.45.43:909][347]LogHttp: Display: Http module shutting down, but needs to wait on 1 outstanding Http requests:
[2018.03.28-20.45.43:909][347]LogHttp: Display: 	verb=[POST] url=[https://datarouter.ol.epicgames.com/datarouter/api/v1/public/data?SessionID=%7B8F33E7E1-414E-F23A-CA96-369EA1DBEBC9%7D&AppID=UEEditor.Rocket.Release&AppVersion=4.18.3-3832480%2B%2B%2BUE4%2BRelease-4.18&UserID=b2e6573947b13cdf34c8b79340542664%7C4478b30bdc294823a3cf87d051182ded%7C85b2f058-83e3-4094-9c4d-02c48fb8d545&AppEnvironment=datacollector-binary&UploadType=eteventstream] status=Processing
[2018.03.28-20.45.43:922][347]LogModuleManager: Shutting down and abandoning module SSL (40)
[2018.03.28-20.45.43:923][347]LogModuleManager: Shutting down and abandoning module AnimationModifiers (36)
[2018.03.28-20.45.43:923][347]LogModuleManager: Shutting down and abandoning module PropertyEditor (35)
[2018.03.28-20.45.43:924][347]LogModuleManager: Shutting down and abandoning module AudioEditor (32)
[2018.03.28-20.45.43:924][347]LogModuleManager: Shutting down and abandoning module TextureCompressor (30)
[2018.03.28-20.45.43:924][347]LogModuleManager: Shutting down and abandoning module ShaderCore (28)
[2018.03.28-20.45.43:924][347]LogModuleManager: Shutting down and abandoning module Landscape (26)
[2018.03.28-20.45.43:924][347]LogModuleManager: Shutting down and abandoning module SlateRHIRenderer (24)
[2018.03.28-20.45.43:925][347]LogModuleManager: Shutting down and abandoning module OpenGLDrv (22)
[2018.03.28-20.45.43:925][347]LogModuleManager: Shutting down and abandoning module D3D11RHI (20)
[2018.03.28-20.45.43:925][347]LogModuleManager: Shutting down and abandoning module AnimGraphRuntime (18)
[2018.03.28-20.45.43:925][347]LogModuleManager: Shutting down and abandoning module Renderer (16)
[2018.03.28-20.45.43:925][347]LogModuleManager: Shutting down and abandoning module Engine (14)
[2018.03.28-20.45.43:925][347]LogModuleManager: Shutting down and abandoning module CoreUObject (12)
[2018.03.28-20.45.43:925][347]LogModuleManager: Shutting down and abandoning module NetworkFile (10)
[2018.03.28-20.45.43:925][347]LogModuleManager: Shutting down and abandoning module CookedIterativeFile (8)
[2018.03.28-20.45.43:925][347]LogModuleManager: Shutting down and abandoning module StreamingFile (6)
[2018.03.28-20.45.43:925][347]LogModuleManager: Shutting down and abandoning module SandboxFile (4)
[2018.03.28-20.45.43:925][347]LogModuleManager: Shutting down and abandoning module PakFile (2)
[2018.03.28-20.45.43:929][347]LogExit: Exiting.
[2018.03.28-20.45.43:948][347]Log file closed, 03/28/18 16:45:43
