Log file open, 03/07/18 12:13:34
LogWindows: Failed to load 'aqProf.dll' (GetLastError=126)
LogWindows: File 'aqProf.dll' does not exist
LogWindows: Failed to load 'VSPerf140.dll' (GetLastError=126)
LogWindows: File 'VSPerf140.dll' does not exist
LogWindows: Failed to load 'VtuneApi.dll' (GetLastError=126)
LogWindows: File 'VtuneApi.dll' does not exist
LogWindows: Failed to load 'VtuneApi32e.dll' (GetLastError=126)
LogWindows: File 'VtuneApi32e.dll' does not exist
LogInit: Display: Running engine for game: DetectiveGame
LogPlatformFile: Not using cached read wrapper
LogInit: Display: RandInit(137151244) SRandInit(137151245).
LogInit: Read version file with build ID '3709383'
LogInit: Overriding engine version to CL 3832480, compatible CL 3709383
LogInit: Registered custom module enumerator with build ID '3709383'
LogTaskGraph: Started task graph with 5 named threads and 14 total threads with 3 sets of task threads.
LogStats: Stats thread started at 0.183145
LogD3D11RHI: Aftermath initialized
LogModuleManager: Display: Found up-to-date module file ../../../Engine/Plugins/2D/Paper2D/Binaries/Win64/UE4Editor-Paper2D.dll (API version 3709383).
LogModuleManager: Display: Found up-to-date module file ../../../Engine/Plugins/2D/Paper2D/Binaries/Win64/UE4Editor-Paper2DEditor.dll (API version 3709383).
LogModuleManager: Display: Found up-to-date module file ../../../Engine/Plugins/2D/Paper2D/Binaries/Win64/UE4Editor-PaperSpriteSheetImporter.dll (API version 3709383).
LogModuleManager: Display: Found up-to-date module file ../../../Engine/Plugins/2D/Paper2D/Binaries/Win64/UE4Editor-PaperTiledImporter.dll (API version 3709383).
LogModuleManager: Display: Found up-to-date module file ../../../Engine/Plugins/2D/Paper2D/Binaries/Win64/UE4Editor-SmartSnapping.dll (API version 3709383).
LogModuleManager: Display: Found up-to-date module file ../../../Engine/Plugins/Blendables/LightPropagationVolume/Binaries/Win64/UE4Editor-LightPropagationVolumeRuntime.dll (API version 3709383).
LogModuleManager: Display: Found up-to-date module file ../../../Engine/Plugins/Blendables/LightPropagationVolume/Binaries/Win64/UE4Editor-LightPropagationVolumeEditor.dll (API version 3709383).
LogModuleManager: Display: Found up-to-date module file ../../../Engine/Plugins/Developer/GitSourceControl/Binaries/Win64/UE4Editor-GitSourceControl.dll (API version 3709383).
LogModuleManager: Display: Found up-to-date module file ../../../Engine/Plugins/Developer/PerforceSourceControl/Binaries/Win64/UE4Editor-PerforceSourceControl.dll (API version 3709383).
LogModuleManager: Display: Found up-to-date module file ../../../Engine/Plugins/Developer/SubversionSourceControl/Binaries/Win64/UE4Editor-SubversionSourceControl.dll (API version 3709383).
LogModuleManager: Display: Found up-to-date module file ../../../Engine/Plugins/Developer/UObjectPlugin/Binaries/Win64/UE4Editor-UObjectPlugin.dll (API version 3709383).
LogModuleManager: Display: Found up-to-date module file ../../../Engine/Plugins/Developer/VisualStudioCodeSourceCodeAccess/Binaries/Win64/UE4Editor-VisualStudioCodeSourceCodeAccess.dll (API version 3709383).
LogModuleManager: Display: Found up-to-date module file ../../../Engine/Plugins/Developer/VisualStudioSourceCodeAccess/Binaries/Win64/UE4Editor-VisualStudioSourceCodeAccess.dll (API version 3709383).
LogModuleManager: Display: Found up-to-date module file ../../../Engine/Plugins/Editor/AssetManagerEditor/Binaries/Win64/UE4Editor-AssetManagerEditor.dll (API version 3709383).
LogModuleManager: Display: Found up-to-date module file ../../../Engine/Plugins/Editor/AudioCapture/Binaries/Win64/UE4Editor-AudioCapture.dll (API version 3709383).
LogModuleManager: Display: Found up-to-date module file ../../../Engine/Plugins/Editor/FacialAnimation/Binaries/Win64/UE4Editor-FacialAnimation.dll (API version 3709383).
LogModuleManager: Display: Found up-to-date module file ../../../Engine/Plugins/Editor/FacialAnimation/Binaries/Win64/UE4Editor-FacialAnimationEditor.dll (API version 3709383).
LogModuleManager: Display: Found up-to-date module file ../../../Engine/Plugins/Editor/GameplayTagsEditor/Binaries/Win64/UE4Editor-GameplayTagsEditor.dll (API version 3709383).
LogModuleManager: Display: Found up-to-date module file ../../../Engine/Plugins/Editor/MobileLauncherProfileWizard/Binaries/Win64/UE4Editor-MobileLauncherProfileWizard.dll (API version 3709383).
LogModuleManager: Display: Found up-to-date module file ../../../Engine/Plugins/Editor/PluginBrowser/Binaries/Win64/UE4Editor-PluginBrowser.dll (API version 3709383).
LogModuleManager: Display: Found up-to-date module file ../../../Engine/Plugins/Editor/SpeedTreeImporter/Binaries/Win64/UE4Editor-SpeedTreeImporter.dll (API version 3709383).
LogModuleManager: Display: Found up-to-date module file ../../../Engine/Plugins/Experimental/AlembicImporter/Binaries/Win64/UE4Editor-AlembicImporter.dll (API version 3709383).
LogModuleManager: Display: Found up-to-date module file ../../../Engine/Plugins/Experimental/AlembicImporter/Binaries/Win64/UE4Editor-AlembicLibrary.dll (API version 3709383).
LogModuleManager: Display: Found up-to-date module file ../../../Engine/Plugins/Experimental/CharacterAI/Binaries/Win64/UE4Editor-CharacterAI.dll (API version 3709383).
LogModuleManager: Display: Found up-to-date module file ../../../Engine/Plugins/Experimental/HTML5Networking/Binaries/Win64/UE4Editor-HTML5Networking.dll (API version 3709383).
LogModuleManager: Display: Found up-to-date module file ../../../Engine/Plugins/Media/AndroidMedia/Binaries/Win64/UE4Editor-AndroidMediaEditor.dll (API version 3709383).
LogModuleManager: Display: Found up-to-date module file ../../../Engine/Plugins/Media/AndroidMedia/Binaries/Win64/UE4Editor-AndroidMediaFactory.dll (API version 3709383).
LogModuleManager: Display: Found up-to-date module file ../../../Engine/Plugins/Media/AvfMedia/Binaries/Win64/UE4Editor-AvfMediaEditor.dll (API version 3709383).
LogModuleManager: Display: Found up-to-date module file ../../../Engine/Plugins/Media/AvfMedia/Binaries/Win64/UE4Editor-AvfMediaFactory.dll (API version 3709383).
LogModuleManager: Display: Found up-to-date module file ../../../Engine/Plugins/Media/AvfMedia/Binaries/Win64/UE4Editor-AvfMediaFactory.dll (API version 3709383).
LogModuleManager: Display: Found up-to-date module file ../../../Engine/Plugins/Media/ImgMedia/Binaries/Win64/UE4Editor-ImgMedia.dll (API version 3709383).
LogModuleManager: Display: Found up-to-date module file ../../../Engine/Plugins/Media/ImgMedia/Binaries/Win64/UE4Editor-ImgMediaEditor.dll (API version 3709383).
LogModuleManager: Display: Found up-to-date module file ../../../Engine/Plugins/Media/ImgMedia/Binaries/Win64/UE4Editor-ImgMediaFactory.dll (API version 3709383).
LogModuleManager: Display: Found up-to-date module file ../../../Engine/Plugins/Media/ImgMedia/Binaries/Win64/UE4Editor-ImgMediaFactory.dll (API version 3709383).
LogModuleManager: Display: Found up-to-date module file ../../../Engine/Plugins/Media/ImgMedia/Binaries/Win64/UE4Editor-OpenExrWrapper.dll (API version 3709383).
LogModuleManager: Display: Found up-to-date module file ../../../Engine/Plugins/Media/MediaCompositing/Binaries/Win64/UE4Editor-MediaCompositing.dll (API version 3709383).
LogModuleManager: Display: Found up-to-date module file ../../../Engine/Plugins/Media/MediaCompositing/Binaries/Win64/UE4Editor-MediaCompositingEditor.dll (API version 3709383).
LogModuleManager: Display: Found up-to-date module file ../../../Engine/Plugins/Media/MediaPlayerEditor/Binaries/Win64/UE4Editor-MediaPlayerEditor.dll (API version 3709383).
LogModuleManager: Display: Found up-to-date module file ../../../Engine/Plugins/Media/WmfMedia/Binaries/Win64/UE4Editor-WmfMedia.dll (API version 3709383).
LogModuleManager: Display: Found up-to-date module file ../../../Engine/Plugins/Media/WmfMedia/Binaries/Win64/UE4Editor-WmfMediaEditor.dll (API version 3709383).
LogModuleManager: Display: Found up-to-date module file ../../../Engine/Plugins/Media/WmfMedia/Binaries/Win64/UE4Editor-WmfMediaFactory.dll (API version 3709383).
LogModuleManager: Display: Found up-to-date module file ../../../Engine/Plugins/Media/WmfMedia/Binaries/Win64/UE4Editor-WmfMediaFactory.dll (API version 3709383).
LogModuleManager: Display: Found up-to-date module file ../../../Engine/Plugins/Messaging/TcpMessaging/Binaries/Win64/UE4Editor-TcpMessaging.dll (API version 3709383).
LogModuleManager: Display: Found up-to-date module file ../../../Engine/Plugins/Messaging/UdpMessaging/Binaries/Win64/UE4Editor-UdpMessaging.dll (API version 3709383).
LogModuleManager: Display: Found up-to-date module file ../../../Engine/Plugins/MovieScene/ActorSequence/Binaries/Win64/UE4Editor-ActorSequence.dll (API version 3709383).
LogModuleManager: Display: Found up-to-date module file ../../../Engine/Plugins/MovieScene/LevelSequenceEditor/Binaries/Win64/UE4Editor-LevelSequenceEditor.dll (API version 3709383).
LogModuleManager: Display: Found up-to-date module file ../../../Engine/Plugins/MovieScene/MatineeToLevelSequence/Binaries/Win64/UE4Editor-MatineeToLevelSequence.dll (API version 3709383).
LogModuleManager: Display: Found up-to-date module file ../../../Engine/Plugins/Online/OnlineSubsystem/Binaries/Win64/UE4Editor-OnlineSubsystem.dll (API version 3709383).
LogModuleManager: Display: Found up-to-date module file ../../../Engine/Plugins/Runtime/AndroidPermission/Binaries/Win64/UE4Editor-AndroidPermission.dll (API version 3709383).
LogModuleManager: Display: Found up-to-date module file ../../../Engine/Plugins/Online/OnlineSubsystemNull/Binaries/Win64/UE4Editor-OnlineSubsystemNull.dll (API version 3709383).
LogModuleManager: Display: Found up-to-date module file ../../../Engine/Plugins/Online/OnlineSubsystemUtils/Binaries/Win64/UE4Editor-OnlineSubsystemUtils.dll (API version 3709383).
LogModuleManager: Display: Found up-to-date module file ../../../Engine/Plugins/Online/OnlineSubsystemUtils/Binaries/Win64/UE4Editor-OnlineBlueprintSupport.dll (API version 3709383).
LogModuleManager: Display: Found up-to-date module file ../../../Engine/Plugins/Runtime/AndroidDeviceProfileSelector/Binaries/Win64/UE4Editor-AndroidDeviceProfileSelector.dll (API version 3709383).
LogModuleManager: Display: Found up-to-date module file ../../../Engine/Plugins/Runtime/AppleARKit/Binaries/Win64/UE4Editor-AppleARKit.dll (API version 3709383).
LogModuleManager: Display: Found up-to-date module file ../../../Engine/Plugins/Runtime/ArchVisCharacter/Binaries/Win64/UE4Editor-ArchVisCharacter.dll (API version 3709383).
LogModuleManager: Display: Found up-to-date module file ../../../Engine/Plugins/Runtime/CableComponent/Binaries/Win64/UE4Editor-CableComponent.dll (API version 3709383).
LogModuleManager: Display: Found up-to-date module file ../../../Engine/Plugins/Runtime/CustomMeshComponent/Binaries/Win64/UE4Editor-CustomMeshComponent.dll (API version 3709383).
LogModuleManager: Display: Found up-to-date module file ../../../Engine/Plugins/Runtime/ExampleDeviceProfileSelector/Binaries/Win64/UE4Editor-ExampleDeviceProfileSelector.dll (API version 3709383).
LogModuleManager: Display: Found up-to-date module file ../../../Engine/Plugins/Runtime/ImmediatePhysics/Binaries/Win64/UE4Editor-ImmediatePhysics.dll (API version 3709383).
LogModuleManager: Display: Found up-to-date module file ../../../Engine/Plugins/Runtime/ImmediatePhysics/Binaries/Win64/UE4Editor-ImmediatePhysicsEditor.dll (API version 3709383).
LogModuleManager: Display: Found up-to-date module file ../../../Engine/Plugins/Runtime/LocationServicesBPLibrary/Binaries/Win64/UE4Editor-LocationServicesBPLibrary.dll (API version 3709383).
LogModuleManager: Display: Found up-to-date module file ../../../Engine/Plugins/Runtime/MobilePatchingUtils/Binaries/Win64/UE4Editor-MobilePatchingUtils.dll (API version 3709383).
LogModuleManager: Display: Found up-to-date module file ../../../Engine/Plugins/Runtime/Oculus/OculusVR/Binaries/Win64/UE4Editor-OculusHMD.dll (API version 3709383).
LogModuleManager: Display: Found up-to-date module file ../../../Engine/Plugins/Runtime/Oculus/OculusVR/Binaries/Win64/UE4Editor-OculusInput.dll (API version 3709383).
LogModuleManager: Display: Found up-to-date module file ../../../Engine/Plugins/Runtime/Oculus/OculusVR/Binaries/Win64/UE4Editor-OculusEditor.dll (API version 3709383).
LogModuleManager: Display: Found up-to-date module file ../../../Engine/Plugins/Runtime/PhysXVehicles/Binaries/Win64/UE4Editor-PhysXVehicles.dll (API version 3709383).
LogModuleManager: Display: Found up-to-date module file ../../../Engine/Plugins/Runtime/PhysXVehicles/Binaries/Win64/UE4Editor-PhysXVehiclesEditor.dll (API version 3709383).
LogModuleManager: Display: Found up-to-date module file ../../../Engine/Plugins/Runtime/ProceduralMeshComponent/Binaries/Win64/UE4Editor-ProceduralMeshComponent.dll (API version 3709383).
LogModuleManager: Display: Found up-to-date module file ../../../Engine/Plugins/Runtime/ProceduralMeshComponent/Binaries/Win64/UE4Editor-ProceduralMeshComponentEditor.dll (API version 3709383).
LogModuleManager: Display: Found up-to-date module file ../../../Engine/Plugins/Runtime/RuntimePhysXCooking/Binaries/Win64/UE4Editor-RuntimePhysXCooking.dll (API version 3709383).
LogModuleManager: Display: Found up-to-date module file ../../../Engine/Plugins/Runtime/Steam/SteamVR/Binaries/Win64/UE4Editor-SteamVR.dll (API version 3709383).
LogModuleManager: Display: Found up-to-date module file ../../../Engine/Plugins/Runtime/Steam/SteamVR/Binaries/Win64/UE4Editor-SteamVRController.dll (API version 3709383).
LogModuleManager: Display: Found up-to-date module file ../../../Engine/Plugins/Runtime/WindowsMoviePlayer/Binaries/Win64/UE4Editor-WindowsMoviePlayer.dll (API version 3709383).
LogPluginManager: Mounting plugin Paper2D
LogPluginManager: Mounting plugin LightPropagationVolume
LogPluginManager: Mounting plugin CodeLiteSourceCodeAccess
LogPluginManager: Mounting plugin GitSourceControl
LogPluginManager: Mounting plugin KDevelopSourceCodeAccess
LogPluginManager: Mounting plugin NullSourceCodeAccess
LogPluginManager: Mounting plugin PerforceSourceControl
LogPluginManager: Mounting plugin SubversionSourceControl
LogPluginManager: Mounting plugin UObjectPlugin
LogPluginManager: Mounting plugin VisualStudioCodeSourceCodeAccess
LogPluginManager: Mounting plugin VisualStudioSourceCodeAccess
LogPluginManager: Mounting plugin XCodeSourceCodeAccess
LogPluginManager: Mounting plugin AssetManagerEditor
LogPluginManager: Mounting plugin AudioCapture
LogPluginManager: Mounting plugin FacialAnimation
LogPluginManager: Mounting plugin GameplayTagsEditor
LogPluginManager: Mounting plugin MobileLauncherProfileWizard
LogPluginManager: Mounting plugin PluginBrowser
LogPluginManager: Mounting plugin SpeedTreeImporter
LogPluginManager: Mounting plugin AlembicImporter
LogPluginManager: Mounting plugin CharacterAI
LogPluginManager: Mounting plugin HTML5Networking
LogPluginManager: Mounting plugin AndroidMedia
LogPluginManager: Mounting plugin AvfMedia
LogPluginManager: Mounting plugin ImgMedia
LogPluginManager: Mounting plugin MediaCompositing
LogPluginManager: Mounting plugin MediaPlayerEditor
LogPluginManager: Mounting plugin WmfMedia
LogPluginManager: Mounting plugin TcpMessaging
LogPluginManager: Mounting plugin UdpMessaging
LogPluginManager: Mounting plugin ActorSequence
LogPluginManager: Mounting plugin LevelSequenceEditor
LogPluginManager: Mounting plugin MatineeToLevelSequence
LogPluginManager: Mounting plugin OnlineSubsystemGooglePlay
LogPluginManager: Mounting plugin OnlineSubsystemIOS
LogPluginManager: Mounting plugin OnlineSubsystem
LogPluginManager: Mounting plugin OnlineSubsystemNull
LogPluginManager: Mounting plugin OnlineSubsystemUtils
LogPluginManager: Mounting plugin AndroidDeviceProfileSelector
LogPluginManager: Mounting plugin AndroidMoviePlayer
LogPluginManager: Mounting plugin AndroidPermission
LogPluginManager: Mounting plugin AppleARKit
LogPluginManager: Mounting plugin AppleMoviePlayer
LogPluginManager: Mounting plugin ArchVisCharacter
LogPluginManager: Mounting plugin CableComponent
LogPluginManager: Mounting plugin CustomMeshComponent
LogPluginManager: Mounting plugin ExampleDeviceProfileSelector
LogPluginManager: Mounting plugin GoogleCloudMessaging
LogPluginManager: Mounting plugin ImmediatePhysics
LogPluginManager: Mounting plugin IOSDeviceProfileSelector
LogPluginManager: Mounting plugin LinuxDeviceProfileSelector
LogPluginManager: Mounting plugin LocationServicesBPLibrary
LogPluginManager: Mounting plugin MobilePatchingUtils
LogPluginManager: Mounting plugin OculusVR
LogPluginManager: Plugin shader directory ../../../Engine/Plugins/Runtime/Oculus/OculusVR/Shaders found
LogPluginManager: Mapping shader source directory ../../../Engine/Plugins/Runtime/Oculus/OculusVR/Shaders to virtual directory /Plugin/OculusVR
LogPluginManager: Mounting plugin PhysXVehicles
LogPluginManager: Mounting plugin ProceduralMeshComponent
LogPluginManager: Mounting plugin RuntimePhysXCooking
LogPluginManager: Mounting plugin SteamVR
LogPluginManager: Mounting plugin WindowsMoviePlayer
LogInit: Using libcurl 7.47.1
LogInit:  - built for x86_64-pc-win32
LogInit:  - supports SSL with OpenSSL/1.0.2g
LogInit:  - supports HTTP deflate (compression) using libz 1.2.8
LogInit:  - other features:
LogInit:      CURL_VERSION_SSL
LogInit:      CURL_VERSION_LIBZ
LogInit:      CURL_VERSION_IPV6
LogInit:      CURL_VERSION_ASYNCHDNS
LogInit:      CURL_VERSION_LARGEFILE
LogInit:      CURL_VERSION_IDN
LogInit:  CurlRequestOptions (configurable via config and command line):
LogInit:  - bVerifyPeer = false  - Libcurl will NOT verify peer certificate
LogInit:  - bUseHttpProxy = false  - Libcurl will NOT use HTTP proxy
LogInit:  - bDontReuseConnections = false  - Libcurl will reuse connections
LogInit:  - CertBundlePath = nullptr  - Libcurl will use whatever was configured at build time.
LogInit: Build: ++UE4+Release-4.18-CL-3832480
LogInit: Engine Version: 4.18.3-3832480+++UE4+Release-4.18
LogInit: Compatible Engine Version: 4.18.0-3709383+++UE4+Release-4.18
LogInit: Net CL: 3709383
LogDevObjectVersion: Number of dev versions registered: 16
LogDevObjectVersion:   Dev-Blueprints (B0D832E4-1F89-4F0D-ACCF-7EB736FD4AA2): 10
LogDevObjectVersion:   Dev-Build (E1C64328-A22C-4D53-A36C-8E866417BD8C): 0
LogDevObjectVersion:   Dev-Core (375EC13C-06E4-48FB-B500-84F0262A717E): 2
LogDevObjectVersion:   Dev-Editor (E4B068ED-F494-42E9-A231-DA0B2E46BB41): 20
LogDevObjectVersion:   Dev-Framework (CFFC743F-43B0-4480-9391-14DF171D2073): 30
LogDevObjectVersion:   Dev-Mobile (B02B49B5-BB20-44E9-A304-32B752E40360): 0
LogDevObjectVersion:   Dev-Networking (A4E4105C-59A1-49B5-A7C5-40C4547EDFEE): 0
LogDevObjectVersion:   Dev-Online (39C831C9-5AE6-47DC-9A44-9C173E1C8E7C): 0
LogDevObjectVersion:   Dev-Physics (78F01B33-EBEA-4F98-B9B4-84EACCB95AA2): 0
LogDevObjectVersion:   Dev-Platform (6631380F-2D4D-43E0-8009-CF276956A95A): 0
LogDevObjectVersion:   Dev-Rendering (12F88B9F-8875-4AFC-A67C-D90C383ABD29): 20
LogDevObjectVersion:   Dev-Sequencer (7B5AE74C-D270-4C10-A958-57980B212A5A): 4
LogDevObjectVersion:   Dev-VR (D7296918-1DD6-4BDD-9DE2-64A83CC13884): 0
LogDevObjectVersion:   Dev-LoadTimes (C2A15278-BFE7-4AFE-6C17-90FF531DF755): 1
LogDevObjectVersion:   Private-Geometry (6EACA3D4-40EC-4CC1-B786-8BED09428FC5): 1
LogDevObjectVersion:   Dev-AnimPhys (29E575DD-E0A3-4627-9D10-D276232CDCEA): 12
LogInit: Compiled (64-bit): Jan 12 2018 02:04:55
LogInit: Compiled with Visual C++: 19.00.24215.01
LogInit: Build Configuration: Development
LogInit: Branch Name: ++UE4+Release-4.18
LogInit: Command line:  
LogInit: Base directory: C:/Program Files/Epic Games/UE_4.18/Engine/Binaries/Win64/
LogInit: Installed Engine Build: 1
LogInit: Presizing for max 8388607 objects, including 0 objects not considered by GC, pre-allocating 0 bytes for permanent pool.
LogInit: Object subsystem initialized
[2018.03.07-17.13.35:888][  0]LogInit: Selected Device Profile: [Windows]
[2018.03.07-17.13.35:888][  0]LogInit: Applying CVar settings loaded from the selected device profile: [Windows]
[2018.03.07-17.13.35:912][  0]LogInit: Computer: 96XJ1R1
[2018.03.07-17.13.35:912][  0]LogInit: User: User
[2018.03.07-17.13.35:912][  0]LogInit: CPU Page size=4096, Cores=4
[2018.03.07-17.13.35:912][  0]LogInit: High frequency timer resolution =3.312790 MHz
[2018.03.07-17.13.35:913][  0]LogMemory: Memory total: Physical=24.0GB (24GB approx)
[2018.03.07-17.13.35:913][  0]LogMemory: Platform Memory Stats for Windows
[2018.03.07-17.13.35:913][  0]LogMemory: Process Physical Memory: 273.53 MB used, 273.53 MB peak
[2018.03.07-17.13.35:913][  0]LogMemory: Process Virtual Memory: 269.91 MB used, 269.91 MB peak
[2018.03.07-17.13.35:913][  0]LogMemory: Physical Memory: 4097.02 MB used,  20435.99 MB free, 24533.01 MB total
[2018.03.07-17.13.35:913][  0]LogMemory: Virtual Memory: 682.23 MB used,  20435.99 MB free, 134217728.00 MB total
[2018.03.07-17.13.36:118][  0]LogInit: Using OS detected language (en-US).
[2018.03.07-17.13.36:118][  0]LogInit: Using OS detected locale (en-US).
[2018.03.07-17.13.36:121][  0]LogTextLocalizationManager: No specific localization for 'en-US' exists, so the 'en' localization will be used.
[2018.03.07-17.13.36:551][  0]LogInit: Setting process to per monitor DPI aware
[2018.03.07-17.13.36:835][  0]LogD3D11RHI: D3D11 adapters:
[2018.03.07-17.13.36:896][  0]LogD3D11RHI:    0. 'NVIDIA GeForce GTX 1050' (Feature Level 11_0)
[2018.03.07-17.13.36:896][  0]LogD3D11RHI:       1977/0/12266 MB DedicatedVideo/DedicatedSystem/SharedSystem, Outputs:1, VendorId:0x10de
[2018.03.07-17.13.36:898][  0]LogD3D11RHI:    1. 'Microsoft Basic Render Driver' (Feature Level 11_0)
[2018.03.07-17.13.36:898][  0]LogD3D11RHI:       0/0/12266 MB DedicatedVideo/DedicatedSystem/SharedSystem, Outputs:0, VendorId:0x1414
[2018.03.07-17.13.36:898][  0]LogD3D11RHI: Chosen D3D11 Adapter: 0
[2018.03.07-17.13.36:904][  0]LogD3D11RHI: Creating new Direct3DDevice
[2018.03.07-17.13.36:904][  0]LogD3D11RHI:     GPU DeviceId: 0x1c81 (for the marketing name, search the web for "GPU Device Id")
[2018.03.07-17.13.36:904][  0]LogWindows: EnumDisplayDevices:
[2018.03.07-17.13.36:904][  0]LogWindows:    0. 'NVIDIA GeForce GTX 1050' (P:1 D:1)
[2018.03.07-17.13.36:904][  0]LogWindows:    1. 'NVIDIA GeForce GTX 1050' (P:0 D:0)
[2018.03.07-17.13.36:904][  0]LogWindows:    2. 'NVIDIA GeForce GTX 1050' (P:0 D:0)
[2018.03.07-17.13.36:904][  0]LogWindows:    3. 'NVIDIA GeForce GTX 1050' (P:0 D:0)
[2018.03.07-17.13.36:904][  0]LogWindows: DebugString: GetVideoDriverDetailsInvalid PrimaryIsNotTheChoosenAdapter GetVideoDriverDetailsInvalid PrimaryIsNotTheChoosenAdapter GetVideoDriverDetailsInvalid PrimaryIsNotTheChoosenAdapter GetVideoDriverDetailsInvalid PrimaryIsNotTheChoosenAdapter FoundDriverCount:0 
[2018.03.07-17.13.36:904][  0]LogD3D11RHI:     Adapter Name: NVIDIA GeForce GTX 1050
[2018.03.07-17.13.36:904][  0]LogD3D11RHI:   Driver Version: Unknown (internal:Unknown, unified:Unknown)
[2018.03.07-17.13.36:904][  0]LogD3D11RHI:      Driver Date: Unknown
[2018.03.07-17.13.36:904][  0]LogRHI: Texture pool is 1384 MB (70% of 1977 MB)
[2018.03.07-17.13.36:945][  0]LogD3D11RHI: Async texture creation enabled
[2018.03.07-17.13.37:026][  0]LogD3D11RHI: GPU Timing Frequency: 1000.000000 (Debug: 2 2)
[2018.03.07-17.13.37:073][  0]LogShaderCompilers: Guid format shader working directory is -31 characters bigger than the processId version (../../../../../../Users/User/Documents/GitHub/FakeBook/Game 3/DetectiveGame/Intermediate/Shaders/WorkingDirectory/32108/).
[2018.03.07-17.13.37:073][  0]LogShaderCompilers: Cleaned the shader compiler working directory 'C:/Users/User/AppData/Local/Temp/UnrealShaderWorkingDir/F9A312AD4261FFDD8F58E89A6A8A5E85/'.
[2018.03.07-17.13.37:073][  0]LogShaderCompilers: Display: Using Local Shader Compiler.
[2018.03.07-17.13.38:149][  0]LogTemp: Display: Loaded TP AllDesktopTargetPlatform
[2018.03.07-17.13.38:217][  0]LogTemp: Display: Loaded TP MacClientTargetPlatform
[2018.03.07-17.13.38:287][  0]LogTemp: Display: Loaded TP MacNoEditorTargetPlatform
[2018.03.07-17.13.38:357][  0]LogTemp: Display: Loaded TP MacServerTargetPlatform
[2018.03.07-17.13.38:426][  0]LogTemp: Display: Loaded TP MacTargetPlatform
[2018.03.07-17.13.38:496][  0]LogTemp: Display: Loaded TP WindowsClientTargetPlatform
[2018.03.07-17.13.38:565][  0]LogTemp: Display: Loaded TP WindowsNoEditorTargetPlatform
[2018.03.07-17.13.38:634][  0]LogTemp: Display: Loaded TP WindowsServerTargetPlatform
[2018.03.07-17.13.38:694][  0]LogTemp: Display: Loaded TP WindowsTargetPlatform
[2018.03.07-17.13.38:761][  0]LogTemp: Display: Loaded TP Android_ASTCTargetPlatform
[2018.03.07-17.13.38:828][  0]LogTemp: Display: Loaded TP Android_ATCTargetPlatform
[2018.03.07-17.13.38:895][  0]LogTemp: Display: Loaded TP Android_DXTTargetPlatform
[2018.03.07-17.13.38:962][  0]LogTemp: Display: Loaded TP Android_ETC1TargetPlatform
[2018.03.07-17.13.39:029][  0]LogTemp: Display: Loaded TP Android_ETC2TargetPlatform
[2018.03.07-17.13.39:164][  0]LogTemp: Display: Loaded TP Android_MultiTargetPlatform
[2018.03.07-17.13.39:164][  0]LogTemp: Display: Loaded TP Android_PVRTCTargetPlatform
[2018.03.07-17.13.39:232][  0]LogTemp: Display: Loaded TP AndroidTargetPlatform
[2018.03.07-17.13.39:287][  0]LogTemp: Display: Loaded TP HTML5TargetPlatform
[2018.03.07-17.13.39:429][  0]LogTemp: Display: Loaded TP IOSTargetPlatform
[2018.03.07-17.13.39:465][  0]LogTemp: Display: Loaded TP TVOSTargetPlatform
[2018.03.07-17.13.39:547][  0]LogTemp: Display: Loaded TP LinuxClientTargetPlatform
[2018.03.07-17.13.39:613][  0]LogTemp: Display: Loaded TP LinuxNoEditorTargetPlatform
[2018.03.07-17.13.39:681][  0]LogTemp: Display: Loaded TP LinuxServerTargetPlatform
[2018.03.07-17.13.39:749][  0]LogTemp: Display: Loaded TP LinuxTargetPlatform
[2018.03.07-17.13.39:749][  0]LogTargetPlatformManager: Display: Building Assets For Windows
[2018.03.07-17.13.40:404][  0]LogDerivedDataCache: Display: Max Cache Size: 512 MB
[2018.03.07-17.13.40:515][  0]LogDerivedDataCache: Loaded boot cache 0.11s 101MB C:/Users/User/AppData/Local/UnrealEngine/4.18/DerivedDataCache/Boot.ddc.
[2018.03.07-17.13.40:515][  0]LogDerivedDataCache: Display: Loaded Boot cache: C:/Users/User/AppData/Local/UnrealEngine/4.18/DerivedDataCache/Boot.ddc
[2018.03.07-17.13.40:515][  0]LogDerivedDataCache: FDerivedDataBackendGraph:  Pak pak cache file ../../../../../../Users/User/Documents/GitHub/FakeBook/Game 3/DetectiveGame/DerivedDataCache/DDC.ddp not found, will not use a pak cache.
[2018.03.07-17.13.40:515][  0]LogDerivedDataCache: Unable to find inner node Pak for hierarchical cache Hierarchy.
[2018.03.07-17.13.40:515][  0]LogDerivedDataCache: FDerivedDataBackendGraph:  CompressedPak pak cache file ../../../../../../Users/User/Documents/GitHub/FakeBook/Game 3/DetectiveGame/DerivedDataCache/Compressed.ddp not found, will not use a pak cache.
[2018.03.07-17.13.40:515][  0]LogDerivedDataCache: Unable to find inner node CompressedPak for hierarchical cache Hierarchy.
[2018.03.07-17.13.40:532][  0]LogDerivedDataCache: Display: Pak cache opened for reading ../../../Engine/DerivedDataCache/Compressed.ddp.
[2018.03.07-17.13.40:544][  0]LogDerivedDataCache: Using Local data cache path C:/Users/User/AppData/Local/UnrealEngine/Common/DerivedDataCache: Writable
[2018.03.07-17.13.40:556][  0]LogMaterial: Verifying Global Shaders for PCD3D_SM5
[2018.03.07-17.13.40:556][  0]LogSlate: Using Freetype 2.6.0
[2018.03.07-17.13.40:557][  0]LogSlate: SlateFontCache - WITH_FREETYPE: 1, WITH_HARFBUZZ: 1
[2018.03.07-17.13.40:557][  0]LogSlate: SlateFontCache - WITH_FREETYPE: 1, WITH_HARFBUZZ: 1
[2018.03.07-17.13.41:033][  0]LogInit: Selected Device Profile: [Windows]
[2018.03.07-17.13.41:467][  0]LogSimplygon: Simplygon DLL not present - disabling.
[2018.03.07-17.13.41:524][  0]LogMeshReduction: Using SimplygonSwarm for distributed automatic mesh merging
[2018.03.07-17.13.41:524][  0]LogMeshReduction: Using QuadricMeshReduction for automatic static mesh reduction
[2018.03.07-17.13.41:524][  0]LogMeshReduction: No automatic skeletal mesh reduction module available
[2018.03.07-17.13.41:524][  0]LogMeshReduction: No automatic mesh merging module available
[2018.03.07-17.13.41:524][  0]LogMeshMerging: No automatic mesh merging module available
[2018.03.07-17.13.41:564][  0]LogNetVersion: DetectiveGame , NetCL: 3709383, EngineNetVer: 2, GameNetVer: 0 (Checksum: 4117068022)
[2018.03.07-17.13.41:769][  0]LogAssetRegistry: FAssetRegistry took 0.0260 seconds to start up
[2018.03.07-17.13.42:366][  0]LogPackageLocalizationCache: Processed 7 localized package path(s) for 2 prioritized culture(s) in 0.077140 seconds
[2018.03.07-17.13.42:372][  0]LogUObjectArray: 35870 objects as part of root set at end of initial load.
[2018.03.07-17.13.42:372][  0]LogUObjectAllocator: 7363696 out of 0 bytes used by permanent object pool.
[2018.03.07-17.13.42:372][  0]LogUObjectArray: CloseDisregardForGC: 0/0 objects in disregard for GC pool
[2018.03.07-17.13.42:447][  0]LogInit: WinSock: version 1.1 (2.2), MaxSocks=32767, MaxUdp=65467
[2018.03.07-17.13.45:896][  0]LogTcpMessaging: Initializing TcpMessaging bridge
[2018.03.07-17.13.45:948][  0]LogUdpMessaging: Initializing bridge on interface 0.0.0.0:0 to multicast group 230.0.0.1:6666.
[2018.03.07-17.13.46:858][  0]LogMaterial: Uniform references updated for custom material expression Custom.
[2018.03.07-17.13.47:415][  0]SourceControl: Source control is disabled
[2018.03.07-17.13.47:416][  0]SourceControl: Source control is disabled
[2018.03.07-17.13.47:488][  0]SourceControl: Source control is disabled
[2018.03.07-17.13.47:561][  0]SourceControl: Source control is disabled
[2018.03.07-17.13.48:656][  0]LogAndroidPermission: UAndroidPermissionCallbackProxy::GetInstance
[2018.03.07-17.13.49:024][  0]LogOcInput: OculusInput pre-init called
[2018.03.07-17.13.49:408][  0]LogEngine: Initializing Engine...
[2018.03.07-17.13.49:410][  0]LogHMD: Failed to initialize OpenVR with code 110
[2018.03.07-17.13.49:424][  0]LogMaterial: Missing cached shader map for material LevelColorationLitMaterial, compiling. Is special engine material.
[2018.03.07-17.13.50:234][  0]LogMaterial: Missing cached shader map for material LevelColorationUnlitMaterial, compiling. Is special engine material.
[2018.03.07-17.13.50:498][  0]LogMaterial: Missing cached shader map for material MAT_LevelColorationLitLightmapUV, compiling. Is special engine material.
[2018.03.07-17.13.51:609][  0]LogMaterial: Missing cached shader map for material ShadedLevelColorationLitMaterial, compiling. Is special engine material.
[2018.03.07-17.13.52:762][  0]LogMaterial: Missing cached shader map for material ShadedLevelColorationUnlitMateri, compiling. Is special engine material.
[2018.03.07-17.13.53:098][  0]LogMaterial: Missing cached shader map for material VertexColorMaterial, compiling. 
[2018.03.07-17.13.53:279][  0]LogMaterial: Missing cached shader map for material VertexColorViewMode_ColorOnly, compiling. 
[2018.03.07-17.13.53:319][  0]LogMaterial: Missing cached shader map for material VertexColorViewMode_AlphaAsColor, compiling. 
[2018.03.07-17.13.53:350][  0]LogMaterial: Missing cached shader map for material VertexColorViewMode_RedOnly, compiling. 
[2018.03.07-17.13.53:380][  0]LogMaterial: Missing cached shader map for material VertexColorViewMode_GreenOnly, compiling. 
[2018.03.07-17.13.53:409][  0]LogMaterial: Missing cached shader map for material VertexColorViewMode_BlueOnly, compiling. 
[2018.03.07-17.13.53:439][  0]LogMaterial: Missing cached shader map for material RemoveSurfaceMaterial, compiling. 
[2018.03.07-17.13.53:454][  0]LogMaterial: Missing cached shader map for material DebugMeshMaterial, compiling. 
[2018.03.07-17.13.53:491][  0]LogMaterial: Missing cached shader map for material M_InvalidLightmapSettings, compiling. 
[2018.03.07-17.13.53:567][  0]LogMaterial: Missing cached shader map for material GizmoMaterial, compiling. 
[2018.03.07-17.13.53:597][  0]LogMaterial: Missing cached shader map for material PhAT_JointLimitMaterial, compiling. 
[2018.03.07-17.13.53:644][  0]LogMaterial: Missing cached shader map for material GeomMaterial, compiling. 
[2018.03.07-17.13.53:671][  0]LogMaterial: Missing cached shader map for material EditorBrushMaterial, compiling. 
[2018.03.07-17.13.53:702][  0]LogMaterial: Missing cached shader map for material BoneWeightMaterial, compiling. 
[2018.03.07-17.13.53:886][  0]LogMaterial: Missing cached shader map for material ClothMaterial, compiling. 
[2018.03.07-17.13.53:917][  0]LogMaterial: Missing cached shader map for material ClothMaterial_WF, compiling. 
[2018.03.07-17.13.53:958][  0]LogMaterial: Missing cached shader map for material DebugEditorMaterial, compiling. 
[2018.03.07-17.13.53:988][  0]LogMaterial: Missing cached shader map for material PreviewShadowIndicatorMaterial, compiling. 
[2018.03.07-17.13.54:184][  0]LogStats: UGameplayTagsManager::ConstructGameplayTagTree: Construct from data asset -  0.000 s
[2018.03.07-17.13.54:184][  0]LogStats: UGameplayTagsManager::ConstructGameplayTagTree: GameplayTagTreeChangedEvent.Broadcast -  0.000 s
[2018.03.07-17.13.54:476][  0]LogAIModule: Creating AISystem for world Untitled
[2018.03.07-17.13.54:492][  0]LogInit: XAudio2 using 'E480i-C2 (NVIDIA High Definition Audio)' : 2 channels at 48 kHz using 16 bits per sample (channel mask 0x3)
[2018.03.07-17.13.54:516][  0]LogInit: FAudioDevice initialized.
[2018.03.07-17.13.54:637][  0]LogDerivedDataCache: Saved boot cache 0.12s 105MB C:/Users/User/AppData/Local/UnrealEngine/4.18/DerivedDataCache/Boot.ddc.
[2018.03.07-17.13.54:670][  0]LogInit: Texture streaming: Enabled
[2018.03.07-17.13.54:916][  0]LogEngineSessionManager: EngineSessionManager initialized
[2018.03.07-17.13.54:918][  0]LogEngineSessionManager: EngineSessionManager sent abnormal shutdown report. Type=AbnormalShutdown, SessionId={1F985197-47F3-CE3F-F162-4E8268539B47}
[2018.03.07-17.13.55:236][  0]LogInit: Transaction tracking system initialized
[2018.03.07-17.13.55:981][  0]BlueprintLog: New page: Editor Load
[2018.03.07-17.13.58:058][  0]LocalizationService: Localization service is disabled
[2018.03.07-17.14.00:067][  0]LogConsoleResponse: Display: 
[2018.03.07-17.14.00:141][  0]LogMaterial: Missing cached shader map for material Cross_Mat, compiling. 
[2018.03.07-17.14.00:178][  0]LogMaterial: Missing cached shader map for material PhAT_BoneSelectedMaterial, compiling. 
[2018.03.07-17.14.00:206][  0]LogMaterial: Missing cached shader map for material PhAT_ElemSelectedMaterial, compiling. 
[2018.03.07-17.14.00:231][  0]LogMaterial: Missing cached shader map for material PhAT_NoCollisionMaterial, compiling. 
[2018.03.07-17.14.00:256][  0]LogMaterial: Missing cached shader map for material PhAT_UnselectedMaterial, compiling. 
[2018.03.07-17.14.00:284][  0]LogMaterial: Missing cached shader map for material Tick_Mat, compiling. 
[2018.03.07-17.14.00:325][  0]LogMaterial: Missing cached shader map for material WidgetGridVertexColorMaterial_Ma, compiling. 
[2018.03.07-17.14.00:358][  0]LogMaterial: Missing cached shader map for material WidgetMaterial, compiling. 
[2018.03.07-17.14.00:386][  0]LogMaterial: Missing cached shader map for material WidgetMaterial_Current, compiling. 
[2018.03.07-17.14.00:413][  0]LogMaterial: Missing cached shader map for material WidgetMaterial_X, compiling. 
[2018.03.07-17.14.00:438][  0]LogMaterial: Missing cached shader map for material WidgetMaterial_Y, compiling. 
[2018.03.07-17.14.00:462][  0]LogMaterial: Missing cached shader map for material WidgetMaterial_Z, compiling. 
[2018.03.07-17.14.00:491][  0]LogMaterial: Missing cached shader map for material WidgetVertexColorMaterial, compiling. 
[2018.03.07-17.14.00:574][  0]LogMaterial: Missing cached shader map for material LevelGridMaterial, compiling. 
[2018.03.07-17.14.00:658][  0]LogMaterial: Missing cached shader map for material BlinkingCaret, compiling. 
[2018.03.07-17.14.00:716][  0]LogMaterial: Missing cached shader map for material M_StreamingPause, compiling. 
[2018.03.07-17.14.00:765][  0]LogCook: Display: Max memory allowance for cook 16384mb min free memory 0mb
[2018.03.07-17.14.00:765][  0]LogCook: Display: Mobile HDR setting 1
[2018.03.07-17.14.00:765][  0]LogGameplayTags: Display: UGameplayTagsManager::DoneAddingNativeTags. DelegateIsBound: 0
[2018.03.07-17.14.00:908][  0]LogFileCache: Scanning file cache for directory 'C:/Users/User/Documents/GitHub/FakeBook/Game 3/DetectiveGame/Content/' took 0.02s
[2018.03.07-17.14.03:558][  0]SourceControl: Source control is disabled
[2018.03.07-17.14.03:559][  0]Cmd: MAP LOAD FILE="../../../../../../Users/User/Documents/GitHub/FakeBook/Game 3/DetectiveGame/Content/VirtualRealityBP/Maps/StartupMap.umap" TEMPLATE=0 SHOWPROGRESS=1 FEATURELEVEL=3
[2018.03.07-17.14.03:559][  0]LightingResults: New page: Lighting Build
[2018.03.07-17.14.03:658][  0]MapCheck: New page: Map Check
[2018.03.07-17.14.03:658][  0]LightingResults: New page: Lighting Build
[2018.03.07-17.14.03:829][  0]LogMaterial: Missing cached shader map for material BasicShapeMaterial, compiling. 
[2018.03.07-17.14.03:951][  0]LogMaterial: Missing cached shader map for material M_HandMat, compiling. 
[2018.03.07-17.14.04:046][  0]LogMaterial: Missing cached shader map for material M_TeleportPreviews, compiling. 
[2018.03.07-17.14.04:076][  0]LogMaterial: Missing cached shader map for material M_ArcEndpoint, compiling. 
[2018.03.07-17.14.04:182][  0]LogMaterial: Missing cached shader map for material GenericHMDMaterial, compiling. 
[2018.03.07-17.14.04:226][  0]LogMaterial: Missing cached shader map for material M_BaseMaterial, compiling. 
[2018.03.07-17.14.04:345][  0]LogAIModule: Creating AISystem for world StartupMap
[2018.03.07-17.14.04:365][  0]LogEditorServer: Finished looking for orphan Actors (0.000 secs)
[2018.03.07-17.14.04:380][  0]Cmd: MAP CHECKDEP NOCLEARLOG
[2018.03.07-17.14.04:490][  0]MapCheck: Map check complete: 0 Error(s), 0 Warning(s), took 109.505ms to complete.
[2018.03.07-17.14.04:490][  0]LogFileHelpers: Loading map 'StartupMap' took 0.932
[2018.03.07-17.14.04:830][  0]LogCollectionManager: Loaded 0 collections in 0.004477 seconds
[2018.03.07-17.14.04:973][  0]LogFileCache: Scanning file cache for directory 'C:/Users/User/Documents/GitHub/FakeBook/Game 3/DetectiveGame/Saved/Collections/' took 0.01s
[2018.03.07-17.14.04:973][  0]LogFileCache: Scanning file cache for directory 'C:/Users/User/Documents/GitHub/FakeBook/Game 3/DetectiveGame/Content/Developers/User/Collections/' took 0.01s
[2018.03.07-17.14.04:973][  0]LogFileCache: Scanning file cache for directory 'C:/Users/User/Documents/GitHub/FakeBook/Game 3/DetectiveGame/Content/Collections/' took 0.01s
[2018.03.07-17.14.04:973][  0]LogCollectionManager: Rebuilt the GUID cache for 0 collections in 0.000001 seconds
[2018.03.07-17.14.04:991][  0]LogContentBrowser: Native class hierarchy populated in 0.0179 seconds. Added 2364 classes and 521 folders.
[2018.03.07-17.14.05:149][  0]LogContentBrowser: Native class hierarchy updated for 'WidgetCarousel' in 0.0005 seconds. Added 0 classes and 0 folders.
[2018.03.07-17.14.05:228][  0]LogContentBrowser: Native class hierarchy updated for 'AddContentDialog' in 0.0004 seconds. Added 0 classes and 0 folders.
[2018.03.07-17.14.05:258][  0]LogSlate: Took 0.000264 seconds to synchronously load lazily loaded font '../../../Engine/Content/Slate/Fonts/Roboto-Regular.ttf' (155K)
[2018.03.07-17.14.05:267][  0]LogSlate: Took 0.000417 seconds to synchronously load lazily loaded font '../../../Engine/Content/Slate/Fonts/Roboto-Bold.ttf' (160K)
[2018.03.07-17.14.05:272][  0]LogSlate: Took 0.000487 seconds to synchronously load lazily loaded font '../../../Engine/Content/Editor/Slate/Fonts/FontAwesome.ttf' (139K)
[2018.03.07-17.14.05:383][  0]LogMaterial: Missing cached shader map for material LevelGridMaterial2, compiling. 
[2018.03.07-17.14.05:520][  0]LogRenderer: Reallocating scene render targets to support 1288x616 Format 26 NumSamples 1 (Frame:1).
[2018.03.07-17.14.05:833][  0]LogContentBrowser: Native class hierarchy updated for 'HierarchicalLODOutliner' in 0.0005 seconds. Added 1 classes and 2 folders.
[2018.03.07-17.14.05:834][  0]LogLoad: (Engine Initialization) Total time: 32.83 seconds
[2018.03.07-17.14.05:834][  0]LogLoad: (Engine Initialization) Total Blueprint compile time: 0.00 seconds
[2018.03.07-17.14.05:834][  0]LogExternalProfiler: No external profilers were discovered.  External profiling features will not be available.
[2018.03.07-17.14.05:872][  0]LogContentStreaming: Texture pool size now 400 MB
[2018.03.07-17.14.05:942][  0]LogSlate: Took 0.000418 seconds to synchronously load lazily loaded font '../../../Engine/Content/Slate/Fonts/Roboto-Light.ttf' (159K)
[2018.03.07-17.14.06:154][  2]LogAssetRegistry: Asset discovery search completed in 24.4063 seconds
[2018.03.07-17.14.06:158][  2]LogCollectionManager: Rebuilt the object cache for 0 collections in 0.000001 seconds (found 0 objects)
[2018.03.07-17.14.06:158][  2]LogCollectionManager: Fixed up redirectors for 0 collections in 0.000121 seconds (updated 0 objects)
[2018.03.07-17.14.37:093][995]LogLinker: Warning: Can't find file '/Game/Objects/lambert2'
[2018.03.07-17.14.37:093][995]LogLinker: Warning: Can't find file for asset '/Game/Objects/lambert2' while loading ../../../../../../Users/User/Documents/GitHub/FakeBook/Game 3/DetectiveGame/Content/Objects/bed.uasset.
[2018.03.07-17.14.37:094][995]LoadErrors: Error: /Game/Objects/bed : Can't find file for asset. /Game/Objects/lambert2
[2018.03.07-17.14.37:094][995]LogLinker: Warning: Can't find file '/Game/Objects/lambert3'
[2018.03.07-17.14.37:094][995]LogLinker: Warning: Can't find file for asset '/Game/Objects/lambert3' while loading ../../../../../../Users/User/Documents/GitHub/FakeBook/Game 3/DetectiveGame/Content/Objects/bed.uasset.
[2018.03.07-17.14.37:094][995]LoadErrors: Error: /Game/Objects/bed : Can't find file for asset. /Game/Objects/lambert3
[2018.03.07-17.14.37:094][995]LogLinker: Warning: Can't find file '/Game/Objects/lambert4'
[2018.03.07-17.14.37:094][995]LogLinker: Warning: Can't find file for asset '/Game/Objects/lambert4' while loading ../../../../../../Users/User/Documents/GitHub/FakeBook/Game 3/DetectiveGame/Content/Objects/bed.uasset.
[2018.03.07-17.14.37:095][995]LoadErrors: Error: /Game/Objects/bed : Can't find file for asset. /Game/Objects/lambert4
[2018.03.07-17.14.37:095][995]LogLinker: Warning: Can't find file '/Game/Objects/lambert2'
[2018.03.07-17.14.37:095][995]LogLinker: Warning: Can't find file for asset '/Game/Objects/lambert2' while loading ../../../../../../Users/User/Documents/GitHub/FakeBook/Game 3/DetectiveGame/Content/Objects/bed.uasset.
[2018.03.07-17.14.37:095][995]LogLinker: Warning: Can't find file '/Game/Objects/lambert3'
[2018.03.07-17.14.37:095][995]LogLinker: Warning: Can't find file for asset '/Game/Objects/lambert3' while loading ../../../../../../Users/User/Documents/GitHub/FakeBook/Game 3/DetectiveGame/Content/Objects/bed.uasset.
[2018.03.07-17.14.37:095][995]LogLinker: Warning: Can't find file '/Game/Objects/lambert4'
[2018.03.07-17.14.37:096][995]LogLinker: Warning: Can't find file for asset '/Game/Objects/lambert4' while loading ../../../../../../Users/User/Documents/GitHub/FakeBook/Game 3/DetectiveGame/Content/Objects/bed.uasset.
[2018.03.07-17.14.37:097][995]LogLinker: Warning: Can't find file '/Game/Objects/lambert2'
[2018.03.07-17.14.37:097][995]LoadErrors: Failed to load /Game/Objects/lambert2.lambert2 Referenced by bed
[2018.03.07-17.14.37:097][995]LogLinker: Warning: Can't find file for asset '/Game/Objects/lambert2' while loading NULL.
[2018.03.07-17.14.37:098][995]LogLinker: Warning: Can't find file '/Game/Objects/lambert3'
[2018.03.07-17.14.37:098][995]LoadErrors: Failed to load /Game/Objects/lambert3.lambert3 Referenced by bed
[2018.03.07-17.14.37:098][995]LogLinker: Warning: Can't find file for asset '/Game/Objects/lambert3' while loading NULL.
[2018.03.07-17.14.37:098][995]LogLinker: Warning: Can't find file '/Game/Objects/lambert4'
[2018.03.07-17.14.37:098][995]LoadErrors: Failed to load /Game/Objects/lambert4.lambert4 Referenced by bed
[2018.03.07-17.14.37:098][995]LogLinker: Warning: Can't find file for asset '/Game/Objects/lambert4' while loading NULL.
[2018.03.07-17.14.37:099][995]LogLinker: Warning: Can't find file '/Game/Objects/lambert2'
[2018.03.07-17.14.37:099][995]LogLinker: Warning: Can't find file for asset '/Game/Objects/lambert2' while loading NULL.
[2018.03.07-17.14.37:099][995]LogLinker: Warning: Can't find file '/Game/Objects/lambert3'
[2018.03.07-17.14.37:099][995]LogLinker: Warning: Can't find file for asset '/Game/Objects/lambert3' while loading NULL.
[2018.03.07-17.14.37:100][995]LogLinker: Warning: Can't find file '/Game/Objects/lambert4'
[2018.03.07-17.14.37:100][995]LogLinker: Warning: Can't find file for asset '/Game/Objects/lambert4' while loading NULL.
[2018.03.07-17.14.39:306][ 44]LogEditorFactories: Performing atomic reimport of [C:/Users/User/Documents/GitHub/FakeBook/Game 3/DetectiveGame/Content/Objects/bed.fbx]
[2018.03.07-17.14.39:311][ 44]LogSlate: Took 0.000286 seconds to synchronously load lazily loaded font '../../../Engine/Content/Slate/Fonts/Roboto-Light.ttf' (159K)
[2018.03.07-17.14.39:407][ 44]LogFbx: Loading FBX Scene from C:/Users/User/Documents/GitHub/FakeBook/Game 3/DetectiveGame/Content/Objects/bed.fbx
[2018.03.07-17.14.39:424][ 44]LogFbx: FBX Scene Loaded Succesfully
[2018.03.07-17.14.39:434][ 44]LogFbx: Warning: Triangulating static mesh pPlane2
[2018.03.07-17.14.39:754][ 44]LogStaticMesh: Building static mesh bed...
[2018.03.07-17.14.39:866][ 44]LogStaticMesh: Built static mesh [0.11s] /Game/Objects/bed.bed
[2018.03.07-17.14.39:917][ 44]LogEditorFactories: -- imported successfully
[2018.03.07-17.14.39:922][ 44]FBXImport: Warning: No smoothing group information was found in this FBX scene.  Please make sure to enable the 'Export Smoothing Groups' option in the FBX Exporter plug-in before exporting the file.  Even for tools that don't support smoothing groups, the FBX Exporter will generate appropriate smoothing data at export-time so that correct vertex normals can be inferred while importing. 
[2018.03.07-17.14.39:959][ 44]LogSlate: Took 0.000221 seconds to synchronously load lazily loaded font '../../../Engine/Content/Slate/Fonts/Roboto-Light.ttf' (159K)
[2018.03.07-17.14.48:171][288]LogMaterial: Missing cached shader map for material M_SkyBox, compiling. 
[2018.03.07-17.14.48:194][288]LogMaterial: Missing cached shader map for material GridMaterial, compiling. 
[2018.03.07-17.14.48:234][288]LogSlate: Took 0.000590 seconds to synchronously load lazily loaded font '../../../Engine/Content/Slate/Fonts/Roboto-Regular.ttf' (155K)
[2018.03.07-17.14.48:785][288]LogRenderer: Reallocating scene render targets to support 1432x924 Format 26 NumSamples 1 (Frame:1).
[2018.03.07-17.14.53:018][395]LogActorFactory: Actor Factory created bed
[2018.03.07-17.14.55:246][463]LogActorFactory: Actor Factory created bed
[2018.03.07-17.14.56:278][490]Cmd: DELETE
[2018.03.07-17.14.56:278][490]Cmd: ACTOR DELETE
[2018.03.07-17.14.56:293][490]LogEditorActor: Deleted Actor: StaticMeshActor
[2018.03.07-17.14.56:310][490]LogEditorActor: Deleted 1 Actors (0.025 secs)
[2018.03.07-17.15.10:620][892]MapCheck: New page: Map Check
[2018.03.07-17.15.10:661][892]Cmd: MAP REBUILD ALLVISIBLE
[2018.03.07-17.15.10:661][892]LogEditorServer: Rebuildmap Clear paths rebuilt
[2018.03.07-17.15.10:796][892]LightingResults: New page: Lighting Build - Mar 7, 2018, 7:15:10 AM
[2018.03.07-17.15.10:939][892]LogSwarmInterface: [OpenConnection] Registering TCP channel ...
[2018.03.07-17.15.11:034][892]LogSwarmInterface: [OpenConnection] Connecting to agent ...
[2018.03.07-17.15.11:066][892]LogSwarmInterface: [TryOpenConnection] Testing the Agent
[2018.03.07-17.15.12:118][892]LogSwarmInterface: [TryOpenConnection] Opening Connection to Agent
[2018.03.07-17.15.12:118][892]LogSwarmInterface: [TryOpenConnection] Local Process ID is 32108
[2018.03.07-17.15.15:660][892]LogStaticLightingSystem: Warning: No importance volume found, so the scene bounding box was used.  You can optimize your scene's quality and lighting build times by adding importance volumes.
[2018.03.07-17.15.15:661][892]LogStaticLightingSystem: Running Lightmass w/ ImmediateImport mode ENABLED
[2018.03.07-17.15.15:661][892]LogStaticLightingSystem: Running Lightmass w/ ImmediateProcess mode ENABLED
[2018.03.07-17.15.15:661][892]LogStaticLightingSystem: Running Lightmass w/ Sorting mode ENABLED
[2018.03.07-17.15.15:661][892]LogStaticLightingSystem: Running Lightmass w/ Mapping paddings ENABLED
[2018.03.07-17.15.15:661][892]LogStaticLightingSystem: Running Lightmass w/ Mapping debug paddings DISABLED
[2018.03.07-17.15.15:999][892]LogEditorBuildUtils: Build time 0:05
[2018.03.07-17.15.16:007][892]LogMaterial: Missing cached shader map for material FLightmassMaterialRenderer BasicShapeMaterial, compiling. 
[2018.03.07-17.15.16:017][892]LogMaterial: Missing cached shader map for material FLightmassMaterialRenderer BasicShapeMaterial, compiling. 
[2018.03.07-17.15.16:094][893]LogMaterial: Missing cached shader map for material FLightmassMaterialRenderer M_BaseMaterial, compiling. 
[2018.03.07-17.15.16:105][893]LogMaterial: Missing cached shader map for material FLightmassMaterialRenderer M_BaseMaterial, compiling. 
[2018.03.07-17.15.16:242][895]LogMaterial: Missing cached shader map for material FLightmassMaterialRenderer WorldGridMaterial, compiling. Is special engine material.
[2018.03.07-17.15.16:258][895]LogMaterial: Missing cached shader map for material FLightmassMaterialRenderer WorldGridMaterial, compiling. Is special engine material.
