Log file open, 03/20/18 15:10:57
LogWindows: Failed to load 'aqProf.dll' (GetLastError=126)
LogWindows: File 'aqProf.dll' does not exist
LogWindows: Failed to load 'VSPerf140.dll' (GetLastError=126)
LogWindows: File 'VSPerf140.dll' does not exist
LogWindows: Failed to load 'VtuneApi.dll' (GetLastError=126)
LogWindows: File 'VtuneApi.dll' does not exist
LogWindows: Failed to load 'VtuneApi32e.dll' (GetLastError=126)
LogWindows: File 'VtuneApi32e.dll' does not exist
LogInit: Display: Running engine for game: DetectiveGame
LogPlatformFile: Not using cached read wrapper
LogInit: Display: RandInit(-1761390385) SRandInit(-1761390384).
LogInit: Read version file with build ID '3709383'
LogInit: Overriding engine version to CL 3794801, compatible CL 3709383
LogInit: Registered custom module enumerator with build ID '3709383'
LogTaskGraph: Started task graph with 5 named threads and 20 total threads with 3 sets of task threads.
LogStats: Stats thread started at 0.912768
LogD3D11RHI: Aftermath initialized
LogModuleManager: Display: Found up-to-date module file ../../../Engine/Plugins/2D/Paper2D/Binaries/Win64/UE4Editor-Paper2D.dll (API version 3709383).
LogModuleManager: Display: Found up-to-date module file ../../../Engine/Plugins/2D/Paper2D/Binaries/Win64/UE4Editor-Paper2DEditor.dll (API version 3709383).
LogModuleManager: Display: Found up-to-date module file ../../../Engine/Plugins/2D/Paper2D/Binaries/Win64/UE4Editor-PaperSpriteSheetImporter.dll (API version 3709383).
LogModuleManager: Display: Found up-to-date module file ../../../Engine/Plugins/2D/Paper2D/Binaries/Win64/UE4Editor-PaperTiledImporter.dll (API version 3709383).
LogModuleManager: Display: Found up-to-date module file ../../../Engine/Plugins/2D/Paper2D/Binaries/Win64/UE4Editor-SmartSnapping.dll (API version 3709383).
LogModuleManager: Display: Found up-to-date module file ../../../Engine/Plugins/Blendables/LightPropagationVolume/Binaries/Win64/UE4Editor-LightPropagationVolumeRuntime.dll (API version 3709383).
LogModuleManager: Display: Found up-to-date module file ../../../Engine/Plugins/Blendables/LightPropagationVolume/Binaries/Win64/UE4Editor-LightPropagationVolumeEditor.dll (API version 3709383).
LogModuleManager: Display: Found up-to-date module file ../../../Engine/Plugins/Developer/GitSourceControl/Binaries/Win64/UE4Editor-GitSourceControl.dll (API version 3709383).
LogModuleManager: Display: Found up-to-date module file ../../../Engine/Plugins/Developer/PerforceSourceControl/Binaries/Win64/UE4Editor-PerforceSourceControl.dll (API version 3709383).
LogModuleManager: Display: Found up-to-date module file ../../../Engine/Plugins/Developer/SubversionSourceControl/Binaries/Win64/UE4Editor-SubversionSourceControl.dll (API version 3709383).
LogModuleManager: Display: Found up-to-date module file ../../../Engine/Plugins/Developer/UObjectPlugin/Binaries/Win64/UE4Editor-UObjectPlugin.dll (API version 3709383).
LogModuleManager: Display: Found up-to-date module file ../../../Engine/Plugins/Developer/VisualStudioCodeSourceCodeAccess/Binaries/Win64/UE4Editor-VisualStudioCodeSourceCodeAccess.dll (API version 3709383).
LogModuleManager: Display: Found up-to-date module file ../../../Engine/Plugins/Developer/VisualStudioSourceCodeAccess/Binaries/Win64/UE4Editor-VisualStudioSourceCodeAccess.dll (API version 3709383).
LogModuleManager: Display: Found up-to-date module file ../../../Engine/Plugins/Editor/AssetManagerEditor/Binaries/Win64/UE4Editor-AssetManagerEditor.dll (API version 3709383).
LogModuleManager: Display: Found up-to-date module file ../../../Engine/Plugins/Editor/AudioCapture/Binaries/Win64/UE4Editor-AudioCapture.dll (API version 3709383).
LogModuleManager: Display: Found up-to-date module file ../../../Engine/Plugins/Editor/FacialAnimation/Binaries/Win64/UE4Editor-FacialAnimation.dll (API version 3709383).
LogModuleManager: Display: Found up-to-date module file ../../../Engine/Plugins/Editor/FacialAnimation/Binaries/Win64/UE4Editor-FacialAnimationEditor.dll (API version 3709383).
LogModuleManager: Display: Found up-to-date module file ../../../Engine/Plugins/Editor/GameplayTagsEditor/Binaries/Win64/UE4Editor-GameplayTagsEditor.dll (API version 3709383).
LogModuleManager: Display: Found up-to-date module file ../../../Engine/Plugins/Editor/MobileLauncherProfileWizard/Binaries/Win64/UE4Editor-MobileLauncherProfileWizard.dll (API version 3709383).
LogModuleManager: Display: Found up-to-date module file ../../../Engine/Plugins/Editor/PluginBrowser/Binaries/Win64/UE4Editor-PluginBrowser.dll (API version 3709383).
LogModuleManager: Display: Found up-to-date module file ../../../Engine/Plugins/Editor/SpeedTreeImporter/Binaries/Win64/UE4Editor-SpeedTreeImporter.dll (API version 3709383).
LogModuleManager: Display: Found up-to-date module file ../../../Engine/Plugins/Experimental/AlembicImporter/Binaries/Win64/UE4Editor-AlembicImporter.dll (API version 3709383).
LogModuleManager: Display: Found up-to-date module file ../../../Engine/Plugins/Experimental/AlembicImporter/Binaries/Win64/UE4Editor-AlembicLibrary.dll (API version 3709383).
LogModuleManager: Display: Found up-to-date module file ../../../Engine/Plugins/Experimental/CharacterAI/Binaries/Win64/UE4Editor-CharacterAI.dll (API version 3709383).
LogModuleManager: Display: Found up-to-date module file ../../../Engine/Plugins/Experimental/HTML5Networking/Binaries/Win64/UE4Editor-HTML5Networking.dll (API version 3709383).
LogModuleManager: Display: Found up-to-date module file ../../../Engine/Plugins/Media/AndroidMedia/Binaries/Win64/UE4Editor-AndroidMediaEditor.dll (API version 3709383).
LogModuleManager: Display: Found up-to-date module file ../../../Engine/Plugins/Media/AndroidMedia/Binaries/Win64/UE4Editor-AndroidMediaFactory.dll (API version 3709383).
LogModuleManager: Display: Found up-to-date module file ../../../Engine/Plugins/Media/AvfMedia/Binaries/Win64/UE4Editor-AvfMediaEditor.dll (API version 3709383).
LogModuleManager: Display: Found up-to-date module file ../../../Engine/Plugins/Media/AvfMedia/Binaries/Win64/UE4Editor-AvfMediaFactory.dll (API version 3709383).
LogModuleManager: Display: Found up-to-date module file ../../../Engine/Plugins/Media/AvfMedia/Binaries/Win64/UE4Editor-AvfMediaFactory.dll (API version 3709383).
LogModuleManager: Display: Found up-to-date module file ../../../Engine/Plugins/Media/ImgMedia/Binaries/Win64/UE4Editor-ImgMedia.dll (API version 3709383).
LogModuleManager: Display: Found up-to-date module file ../../../Engine/Plugins/Media/ImgMedia/Binaries/Win64/UE4Editor-ImgMediaEditor.dll (API version 3709383).
LogModuleManager: Display: Found up-to-date module file ../../../Engine/Plugins/Media/ImgMedia/Binaries/Win64/UE4Editor-ImgMediaFactory.dll (API version 3709383).
LogModuleManager: Display: Found up-to-date module file ../../../Engine/Plugins/Media/ImgMedia/Binaries/Win64/UE4Editor-ImgMediaFactory.dll (API version 3709383).
LogModuleManager: Display: Found up-to-date module file ../../../Engine/Plugins/Media/ImgMedia/Binaries/Win64/UE4Editor-OpenExrWrapper.dll (API version 3709383).
LogModuleManager: Display: Found up-to-date module file ../../../Engine/Plugins/Media/MediaCompositing/Binaries/Win64/UE4Editor-MediaCompositing.dll (API version 3709383).
LogModuleManager: Display: Found up-to-date module file ../../../Engine/Plugins/Media/MediaCompositing/Binaries/Win64/UE4Editor-MediaCompositingEditor.dll (API version 3709383).
LogModuleManager: Display: Found up-to-date module file ../../../Engine/Plugins/Media/MediaPlayerEditor/Binaries/Win64/UE4Editor-MediaPlayerEditor.dll (API version 3709383).
LogModuleManager: Display: Found up-to-date module file ../../../Engine/Plugins/Media/WmfMedia/Binaries/Win64/UE4Editor-WmfMedia.dll (API version 3709383).
LogModuleManager: Display: Found up-to-date module file ../../../Engine/Plugins/Media/WmfMedia/Binaries/Win64/UE4Editor-WmfMediaEditor.dll (API version 3709383).
LogModuleManager: Display: Found up-to-date module file ../../../Engine/Plugins/Media/WmfMedia/Binaries/Win64/UE4Editor-WmfMediaFactory.dll (API version 3709383).
LogModuleManager: Display: Found up-to-date module file ../../../Engine/Plugins/Media/WmfMedia/Binaries/Win64/UE4Editor-WmfMediaFactory.dll (API version 3709383).
LogModuleManager: Display: Found up-to-date module file ../../../Engine/Plugins/Messaging/TcpMessaging/Binaries/Win64/UE4Editor-TcpMessaging.dll (API version 3709383).
LogModuleManager: Display: Found up-to-date module file ../../../Engine/Plugins/Messaging/UdpMessaging/Binaries/Win64/UE4Editor-UdpMessaging.dll (API version 3709383).
LogModuleManager: Display: Found up-to-date module file ../../../Engine/Plugins/MovieScene/ActorSequence/Binaries/Win64/UE4Editor-ActorSequence.dll (API version 3709383).
LogModuleManager: Display: Found up-to-date module file ../../../Engine/Plugins/MovieScene/LevelSequenceEditor/Binaries/Win64/UE4Editor-LevelSequenceEditor.dll (API version 3709383).
LogModuleManager: Display: Found up-to-date module file ../../../Engine/Plugins/MovieScene/MatineeToLevelSequence/Binaries/Win64/UE4Editor-MatineeToLevelSequence.dll (API version 3709383).
LogModuleManager: Display: Found up-to-date module file ../../../Engine/Plugins/Online/OnlineSubsystem/Binaries/Win64/UE4Editor-OnlineSubsystem.dll (API version 3709383).
LogModuleManager: Display: Found up-to-date module file ../../../Engine/Plugins/Runtime/AndroidPermission/Binaries/Win64/UE4Editor-AndroidPermission.dll (API version 3709383).
LogModuleManager: Display: Found up-to-date module file ../../../Engine/Plugins/Online/OnlineSubsystemNull/Binaries/Win64/UE4Editor-OnlineSubsystemNull.dll (API version 3709383).
LogModuleManager: Display: Found up-to-date module file ../../../Engine/Plugins/Online/OnlineSubsystemUtils/Binaries/Win64/UE4Editor-OnlineSubsystemUtils.dll (API version 3709383).
LogModuleManager: Display: Found up-to-date module file ../../../Engine/Plugins/Online/OnlineSubsystemUtils/Binaries/Win64/UE4Editor-OnlineBlueprintSupport.dll (API version 3709383).
LogModuleManager: Display: Found up-to-date module file ../../../Engine/Plugins/Runtime/AndroidDeviceProfileSelector/Binaries/Win64/UE4Editor-AndroidDeviceProfileSelector.dll (API version 3709383).
LogModuleManager: Display: Found up-to-date module file ../../../Engine/Plugins/Runtime/AppleARKit/Binaries/Win64/UE4Editor-AppleARKit.dll (API version 3709383).
LogModuleManager: Display: Found up-to-date module file ../../../Engine/Plugins/Runtime/ArchVisCharacter/Binaries/Win64/UE4Editor-ArchVisCharacter.dll (API version 3709383).
LogModuleManager: Display: Found up-to-date module file ../../../Engine/Plugins/Runtime/CableComponent/Binaries/Win64/UE4Editor-CableComponent.dll (API version 3709383).
LogModuleManager: Display: Found up-to-date module file ../../../Engine/Plugins/Runtime/CustomMeshComponent/Binaries/Win64/UE4Editor-CustomMeshComponent.dll (API version 3709383).
LogModuleManager: Display: Found up-to-date module file ../../../Engine/Plugins/Runtime/ExampleDeviceProfileSelector/Binaries/Win64/UE4Editor-ExampleDeviceProfileSelector.dll (API version 3709383).
LogModuleManager: Display: Found up-to-date module file ../../../Engine/Plugins/Runtime/ImmediatePhysics/Binaries/Win64/UE4Editor-ImmediatePhysics.dll (API version 3709383).
LogModuleManager: Display: Found up-to-date module file ../../../Engine/Plugins/Runtime/ImmediatePhysics/Binaries/Win64/UE4Editor-ImmediatePhysicsEditor.dll (API version 3709383).
LogModuleManager: Display: Found up-to-date module file ../../../Engine/Plugins/Runtime/LocationServicesBPLibrary/Binaries/Win64/UE4Editor-LocationServicesBPLibrary.dll (API version 3709383).
LogModuleManager: Display: Found up-to-date module file ../../../Engine/Plugins/Runtime/MobilePatchingUtils/Binaries/Win64/UE4Editor-MobilePatchingUtils.dll (API version 3709383).
LogModuleManager: Display: Found up-to-date module file ../../../Engine/Plugins/Runtime/Oculus/OculusVR/Binaries/Win64/UE4Editor-OculusHMD.dll (API version 3709383).
LogModuleManager: Display: Found up-to-date module file ../../../Engine/Plugins/Runtime/Oculus/OculusVR/Binaries/Win64/UE4Editor-OculusInput.dll (API version 3709383).
LogModuleManager: Display: Found up-to-date module file ../../../Engine/Plugins/Runtime/Oculus/OculusVR/Binaries/Win64/UE4Editor-OculusEditor.dll (API version 3709383).
LogModuleManager: Display: Found up-to-date module file ../../../Engine/Plugins/Runtime/PhysXVehicles/Binaries/Win64/UE4Editor-PhysXVehicles.dll (API version 3709383).
LogModuleManager: Display: Found up-to-date module file ../../../Engine/Plugins/Runtime/PhysXVehicles/Binaries/Win64/UE4Editor-PhysXVehiclesEditor.dll (API version 3709383).
LogModuleManager: Display: Found up-to-date module file ../../../Engine/Plugins/Runtime/ProceduralMeshComponent/Binaries/Win64/UE4Editor-ProceduralMeshComponent.dll (API version 3709383).
LogModuleManager: Display: Found up-to-date module file ../../../Engine/Plugins/Runtime/ProceduralMeshComponent/Binaries/Win64/UE4Editor-ProceduralMeshComponentEditor.dll (API version 3709383).
LogModuleManager: Display: Found up-to-date module file ../../../Engine/Plugins/Runtime/RuntimePhysXCooking/Binaries/Win64/UE4Editor-RuntimePhysXCooking.dll (API version 3709383).
LogModuleManager: Display: Found up-to-date module file ../../../Engine/Plugins/Runtime/Steam/SteamVR/Binaries/Win64/UE4Editor-SteamVR.dll (API version 3709383).
LogModuleManager: Display: Found up-to-date module file ../../../Engine/Plugins/Runtime/Steam/SteamVR/Binaries/Win64/UE4Editor-SteamVRController.dll (API version 3709383).
LogModuleManager: Display: Found up-to-date module file ../../../Engine/Plugins/Runtime/WindowsMoviePlayer/Binaries/Win64/UE4Editor-WindowsMoviePlayer.dll (API version 3709383).
LogPluginManager: Mounting plugin Paper2D
LogPluginManager: Mounting plugin LightPropagationVolume
LogPluginManager: Mounting plugin CodeLiteSourceCodeAccess
LogPluginManager: Mounting plugin GitSourceControl
LogPluginManager: Mounting plugin KDevelopSourceCodeAccess
LogPluginManager: Mounting plugin NullSourceCodeAccess
LogPluginManager: Mounting plugin PerforceSourceControl
LogPluginManager: Mounting plugin SubversionSourceControl
LogPluginManager: Mounting plugin UObjectPlugin
LogPluginManager: Mounting plugin VisualStudioCodeSourceCodeAccess
LogPluginManager: Mounting plugin VisualStudioSourceCodeAccess
LogPluginManager: Mounting plugin XCodeSourceCodeAccess
LogPluginManager: Mounting plugin AssetManagerEditor
LogPluginManager: Mounting plugin AudioCapture
LogPluginManager: Mounting plugin FacialAnimation
LogPluginManager: Mounting plugin GameplayTagsEditor
LogPluginManager: Mounting plugin MobileLauncherProfileWizard
LogPluginManager: Mounting plugin PluginBrowser
LogPluginManager: Mounting plugin SpeedTreeImporter
LogPluginManager: Mounting plugin AlembicImporter
LogPluginManager: Mounting plugin CharacterAI
LogPluginManager: Mounting plugin HTML5Networking
LogPluginManager: Mounting plugin AndroidMedia
LogPluginManager: Mounting plugin AvfMedia
LogPluginManager: Mounting plugin ImgMedia
LogPluginManager: Mounting plugin MediaCompositing
LogPluginManager: Mounting plugin MediaPlayerEditor
LogPluginManager: Mounting plugin WmfMedia
LogPluginManager: Mounting plugin TcpMessaging
LogPluginManager: Mounting plugin UdpMessaging
LogPluginManager: Mounting plugin ActorSequence
LogPluginManager: Mounting plugin LevelSequenceEditor
LogPluginManager: Mounting plugin MatineeToLevelSequence
LogPluginManager: Mounting plugin OnlineSubsystemGooglePlay
LogPluginManager: Mounting plugin OnlineSubsystemIOS
LogPluginManager: Mounting plugin OnlineSubsystem
LogPluginManager: Mounting plugin OnlineSubsystemNull
LogPluginManager: Mounting plugin OnlineSubsystemUtils
LogPluginManager: Mounting plugin AndroidDeviceProfileSelector
LogPluginManager: Mounting plugin AndroidMoviePlayer
LogPluginManager: Mounting plugin AndroidPermission
LogPluginManager: Mounting plugin AppleARKit
LogPluginManager: Mounting plugin AppleMoviePlayer
LogPluginManager: Mounting plugin ArchVisCharacter
LogPluginManager: Mounting plugin CableComponent
LogPluginManager: Mounting plugin CustomMeshComponent
LogPluginManager: Mounting plugin ExampleDeviceProfileSelector
LogPluginManager: Mounting plugin GoogleCloudMessaging
LogPluginManager: Mounting plugin ImmediatePhysics
LogPluginManager: Mounting plugin IOSDeviceProfileSelector
LogPluginManager: Mounting plugin LinuxDeviceProfileSelector
LogPluginManager: Mounting plugin LocationServicesBPLibrary
LogPluginManager: Mounting plugin MobilePatchingUtils
LogPluginManager: Mounting plugin OculusVR
LogPluginManager: Plugin shader directory ../../../Engine/Plugins/Runtime/Oculus/OculusVR/Shaders found
LogPluginManager: Mapping shader source directory ../../../Engine/Plugins/Runtime/Oculus/OculusVR/Shaders to virtual directory /Plugin/OculusVR
LogPluginManager: Mounting plugin PhysXVehicles
LogPluginManager: Mounting plugin ProceduralMeshComponent
LogPluginManager: Mounting plugin RuntimePhysXCooking
LogPluginManager: Mounting plugin SteamVR
LogPluginManager: Mounting plugin WindowsMoviePlayer
LogInit: Using libcurl 7.47.1
LogInit:  - built for x86_64-pc-win32
LogInit:  - supports SSL with OpenSSL/1.0.2g
LogInit:  - supports HTTP deflate (compression) using libz 1.2.8
LogInit:  - other features:
LogInit:      CURL_VERSION_SSL
LogInit:      CURL_VERSION_LIBZ
LogInit:      CURL_VERSION_IPV6
LogInit:      CURL_VERSION_ASYNCHDNS
LogInit:      CURL_VERSION_LARGEFILE
LogInit:      CURL_VERSION_IDN
LogInit:  CurlRequestOptions (configurable via config and command line):
LogInit:  - bVerifyPeer = false  - Libcurl will NOT verify peer certificate
LogInit:  - bUseHttpProxy = false  - Libcurl will NOT use HTTP proxy
LogInit:  - bDontReuseConnections = false  - Libcurl will reuse connections
LogInit:  - CertBundlePath = nullptr  - Libcurl will use whatever was configured at build time.
LogInit: Build: ++UE4+Release-4.18-CL-3794801
LogInit: Engine Version: 4.18.2-3794801+++UE4+Release-4.18
LogInit: Compatible Engine Version: 4.18.0-3709383+++UE4+Release-4.18
LogInit: Net CL: 3709383
LogDevObjectVersion: Number of dev versions registered: 16
LogDevObjectVersion:   Dev-Blueprints (B0D832E4-1F89-4F0D-ACCF-7EB736FD4AA2): 10
LogDevObjectVersion:   Dev-Build (E1C64328-A22C-4D53-A36C-8E866417BD8C): 0
LogDevObjectVersion:   Dev-Core (375EC13C-06E4-48FB-B500-84F0262A717E): 2
LogDevObjectVersion:   Dev-Editor (E4B068ED-F494-42E9-A231-DA0B2E46BB41): 20
LogDevObjectVersion:   Dev-Framework (CFFC743F-43B0-4480-9391-14DF171D2073): 30
LogDevObjectVersion:   Dev-Mobile (B02B49B5-BB20-44E9-A304-32B752E40360): 0
LogDevObjectVersion:   Dev-Networking (A4E4105C-59A1-49B5-A7C5-40C4547EDFEE): 0
LogDevObjectVersion:   Dev-Online (39C831C9-5AE6-47DC-9A44-9C173E1C8E7C): 0
LogDevObjectVersion:   Dev-Physics (78F01B33-EBEA-4F98-B9B4-84EACCB95AA2): 0
LogDevObjectVersion:   Dev-Platform (6631380F-2D4D-43E0-8009-CF276956A95A): 0
LogDevObjectVersion:   Dev-Rendering (12F88B9F-8875-4AFC-A67C-D90C383ABD29): 20
LogDevObjectVersion:   Dev-Sequencer (7B5AE74C-D270-4C10-A958-57980B212A5A): 4
LogDevObjectVersion:   Dev-VR (D7296918-1DD6-4BDD-9DE2-64A83CC13884): 0
LogDevObjectVersion:   Dev-LoadTimes (C2A15278-BFE7-4AFE-6C17-90FF531DF755): 1
LogDevObjectVersion:   Private-Geometry (6EACA3D4-40EC-4CC1-B786-8BED09428FC5): 1
LogDevObjectVersion:   Dev-AnimPhys (29E575DD-E0A3-4627-9D10-D276232CDCEA): 12
LogInit: Compiled (64-bit): Dec  8 2017 02:04:53
LogInit: Compiled with Visual C++: 19.00.24215.01
LogInit: Build Configuration: Development
LogInit: Branch Name: ++UE4+Release-4.18
LogInit: Command line:  
LogInit: Base directory: C:/Program Files/Epic Games/UE_4.18/Engine/Binaries/Win64/
LogInit: Installed Engine Build: 1
LogInit: Presizing for max 8388607 objects, including 0 objects not considered by GC, pre-allocating 0 bytes for permanent pool.
LogInit: Object subsystem initialized
[2018.03.20-19.10.59:352][  0]LogInit: Selected Device Profile: [Windows]
[2018.03.20-19.10.59:352][  0]LogInit: Applying CVar settings loaded from the selected device profile: [Windows]
[2018.03.20-19.10.59:398][  0]LogInit: Computer: SA2502-PC02
[2018.03.20-19.10.59:398][  0]LogInit: User: CARVAI
[2018.03.20-19.10.59:398][  0]LogInit: CPU Page size=4096, Cores=6
[2018.03.20-19.10.59:398][  0]LogInit: High frequency timer resolution =3.410079 MHz
[2018.03.20-19.10.59:398][  0]LogMemory: Memory total: Physical=31.9GB (32GB approx)
[2018.03.20-19.10.59:398][  0]LogMemory: Platform Memory Stats for Windows
[2018.03.20-19.10.59:398][  0]LogMemory: Process Physical Memory: 276.70 MB used, 276.70 MB peak
[2018.03.20-19.10.59:398][  0]LogMemory: Process Virtual Memory: 270.35 MB used, 270.35 MB peak
[2018.03.20-19.10.59:398][  0]LogMemory: Physical Memory: 4344.08 MB used,  28346.20 MB free, 32690.28 MB total
[2018.03.20-19.10.59:398][  0]LogMemory: Virtual Memory: 688.27 MB used,  28346.20 MB free, 134217728.00 MB total
[2018.03.20-19.10.59:814][  0]LogInit: Using OS detected language (en-US).
[2018.03.20-19.10.59:814][  0]LogInit: Using OS detected locale (en-US).
[2018.03.20-19.10.59:872][  0]LogTextLocalizationManager: No specific localization for 'en-US' exists, so the 'en' localization will be used.
[2018.03.20-19.11.00:419][  0]LogInit: Setting process to per monitor DPI aware
[2018.03.20-19.11.02:563][  0]LogD3D11RHI: D3D11 adapters:
[2018.03.20-19.11.02:612][  0]LogD3D11RHI:    0. 'NVIDIA GeForce GTX 1080' (Feature Level 11_0)
[2018.03.20-19.11.02:612][  0]LogD3D11RHI:       8086/0/16345 MB DedicatedVideo/DedicatedSystem/SharedSystem, Outputs:2, VendorId:0x10de
[2018.03.20-19.11.02:614][  0]LogD3D11RHI:    1. 'Microsoft Basic Render Driver' (Feature Level 11_0)
[2018.03.20-19.11.02:614][  0]LogD3D11RHI:       0/0/16345 MB DedicatedVideo/DedicatedSystem/SharedSystem, Outputs:0, VendorId:0x1414
[2018.03.20-19.11.02:614][  0]LogD3D11RHI: Chosen D3D11 Adapter: 0
[2018.03.20-19.11.02:619][  0]LogD3D11RHI: Creating new Direct3DDevice
[2018.03.20-19.11.02:620][  0]LogD3D11RHI:     GPU DeviceId: 0x1b80 (for the marketing name, search the web for "GPU Device Id")
[2018.03.20-19.11.02:620][  0]LogWindows: EnumDisplayDevices:
[2018.03.20-19.11.02:620][  0]LogWindows:    0. 'NVIDIA GeForce GTX 1080' (P:0 D:1)
[2018.03.20-19.11.02:620][  0]LogWindows:    1. 'NVIDIA GeForce GTX 1080' (P:1 D:1)
[2018.03.20-19.11.02:620][  0]LogWindows:    2. 'NVIDIA GeForce GTX 1080' (P:0 D:0)
[2018.03.20-19.11.02:620][  0]LogWindows:    3. 'NVIDIA GeForce GTX 1080' (P:0 D:0)
[2018.03.20-19.11.02:620][  0]LogWindows: DebugString: GetVideoDriverDetailsInvalid PrimaryIsNotTheChoosenAdapter GetVideoDriverDetailsInvalid PrimaryIsNotTheChoosenAdapter GetVideoDriverDetailsInvalid PrimaryIsNotTheChoosenAdapter GetVideoDriverDetailsInvalid PrimaryIsNotTheChoosenAdapter FoundDriverCount:0 
[2018.03.20-19.11.02:620][  0]LogD3D11RHI:     Adapter Name: NVIDIA GeForce GTX 1080
[2018.03.20-19.11.02:620][  0]LogD3D11RHI:   Driver Version: Unknown (internal:Unknown, unified:Unknown)
[2018.03.20-19.11.02:620][  0]LogD3D11RHI:      Driver Date: Unknown
[2018.03.20-19.11.02:620][  0]LogRHI: Texture pool is 5660 MB (70% of 8086 MB)
[2018.03.20-19.11.02:646][  0]LogD3D11RHI: Async texture creation enabled
[2018.03.20-19.11.02:674][  0]LogD3D11RHI: GPU Timing Frequency: 1000.000000 (Debug: 2 1)
[2018.03.20-19.11.02:723][  0]LogShaderCompilers: Guid format shader working directory is -27 characters bigger than the processId version (../../../../../../Users/carvai/Desktop/game/FakeBook/Game 3/DetectiveGame/Intermediate/Shaders/WorkingDirectory/12424/).
[2018.03.20-19.11.02:723][  0]LogShaderCompilers: Cleaned the shader compiler working directory 'C:/Users/carvai/AppData/Local/Temp/UnrealShaderWorkingDir/FA1AEA2C4D3EA7950F0A0BBC6A9A4FFC/'.
[2018.03.20-19.11.02:724][  0]LogShaderCompilers: Display: Using Local Shader Compiler.
[2018.03.20-19.11.05:307][  0]LogTemp: Display: Loaded TP AllDesktopTargetPlatform
[2018.03.20-19.11.05:363][  0]LogTemp: Display: Loaded TP MacClientTargetPlatform
[2018.03.20-19.11.05:426][  0]LogTemp: Display: Loaded TP MacNoEditorTargetPlatform
[2018.03.20-19.11.05:481][  0]LogTemp: Display: Loaded TP MacServerTargetPlatform
[2018.03.20-19.11.05:558][  0]LogTemp: Display: Loaded TP MacTargetPlatform
[2018.03.20-19.11.05:613][  0]LogTemp: Display: Loaded TP WindowsClientTargetPlatform
[2018.03.20-19.11.05:729][  0]LogTemp: Display: Loaded TP WindowsNoEditorTargetPlatform
[2018.03.20-19.11.05:787][  0]LogTemp: Display: Loaded TP WindowsServerTargetPlatform
[2018.03.20-19.11.05:843][  0]LogTemp: Display: Loaded TP WindowsTargetPlatform
[2018.03.20-19.11.05:897][  0]LogTemp: Display: Loaded TP Android_ASTCTargetPlatform
[2018.03.20-19.11.05:951][  0]LogTemp: Display: Loaded TP Android_ATCTargetPlatform
[2018.03.20-19.11.06:005][  0]LogTemp: Display: Loaded TP Android_DXTTargetPlatform
[2018.03.20-19.11.06:058][  0]LogTemp: Display: Loaded TP Android_ETC1TargetPlatform
[2018.03.20-19.11.06:112][  0]LogTemp: Display: Loaded TP Android_ETC2TargetPlatform
[2018.03.20-19.11.06:221][  0]LogTemp: Display: Loaded TP Android_MultiTargetPlatform
[2018.03.20-19.11.06:221][  0]LogTemp: Display: Loaded TP Android_PVRTCTargetPlatform
[2018.03.20-19.11.06:290][  0]LogTemp: Display: Loaded TP AndroidTargetPlatform
[2018.03.20-19.11.06:334][  0]LogTemp: Display: Loaded TP HTML5TargetPlatform
[2018.03.20-19.11.06:445][  0]LogTemp: Display: Loaded TP IOSTargetPlatform
[2018.03.20-19.11.06:476][  0]LogTemp: Display: Loaded TP TVOSTargetPlatform
[2018.03.20-19.11.06:549][  0]LogTemp: Display: Loaded TP LinuxClientTargetPlatform
[2018.03.20-19.11.06:598][  0]LogTemp: Display: Loaded TP LinuxNoEditorTargetPlatform
[2018.03.20-19.11.06:649][  0]LogTemp: Display: Loaded TP LinuxServerTargetPlatform
[2018.03.20-19.11.06:714][  0]LogTemp: Display: Loaded TP LinuxTargetPlatform
[2018.03.20-19.11.06:714][  0]LogTargetPlatformManager: Display: Building Assets For Windows
[2018.03.20-19.11.07:408][  0]LogDerivedDataCache: Display: Max Cache Size: 512 MB
[2018.03.20-19.11.07:408][  0]LogDerivedDataCache: Display: Starting with empty Boot cache
[2018.03.20-19.11.07:408][  0]LogDerivedDataCache: FDerivedDataBackendGraph:  Pak pak cache file ../../../../../../Users/carvai/Desktop/game/FakeBook/Game 3/DetectiveGame/DerivedDataCache/DDC.ddp not found, will not use a pak cache.
[2018.03.20-19.11.07:408][  0]LogDerivedDataCache: Unable to find inner node Pak for hierarchical cache Hierarchy.
[2018.03.20-19.11.07:409][  0]LogDerivedDataCache: FDerivedDataBackendGraph:  CompressedPak pak cache file ../../../../../../Users/carvai/Desktop/game/FakeBook/Game 3/DetectiveGame/DerivedDataCache/Compressed.ddp not found, will not use a pak cache.
[2018.03.20-19.11.07:409][  0]LogDerivedDataCache: Unable to find inner node CompressedPak for hierarchical cache Hierarchy.
[2018.03.20-19.11.07:456][  0]LogDerivedDataCache: Display: Pak cache opened for reading ../../../Engine/DerivedDataCache/Compressed.ddp.
[2018.03.20-19.11.07:469][  0]LogDerivedDataCache: Using Local data cache path C:/Users/carvai/AppData/Local/UnrealEngine/Common/DerivedDataCache: Writable
[2018.03.20-19.11.07:495][  0]LogMaterial: Verifying Global Shaders for PCD3D_SM5
[2018.03.20-19.11.07:500][  0]LogSlate: Using Freetype 2.6.0
[2018.03.20-19.11.07:520][  0]LogSlate: SlateFontCache - WITH_FREETYPE: 1, WITH_HARFBUZZ: 1
[2018.03.20-19.11.07:520][  0]LogSlate: SlateFontCache - WITH_FREETYPE: 1, WITH_HARFBUZZ: 1
[2018.03.20-19.11.08:374][  0]LogInit: Selected Device Profile: [Windows]
[2018.03.20-19.11.08:614][  0]LogMaterial: Missing cached shader map for material WorldGridMaterial, compiling. Is special engine material.
[2018.03.20-19.11.33:403][  0]LogMaterial: Missing cached shader map for material DefaultDeferredDecalMaterial, compiling. 
[2018.03.20-19.11.38:735][  0]LogMaterial: Missing cached shader map for material DefaultPostProcessMaterial, compiling. 
[2018.03.20-19.11.39:232][  0]LogMaterial: Missing cached shader map for material DefaultLightFunctionMaterial, compiling. 
[2018.03.20-19.11.39:800][  0]LogMaterial: Missing cached shader map for material MatineeCam_mat, compiling. 
[2018.03.20-19.11.40:155][  0]LogSimplygon: Simplygon DLL not present - disabling.
[2018.03.20-19.11.40:203][  0]LogMeshReduction: Using SimplygonSwarm for distributed automatic mesh merging
[2018.03.20-19.11.40:204][  0]LogMeshReduction: Using QuadricMeshReduction for automatic static mesh reduction
[2018.03.20-19.11.40:204][  0]LogMeshReduction: No automatic skeletal mesh reduction module available
[2018.03.20-19.11.40:204][  0]LogMeshReduction: No automatic mesh merging module available
[2018.03.20-19.11.40:204][  0]LogMeshMerging: No automatic mesh merging module available
[2018.03.20-19.11.40:276][  0]LogNetVersion: DetectiveGame , NetCL: 3709383, EngineNetVer: 2, GameNetVer: 0 (Checksum: 4117068022)
[2018.03.20-19.11.40:357][  0]LogMaterial: Missing cached shader map for material HelpActorMaterial, compiling. 
[2018.03.20-19.11.40:658][  0]LogMaterial: Missing cached shader map for material DefaultTextMaterialOpaque, compiling. 
[2018.03.20-19.11.40:887][  0]LogAssetRegistry: FAssetRegistry took 0.0316 seconds to start up
[2018.03.20-19.11.40:961][  0]LogMaterial: Missing cached shader map for material Main, compiling. 
[2018.03.20-19.11.40:981][  0]LogMaterial: Missing cached shader map for material Xray, compiling. 
[2018.03.20-19.11.41:402][  0]LogMaterial: Missing cached shader map for material TranslucentTransformGizmoMaterial, compiling. 
[2018.03.20-19.11.41:422][  0]LogMaterial: Missing cached shader map for material TransformGizmoMaterial, compiling. 
[2018.03.20-19.11.41:434][  0]LogMaterial: Missing cached shader map for material SnapGridMaterial, compiling. 
[2018.03.20-19.11.41:618][  0]LogMaterial: Missing cached shader map for material CineMat, compiling. 
[2018.03.20-19.11.41:811][  0]LogMaterial: Missing cached shader map for material M_SimpleOpaque, compiling. 
[2018.03.20-19.11.41:867][  0]LogMaterial: Missing cached shader map for material M_SimpleTranslucent, compiling. 
[2018.03.20-19.11.42:075][  0]LogMaterial: Missing cached shader map for material Widget3DPassThrough, compiling. 
[2018.03.20-19.11.42:093][  0]LogMaterial: Missing cached shader map for material Widget3DPassThrough, compiling. 
[2018.03.20-19.11.42:140][  0]LogMaterial: Missing cached shader map for material Widget3DPassThrough, compiling. 
[2018.03.20-19.11.42:171][  0]LogMaterial: Missing cached shader map for material Widget3DPassThrough, compiling. 
[2018.03.20-19.11.42:191][  0]LogMaterial: Missing cached shader map for material Widget3DPassThrough, compiling. 
[2018.03.20-19.11.42:230][  0]LogMaterial: Missing cached shader map for material Widget3DPassThrough, compiling. 
[2018.03.20-19.11.42:493][  0]LogMaterial: Missing cached shader map for material SkySphereMaterial, compiling. 
[2018.03.20-19.11.42:530][  0]LogMaterial: Missing cached shader map for material FloorPlaneMaterial, compiling. 
[2018.03.20-19.11.42:795][  0]LogMaterial: Missing cached shader map for material LandscapeGizmo_Mat, compiling. 
[2018.03.20-19.11.42:855][  0]LogMaterial: Missing cached shader map for material LandscapeGizmoHeight_Mat, compiling. 
[2018.03.20-19.11.42:974][  0]LogMaterial: Missing cached shader map for material SplineEditorMeshMat, compiling. 
[2018.03.20-19.11.43:058][  0]LogMaterial: Missing cached shader map for material ARKitCameraMaterial, compiling. 
[2018.03.20-19.11.43:126][  0]LogMaterial: Missing cached shader map for material GearVRControllerMaterial, compiling. 
[2018.03.20-19.11.43:297][  0]LogPackageLocalizationCache: Processed 7 localized package path(s) for 2 prioritized culture(s) in 0.106492 seconds
[2018.03.20-19.11.43:308][  0]LogUObjectArray: 35900 objects as part of root set at end of initial load.
[2018.03.20-19.11.43:308][  0]LogUObjectAllocator: 7372016 out of 0 bytes used by permanent object pool.
[2018.03.20-19.11.43:308][  0]LogUObjectArray: CloseDisregardForGC: 0/0 objects in disregard for GC pool
[2018.03.20-19.11.43:404][  0]LogInit: WinSock: version 1.1 (2.2), MaxSocks=32767, MaxUdp=65467
[2018.03.20-19.11.49:415][  0]LogMaterial: Missing cached shader map for material FlattenHeightMat, compiling. 
[2018.03.20-19.11.49:439][  0]LogMaterial: Missing cached shader map for material ArrowMaterial, compiling. 
[2018.03.20-19.11.49:490][  0]LogMaterial: Missing cached shader map for material KeyDiskMaterial, compiling. 
[2018.03.20-19.11.49:515][  0]LogMaterial: Missing cached shader map for material M_ContentWindow, compiling. 
[2018.03.20-19.11.49:577][  0]LogMaterial: Missing cached shader map for material LaserPointerMaterial, compiling. 
[2018.03.20-19.11.49:611][  0]LogMaterial: Missing cached shader map for material LaserPointerMaterial, compiling. 
[2018.03.20-19.11.49:675][  0]LogMaterial: Missing cached shader map for material VivePreControllerMaterial, compiling. 
[2018.03.20-19.11.49:719][  0]LogMaterial: Missing cached shader map for material OculusControllerMaterial, compiling. 
[2018.03.20-19.11.49:797][  0]LogMaterial: Missing cached shader map for material GenericHMDMaterial, compiling. 
[2018.03.20-19.11.49:841][  0]LogMaterial: Missing cached shader map for material TeleportDirectionMaterial, compiling. 
[2018.03.20-19.11.49:886][  0]LogMaterial: Missing cached shader map for material GridMaterial, compiling. 
[2018.03.20-19.11.49:906][  0]LogMaterial: Missing cached shader map for material VRTextMaterial, compiling. 
[2018.03.20-19.11.49:933][  0]LogMaterial: Missing cached shader map for material GridPostProcess, compiling. 
[2018.03.20-19.11.49:979][  0]LogMaterial: Missing cached shader map for material LineMaterial, compiling. 
[2018.03.20-19.11.50:009][  0]LogMaterial: Missing cached shader map for material VRTextMaterial, compiling. 
[2018.03.20-19.11.51:617][  0]LogMaterial: Missing cached shader map for material DefaultSpriteMaterial, compiling. 
[2018.03.20-19.11.51:654][  0]LogMaterial: Missing cached shader map for material DefaultSpriteMaterial, compiling. 
[2018.03.20-19.11.52:406][  0]LogTcpMessaging: Initializing TcpMessaging bridge
[2018.03.20-19.11.52:474][  0]LogUdpMessaging: Initializing bridge on interface 0.0.0.0:0 to multicast group 230.0.0.1:6666.
[2018.03.20-19.11.53:051][  0]LogMaterial: Missing cached shader map for material DefaultMaterial, compiling. 
[2018.03.20-19.11.53:965][  0]LogMaterial: Missing cached shader map for material BaseColor, compiling. 
[2018.03.20-19.11.53:988][  0]LogMaterial: Missing cached shader map for material CustomDepth, compiling. 
[2018.03.20-19.11.54:073][  0]LogMaterial: Uniform references updated for custom material expression Custom.
[2018.03.20-19.11.54:079][  0]LogMaterial: Missing cached shader map for material CustomStencil, compiling. 
[2018.03.20-19.11.54:102][  0]LogMaterial: Missing cached shader map for material FinalImage, compiling. 
[2018.03.20-19.11.54:124][  0]LogMaterial: Missing cached shader map for material LightingModel, compiling. 
[2018.03.20-19.11.54:148][  0]LogMaterial: Missing cached shader map for material MaterialAO, compiling. 
[2018.03.20-19.11.54:170][  0]LogMaterial: Missing cached shader map for material Metallic, compiling. 
[2018.03.20-19.11.54:196][  0]LogMaterial: Missing cached shader map for material Opacity, compiling. 
[2018.03.20-19.11.54:219][  0]LogMaterial: Missing cached shader map for material Roughness, compiling. 
[2018.03.20-19.11.54:245][  0]LogMaterial: Missing cached shader map for material SceneColor, compiling. 
[2018.03.20-19.11.54:267][  0]LogMaterial: Missing cached shader map for material SceneDepth, compiling. 
[2018.03.20-19.11.54:289][  0]LogMaterial: Missing cached shader map for material SeparateTranslucencyRGB, compiling. 
[2018.03.20-19.11.54:315][  0]LogMaterial: Missing cached shader map for material SeparateTranslucencyA, compiling. 
[2018.03.20-19.11.54:337][  0]LogMaterial: Missing cached shader map for material Specular, compiling. 
[2018.03.20-19.11.54:361][  0]LogMaterial: Missing cached shader map for material SubsurfaceColor, compiling. 
[2018.03.20-19.11.54:386][  0]LogMaterial: Missing cached shader map for material WorldNormal, compiling. 
[2018.03.20-19.11.54:415][  0]LogMaterial: Missing cached shader map for material AmbientOcclusion, compiling. 
[2018.03.20-19.11.54:455][  0]LogMaterial: Missing cached shader map for material CustomDepthWorldUnits, compiling. 
[2018.03.20-19.11.54:478][  0]LogMaterial: Missing cached shader map for material SceneDepthWorldUnits, compiling. 
[2018.03.20-19.11.54:501][  0]LogMaterial: Missing cached shader map for material PreTonemapHDRColor, compiling. 
[2018.03.20-19.11.54:523][  0]LogMaterial: Missing cached shader map for material PostTonemapHDRColor, compiling. 
[2018.03.20-19.11.55:209][  0]SourceControl: Source control is disabled
[2018.03.20-19.11.55:210][  0]SourceControl: Source control is disabled
[2018.03.20-19.11.55:313][  0]SourceControl: Source control is disabled
[2018.03.20-19.11.55:416][  0]SourceControl: Source control is disabled
[2018.03.20-19.11.56:473][  0]LogMaterial: Missing cached shader map for material DefaultMediaPlaneMaterial, compiling. 
[2018.03.20-19.11.57:050][  0]LogAndroidPermission: UAndroidPermissionCallbackProxy::GetInstance
[2018.03.20-19.11.57:545][  0]LogOcInput: OculusInput pre-init called
[2018.03.20-19.11.57:997][  0]LogMaterial: Missing cached shader map for material HighResScreenshot, compiling. 
[2018.03.20-19.11.58:027][  0]LogMaterial: Missing cached shader map for material HighResScreenshotMask, compiling. 
[2018.03.20-19.11.58:063][  0]LogMaterial: Missing cached shader map for material HighResScreenshotCaptureRegion, compiling. 
[2018.03.20-19.11.58:152][  0]LogEngine: Initializing Engine...
[2018.03.20-19.11.58:158][  0]LogHMD: Failed to initialize OpenVR with code 110
[2018.03.20-19.11.58:171][  0]LogMaterial: Missing cached shader map for material WireframeMaterial, compiling. Is special engine material.
[2018.03.20-19.11.58:530][  0]LogMaterial: Missing cached shader map for material LevelColorationLitMaterial, compiling. Is special engine material.
[2018.03.20-19.11.59:511][  0]LogMaterial: Missing cached shader map for material LevelColorationUnlitMaterial, compiling. Is special engine material.
[2018.03.20-19.11.59:820][  0]LogMaterial: Missing cached shader map for material MAT_LevelColorationLitLightmapUV, compiling. Is special engine material.
[2018.03.20-19.12.00:791][  0]LogMaterial: Missing cached shader map for material ShadedLevelColorationLitMaterial, compiling. Is special engine material.
[2018.03.20-19.12.01:768][  0]LogMaterial: Missing cached shader map for material ShadedLevelColorationUnlitMateri, compiling. Is special engine material.
[2018.03.20-19.12.02:061][  0]LogMaterial: Missing cached shader map for material VertexColorMaterial, compiling. 
[2018.03.20-19.12.02:208][  0]LogMaterial: Missing cached shader map for material VertexColorViewMode_ColorOnly, compiling. 
[2018.03.20-19.12.02:248][  0]LogMaterial: Missing cached shader map for material VertexColorViewMode_AlphaAsColor, compiling. 
[2018.03.20-19.12.02:280][  0]LogMaterial: Missing cached shader map for material VertexColorViewMode_RedOnly, compiling. 
[2018.03.20-19.12.02:314][  0]LogMaterial: Missing cached shader map for material VertexColorViewMode_GreenOnly, compiling. 
[2018.03.20-19.12.02:354][  0]LogMaterial: Missing cached shader map for material VertexColorViewMode_BlueOnly, compiling. 
[2018.03.20-19.12.02:387][  0]LogMaterial: Missing cached shader map for material RemoveSurfaceMaterial, compiling. 
[2018.03.20-19.12.02:405][  0]LogMaterial: Missing cached shader map for material DebugMeshMaterial, compiling. 
[2018.03.20-19.12.02:442][  0]LogMaterial: Missing cached shader map for material M_InvalidLightmapSettings, compiling. 
[2018.03.20-19.12.02:513][  0]LogMaterial: Missing cached shader map for material GizmoMaterial, compiling. 
[2018.03.20-19.12.02:552][  0]LogMaterial: Missing cached shader map for material PhAT_JointLimitMaterial, compiling. 
[2018.03.20-19.12.02:597][  0]LogMaterial: Missing cached shader map for material GeomMaterial, compiling. 
[2018.03.20-19.12.02:623][  0]LogMaterial: Missing cached shader map for material EditorBrushMaterial, compiling. 
[2018.03.20-19.12.02:661][  0]LogMaterial: Missing cached shader map for material BoneWeightMaterial, compiling. 
[2018.03.20-19.12.02:818][  0]LogMaterial: Missing cached shader map for material ClothMaterial, compiling. 
[2018.03.20-19.12.02:851][  0]LogMaterial: Missing cached shader map for material ClothMaterial_WF, compiling. 
[2018.03.20-19.12.02:892][  0]LogMaterial: Missing cached shader map for material DebugEditorMaterial, compiling. 
[2018.03.20-19.12.02:928][  0]LogMaterial: Missing cached shader map for material PreviewShadowIndicatorMaterial, compiling. 
[2018.03.20-19.12.03:250][  0]LogStats: UGameplayTagsManager::ConstructGameplayTagTree: Construct from data asset -  0.000 s
[2018.03.20-19.12.03:250][  0]LogStats: UGameplayTagsManager::ConstructGameplayTagTree: GameplayTagTreeChangedEvent.Broadcast -  0.000 s
[2018.03.20-19.12.03:506][  0]LogAIModule: Creating AISystem for world Untitled
[2018.03.20-19.12.03:520][  0]LogInit: XAudio2 using 'Speakers / Headphones (Realtek Audio)' : 2 channels at 48 kHz using 32 bits per sample (channel mask 0x3)
[2018.03.20-19.12.03:686][  0]LogInit: FAudioDevice initialized.
[2018.03.20-19.12.03:738][  0]LogDerivedDataCache: Saved boot cache 0.05s 69MB C:/Users/carvai/AppData/Local/UnrealEngine/4.18/DerivedDataCache/Boot.ddc.
[2018.03.20-19.12.03:749][  0]LogInit: Texture streaming: Enabled
[2018.03.20-19.12.03:950][  0]LogEngineSessionManager: EngineSessionManager initialized
[2018.03.20-19.12.04:280][  0]LogInit: Transaction tracking system initialized
[2018.03.20-19.12.04:944][  0]BlueprintLog: New page: Editor Load
[2018.03.20-19.12.06:792][  0]LocalizationService: Localization service is disabled
[2018.03.20-19.12.08:270][  0]LogConsoleResponse: Display: 
[2018.03.20-19.12.08:341][  0]LogMaterial: Missing cached shader map for material Cross_Mat, compiling. 
[2018.03.20-19.12.08:386][  0]LogMaterial: Missing cached shader map for material PhAT_BoneSelectedMaterial, compiling. 
[2018.03.20-19.12.08:419][  0]LogMaterial: Missing cached shader map for material PhAT_ElemSelectedMaterial, compiling. 
[2018.03.20-19.12.08:451][  0]LogMaterial: Missing cached shader map for material PhAT_NoCollisionMaterial, compiling. 
[2018.03.20-19.12.08:483][  0]LogMaterial: Missing cached shader map for material PhAT_UnselectedMaterial, compiling. 
[2018.03.20-19.12.08:528][  0]LogMaterial: Missing cached shader map for material Tick_Mat, compiling. 
[2018.03.20-19.12.08:579][  0]LogMaterial: Missing cached shader map for material WidgetGridVertexColorMaterial_Ma, compiling. 
[2018.03.20-19.12.08:610][  0]LogMaterial: Missing cached shader map for material WidgetMaterial, compiling. 
[2018.03.20-19.12.08:638][  0]LogMaterial: Missing cached shader map for material WidgetMaterial_Current, compiling. 
[2018.03.20-19.12.08:668][  0]LogMaterial: Missing cached shader map for material WidgetMaterial_X, compiling. 
[2018.03.20-19.12.08:700][  0]LogMaterial: Missing cached shader map for material WidgetMaterial_Y, compiling. 
[2018.03.20-19.12.08:728][  0]LogMaterial: Missing cached shader map for material WidgetMaterial_Z, compiling. 
[2018.03.20-19.12.08:759][  0]LogMaterial: Missing cached shader map for material WidgetVertexColorMaterial, compiling. 
[2018.03.20-19.12.08:927][  0]LogMaterial: Missing cached shader map for material LevelGridMaterial, compiling. 
[2018.03.20-19.12.09:057][  0]LogMaterial: Missing cached shader map for material BlinkingCaret, compiling. 
[2018.03.20-19.12.09:208][  0]LogMaterial: Missing cached shader map for material M_StreamingPause, compiling. 
[2018.03.20-19.12.09:257][  0]LogCook: Display: Max memory allowance for cook 16384mb min free memory 0mb
[2018.03.20-19.12.09:257][  0]LogCook: Display: Mobile HDR setting 1
[2018.03.20-19.12.09:258][  0]LogGameplayTags: Display: UGameplayTagsManager::DoneAddingNativeTags. DelegateIsBound: 0
[2018.03.20-19.12.10:251][  0]LogFileCache: Scanning file cache for directory 'C:/Users/carvai/Desktop/game/FakeBook/Game 3/DetectiveGame/Content/' took 0.02s
[2018.03.20-19.12.11:693][  0]SourceControl: Source control is disabled
[2018.03.20-19.12.11:695][  0]Cmd: MAP LOAD FILE="../../../../../../Users/carvai/Desktop/game/FakeBook/Game 3/DetectiveGame/Content/VirtualRealityBP/Maps/StartupMap.umap" TEMPLATE=0 SHOWPROGRESS=1 FEATURELEVEL=3
[2018.03.20-19.12.11:696][  0]LightingResults: New page: Lighting Build
[2018.03.20-19.12.11:784][  0]MapCheck: New page: Map Check
[2018.03.20-19.12.11:784][  0]LightingResults: New page: Lighting Build
[2018.03.20-19.12.12:820][  0]LogTexture: Display: Building textures: ShadowMapTexture2D_6 (BGRA8, 256X256)
[2018.03.20-19.12.12:820][  0]LogTexture: Display: Building textures: SkyOcclusion0_1 (AutoDXT, 512X256)
[2018.03.20-19.12.12:820][  0]LogTexture: Display: Building textures: HQ_Lightmap0_1 (AutoDXT, 512X512)
[2018.03.20-19.12.12:820][  0]LogTexture: Display: Building textures: LQ_Lightmap_0_1 (DXT1, 512X512)
[2018.03.20-19.12.12:820][  0]LogTexture: Display: Building textures: ShadowMapTexture2D_7 (BGRA8, 1024X256)
[2018.03.20-19.12.12:820][  0]LogTexture: Display: Building textures: SkyOcclusion1_2 (AutoDXT, 1024X512)
[2018.03.20-19.12.12:820][  0]LogTexture: Display: Building textures: HQ_Lightmap1_2 (AutoDXT, 1024X1024)
[2018.03.20-19.12.12:821][  0]LogTexture: Display: Building textures: LQ_Lightmap_1_2 (DXT1, 1024X1024)
[2018.03.20-19.12.13:108][  0]LogStaticMesh: Building static mesh bed...
[2018.03.20-19.12.13:225][  0]LogStaticMesh: Built static mesh [0.12s] /Game/Objects/bed.bed
[2018.03.20-19.12.13:247][  0]LogStaticMesh: Building static mesh vase...
[2018.03.20-19.12.13:254][  0]LogStaticMesh: Built static mesh [0.01s] /Game/Objects/vase.vase
[2018.03.20-19.12.13:256][  0]LogStaticMesh: Building static mesh couch...
[2018.03.20-19.12.13:275][  0]LogStaticMesh: Built static mesh [0.02s] /Game/Objects/Import/couch.couch
[2018.03.20-19.12.13:287][  0]LogMaterial: Missing cached shader map for material M_BaseMaterial, compiling. 
[2018.03.20-19.12.13:395][  0]LogMaterial: Missing cached shader map for material M_HandMat, compiling. 
[2018.03.20-19.12.13:491][  0]LogMaterial: Missing cached shader map for material M_TeleportPreviews, compiling. 
[2018.03.20-19.12.13:516][  0]LogMaterial: Missing cached shader map for material M_SplineArcMat, compiling. 
[2018.03.20-19.12.13:558][  0]LogMaterial: Missing cached shader map for material M_ArcEndpoint, compiling. 
[2018.03.20-19.12.13:636][  0]LogMaterial: Missing cached shader map for material lambert3, compiling. 
[2018.03.20-19.12.13:675][  0]LogMaterial: Missing cached shader map for material lambert2, compiling. 
[2018.03.20-19.12.13:732][  0]LogMaterial: Missing cached shader map for material GenericHMDMaterial, compiling. 
[2018.03.20-19.12.13:888][  0]LogMaterial: Missing cached shader map for material M_Brick_Clay_New, compiling. 
[2018.03.20-19.12.13:944][  0]LogMaterial: Missing cached shader map for material legs, compiling. 
[2018.03.20-19.12.14:005][  0]LogMaterial: Missing cached shader map for material M_Wood_Floor_Walnut_Worn, compiling. 
[2018.03.20-19.12.14:056][  0]LogMaterial: Missing cached shader map for material CubeMaterial, compiling. 
[2018.03.20-19.12.14:103][  0]LogAIModule: Creating AISystem for world StartupMap
[2018.03.20-19.12.14:488][  0]LogEditorServer: Finished looking for orphan Actors (0.000 secs)
[2018.03.20-19.12.14:515][  0]Cmd: MAP CHECKDEP NOCLEARLOG
[2018.03.20-19.12.14:606][  0]MapCheck: Map check complete: 0 Error(s), 0 Warning(s), took 90.809ms to complete.
[2018.03.20-19.12.14:606][  0]LogFileHelpers: Loading map 'StartupMap' took 2.912
[2018.03.20-19.12.14:903][  0]LogCollectionManager: Loaded 0 collections in 0.002658 seconds
[2018.03.20-19.12.15:049][  0]LogFileCache: Scanning file cache for directory 'C:/Users/carvai/Desktop/game/FakeBook/Game 3/DetectiveGame/Saved/Collections/' took 0.01s
[2018.03.20-19.12.15:049][  0]LogFileCache: Scanning file cache for directory 'C:/Users/carvai/Desktop/game/FakeBook/Game 3/DetectiveGame/Content/Developers/CARVAI/Collections/' took 0.01s
[2018.03.20-19.12.15:049][  0]LogFileCache: Scanning file cache for directory 'C:/Users/carvai/Desktop/game/FakeBook/Game 3/DetectiveGame/Content/Collections/' took 0.01s
[2018.03.20-19.12.15:049][  0]LogCollectionManager: Rebuilt the GUID cache for 0 collections in 0.000001 seconds
[2018.03.20-19.12.15:066][  0]LogContentBrowser: Native class hierarchy populated in 0.0147 seconds. Added 2363 classes and 519 folders.
[2018.03.20-19.12.15:194][  0]LogContentBrowser: Native class hierarchy updated for 'WidgetCarousel' in 0.0004 seconds. Added 0 classes and 0 folders.
[2018.03.20-19.12.15:745][  0]LogContentBrowser: Native class hierarchy updated for 'AddContentDialog' in 0.0004 seconds. Added 0 classes and 0 folders.
[2018.03.20-19.12.15:839][  0]LogContentBrowser: Native class hierarchy updated for 'SceneOutliner' in 0.0004 seconds. Added 1 classes and 2 folders.
[2018.03.20-19.12.15:913][  0]LogSlate: Took 0.007654 seconds to synchronously load lazily loaded font '../../../Engine/Content/Slate/Fonts/Roboto-Regular.ttf' (155K)
[2018.03.20-19.12.15:924][  0]LogSlate: Took 0.007369 seconds to synchronously load lazily loaded font '../../../Engine/Content/Slate/Fonts/Roboto-Bold.ttf' (160K)
[2018.03.20-19.12.15:939][  0]LogSlate: Took 0.006989 seconds to synchronously load lazily loaded font '../../../Engine/Content/Editor/Slate/Fonts/FontAwesome.ttf' (139K)
[2018.03.20-19.12.16:097][  0]LogMaterial: Missing cached shader map for material LevelGridMaterial2, compiling. 
[2018.03.20-19.12.16:213][  0]LogRenderer: Reallocating scene render targets to support 1208x652 Format 26 NumSamples 1 (Frame:1).
[2018.03.20-19.12.17:700][  0]LogContentBrowser: Native class hierarchy updated for 'HierarchicalLODOutliner' in 0.0004 seconds. Added 1 classes and 2 folders.
[2018.03.20-19.12.17:700][  0]LogLoad: (Engine Initialization) Total time: 83.77 seconds
[2018.03.20-19.12.17:700][  0]LogLoad: (Engine Initialization) Total Blueprint compile time: 0.00 seconds
[2018.03.20-19.12.17:701][  0]LogExternalProfiler: No external profilers were discovered.  External profiling features will not be available.
[2018.03.20-19.12.18:076][  0]LogContentStreaming: Texture pool size now 1000 MB
[2018.03.20-19.12.18:221][  0]LogSlate: Took 0.006241 seconds to synchronously load lazily loaded font '../../../Engine/Content/Slate/Fonts/Roboto-Light.ttf' (159K)
[2018.03.20-19.12.18:374][  1]LogFileCache: Retrieving MD5 hashes for directory 'C:/Users/carvai/Desktop/game/FakeBook/Game 3/DetectiveGame/Content/' took 0.32s
[2018.03.20-19.12.18:422][  1]LogAssetRegistry: Asset discovery search completed in 37.5575 seconds
[2018.03.20-19.12.18:426][  1]LogCollectionManager: Rebuilt the object cache for 0 collections in 0.000001 seconds (found 0 objects)
[2018.03.20-19.12.18:426][  1]LogCollectionManager: Fixed up redirectors for 0 collections in 0.000100 seconds (updated 0 objects)
[2018.03.20-19.12.23:097][ 16]LogSynthBenchmark: Display: FSynthBenchmark (V0.95):  requested WorkScale=5.00
[2018.03.20-19.12.23:097][ 16]LogSynthBenchmark: Display: ===============
[2018.03.20-19.12.23:097][ 16]LogSynthBenchmark: Display: Main Processor:
[2018.03.20-19.12.23:311][ 16]LogSynthBenchmark: Display:          ... 0.023795 s/Run 'RayIntersect'
[2018.03.20-19.12.23:311][ 16]LogSynthBenchmark: Display:          ... 0.018899 s/Run 'Fractal'
[2018.03.20-19.12.23:311][ 16]LogSynthBenchmark: Display: 
[2018.03.20-19.12.23:311][ 16]LogSynthBenchmark: Display:   CompiledTarget_x_Bits: 64
[2018.03.20-19.12.23:311][ 16]LogSynthBenchmark: Display:   UE_BUILD_SHIPPING: 0
[2018.03.20-19.12.23:311][ 16]LogSynthBenchmark: Display:   UE_BUILD_TEST: 0
[2018.03.20-19.12.23:311][ 16]LogSynthBenchmark: Display:   UE_BUILD_DEBUG: 0
[2018.03.20-19.12.23:311][ 16]LogSynthBenchmark: Display:   TotalPhysicalGBRam: 32
[2018.03.20-19.12.23:311][ 16]LogSynthBenchmark: Display:   NumberOfCores (physical): 6
[2018.03.20-19.12.23:311][ 16]LogSynthBenchmark: Display:   NumberOfCores (logical): 12
[2018.03.20-19.12.23:311][ 16]LogSynthBenchmark: Display:   CPU Perf Index 0: 107.6 (weight 1.00)
[2018.03.20-19.12.23:311][ 16]LogSynthBenchmark: Display:   CPU Perf Index 1: 151.3 (weight 1.50)
[2018.03.20-19.12.23:311][ 16]LogSynthBenchmark: Display:  
[2018.03.20-19.12.23:311][ 16]LogSynthBenchmark: Display: Graphics:
[2018.03.20-19.12.23:311][ 16]LogSynthBenchmark: Display:   Adapter Name: 'NVIDIA GeForce GTX 1080'
[2018.03.20-19.12.23:311][ 16]LogSynthBenchmark: Display:   (On Optimus the name might be wrong, memory should be ok)
[2018.03.20-19.12.23:311][ 16]LogSynthBenchmark: Display:   Vendor Id: 0x10DE
[2018.03.20-19.12.23:311][ 16]LogSynthBenchmark: Display:   Device Id: 0x1B80
[2018.03.20-19.12.23:311][ 16]LogSynthBenchmark: Display:   Device Revision: 0xA1
[2018.03.20-19.12.23:311][ 16]LogSynthBenchmark: Display:   GPU Memory: 8086/0/16346 MB
[2018.03.20-19.12.23:387][ 16]LogSynthBenchmark: Display:   GPU first test: 0.01s
[2018.03.20-19.12.23:387][ 16]LogSynthBenchmark: Display:          ... 11.447 s/GigaPix, Confidence=100% 'ALUHeavyNoise' (likely to be very inaccurate)
[2018.03.20-19.12.23:388][ 16]LogSynthBenchmark: Display:          ... 10.633 s/GigaPix, Confidence=100% 'TexHeavy' (likely to be very inaccurate)
[2018.03.20-19.12.23:388][ 16]LogSynthBenchmark: Display:          ... 8.382 s/GigaPix, Confidence=89% 'DepTexHeavy' (likely to be very inaccurate)
[2018.03.20-19.12.23:388][ 16]LogSynthBenchmark: Display:          ... 33.840 s/GigaPix, Confidence=89% 'FillOnly' (likely to be very inaccurate)
[2018.03.20-19.12.23:388][ 16]LogSynthBenchmark: Display:          ... 1.307 s/GigaPix, Confidence=100% 'Bandwidth' (likely to be very inaccurate)
[2018.03.20-19.12.23:388][ 16]LogSynthBenchmark: Display:          ... 53.369 s/GigaVert, Confidence=19% 'VertThroughPut1' (likely to be very inaccurate)
[2018.03.20-19.12.23:388][ 16]LogSynthBenchmark: Display:          ... 7.658 s/GigaVert, Confidence=100% 'VertThroughPut2' (likely to be very inaccurate)
[2018.03.20-19.12.23:494][ 16]LogSynthBenchmark: Display:   GPU second test: 0.07s
[2018.03.20-19.12.23:494][ 16]LogSynthBenchmark: Display:          ... 17.736 s/GigaPix, Confidence=100% 'ALUHeavyNoise' (likely to be inaccurate)
[2018.03.20-19.12.23:494][ 16]LogSynthBenchmark: Display:          ... 14.980 s/GigaPix, Confidence=89% 'TexHeavy' (likely to be inaccurate)
[2018.03.20-19.12.23:494][ 16]LogSynthBenchmark: Display:          ... 13.364 s/GigaPix, Confidence=89% 'DepTexHeavy' (likely to be inaccurate)
[2018.03.20-19.12.23:495][ 16]LogSynthBenchmark: Display:          ... 73.289 s/GigaPix, Confidence=100% 'FillOnly' (likely to be inaccurate)
[2018.03.20-19.12.23:495][ 16]LogSynthBenchmark: Display:          ... 1.405 s/GigaPix, Confidence=100% 'Bandwidth' (likely to be inaccurate)
[2018.03.20-19.12.23:495][ 16]LogSynthBenchmark: Display:          ... 7.978 s/GigaVert, Confidence=89% 'VertThroughPut1' (likely to be inaccurate)
[2018.03.20-19.12.23:495][ 16]LogSynthBenchmark: Display:          ... 5.800 s/GigaVert, Confidence=89% 'VertThroughPut2' (likely to be inaccurate)
[2018.03.20-19.12.24:188][ 16]LogSynthBenchmark: Display:   GPU third test: 0.64s
[2018.03.20-19.12.24:188][ 16]LogSynthBenchmark: Display:          ... 22.075 s/GigaPix, Confidence=89% 'ALUHeavyNoise'
[2018.03.20-19.12.24:188][ 16]LogSynthBenchmark: Display:          ... 17.704 s/GigaPix, Confidence=89% 'TexHeavy'
[2018.03.20-19.12.24:188][ 16]LogSynthBenchmark: Display:          ... 16.753 s/GigaPix, Confidence=89% 'DepTexHeavy'
[2018.03.20-19.12.24:188][ 16]LogSynthBenchmark: Display:          ... 97.702 s/GigaPix, Confidence=100% 'FillOnly'
[2018.03.20-19.12.24:188][ 16]LogSynthBenchmark: Display:          ... 1.556 s/GigaPix, Confidence=100% 'Bandwidth'
[2018.03.20-19.12.24:188][ 16]LogSynthBenchmark: Display:          ... 6.198 s/GigaVert, Confidence=100% 'VertThroughPut1'
[2018.03.20-19.12.24:188][ 16]LogSynthBenchmark: Display:          ... 6.302 s/GigaVert, Confidence=100% 'VertThroughPut2'
[2018.03.20-19.12.24:188][ 16]LogSynthBenchmark: Display:   GPU Final Results:
[2018.03.20-19.12.24:188][ 16]LogSynthBenchmark: Display:          ... 22.075 s/GigaPix, Confidence=89% 'ALUHeavyNoise'
[2018.03.20-19.12.24:188][ 16]LogSynthBenchmark: Display:          ... 17.704 s/GigaPix, Confidence=89% 'TexHeavy'
[2018.03.20-19.12.24:188][ 16]LogSynthBenchmark: Display:          ... 16.753 s/GigaPix, Confidence=89% 'DepTexHeavy'
[2018.03.20-19.12.24:188][ 16]LogSynthBenchmark: Display:          ... 97.702 s/GigaPix, Confidence=100% 'FillOnly'
[2018.03.20-19.12.24:188][ 16]LogSynthBenchmark: Display:          ... 1.556 s/GigaPix, Confidence=100% 'Bandwidth'
[2018.03.20-19.12.24:188][ 16]LogSynthBenchmark: Display:          ... 6.198 s/GigaVert, Confidence=100% 'VertThroughPut1'
[2018.03.20-19.12.24:188][ 16]LogSynthBenchmark: Display:          ... 6.302 s/GigaVert, Confidence=100% 'VertThroughPut2'
[2018.03.20-19.12.24:188][ 16]LogSynthBenchmark: Display: 
[2018.03.20-19.12.24:188][ 16]LogSynthBenchmark: Display:   GPU Perf Index 0: 479.8 (weight 1.00)
[2018.03.20-19.12.24:188][ 16]LogSynthBenchmark: Display:   GPU Perf Index 1: 237.7 (weight 0.10)
[2018.03.20-19.12.24:188][ 16]LogSynthBenchmark: Display:   GPU Perf Index 2: 435.5 (weight 0.10)
[2018.03.20-19.12.24:188][ 16]LogSynthBenchmark: Display:   GPU Perf Index 3: 383.7 (weight 3.00)
[2018.03.20-19.12.24:188][ 16]LogSynthBenchmark: Display:   GPU Perf Index 4: 145.2 (weight 1.00)
[2018.03.20-19.12.24:188][ 16]LogSynthBenchmark: Display:   GPU Perf Index 5: 403.2 (weight 0.00)
[2018.03.20-19.12.24:188][ 16]LogSynthBenchmark: Display:   GPU Perf Index 6: 356.7 (weight 0.00)
[2018.03.20-19.12.24:188][ 16]LogSynthBenchmark: Display:   CPUIndex: 133.8
[2018.03.20-19.12.24:188][ 16]LogSynthBenchmark: Display:   GPUIndex: 354.5
[2018.03.20-19.12.24:188][ 16]LogSynthBenchmark: Display: 
[2018.03.20-19.12.24:188][ 16]LogSynthBenchmark: Display:          ... Total Time: 1.091557 sec
[2018.03.20-19.12.24:191][ 16]LogWindows: FWindowsPlatformSurvey::TickSurveyHardware() WinSAT assessment unavailable. Unable to examine some hardware metrics. Run the Windows Experience Index Assessment.
[2018.03.20-19.12.52:219][100]LogSlate: Took 0.000280 seconds to synchronously load lazily loaded font '../../../Engine/Content/Slate/Fonts/Roboto-Light.ttf' (159K)
[2018.03.20-19.14.48:397][210]LogEditorViewport: Clicking on Actor (LMB): StaticMeshActor (Plane2)
[2018.03.20-19.14.49:039][264]Cmd: CAMERA ALIGN ACTIVEVIEWPORTONLY
[2018.03.20-19.15.03:682][864]Cmd: TRANSACTION UNDO
[2018.03.20-19.15.03:682][864]LogEditorTransaction: Undo Rotate Actors
[2018.03.20-19.15.07:467][285]Cmd: TRANSACTION UNDO
[2018.03.20-19.15.07:467][285]LogEditorTransaction: Undo Clicking on Actors
[2018.03.20-19.15.08:631][418]LogEditorViewport: Clicking on Actor (LMB): StaticMeshActor (Plane2)
[2018.03.20-19.15.16:205][236]LogEditorViewport: Clicking on Actor (LMB): StaticMeshActor (Plane)
[2018.03.20-19.15.16:679][284]LogEditorViewport: Clicking on Actor (LMB): StaticMeshActor (bed)
[2018.03.20-19.15.16:939][309]Cmd: CAMERA ALIGN ACTIVEVIEWPORTONLY
[2018.03.20-19.15.22:989][982]LogEditorViewport: Clicking on Actor (LMB): StaticMeshActor (Plane)
[2018.03.20-19.15.37:724][532]LogEditorViewport: Clicking on Actor (LMB): StaticMeshActor (Cube10)
[2018.03.20-19.15.38:049][564]Cmd: CAMERA ALIGN ACTIVEVIEWPORTONLY
[2018.03.20-19.15.45:644][410]Cmd: TRANSACTION UNDO
[2018.03.20-19.15.45:644][410]LogEditorTransaction: Undo Scale Actors
[2018.03.20-19.15.48:015][670]Cmd: CAMERA ALIGN ACTIVEVIEWPORTONLY
[2018.03.20-19.15.50:607][959]Cmd: CAMERA ALIGN ACTIVEVIEWPORTONLY
[2018.03.20-19.15.55:735][509]Cmd: TRANSACTION UNDO
[2018.03.20-19.15.55:735][509]LogEditorTransaction: Undo Move Actors
[2018.03.20-19.15.56:009][526]Cmd: TRANSACTION UNDO
[2018.03.20-19.15.56:009][526]LogEditorTransaction: Undo Clicking on Actors
[2018.03.20-19.16.02:148][195]Cmd: TRANSACTION UNDO
[2018.03.20-19.16.02:148][195]LogEditorTransaction: Undo Move Actors
[2018.03.20-19.16.05:935][607]LogSlate: Took 0.005807 seconds to synchronously load lazily loaded font '../../../Engine/Content/Editor/Slate/Fonts/Roboto-Italic.ttf' (157K)
[2018.03.20-19.16.16:883][847]Cmd: TRANSACTION UNDO
[2018.03.20-19.16.16:884][847]LogEditorTransaction: Undo Move Actors
[2018.03.20-19.16.17:541][914]Cmd: TRANSACTION UNDO
[2018.03.20-19.16.17:541][914]LogEditorTransaction: Undo Set Location
[2018.03.20-19.16.18:236][990]Cmd: CAMERA ALIGN ACTIVEVIEWPORTONLY
[2018.03.20-19.16.24:804][709]LogEditorViewport: Clicking on Actor (LMB): StaticMeshActor (Cube26)
[2018.03.20-19.16.30:264][317]LogEditorViewport: Clicking on Actor (LMB): StaticMeshActor (Cube4)
[2018.03.20-19.16.33:858][707]LogEditorViewport: Clicking on Actor (LMB): StaticMeshActor (Cube4)
[2018.03.20-19.17.23:096][318]Cmd: CAMERA ALIGN ACTIVEVIEWPORTONLY
[2018.03.20-19.17.27:324][776]LogEditorViewport: Clicking on Actor (LMB): StaticMeshActor (Plane)
[2018.03.20-19.17.29:104][958]Cmd: CAMERA ALIGN ACTIVEVIEWPORTONLY
[2018.03.20-19.17.32:450][329]Cmd: CAMERA ALIGN ACTIVEVIEWPORTONLY
[2018.03.20-19.17.36:386][768]LogEditorViewport: Clicking on Actor (LMB): StaticMeshActor (Cube8)
[2018.03.20-19.17.38:898][ 39]Cmd: CAMERA ALIGN ACTIVEVIEWPORTONLY
[2018.03.20-19.17.44:022][592]Cmd: CAMERA ALIGN ACTIVEVIEWPORTONLY
[2018.03.20-19.17.49:215][173]Cmd: CAMERA ALIGN ACTIVEVIEWPORTONLY
[2018.03.20-19.17.52:813][555]LogEditorViewport: Clicking on Actor (LMB): StaticMeshActor (Cube22)
[2018.03.20-19.17.54:872][776]LogEditorViewport: Clicking on Actor (LMB): StaticMeshActor (Cube12)
[2018.03.20-19.17.56:443][941]Cmd: CAMERA ALIGN ACTIVEVIEWPORTONLY
[2018.03.20-19.18.00:680][389]Cmd: CAMERA ALIGN ACTIVEVIEWPORTONLY
[2018.03.20-19.18.07:866][168]Cmd: CAMERA ALIGN ACTIVEVIEWPORTONLY
[2018.03.20-19.18.13:035][736]Cmd: CAMERA ALIGN ACTIVEVIEWPORTONLY
[2018.03.20-19.18.15:154][958]LogEditorViewport: Clicking on Actor (LMB): StaticMeshActor (Cube25)
[2018.03.20-19.18.17:098][149]Cmd: CAMERA ALIGN ACTIVEVIEWPORTONLY
[2018.03.20-19.18.22:586][740]Cmd: CAMERA ALIGN ACTIVEVIEWPORTONLY
[2018.03.20-19.18.26:227][136]Cmd: CAMERA ALIGN ACTIVEVIEWPORTONLY
[2018.03.20-19.18.30:247][579]LogEditorViewport: Clicking on Actor (LMB): StaticMeshActor (Cube18)
[2018.03.20-19.18.31:552][720]LogEditorViewport: Clicking on Actor (LMB): StaticMeshActor (Cube14)
[2018.03.20-19.19.36:422][ 96]Cmd: TRANSACTION UNDO
[2018.03.20-19.19.36:422][ 96]LogEditorTransaction: Undo Scale Actors
[2018.03.20-19.19.36:424][ 96]LogActorComponent: ~FComponentReregisterContext: (/Game/VirtualRealityBP/Maps/StartupMap.StartupMap:PersistentLevel.Cube23.StaticMeshComponent0) Component already registered.
[2018.03.20-19.19.38:842][358]LogEditorViewport: Clicking on Actor (LMB): StaticMeshActor (Cube17)
[2018.03.20-19.19.44:561][988]LogEditorViewport: Clicking on Actor (LMB): StaticMeshActor (Cube15)
[2018.03.20-19.20.02:387][  2]Cmd: TRANSACTION UNDO
[2018.03.20-19.20.02:387][  2]LogEditorTransaction: Undo Set Scale
[2018.03.20-19.20.09:282][804]Cmd: TRANSACTION UNDO
[2018.03.20-19.20.09:282][804]LogEditorTransaction: Undo Set Scale
[2018.03.20-19.20.15:472][514]Cmd: TRANSACTION UNDO
[2018.03.20-19.20.15:472][514]LogEditorTransaction: Undo Set Scale
[2018.03.20-19.20.27:293][866]Cmd: CAMERA ALIGN ACTIVEVIEWPORTONLY
[2018.03.20-19.20.39:700][232]Cmd: CAMERA ALIGN ACTIVEVIEWPORTONLY
[2018.03.20-19.20.41:264][393]LogEditorViewport: Clicking on Actor (LMB): StaticMeshActor (Plane)
[2018.03.20-19.20.42:855][568]LogEditorViewport: Clicking on Actor (LMB): StaticMeshActor (Cube20)
[2018.03.20-19.20.43:440][627]LogEditorViewport: Clicking on Actor (LMB): PointLight (PointLight4)
[2018.03.20-19.20.44:115][694]Cmd: CAMERA ALIGN ACTIVEVIEWPORTONLY
[2018.03.20-19.20.52:193][581]LogEditorViewport: Clicking on Actor (LMB): StaticMeshActor (bed10)
[2018.03.20-19.20.53:513][720]LogEditorViewport: Clicking on Actor (LMB): StaticMeshActor (couch5)
[2018.03.20-19.20.54:521][826]LogEditorViewport: Clicking on Actor (LMB): StaticMeshActor (bed10)
[2018.03.20-19.20.55:335][915]Cmd: CAMERA ALIGN ACTIVEVIEWPORTONLY
[2018.03.20-19.20.56:968][ 94]Cmd: CAMERA ALIGN ACTIVEVIEWPORTONLY
[2018.03.20-19.20.59:392][350]LogEditorViewport: Clicking on Actor (LMB): StaticMeshActor (Cube11)
[2018.03.20-19.20.59:529][358]Cmd: CAMERA ALIGN ACTIVEVIEWPORTONLY
[2018.03.20-19.21.00:849][489]LogEditorViewport: Clicking on Actor (LMB): StaticMeshActor (couch)
[2018.03.20-19.21.00:987][497]Cmd: CAMERA ALIGN ACTIVEVIEWPORTONLY
[2018.03.20-19.21.04:942][928]Cmd: CAMERA ALIGN ACTIVEVIEWPORTONLY
[2018.03.20-19.21.16:754][207]LogSlate: Took 0.000162 seconds to synchronously load lazily loaded font '../../../Engine/Content/Slate/Fonts/Roboto-Light.ttf' (159K)
[2018.03.20-19.21.16:920][207]LogSavePackage: Save=131.12ms
[2018.03.20-19.21.16:920][207]LogSavePackage: Moving '../../../../../../Users/carvai/Desktop/game/FakeBook/Game 3/DetectiveGame/Saved/StartupMapC85B6CDF4F0AF23DC7E23FA402F6ABBA.tmp' to '../../../../../../Users/carvai/Desktop/game/FakeBook/Game 3/DetectiveGame/Content/VirtualRealityBP/Maps/StartupMap.umap'
[2018.03.20-19.21.16:929][207]LogSavePackage: Display: Finished SavePackage ../../../../../../Users/carvai/Desktop/game/FakeBook/Game 3/DetectiveGame/Content/VirtualRealityBP/Maps/StartupMap.umap
[2018.03.20-19.21.17:162][207]LogSavePackage: Save=149.87ms
[2018.03.20-19.21.17:162][207]LogSavePackage: Moving '../../../../../../Users/carvai/Desktop/game/FakeBook/Game 3/DetectiveGame/Saved/StartupMap_BuiltDataDEFEA0D9424B72F3507807B95A211335.tmp' to '../../../../../../Users/carvai/Desktop/game/FakeBook/Game 3/DetectiveGame/Content/VirtualRealityBP/Maps/StartupMap_BuiltData.uasset'
[2018.03.20-19.21.17:164][207]LogSavePackage: Display: Finished SavePackage ../../../../../../Users/carvai/Desktop/game/FakeBook/Game 3/DetectiveGame/Content/VirtualRealityBP/Maps/StartupMap_BuiltData.uasset
[2018.03.20-20.15.37:769][255]LogSavePackage: Save=131.32ms
[2018.03.20-20.15.37:769][255]LogSavePackage: Moving '../../../../../../Users/carvai/Desktop/game/FakeBook/Game 3/DetectiveGame/Saved/StartupMap5603B6754012D6FBF7D04CB6CEAFA597.tmp' to '../../../../../../Users/carvai/Desktop/game/FakeBook/Game 3/DetectiveGame/Content/VirtualRealityBP/Maps/StartupMap.umap'
[2018.03.20-20.15.37:774][255]LogSavePackage: Display: Finished SavePackage ../../../../../../Users/carvai/Desktop/game/FakeBook/Game 3/DetectiveGame/Content/VirtualRealityBP/Maps/StartupMap.umap
[2018.03.20-20.15.37:959][255]LogSavePackage: Save=109.10ms
[2018.03.20-20.15.37:959][255]LogSavePackage: Moving '../../../../../../Users/carvai/Desktop/game/FakeBook/Game 3/DetectiveGame/Saved/StartupMap_BuiltData7A4C2BAF4FEEE63CEB3B6AABE9A0D92F.tmp' to '../../../../../../Users/carvai/Desktop/game/FakeBook/Game 3/DetectiveGame/Content/VirtualRealityBP/Maps/StartupMap_BuiltData.uasset'
[2018.03.20-20.15.37:961][255]LogSavePackage: Display: Finished SavePackage ../../../../../../Users/carvai/Desktop/game/FakeBook/Game 3/DetectiveGame/Content/VirtualRealityBP/Maps/StartupMap_BuiltData.uasset
[2018.03.20-20.15.38:892][324]Cmd: QUIT_EDITOR
[2018.03.20-20.15.38:917][324]LogWindowsTextInputMethodSystem: Display: IME system now deactivated.
[2018.03.20-20.15.38:931][324]LogExit: Preparing to exit.
[2018.03.20-20.15.39:933][324]LogDirectoryWatcher: A directory notification for 'C:/Users/carvai/Desktop/game/FakeBook/Game 3/DetectiveGame/Content/' was aborted.
[2018.03.20-20.15.39:969][324]LogExit: Editor shut down
[2018.03.20-20.15.39:978][324]LogExit: Transaction tracking system shut down
[2018.03.20-20.15.40:195][324]LogDirectoryWatcher: A directory notification for '../../../Engine/Content/' was aborted.
[2018.03.20-20.15.40:195][324]LogDirectoryWatcher: A directory notification for '../../../../../../Users/carvai/Desktop/game/FakeBook/Game 3/DetectiveGame/Content/' was aborted.
[2018.03.20-20.15.40:196][324]LogDirectoryWatcher: A directory notification for '../../../Engine/Plugins/2D/Paper2D/Content/' was aborted.
[2018.03.20-20.15.40:196][324]LogDirectoryWatcher: A directory notification for '../../../Engine/Plugins/Media/MediaCompositing/Content/' was aborted.
[2018.03.20-20.15.40:196][324]LogDirectoryWatcher: A directory notification for '../../../Engine/Plugins/Runtime/AppleARKit/Content/' was aborted.
[2018.03.20-20.15.40:196][324]LogDirectoryWatcher: A directory notification for '../../../Engine/Plugins/Runtime/Oculus/OculusVR/Content/' was aborted.
[2018.03.20-20.15.40:196][324]LogDirectoryWatcher: A directory notification for '../../../Engine/Plugins/Runtime/Steam/SteamVR/Content/' was aborted.
[2018.03.20-20.15.40:283][324]LogExit: Object subsystem successfully closed.
[2018.03.20-20.15.40:344][324]LogD3D11RHI: Shutdown
[2018.03.20-20.15.40:344][324]LogD3D11RHI: CleanupD3DDevice
[2018.03.20-20.15.40:348][324]LogD3D11RHI: ~FD3D11DynamicRHI
[2018.03.20-20.15.40:382][324]LogModuleManager: Shutting down and abandoning module SynthBenchmark (550)
[2018.03.20-20.15.40:382][324]LogModuleManager: Shutting down and abandoning module HierarchicalLODOutliner (548)
[2018.03.20-20.15.40:382][324]LogModuleManager: Shutting down and abandoning module SceneOutliner (546)
[2018.03.20-20.15.40:382][324]LogModuleManager: Shutting down and abandoning module AddContentDialog (544)
[2018.03.20-20.15.40:382][324]LogDirectoryWatcher: A directory notification for 'C:/Program Files/Epic Games/UE_4.18/FeaturePacks/' was aborted.
[2018.03.20-20.15.40:383][324]LogModuleManager: Shutting down and abandoning module WidgetCarousel (543)
[2018.03.20-20.15.40:383][324]LogModuleManager: Shutting down and abandoning module EditorWidgets (540)
[2018.03.20-20.15.40:383][324]LogModuleManager: Shutting down and abandoning module CollectionManager (538)
[2018.03.20-20.15.40:383][324]LogDirectoryWatcher: A directory notification for 'C:/Users/carvai/Desktop/game/FakeBook/Game 3/DetectiveGame/Content/Collections/' was aborted.
[2018.03.20-20.15.40:383][324]LogDirectoryWatcher: A directory notification for 'C:/Users/carvai/Desktop/game/FakeBook/Game 3/DetectiveGame/Content/Developers/CARVAI/Collections/' was aborted.
[2018.03.20-20.15.40:384][324]LogDirectoryWatcher: A directory notification for 'C:/Users/carvai/Desktop/game/FakeBook/Game 3/DetectiveGame/Saved/Collections/' was aborted.
[2018.03.20-20.15.40:384][324]LogModuleManager: Shutting down and abandoning module StatsViewer (536)
[2018.03.20-20.15.40:384][324]LogModuleManager: Shutting down and abandoning module FoliageEdit (534)
[2018.03.20-20.15.40:384][324]LogModuleManager: Shutting down and abandoning module LandscapeEditor (532)
[2018.03.20-20.15.40:384][324]LogModuleManager: Shutting down and abandoning module MeshPaintMode (530)
[2018.03.20-20.15.40:384][324]LogModuleManager: Shutting down and abandoning module SceneDepthPickerMode (528)
[2018.03.20-20.15.40:384][324]LogModuleManager: Shutting down and abandoning module ActorPickerMode (526)
[2018.03.20-20.15.40:384][324]LogModuleManager: Shutting down and abandoning module GeometryMode (524)
[2018.03.20-20.15.40:384][324]LogModuleManager: Shutting down and abandoning module TextureAlignMode (522)
[2018.03.20-20.15.40:384][324]LogModuleManager: Shutting down and abandoning module BspMode (520)
[2018.03.20-20.15.40:384][324]LogModuleManager: Shutting down and abandoning module PIEPreviewDeviceProfileSelector (518)
[2018.03.20-20.15.40:384][324]LogModuleManager: Shutting down and abandoning module HardwareSurvey (516)
[2018.03.20-20.15.40:384][324]LogModuleManager: Shutting down and abandoning module SequenceRecorderSections (514)
[2018.03.20-20.15.40:384][324]LogModuleManager: Shutting down and abandoning module AutomationWorker (512)
[2018.03.20-20.15.40:384][324]LogModuleManager: Shutting down and abandoning module MatineeToLevelSequence (510)
[2018.03.20-20.15.40:384][324]LogModuleManager: Shutting down and abandoning module LevelSequenceEditor (508)
[2018.03.20-20.15.40:385][324]LogModuleManager: Shutting down and abandoning module PlacementMode (507)
[2018.03.20-20.15.40:385][324]LogModuleManager: Shutting down and abandoning module WmfMediaFactory (504)
[2018.03.20-20.15.40:385][324]LogModuleManager: Shutting down and abandoning module WmfMediaEditor (502)
[2018.03.20-20.15.40:385][324]LogModuleManager: Shutting down and abandoning module OpenExrWrapper (500)
[2018.03.20-20.15.40:385][324]LogModuleManager: Shutting down and abandoning module ImgMediaFactory (498)
[2018.03.20-20.15.40:385][324]LogModuleManager: Shutting down and abandoning module ImgMediaEditor (496)
[2018.03.20-20.15.40:385][324]LogModuleManager: Shutting down and abandoning module AvfMediaFactory (494)
[2018.03.20-20.15.40:385][324]LogModuleManager: Shutting down and abandoning module AvfMediaEditor (492)
[2018.03.20-20.15.40:385][324]LogModuleManager: Shutting down and abandoning module AndroidMediaFactory (490)
[2018.03.20-20.15.40:385][324]LogModuleManager: Shutting down and abandoning module AndroidMediaEditor (488)
[2018.03.20-20.15.40:385][324]LogModuleManager: Shutting down and abandoning module CharacterAI (486)
[2018.03.20-20.15.40:385][324]LogModuleManager: Shutting down and abandoning module AudioCapture (484)
[2018.03.20-20.15.40:385][324]LogModuleManager: Shutting down and abandoning module SequenceRecorder (483)
[2018.03.20-20.15.40:385][324]LogModuleManager: Shutting down and abandoning module SmartSnapping (480)
[2018.03.20-20.15.40:385][324]LogModuleManager: Shutting down and abandoning module SessionServices (478)
[2018.03.20-20.15.40:385][324]LogModuleManager: Shutting down and abandoning module ViewportSnapping (476)
[2018.03.20-20.15.40:385][324]LogModuleManager: Shutting down and abandoning module ViewportInteraction (474)
[2018.03.20-20.15.40:385][324]LogModuleManager: Shutting down and abandoning module ClothPainter (472)
[2018.03.20-20.15.40:386][324]LogModuleManager: Shutting down and abandoning module SkeletalMeshEditor (471)
[2018.03.20-20.15.40:387][324]LogModuleManager: Shutting down and abandoning module LogVisualizer (468)
[2018.03.20-20.15.40:387][324]LogModuleManager: Shutting down and abandoning module IntroTutorials (466)
[2018.03.20-20.15.40:387][324]LogModuleManager: Shutting down and abandoning module GameProjectGeneration (465)
[2018.03.20-20.15.40:388][324]LogModuleManager: Shutting down and abandoning module IOSPlatformEditor (462)
[2018.03.20-20.15.40:388][324]LogModuleManager: Shutting down and abandoning module HTML5PlatformEditor (460)
[2018.03.20-20.15.40:388][324]LogModuleManager: Shutting down and abandoning module AndroidPlatformEditor (458)
[2018.03.20-20.15.40:388][324]LogModuleManager: Shutting down and abandoning module AndroidDeviceDetection (457)
[2018.03.20-20.15.41:112][324]LogModuleManager: Shutting down and abandoning module WindowsPlatformEditor (454)
[2018.03.20-20.15.41:112][324]LogModuleManager: Shutting down and abandoning module IOSRuntimeSettings (452)
[2018.03.20-20.15.41:112][324]LogModuleManager: Shutting down and abandoning module AndroidRuntimeSettings (450)
[2018.03.20-20.15.41:112][324]LogModuleManager: Shutting down and abandoning module InputBindingEditor (448)
[2018.03.20-20.15.41:112][324]LogModuleManager: Shutting down and abandoning module MergeActors (446)
[2018.03.20-20.15.41:113][324]LogModuleManager: Shutting down and abandoning module SizeMap (444)
[2018.03.20-20.15.41:113][324]LogModuleManager: Shutting down and abandoning module TreeMap (442)
[2018.03.20-20.15.41:113][324]LogModuleManager: Shutting down and abandoning module ReferenceViewer (440)
[2018.03.20-20.15.41:113][324]LogModuleManager: Shutting down and abandoning module LocalizationDashboard (438)
[2018.03.20-20.15.41:113][324]LogModuleManager: Shutting down and abandoning module LocalizationService (437)
[2018.03.20-20.15.41:113][324]LogModuleManager: Shutting down and abandoning module HardwareTargeting (434)
[2018.03.20-20.15.41:113][324]LogModuleManager: Shutting down and abandoning module DeviceProfileEditor (432)
[2018.03.20-20.15.41:113][324]LogModuleManager: Shutting down and abandoning module UndoHistory (430)
[2018.03.20-20.15.41:113][324]LogModuleManager: Shutting down and abandoning module XmlParser (428)
[2018.03.20-20.15.41:113][324]LogModuleManager: Shutting down and abandoning module Blutility (426)
[2018.03.20-20.15.41:113][324]LogModuleManager: Shutting down and abandoning module ProjectSettingsViewer (424)
[2018.03.20-20.15.41:113][324]LogModuleManager: Shutting down and abandoning module ProjectTargetPlatformEditor (423)
[2018.03.20-20.15.41:114][324]LogModuleManager: Shutting down and abandoning module EditorSettingsViewer (420)
[2018.03.20-20.15.41:114][324]LogModuleManager: Shutting down and abandoning module SettingsEditor (418)
[2018.03.20-20.15.41:114][324]LogModuleManager: Shutting down and abandoning module ProjectLauncher (416)
[2018.03.20-20.15.41:114][324]LogModuleManager: Shutting down and abandoning module SessionFrontend (414)
[2018.03.20-20.15.41:114][324]LogModuleManager: Shutting down and abandoning module ProfilerClient (412)
[2018.03.20-20.15.41:114][324]LogModuleManager: Shutting down and abandoning module DeviceManager (410)
[2018.03.20-20.15.41:114][324]LogModuleManager: Shutting down and abandoning module TargetDeviceServices (409)
[2018.03.20-20.15.41:168][324]LogModuleManager: Shutting down and abandoning module AutomationController (406)
[2018.03.20-20.15.41:168][324]LogModuleManager: Shutting down and abandoning module AutomationWindow (404)
[2018.03.20-20.15.41:169][324]LogModuleManager: Shutting down and abandoning module Layers (402)
[2018.03.20-20.15.41:170][324]LogModuleManager: Shutting down and abandoning module ComponentVisualizers (400)
[2018.03.20-20.15.41:170][324]LogModuleManager: Shutting down and abandoning module DetailCustomizations (398)
[2018.03.20-20.15.41:170][324]LogModuleManager: Shutting down and abandoning module PackagesDialog (396)
[2018.03.20-20.15.41:171][324]LogModuleManager: Shutting down and abandoning module Persona (394)
[2018.03.20-20.15.41:172][324]LogModuleManager: Shutting down and abandoning module AdvancedPreviewScene (393)
[2018.03.20-20.15.41:172][324]LogModuleManager: Shutting down and abandoning module AnimGraph (391)
[2018.03.20-20.15.41:172][324]LogModuleManager: Shutting down and abandoning module Kismet (388)
[2018.03.20-20.15.41:173][324]LogModuleManager: Shutting down and abandoning module ClassViewer (386)
[2018.03.20-20.15.41:173][324]LogModuleManager: Shutting down and abandoning module Toolbox (384)
[2018.03.20-20.15.41:173][324]LogModuleManager: Shutting down and abandoning module ModuleUI (382)
[2018.03.20-20.15.41:173][324]LogModuleManager: Shutting down and abandoning module MovieSceneTools (380)
[2018.03.20-20.15.41:173][324]LogModuleManager: Shutting down and abandoning module OutputLog (378)
[2018.03.20-20.15.41:174][324]LogModuleManager: Shutting down and abandoning module GammaUI (376)
[2018.03.20-20.15.41:174][324]LogModuleManager: Shutting down and abandoning module Documentation (374)
[2018.03.20-20.15.41:174][324]LogModuleManager: Shutting down and abandoning module MovieSceneTracks (372)
[2018.03.20-20.15.41:174][324]LogModuleManager: Shutting down and abandoning module MovieScene (370)
[2018.03.20-20.15.41:174][324]LogModuleManager: Shutting down and abandoning module StreamingPauseRendering (368)
[2018.03.20-20.15.41:174][324]LogModuleManager: Shutting down and abandoning module LauncherPlatform (366)
[2018.03.20-20.15.41:174][324]LogModuleManager: Shutting down and abandoning module AnalyticsET (364)
[2018.03.20-20.15.41:174][324]LogModuleManager: Shutting down and abandoning module PortalServices (362)
[2018.03.20-20.15.41:174][324]LogModuleManager: Shutting down and abandoning module PortalRpc (360)
[2018.03.20-20.15.41:174][324]LogModuleManager: Shutting down and abandoning module MessagingRpc (358)
[2018.03.20-20.15.41:174][324]LogModuleManager: Shutting down and abandoning module AIModule (356)
[2018.03.20-20.15.41:175][324]LogModuleManager: Shutting down and abandoning module GameplayDebugger (355)
[2018.03.20-20.15.41:175][324]LogModuleManager: Shutting down and abandoning module AITestSuite (353)
[2018.03.20-20.15.41:175][324]LogModuleManager: Shutting down and abandoning module DesktopPlatform (350)
[2018.03.20-20.15.41:175][324]LogModuleManager: Shutting down and abandoning module ProfilerService (348)
[2018.03.20-20.15.41:330][324]LogModuleManager: Shutting down and abandoning module TaskGraph (346)
[2018.03.20-20.15.41:330][324]LogModuleManager: Shutting down and abandoning module SteamVRController (344)
[2018.03.20-20.15.41:330][324]LogModuleManager: Shutting down and abandoning module ProceduralMeshComponentEditor (342)
[2018.03.20-20.15.41:330][324]LogModuleManager: Shutting down and abandoning module ProceduralMeshComponent (340)
[2018.03.20-20.15.41:330][324]LogModuleManager: Shutting down and abandoning module OculusInput (338)
[2018.03.20-20.15.41:330][324]LogModuleManager: Shutting down and abandoning module MobilePatchingUtils (336)
[2018.03.20-20.15.41:330][324]LogModuleManager: Shutting down and abandoning module CustomMeshComponent (334)
[2018.03.20-20.15.41:330][324]LogModuleManager: Shutting down and abandoning module CableComponent (332)
[2018.03.20-20.15.41:330][324]LogModuleManager: Shutting down and abandoning module ArchVisCharacter (330)
[2018.03.20-20.15.41:330][324]LogModuleManager: Shutting down and abandoning module AndroidPermission (328)
[2018.03.20-20.15.41:330][324]LogModuleManager: Shutting down and abandoning module ActorSequence (324)
[2018.03.20-20.15.41:330][324]LogModuleManager: Shutting down and abandoning module MediaPlayerEditor (322)
[2018.03.20-20.15.41:331][324]LogModuleManager: Shutting down and abandoning module MediaCompositingEditor (320)
[2018.03.20-20.15.41:331][324]LogModuleManager: Shutting down and abandoning module MediaCompositing (318)
[2018.03.20-20.15.41:331][324]LogModuleManager: Shutting down and abandoning module HTML5Networking (316)
[2018.03.20-20.15.41:331][324]LogModuleManager: Shutting down and abandoning module AlembicImporter (314)
[2018.03.20-20.15.41:332][324]LogModuleManager: Shutting down and abandoning module AlembicLibrary (313)
[2018.03.20-20.15.41:332][324]LogModuleManager: Shutting down and abandoning module GeometryCache (312)
[2018.03.20-20.15.41:332][324]LogModuleManager: Shutting down and abandoning module GeometryCacheEd (311)
[2018.03.20-20.15.41:332][324]LogModuleManager: Shutting down and abandoning module SpeedTreeImporter (306)
[2018.03.20-20.15.41:332][324]LogModuleManager: Shutting down and abandoning module PluginBrowser (304)
[2018.03.20-20.15.41:332][324]LogModuleManager: Shutting down and abandoning module MobileLauncherProfileWizard (302)
[2018.03.20-20.15.41:333][324]LogModuleManager: Shutting down and abandoning module VisualStudioSourceCodeAccess (300)
[2018.03.20-20.15.41:333][324]LogModuleManager: Shutting down and abandoning module VisualStudioCodeSourceCodeAccess (298)
[2018.03.20-20.15.41:333][324]LogModuleManager: Shutting down and abandoning module UObjectPlugin (296)
[2018.03.20-20.15.41:333][324]LogModuleManager: Shutting down and abandoning module SubversionSourceControl (294)
[2018.03.20-20.15.41:333][324]LogModuleManager: Shutting down and abandoning module PerforceSourceControl (292)
[2018.03.20-20.15.41:333][324]LogModuleManager: Shutting down and abandoning module GitSourceControl (290)
[2018.03.20-20.15.41:333][324]LogModuleManager: Shutting down and abandoning module SourceControl (289)
[2018.03.20-20.15.41:333][324]LogModuleManager: Shutting down and abandoning module LightPropagationVolumeEditor (286)
[2018.03.20-20.15.41:333][324]LogModuleManager: Shutting down and abandoning module PaperTiledImporter (284)
[2018.03.20-20.15.41:333][324]LogModuleManager: Shutting down and abandoning module PaperSpriteSheetImporter (282)
[2018.03.20-20.15.41:333][324]LogModuleManager: Shutting down and abandoning module Paper2DEditor (280)
[2018.03.20-20.15.41:334][324]LogModuleManager: Shutting down and abandoning module MeshPaint (279)
[2018.03.20-20.15.41:334][324]LogModuleManager: Shutting down and abandoning module LevelEditor (277)
[2018.03.20-20.15.41:336][324]LogModuleManager: Shutting down and abandoning module PixelInspectorModule (276)
[2018.03.20-20.15.41:336][324]LogModuleManager: Shutting down and abandoning module MainFrame (274)
[2018.03.20-20.15.41:336][324]LogModuleManager: Shutting down and abandoning module HotReload (273)
[2018.03.20-20.15.41:337][324]LogModuleManager: Shutting down and abandoning module RuntimePhysXCooking (268)
[2018.03.20-20.15.41:337][324]LogModuleManager: Shutting down and abandoning module PhysXVehiclesEditor (266)
[2018.03.20-20.15.41:337][324]LogModuleManager: Shutting down and abandoning module PhysXVehicles (264)
[2018.03.20-20.15.41:338][324]LogModuleManager: Shutting down and abandoning module OculusEditor (262)
[2018.03.20-20.15.41:338][324]LogModuleManager: Shutting down and abandoning module LocationServicesBPLibrary (260)
[2018.03.20-20.15.41:338][324]LogModuleManager: Shutting down and abandoning module ImmediatePhysicsEditor (258)
[2018.03.20-20.15.41:338][324]LogModuleManager: Shutting down and abandoning module ImmediatePhysics (256)
[2018.03.20-20.15.41:338][324]LogModuleManager: Shutting down and abandoning module UdpMessaging (254)
[2018.03.20-20.15.41:439][324]LogModuleManager: Shutting down and abandoning module TcpMessaging (252)
[2018.03.20-20.15.41:539][324]LogModuleManager: Shutting down and abandoning module GameplayTagsEditor (250)
[2018.03.20-20.15.41:539][324]LogModuleManager: Shutting down and abandoning module FacialAnimationEditor (248)
[2018.03.20-20.15.41:539][324]LogModuleManager: Shutting down and abandoning module FacialAnimation (246)
[2018.03.20-20.15.41:539][324]LogModuleManager: Shutting down and abandoning module AssetManagerEditor (244)
[2018.03.20-20.15.41:539][324]LogModuleManager: Shutting down and abandoning module GraphEditor (243)
[2018.03.20-20.15.41:541][324]LogModuleManager: Shutting down and abandoning module ContentBrowser (241)
[2018.03.20-20.15.41:543][324]LogModuleManager: Shutting down and abandoning module LightPropagationVolumeRuntime (238)
[2018.03.20-20.15.41:543][324]LogModuleManager: Shutting down and abandoning module Paper2D (236)
[2018.03.20-20.15.41:543][324]LogModuleManager: Shutting down and abandoning module WindowsMoviePlayer (234)
[2018.03.20-20.15.41:543][324]LogModuleManager: Shutting down and abandoning module WmfMedia (232)
[2018.03.20-20.15.41:548][324]LogModuleManager: Shutting down and abandoning module ImgMedia (230)
[2018.03.20-20.15.41:548][324]LogModuleManager: Shutting down and abandoning module PacketHandler (228)
[2018.03.20-20.15.41:548][324]LogModuleManager: Shutting down and abandoning module ClothingSystemEditor (226)
[2018.03.20-20.15.41:548][324]LogModuleManager: Shutting down and abandoning module ClothingSystemRuntime (224)
[2018.03.20-20.15.41:548][324]LogModuleManager: Shutting down and abandoning module MediaAssets (222)
[2018.03.20-20.15.41:548][324]LogModuleManager: Shutting down and abandoning module Media (221)
[2018.03.20-20.15.41:555][324]LogModuleManager: Shutting down and abandoning module Overlay (218)
[2018.03.20-20.15.41:555][324]LogModuleManager: Shutting down and abandoning module OverlayEditor (217)
[2018.03.20-20.15.41:555][324]LogModuleManager: Shutting down and abandoning module VREditor (214)
[2018.03.20-20.15.41:556][324]LogModuleManager: Shutting down and abandoning module StringTableEditor (212)
[2018.03.20-20.15.41:556][324]LogModuleManager: Shutting down and abandoning module GameplayTasksEditor (210)
[2018.03.20-20.15.41:556][324]LogModuleManager: Shutting down and abandoning module BehaviorTreeEditor (208)
[2018.03.20-20.15.41:557][324]LogModuleManager: Shutting down and abandoning module FunctionalTesting (206)
[2018.03.20-20.15.41:557][324]LogModuleManager: Shutting down and abandoning module CollisionAnalyzer (204)
[2018.03.20-20.15.41:557][324]LogModuleManager: Shutting down and abandoning module WorkspaceMenuStructure (203)
[2018.03.20-20.15.41:557][324]LogModuleManager: Shutting down and abandoning module UMG (200)
[2018.03.20-20.15.41:557][324]LogModuleManager: Shutting down and abandoning module UMGEditor (199)
[2018.03.20-20.15.41:557][324]LogModuleManager: Shutting down and abandoning module Sequencer (198)
[2018.03.20-20.15.41:558][324]LogModuleManager: Shutting down and abandoning module MessageLog (195)
[2018.03.20-20.15.41:558][324]LogModuleManager: Shutting down and abandoning module SlateReflector (190)
[2018.03.20-20.15.41:559][324]LogModuleManager: Shutting down and abandoning module Slate (188)
[2018.03.20-20.15.41:559][324]LogModuleManager: Shutting down and abandoning module EditorStyle (186)
[2018.03.20-20.15.41:565][324]LogModuleManager: Shutting down and abandoning module MRMesh (184)
[2018.03.20-20.15.41:565][324]LogModuleManager: Shutting down and abandoning module SourceCodeAccess (182)
[2018.03.20-20.15.41:565][324]LogModuleManager: Shutting down and abandoning module HeadMountedDisplay (180)
[2018.03.20-20.15.41:565][324]LogModuleManager: Shutting down and abandoning module XAudio2 (178)
[2018.03.20-20.15.41:565][324]LogModuleManager: Shutting down and abandoning module Networking (176)
[2018.03.20-20.15.41:565][324]LogModuleManager: Shutting down and abandoning module Core (172)
[2018.03.20-20.15.41:565][324]LogModuleManager: Shutting down and abandoning module LevelSequence (168)
[2018.03.20-20.15.41:565][324]LogModuleManager: Shutting down and abandoning module DirectoryWatcher (166)
[2018.03.20-20.15.41:567][324]LogModuleManager: Shutting down and abandoning module KismetCompiler (164)
[2018.03.20-20.15.41:567][324]LogModuleManager: Shutting down and abandoning module MeshUtilities (162)
[2018.03.20-20.15.41:567][324]LogModuleManager: Shutting down and abandoning module MeshMergeUtilities (161)
[2018.03.20-20.15.41:568][324]LogModuleManager: Shutting down and abandoning module MeshReductionInterface (160)
[2018.03.20-20.15.41:568][324]LogModuleManager: Shutting down and abandoning module SimplygonSwarm (159)
[2018.03.20-20.15.41:568][324]LogModuleManager: Shutting down and abandoning module SimplygonMeshReduction (157)
[2018.03.20-20.15.41:568][324]LogModuleManager: Shutting down and abandoning module QuadricMeshReduction (155)
[2018.03.20-20.15.41:568][324]LogModuleManager: Shutting down and abandoning module MaterialBaking (151)
[2018.03.20-20.15.41:568][324]LogModuleManager: Shutting down and abandoning module DerivedDataCache (148)
[2018.03.20-20.15.41:661][324]LogDerivedDataCache: Shutdown
[2018.03.20-20.15.41:662][324]LogModuleManager: Shutting down and abandoning module TargetPlatform (146)
[2018.03.20-20.15.41:662][324]LogModuleManager: Shutting down and abandoning module VulkanShaderFormat (145)
[2018.03.20-20.15.41:662][324]LogModuleManager: Shutting down and abandoning module ShaderFormatVectorVM (143)
[2018.03.20-20.15.41:662][324]LogModuleManager: Shutting down and abandoning module ShaderFormatOpenGL (141)
[2018.03.20-20.15.41:662][324]LogModuleManager: Shutting down and abandoning module ShaderFormatD3D (139)
[2018.03.20-20.15.41:662][324]LogModuleManager: Shutting down and abandoning module MetalShaderFormat (137)
[2018.03.20-20.15.41:663][324]LogModuleManager: Shutting down and abandoning module TextureFormatUncompressed (135)
[2018.03.20-20.15.41:663][324]LogModuleManager: Shutting down and abandoning module TextureFormatPVR (133)
[2018.03.20-20.15.41:663][324]LogModuleManager: Shutting down and abandoning module TextureFormatDXT (131)
[2018.03.20-20.15.41:663][324]LogModuleManager: Shutting down and abandoning module TextureFormatIntelISPCTexComp (129)
[2018.03.20-20.15.41:663][324]LogModuleManager: Shutting down and abandoning module TextureFormatASTC (127)
[2018.03.20-20.15.41:663][324]LogModuleManager: Shutting down and abandoning module ImageWrapper (126)
[2018.03.20-20.15.41:663][324]LogModuleManager: Shutting down and abandoning module TextureFormatAndroid (123)
[2018.03.20-20.15.41:663][324]LogModuleManager: Shutting down and abandoning module AudioFormatOpus (121)
[2018.03.20-20.15.41:663][324]LogModuleManager: Shutting down and abandoning module AudioFormatOgg (119)
[2018.03.20-20.15.41:663][324]LogModuleManager: Shutting down and abandoning module AudioFormatADPCM (117)
[2018.03.20-20.15.41:663][324]LogModuleManager: Shutting down and abandoning module LinuxTargetPlatform (115)
[2018.03.20-20.15.41:663][324]LogModuleManager: Shutting down and abandoning module LinuxServerTargetPlatform (113)
[2018.03.20-20.15.41:663][324]LogModuleManager: Shutting down and abandoning module LinuxNoEditorTargetPlatform (111)
[2018.03.20-20.15.41:663][324]LogModuleManager: Shutting down and abandoning module LinuxClientTargetPlatform (109)
[2018.03.20-20.15.41:663][324]LogModuleManager: Shutting down and abandoning module TVOSTargetPlatform (107)
[2018.03.20-20.15.41:663][324]LogModuleManager: Shutting down and abandoning module Messaging (105)
[2018.03.20-20.15.41:663][324]LogModuleManager: Shutting down and abandoning module IOSTargetPlatform (103)
[2018.03.20-20.15.41:663][324]LogModuleManager: Shutting down and abandoning module HTML5TargetPlatform (101)
[2018.03.20-20.15.41:663][324]LogModuleManager: Shutting down and abandoning module AndroidTargetPlatform (99)
[2018.03.20-20.15.41:663][324]LogModuleManager: Shutting down and abandoning module Android_PVRTCTargetPlatform (97)
[2018.03.20-20.15.41:663][324]LogModuleManager: Shutting down and abandoning module Android_MultiTargetPlatform (95)
[2018.03.20-20.15.41:663][324]LogModuleManager: Shutting down and abandoning module Android_ETC2TargetPlatform (93)
[2018.03.20-20.15.41:663][324]LogModuleManager: Shutting down and abandoning module Android_ETC1TargetPlatform (91)
[2018.03.20-20.15.41:663][324]LogModuleManager: Shutting down and abandoning module Android_DXTTargetPlatform (89)
[2018.03.20-20.15.41:663][324]LogModuleManager: Shutting down and abandoning module Android_ATCTargetPlatform (87)
[2018.03.20-20.15.41:663][324]LogModuleManager: Shutting down and abandoning module Android_ASTCTargetPlatform (85)
[2018.03.20-20.15.41:663][324]LogModuleManager: Shutting down and abandoning module WindowsTargetPlatform (83)
[2018.03.20-20.15.41:664][324]LogModuleManager: Shutting down and abandoning module WindowsServerTargetPlatform (81)
[2018.03.20-20.15.41:664][324]LogModuleManager: Shutting down and abandoning module WindowsNoEditorTargetPlatform (79)
[2018.03.20-20.15.41:664][324]LogModuleManager: Shutting down and abandoning module WindowsClientTargetPlatform (77)
[2018.03.20-20.15.41:664][324]LogModuleManager: Shutting down and abandoning module MacTargetPlatform (75)
[2018.03.20-20.15.41:664][324]LogModuleManager: Shutting down and abandoning module MacServerTargetPlatform (73)
[2018.03.20-20.15.41:664][324]LogModuleManager: Shutting down and abandoning module MacNoEditorTargetPlatform (71)
[2018.03.20-20.15.41:664][324]LogModuleManager: Shutting down and abandoning module MacClientTargetPlatform (69)
[2018.03.20-20.15.41:664][324]LogModuleManager: Shutting down and abandoning module AllDesktopTargetPlatform (67)
[2018.03.20-20.15.41:664][324]LogModuleManager: Shutting down and abandoning module InputCore (64)
[2018.03.20-20.15.41:664][324]LogModuleManager: Shutting down and abandoning module Settings (62)
[2018.03.20-20.15.41:664][324]LogModuleManager: Shutting down and abandoning module PhysXCooking (60)
[2018.03.20-20.15.41:664][324]LogModuleManager: Shutting down and abandoning module SteamVR (58)
[2018.03.20-20.15.41:664][324]LogModuleManager: Shutting down and abandoning module OculusHMD (56)
[2018.03.20-20.15.41:664][324]LogModuleManager: Shutting down and abandoning module ExampleDeviceProfileSelector (54)
[2018.03.20-20.15.41:664][324]LogModuleManager: Shutting down and abandoning module AppleARKit (52)
[2018.03.20-20.15.41:664][324]LogModuleManager: Shutting down and abandoning module AugmentedReality (51)
[2018.03.20-20.15.41:664][324]LogModuleManager: Shutting down and abandoning module OnlineBlueprintSupport (48)
[2018.03.20-20.15.41:664][324]LogModuleManager: Shutting down and abandoning module OnlineSubsystem (44)
[2018.03.20-20.15.41:664][324]LogModuleManager: Shutting down and abandoning module XMPP (43)
[2018.03.20-20.15.41:665][324]LogModuleManager: Shutting down and abandoning module HTTP (41)
[2018.03.20-20.15.41:665][324]LogHttp: Display: Http module shutting down, but needs to wait on 1 outstanding Http requests:
[2018.03.20-20.15.41:665][324]LogHttp: Display: 	verb=[POST] url=[https://datarouter.ol.epicgames.com/datarouter/api/v1/public/data?SessionID=%7BBBDB2DBD-461C-6813-756A-4AAA0A468527%7D&AppID=UEEditor.Rocket.Release&AppVersion=4.18.2-3794801%2B%2B%2BUE4%2BRelease-4.18&UserID=b2e6573947b13cdf34c8b79340542664%7C4478b30bdc294823a3cf87d051182ded%7Cf13a57f5-a90d-4937-b063-d8173ca1d930&AppEnvironment=datacollector-binary&UploadType=eteventstream] status=Processing
[2018.03.20-20.15.41:693][324]LogModuleManager: Shutting down and abandoning module SSL (40)
[2018.03.20-20.15.41:695][324]LogModuleManager: Shutting down and abandoning module AnimationModifiers (36)
[2018.03.20-20.15.41:696][324]LogModuleManager: Shutting down and abandoning module PropertyEditor (35)
[2018.03.20-20.15.41:696][324]LogModuleManager: Shutting down and abandoning module AudioEditor (32)
[2018.03.20-20.15.41:696][324]LogModuleManager: Shutting down and abandoning module TextureCompressor (30)
[2018.03.20-20.15.41:696][324]LogModuleManager: Shutting down and abandoning module ShaderCore (28)
[2018.03.20-20.15.41:696][324]LogModuleManager: Shutting down and abandoning module Landscape (26)
[2018.03.20-20.15.41:696][324]LogModuleManager: Shutting down and abandoning module SlateRHIRenderer (24)
[2018.03.20-20.15.41:698][324]LogModuleManager: Shutting down and abandoning module OpenGLDrv (22)
[2018.03.20-20.15.41:699][324]LogModuleManager: Shutting down and abandoning module D3D11RHI (20)
[2018.03.20-20.15.41:699][324]LogModuleManager: Shutting down and abandoning module AnimGraphRuntime (18)
[2018.03.20-20.15.41:699][324]LogModuleManager: Shutting down and abandoning module Renderer (16)
[2018.03.20-20.15.41:699][324]LogModuleManager: Shutting down and abandoning module Engine (14)
[2018.03.20-20.15.41:699][324]LogModuleManager: Shutting down and abandoning module CoreUObject (12)
[2018.03.20-20.15.41:699][324]LogModuleManager: Shutting down and abandoning module NetworkFile (10)
[2018.03.20-20.15.41:699][324]LogModuleManager: Shutting down and abandoning module CookedIterativeFile (8)
[2018.03.20-20.15.41:699][324]LogModuleManager: Shutting down and abandoning module StreamingFile (6)
[2018.03.20-20.15.41:699][324]LogModuleManager: Shutting down and abandoning module SandboxFile (4)
[2018.03.20-20.15.41:699][324]LogModuleManager: Shutting down and abandoning module PakFile (2)
[2018.03.20-20.15.41:708][324]LogExit: Exiting.
[2018.03.20-20.15.41:737][324]Log file closed, 03/20/18 16:15:41
