Log file open, 03/27/18 13:57:25
LogWindows: Failed to load 'aqProf.dll' (GetLastError=126)
LogWindows: File 'aqProf.dll' does not exist
LogWindows: Failed to load 'VSPerf140.dll' (GetLastError=126)
LogWindows: File 'VSPerf140.dll' does not exist
LogWindows: Failed to load 'VtuneApi.dll' (GetLastError=126)
LogWindows: File 'VtuneApi.dll' does not exist
LogWindows: Failed to load 'VtuneApi32e.dll' (GetLastError=126)
LogWindows: File 'VtuneApi32e.dll' does not exist
LogInit: Display: Running engine for game: DetectiveGame
LogPlatformFile: Not using cached read wrapper
LogInit: Display: RandInit(-2146547731) SRandInit(-2146547731).
LogInit: Read version file with build ID '3709383'
LogInit: Overriding engine version to CL 3794801, compatible CL 3709383
LogInit: Registered custom module enumerator with build ID '3709383'
LogTaskGraph: Started task graph with 5 named threads and 20 total threads with 3 sets of task threads.
LogStats: Stats thread started at 0.847394
LogD3D11RHI: Aftermath initialized
LogModuleManager: Display: Found up-to-date module file ../../../Engine/Plugins/2D/Paper2D/Binaries/Win64/UE4Editor-Paper2D.dll (API version 3709383).
LogModuleManager: Display: Found up-to-date module file ../../../Engine/Plugins/2D/Paper2D/Binaries/Win64/UE4Editor-Paper2DEditor.dll (API version 3709383).
LogModuleManager: Display: Found up-to-date module file ../../../Engine/Plugins/2D/Paper2D/Binaries/Win64/UE4Editor-PaperSpriteSheetImporter.dll (API version 3709383).
LogModuleManager: Display: Found up-to-date module file ../../../Engine/Plugins/2D/Paper2D/Binaries/Win64/UE4Editor-PaperTiledImporter.dll (API version 3709383).
LogModuleManager: Display: Found up-to-date module file ../../../Engine/Plugins/2D/Paper2D/Binaries/Win64/UE4Editor-SmartSnapping.dll (API version 3709383).
LogModuleManager: Display: Found up-to-date module file ../../../Engine/Plugins/Blendables/LightPropagationVolume/Binaries/Win64/UE4Editor-LightPropagationVolumeRuntime.dll (API version 3709383).
LogModuleManager: Display: Found up-to-date module file ../../../Engine/Plugins/Blendables/LightPropagationVolume/Binaries/Win64/UE4Editor-LightPropagationVolumeEditor.dll (API version 3709383).
LogModuleManager: Display: Found up-to-date module file ../../../Engine/Plugins/Developer/GitSourceControl/Binaries/Win64/UE4Editor-GitSourceControl.dll (API version 3709383).
LogModuleManager: Display: Found up-to-date module file ../../../Engine/Plugins/Developer/PerforceSourceControl/Binaries/Win64/UE4Editor-PerforceSourceControl.dll (API version 3709383).
LogModuleManager: Display: Found up-to-date module file ../../../Engine/Plugins/Developer/SubversionSourceControl/Binaries/Win64/UE4Editor-SubversionSourceControl.dll (API version 3709383).
LogModuleManager: Display: Found up-to-date module file ../../../Engine/Plugins/Developer/UObjectPlugin/Binaries/Win64/UE4Editor-UObjectPlugin.dll (API version 3709383).
LogModuleManager: Display: Found up-to-date module file ../../../Engine/Plugins/Developer/VisualStudioCodeSourceCodeAccess/Binaries/Win64/UE4Editor-VisualStudioCodeSourceCodeAccess.dll (API version 3709383).
LogModuleManager: Display: Found up-to-date module file ../../../Engine/Plugins/Developer/VisualStudioSourceCodeAccess/Binaries/Win64/UE4Editor-VisualStudioSourceCodeAccess.dll (API version 3709383).
LogModuleManager: Display: Found up-to-date module file ../../../Engine/Plugins/Editor/AssetManagerEditor/Binaries/Win64/UE4Editor-AssetManagerEditor.dll (API version 3709383).
LogModuleManager: Display: Found up-to-date module file ../../../Engine/Plugins/Editor/AudioCapture/Binaries/Win64/UE4Editor-AudioCapture.dll (API version 3709383).
LogModuleManager: Display: Found up-to-date module file ../../../Engine/Plugins/Editor/FacialAnimation/Binaries/Win64/UE4Editor-FacialAnimation.dll (API version 3709383).
LogModuleManager: Display: Found up-to-date module file ../../../Engine/Plugins/Editor/FacialAnimation/Binaries/Win64/UE4Editor-FacialAnimationEditor.dll (API version 3709383).
LogModuleManager: Display: Found up-to-date module file ../../../Engine/Plugins/Editor/GameplayTagsEditor/Binaries/Win64/UE4Editor-GameplayTagsEditor.dll (API version 3709383).
LogModuleManager: Display: Found up-to-date module file ../../../Engine/Plugins/Editor/MobileLauncherProfileWizard/Binaries/Win64/UE4Editor-MobileLauncherProfileWizard.dll (API version 3709383).
LogModuleManager: Display: Found up-to-date module file ../../../Engine/Plugins/Editor/PluginBrowser/Binaries/Win64/UE4Editor-PluginBrowser.dll (API version 3709383).
LogModuleManager: Display: Found up-to-date module file ../../../Engine/Plugins/Editor/SpeedTreeImporter/Binaries/Win64/UE4Editor-SpeedTreeImporter.dll (API version 3709383).
LogModuleManager: Display: Found up-to-date module file ../../../Engine/Plugins/Experimental/AlembicImporter/Binaries/Win64/UE4Editor-AlembicImporter.dll (API version 3709383).
LogModuleManager: Display: Found up-to-date module file ../../../Engine/Plugins/Experimental/AlembicImporter/Binaries/Win64/UE4Editor-AlembicLibrary.dll (API version 3709383).
LogModuleManager: Display: Found up-to-date module file ../../../Engine/Plugins/Experimental/CharacterAI/Binaries/Win64/UE4Editor-CharacterAI.dll (API version 3709383).
LogModuleManager: Display: Found up-to-date module file ../../../Engine/Plugins/Experimental/HTML5Networking/Binaries/Win64/UE4Editor-HTML5Networking.dll (API version 3709383).
LogModuleManager: Display: Found up-to-date module file ../../../Engine/Plugins/Media/AndroidMedia/Binaries/Win64/UE4Editor-AndroidMediaEditor.dll (API version 3709383).
LogModuleManager: Display: Found up-to-date module file ../../../Engine/Plugins/Media/AndroidMedia/Binaries/Win64/UE4Editor-AndroidMediaFactory.dll (API version 3709383).
LogModuleManager: Display: Found up-to-date module file ../../../Engine/Plugins/Media/AvfMedia/Binaries/Win64/UE4Editor-AvfMediaEditor.dll (API version 3709383).
LogModuleManager: Display: Found up-to-date module file ../../../Engine/Plugins/Media/AvfMedia/Binaries/Win64/UE4Editor-AvfMediaFactory.dll (API version 3709383).
LogModuleManager: Display: Found up-to-date module file ../../../Engine/Plugins/Media/AvfMedia/Binaries/Win64/UE4Editor-AvfMediaFactory.dll (API version 3709383).
LogModuleManager: Display: Found up-to-date module file ../../../Engine/Plugins/Media/ImgMedia/Binaries/Win64/UE4Editor-ImgMedia.dll (API version 3709383).
LogModuleManager: Display: Found up-to-date module file ../../../Engine/Plugins/Media/ImgMedia/Binaries/Win64/UE4Editor-ImgMediaEditor.dll (API version 3709383).
LogModuleManager: Display: Found up-to-date module file ../../../Engine/Plugins/Media/ImgMedia/Binaries/Win64/UE4Editor-ImgMediaFactory.dll (API version 3709383).
LogModuleManager: Display: Found up-to-date module file ../../../Engine/Plugins/Media/ImgMedia/Binaries/Win64/UE4Editor-ImgMediaFactory.dll (API version 3709383).
LogModuleManager: Display: Found up-to-date module file ../../../Engine/Plugins/Media/ImgMedia/Binaries/Win64/UE4Editor-OpenExrWrapper.dll (API version 3709383).
LogModuleManager: Display: Found up-to-date module file ../../../Engine/Plugins/Media/MediaCompositing/Binaries/Win64/UE4Editor-MediaCompositing.dll (API version 3709383).
LogModuleManager: Display: Found up-to-date module file ../../../Engine/Plugins/Media/MediaCompositing/Binaries/Win64/UE4Editor-MediaCompositingEditor.dll (API version 3709383).
LogModuleManager: Display: Found up-to-date module file ../../../Engine/Plugins/Media/MediaPlayerEditor/Binaries/Win64/UE4Editor-MediaPlayerEditor.dll (API version 3709383).
LogModuleManager: Display: Found up-to-date module file ../../../Engine/Plugins/Media/WmfMedia/Binaries/Win64/UE4Editor-WmfMedia.dll (API version 3709383).
LogModuleManager: Display: Found up-to-date module file ../../../Engine/Plugins/Media/WmfMedia/Binaries/Win64/UE4Editor-WmfMediaEditor.dll (API version 3709383).
LogModuleManager: Display: Found up-to-date module file ../../../Engine/Plugins/Media/WmfMedia/Binaries/Win64/UE4Editor-WmfMediaFactory.dll (API version 3709383).
LogModuleManager: Display: Found up-to-date module file ../../../Engine/Plugins/Media/WmfMedia/Binaries/Win64/UE4Editor-WmfMediaFactory.dll (API version 3709383).
LogModuleManager: Display: Found up-to-date module file ../../../Engine/Plugins/Messaging/TcpMessaging/Binaries/Win64/UE4Editor-TcpMessaging.dll (API version 3709383).
LogModuleManager: Display: Found up-to-date module file ../../../Engine/Plugins/Messaging/UdpMessaging/Binaries/Win64/UE4Editor-UdpMessaging.dll (API version 3709383).
LogModuleManager: Display: Found up-to-date module file ../../../Engine/Plugins/MovieScene/ActorSequence/Binaries/Win64/UE4Editor-ActorSequence.dll (API version 3709383).
LogModuleManager: Display: Found up-to-date module file ../../../Engine/Plugins/MovieScene/LevelSequenceEditor/Binaries/Win64/UE4Editor-LevelSequenceEditor.dll (API version 3709383).
LogModuleManager: Display: Found up-to-date module file ../../../Engine/Plugins/MovieScene/MatineeToLevelSequence/Binaries/Win64/UE4Editor-MatineeToLevelSequence.dll (API version 3709383).
LogModuleManager: Display: Found up-to-date module file ../../../Engine/Plugins/Online/OnlineSubsystem/Binaries/Win64/UE4Editor-OnlineSubsystem.dll (API version 3709383).
LogModuleManager: Display: Found up-to-date module file ../../../Engine/Plugins/Runtime/AndroidPermission/Binaries/Win64/UE4Editor-AndroidPermission.dll (API version 3709383).
LogModuleManager: Display: Found up-to-date module file ../../../Engine/Plugins/Online/OnlineSubsystemNull/Binaries/Win64/UE4Editor-OnlineSubsystemNull.dll (API version 3709383).
LogModuleManager: Display: Found up-to-date module file ../../../Engine/Plugins/Online/OnlineSubsystemUtils/Binaries/Win64/UE4Editor-OnlineSubsystemUtils.dll (API version 3709383).
LogModuleManager: Display: Found up-to-date module file ../../../Engine/Plugins/Online/OnlineSubsystemUtils/Binaries/Win64/UE4Editor-OnlineBlueprintSupport.dll (API version 3709383).
LogModuleManager: Display: Found up-to-date module file ../../../Engine/Plugins/Runtime/AndroidDeviceProfileSelector/Binaries/Win64/UE4Editor-AndroidDeviceProfileSelector.dll (API version 3709383).
LogModuleManager: Display: Found up-to-date module file ../../../Engine/Plugins/Runtime/AppleARKit/Binaries/Win64/UE4Editor-AppleARKit.dll (API version 3709383).
LogModuleManager: Display: Found up-to-date module file ../../../Engine/Plugins/Runtime/ArchVisCharacter/Binaries/Win64/UE4Editor-ArchVisCharacter.dll (API version 3709383).
LogModuleManager: Display: Found up-to-date module file ../../../Engine/Plugins/Runtime/CableComponent/Binaries/Win64/UE4Editor-CableComponent.dll (API version 3709383).
LogModuleManager: Display: Found up-to-date module file ../../../Engine/Plugins/Runtime/CustomMeshComponent/Binaries/Win64/UE4Editor-CustomMeshComponent.dll (API version 3709383).
LogModuleManager: Display: Found up-to-date module file ../../../Engine/Plugins/Runtime/ExampleDeviceProfileSelector/Binaries/Win64/UE4Editor-ExampleDeviceProfileSelector.dll (API version 3709383).
LogModuleManager: Display: Found up-to-date module file ../../../Engine/Plugins/Runtime/ImmediatePhysics/Binaries/Win64/UE4Editor-ImmediatePhysics.dll (API version 3709383).
LogModuleManager: Display: Found up-to-date module file ../../../Engine/Plugins/Runtime/ImmediatePhysics/Binaries/Win64/UE4Editor-ImmediatePhysicsEditor.dll (API version 3709383).
LogModuleManager: Display: Found up-to-date module file ../../../Engine/Plugins/Runtime/LocationServicesBPLibrary/Binaries/Win64/UE4Editor-LocationServicesBPLibrary.dll (API version 3709383).
LogModuleManager: Display: Found up-to-date module file ../../../Engine/Plugins/Runtime/MobilePatchingUtils/Binaries/Win64/UE4Editor-MobilePatchingUtils.dll (API version 3709383).
LogModuleManager: Display: Found up-to-date module file ../../../Engine/Plugins/Runtime/Oculus/OculusVR/Binaries/Win64/UE4Editor-OculusHMD.dll (API version 3709383).
LogModuleManager: Display: Found up-to-date module file ../../../Engine/Plugins/Runtime/Oculus/OculusVR/Binaries/Win64/UE4Editor-OculusInput.dll (API version 3709383).
LogModuleManager: Display: Found up-to-date module file ../../../Engine/Plugins/Runtime/Oculus/OculusVR/Binaries/Win64/UE4Editor-OculusEditor.dll (API version 3709383).
LogModuleManager: Display: Found up-to-date module file ../../../Engine/Plugins/Runtime/PhysXVehicles/Binaries/Win64/UE4Editor-PhysXVehicles.dll (API version 3709383).
LogModuleManager: Display: Found up-to-date module file ../../../Engine/Plugins/Runtime/PhysXVehicles/Binaries/Win64/UE4Editor-PhysXVehiclesEditor.dll (API version 3709383).
LogModuleManager: Display: Found up-to-date module file ../../../Engine/Plugins/Runtime/ProceduralMeshComponent/Binaries/Win64/UE4Editor-ProceduralMeshComponent.dll (API version 3709383).
LogModuleManager: Display: Found up-to-date module file ../../../Engine/Plugins/Runtime/ProceduralMeshComponent/Binaries/Win64/UE4Editor-ProceduralMeshComponentEditor.dll (API version 3709383).
LogModuleManager: Display: Found up-to-date module file ../../../Engine/Plugins/Runtime/RuntimePhysXCooking/Binaries/Win64/UE4Editor-RuntimePhysXCooking.dll (API version 3709383).
LogModuleManager: Display: Found up-to-date module file ../../../Engine/Plugins/Runtime/Steam/SteamVR/Binaries/Win64/UE4Editor-SteamVR.dll (API version 3709383).
LogModuleManager: Display: Found up-to-date module file ../../../Engine/Plugins/Runtime/Steam/SteamVR/Binaries/Win64/UE4Editor-SteamVRController.dll (API version 3709383).
LogModuleManager: Display: Found up-to-date module file ../../../Engine/Plugins/Runtime/WindowsMoviePlayer/Binaries/Win64/UE4Editor-WindowsMoviePlayer.dll (API version 3709383).
LogPluginManager: Mounting plugin Paper2D
LogPluginManager: Mounting plugin LightPropagationVolume
LogPluginManager: Mounting plugin CodeLiteSourceCodeAccess
LogPluginManager: Mounting plugin GitSourceControl
LogPluginManager: Mounting plugin KDevelopSourceCodeAccess
LogPluginManager: Mounting plugin NullSourceCodeAccess
LogPluginManager: Mounting plugin PerforceSourceControl
LogPluginManager: Mounting plugin SubversionSourceControl
LogPluginManager: Mounting plugin UObjectPlugin
LogPluginManager: Mounting plugin VisualStudioCodeSourceCodeAccess
LogPluginManager: Mounting plugin VisualStudioSourceCodeAccess
LogPluginManager: Mounting plugin XCodeSourceCodeAccess
LogPluginManager: Mounting plugin AssetManagerEditor
LogPluginManager: Mounting plugin AudioCapture
LogPluginManager: Mounting plugin FacialAnimation
LogPluginManager: Mounting plugin GameplayTagsEditor
LogPluginManager: Mounting plugin MobileLauncherProfileWizard
LogPluginManager: Mounting plugin PluginBrowser
LogPluginManager: Mounting plugin SpeedTreeImporter
LogPluginManager: Mounting plugin AlembicImporter
LogPluginManager: Mounting plugin CharacterAI
LogPluginManager: Mounting plugin HTML5Networking
LogPluginManager: Mounting plugin AndroidMedia
LogPluginManager: Mounting plugin AvfMedia
LogPluginManager: Mounting plugin ImgMedia
LogPluginManager: Mounting plugin MediaCompositing
LogPluginManager: Mounting plugin MediaPlayerEditor
LogPluginManager: Mounting plugin WmfMedia
LogPluginManager: Mounting plugin TcpMessaging
LogPluginManager: Mounting plugin UdpMessaging
LogPluginManager: Mounting plugin ActorSequence
LogPluginManager: Mounting plugin LevelSequenceEditor
LogPluginManager: Mounting plugin MatineeToLevelSequence
LogPluginManager: Mounting plugin OnlineSubsystemGooglePlay
LogPluginManager: Mounting plugin OnlineSubsystemIOS
LogPluginManager: Mounting plugin OnlineSubsystem
LogPluginManager: Mounting plugin OnlineSubsystemNull
LogPluginManager: Mounting plugin OnlineSubsystemUtils
LogPluginManager: Mounting plugin AndroidDeviceProfileSelector
LogPluginManager: Mounting plugin AndroidMoviePlayer
LogPluginManager: Mounting plugin AndroidPermission
LogPluginManager: Mounting plugin AppleARKit
LogPluginManager: Mounting plugin AppleMoviePlayer
LogPluginManager: Mounting plugin ArchVisCharacter
LogPluginManager: Mounting plugin CableComponent
LogPluginManager: Mounting plugin CustomMeshComponent
LogPluginManager: Mounting plugin ExampleDeviceProfileSelector
LogPluginManager: Mounting plugin GoogleCloudMessaging
LogPluginManager: Mounting plugin ImmediatePhysics
LogPluginManager: Mounting plugin IOSDeviceProfileSelector
LogPluginManager: Mounting plugin LinuxDeviceProfileSelector
LogPluginManager: Mounting plugin LocationServicesBPLibrary
LogPluginManager: Mounting plugin MobilePatchingUtils
LogPluginManager: Mounting plugin OculusVR
LogPluginManager: Plugin shader directory ../../../Engine/Plugins/Runtime/Oculus/OculusVR/Shaders found
LogPluginManager: Mapping shader source directory ../../../Engine/Plugins/Runtime/Oculus/OculusVR/Shaders to virtual directory /Plugin/OculusVR
LogPluginManager: Mounting plugin PhysXVehicles
LogPluginManager: Mounting plugin ProceduralMeshComponent
LogPluginManager: Mounting plugin RuntimePhysXCooking
LogPluginManager: Mounting plugin SteamVR
LogPluginManager: Mounting plugin WindowsMoviePlayer
LogInit: Using libcurl 7.47.1
LogInit:  - built for x86_64-pc-win32
LogInit:  - supports SSL with OpenSSL/1.0.2g
LogInit:  - supports HTTP deflate (compression) using libz 1.2.8
LogInit:  - other features:
LogInit:      CURL_VERSION_SSL
LogInit:      CURL_VERSION_LIBZ
LogInit:      CURL_VERSION_IPV6
LogInit:      CURL_VERSION_ASYNCHDNS
LogInit:      CURL_VERSION_LARGEFILE
LogInit:      CURL_VERSION_IDN
LogInit:  CurlRequestOptions (configurable via config and command line):
LogInit:  - bVerifyPeer = false  - Libcurl will NOT verify peer certificate
LogInit:  - bUseHttpProxy = false  - Libcurl will NOT use HTTP proxy
LogInit:  - bDontReuseConnections = false  - Libcurl will reuse connections
LogInit:  - CertBundlePath = nullptr  - Libcurl will use whatever was configured at build time.
LogInit: Build: ++UE4+Release-4.18-CL-3794801
LogInit: Engine Version: 4.18.2-3794801+++UE4+Release-4.18
LogInit: Compatible Engine Version: 4.18.0-3709383+++UE4+Release-4.18
LogInit: Net CL: 3709383
LogDevObjectVersion: Number of dev versions registered: 16
LogDevObjectVersion:   Dev-Blueprints (B0D832E4-1F89-4F0D-ACCF-7EB736FD4AA2): 10
LogDevObjectVersion:   Dev-Build (E1C64328-A22C-4D53-A36C-8E866417BD8C): 0
LogDevObjectVersion:   Dev-Core (375EC13C-06E4-48FB-B500-84F0262A717E): 2
LogDevObjectVersion:   Dev-Editor (E4B068ED-F494-42E9-A231-DA0B2E46BB41): 20
LogDevObjectVersion:   Dev-Framework (CFFC743F-43B0-4480-9391-14DF171D2073): 30
LogDevObjectVersion:   Dev-Mobile (B02B49B5-BB20-44E9-A304-32B752E40360): 0
LogDevObjectVersion:   Dev-Networking (A4E4105C-59A1-49B5-A7C5-40C4547EDFEE): 0
LogDevObjectVersion:   Dev-Online (39C831C9-5AE6-47DC-9A44-9C173E1C8E7C): 0
LogDevObjectVersion:   Dev-Physics (78F01B33-EBEA-4F98-B9B4-84EACCB95AA2): 0
LogDevObjectVersion:   Dev-Platform (6631380F-2D4D-43E0-8009-CF276956A95A): 0
LogDevObjectVersion:   Dev-Rendering (12F88B9F-8875-4AFC-A67C-D90C383ABD29): 20
LogDevObjectVersion:   Dev-Sequencer (7B5AE74C-D270-4C10-A958-57980B212A5A): 4
LogDevObjectVersion:   Dev-VR (D7296918-1DD6-4BDD-9DE2-64A83CC13884): 0
LogDevObjectVersion:   Dev-LoadTimes (C2A15278-BFE7-4AFE-6C17-90FF531DF755): 1
LogDevObjectVersion:   Private-Geometry (6EACA3D4-40EC-4CC1-B786-8BED09428FC5): 1
LogDevObjectVersion:   Dev-AnimPhys (29E575DD-E0A3-4627-9D10-D276232CDCEA): 12
LogInit: Compiled (64-bit): Dec  8 2017 02:04:53
LogInit: Compiled with Visual C++: 19.00.24215.01
LogInit: Build Configuration: Development
LogInit: Branch Name: ++UE4+Release-4.18
LogInit: Command line:  
LogInit: Base directory: C:/Program Files/Epic Games/UE_4.18/Engine/Binaries/Win64/
LogInit: Installed Engine Build: 1
LogInit: Presizing for max 8388607 objects, including 0 objects not considered by GC, pre-allocating 0 bytes for permanent pool.
LogInit: Object subsystem initialized
[2018.03.27-17.57.27:177][  0]LogInit: Selected Device Profile: [Windows]
[2018.03.27-17.57.27:177][  0]LogInit: Applying CVar settings loaded from the selected device profile: [Windows]
[2018.03.27-17.57.27:219][  0]LogInit: Computer: SA2502-PC02
[2018.03.27-17.57.27:219][  0]LogInit: User: langlg
[2018.03.27-17.57.27:219][  0]LogInit: CPU Page size=4096, Cores=6
[2018.03.27-17.57.27:219][  0]LogInit: High frequency timer resolution =3.410071 MHz
[2018.03.27-17.57.27:219][  0]LogMemory: Memory total: Physical=31.9GB (32GB approx)
[2018.03.27-17.57.27:219][  0]LogMemory: Platform Memory Stats for Windows
[2018.03.27-17.57.27:219][  0]LogMemory: Process Physical Memory: 274.88 MB used, 274.88 MB peak
[2018.03.27-17.57.27:219][  0]LogMemory: Process Virtual Memory: 270.35 MB used, 270.35 MB peak
[2018.03.27-17.57.27:219][  0]LogMemory: Physical Memory: 4072.97 MB used,  28617.31 MB free, 32690.28 MB total
[2018.03.27-17.57.27:219][  0]LogMemory: Virtual Memory: 687.74 MB used,  28617.31 MB free, 134217728.00 MB total
[2018.03.27-17.57.27:638][  0]LogInit: Using OS detected language (en-US).
[2018.03.27-17.57.27:638][  0]LogInit: Using OS detected locale (en-US).
[2018.03.27-17.57.27:693][  0]LogTextLocalizationManager: No specific localization for 'en-US' exists, so the 'en' localization will be used.
[2018.03.27-17.57.28:275][  0]LogInit: Setting process to per monitor DPI aware
[2018.03.27-17.57.30:382][  0]LogD3D11RHI: D3D11 adapters:
[2018.03.27-17.57.30:427][  0]LogD3D11RHI:    0. 'NVIDIA GeForce GTX 1080' (Feature Level 11_0)
[2018.03.27-17.57.30:427][  0]LogD3D11RHI:       8086/0/16345 MB DedicatedVideo/DedicatedSystem/SharedSystem, Outputs:2, VendorId:0x10de
[2018.03.27-17.57.30:429][  0]LogD3D11RHI:    1. 'Microsoft Basic Render Driver' (Feature Level 11_0)
[2018.03.27-17.57.30:429][  0]LogD3D11RHI:       0/0/16345 MB DedicatedVideo/DedicatedSystem/SharedSystem, Outputs:0, VendorId:0x1414
[2018.03.27-17.57.30:429][  0]LogD3D11RHI: Chosen D3D11 Adapter: 0
[2018.03.27-17.57.30:436][  0]LogD3D11RHI: Creating new Direct3DDevice
[2018.03.27-17.57.30:436][  0]LogD3D11RHI:     GPU DeviceId: 0x1b80 (for the marketing name, search the web for "GPU Device Id")
[2018.03.27-17.57.30:436][  0]LogWindows: EnumDisplayDevices:
[2018.03.27-17.57.30:436][  0]LogWindows:    0. 'NVIDIA GeForce GTX 1080' (P:0 D:1)
[2018.03.27-17.57.30:436][  0]LogWindows:    1. 'NVIDIA GeForce GTX 1080' (P:1 D:1)
[2018.03.27-17.57.30:436][  0]LogWindows:    2. 'NVIDIA GeForce GTX 1080' (P:0 D:0)
[2018.03.27-17.57.30:437][  0]LogWindows:    3. 'NVIDIA GeForce GTX 1080' (P:0 D:0)
[2018.03.27-17.57.30:437][  0]LogWindows: DebugString: GetVideoDriverDetailsInvalid PrimaryIsNotTheChoosenAdapter GetVideoDriverDetailsInvalid PrimaryIsNotTheChoosenAdapter GetVideoDriverDetailsInvalid PrimaryIsNotTheChoosenAdapter GetVideoDriverDetailsInvalid PrimaryIsNotTheChoosenAdapter FoundDriverCount:0 
[2018.03.27-17.57.30:437][  0]LogD3D11RHI:     Adapter Name: NVIDIA GeForce GTX 1080
[2018.03.27-17.57.30:437][  0]LogD3D11RHI:   Driver Version: Unknown (internal:Unknown, unified:Unknown)
[2018.03.27-17.57.30:437][  0]LogD3D11RHI:      Driver Date: Unknown
[2018.03.27-17.57.30:437][  0]LogRHI: Texture pool is 5660 MB (70% of 8086 MB)
[2018.03.27-17.57.30:461][  0]LogD3D11RHI: Async texture creation enabled
[2018.03.27-17.57.30:489][  0]LogD3D11RHI: GPU Timing Frequency: 1000.000000 (Debug: 2 1)
[2018.03.27-17.57.30:538][  0]LogShaderCompilers: Guid format shader working directory is -30 characters bigger than the processId version (../../../../../../Users/langlg/Documents/GitHub/FakeBook/Game 3/DetectiveGame/Intermediate/Shaders/WorkingDirectory/7776/).
[2018.03.27-17.57.30:538][  0]LogShaderCompilers: Cleaned the shader compiler working directory 'C:/Users/langlg/AppData/Local/Temp/UnrealShaderWorkingDir/FCC29CFA48FDB7289DE87AA5E668D43F/'.
[2018.03.27-17.57.30:538][  0]LogShaderCompilers: Display: Using Local Shader Compiler.
[2018.03.27-17.57.33:081][  0]LogTemp: Display: Loaded TP AllDesktopTargetPlatform
[2018.03.27-17.57.33:141][  0]LogTemp: Display: Loaded TP MacClientTargetPlatform
[2018.03.27-17.57.33:195][  0]LogTemp: Display: Loaded TP MacNoEditorTargetPlatform
[2018.03.27-17.57.33:250][  0]LogTemp: Display: Loaded TP MacServerTargetPlatform
[2018.03.27-17.57.33:335][  0]LogTemp: Display: Loaded TP MacTargetPlatform
[2018.03.27-17.57.33:392][  0]LogTemp: Display: Loaded TP WindowsClientTargetPlatform
[2018.03.27-17.57.33:447][  0]LogTemp: Display: Loaded TP WindowsNoEditorTargetPlatform
[2018.03.27-17.57.33:503][  0]LogTemp: Display: Loaded TP WindowsServerTargetPlatform
[2018.03.27-17.57.33:553][  0]LogTemp: Display: Loaded TP WindowsTargetPlatform
[2018.03.27-17.57.33:609][  0]LogTemp: Display: Loaded TP Android_ASTCTargetPlatform
[2018.03.27-17.57.33:664][  0]LogTemp: Display: Loaded TP Android_ATCTargetPlatform
[2018.03.27-17.57.33:738][  0]LogTemp: Display: Loaded TP Android_DXTTargetPlatform
[2018.03.27-17.57.33:800][  0]LogTemp: Display: Loaded TP Android_ETC1TargetPlatform
[2018.03.27-17.57.33:889][  0]LogTemp: Display: Loaded TP Android_ETC2TargetPlatform
[2018.03.27-17.57.34:001][  0]LogTemp: Display: Loaded TP Android_MultiTargetPlatform
[2018.03.27-17.57.34:001][  0]LogTemp: Display: Loaded TP Android_PVRTCTargetPlatform
[2018.03.27-17.57.34:065][  0]LogTemp: Display: Loaded TP AndroidTargetPlatform
[2018.03.27-17.57.34:109][  0]LogTemp: Display: Loaded TP HTML5TargetPlatform
[2018.03.27-17.57.34:216][  0]LogTemp: Display: Loaded TP IOSTargetPlatform
[2018.03.27-17.57.34:273][  0]LogTemp: Display: Loaded TP TVOSTargetPlatform
[2018.03.27-17.57.34:335][  0]LogTemp: Display: Loaded TP LinuxClientTargetPlatform
[2018.03.27-17.57.34:397][  0]LogTemp: Display: Loaded TP LinuxNoEditorTargetPlatform
[2018.03.27-17.57.34:451][  0]LogTemp: Display: Loaded TP LinuxServerTargetPlatform
[2018.03.27-17.57.34:513][  0]LogTemp: Display: Loaded TP LinuxTargetPlatform
[2018.03.27-17.57.34:513][  0]LogTargetPlatformManager: Display: Building Assets For Windows
[2018.03.27-17.57.35:114][  0]LogDerivedDataCache: Display: Max Cache Size: 512 MB
[2018.03.27-17.57.35:114][  0]LogDerivedDataCache: Display: Starting with empty Boot cache
[2018.03.27-17.57.35:114][  0]LogDerivedDataCache: FDerivedDataBackendGraph:  Pak pak cache file ../../../../../../Users/langlg/Documents/GitHub/FakeBook/Game 3/DetectiveGame/DerivedDataCache/DDC.ddp not found, will not use a pak cache.
[2018.03.27-17.57.35:114][  0]LogDerivedDataCache: Unable to find inner node Pak for hierarchical cache Hierarchy.
[2018.03.27-17.57.35:114][  0]LogDerivedDataCache: FDerivedDataBackendGraph:  CompressedPak pak cache file ../../../../../../Users/langlg/Documents/GitHub/FakeBook/Game 3/DetectiveGame/DerivedDataCache/Compressed.ddp not found, will not use a pak cache.
[2018.03.27-17.57.35:114][  0]LogDerivedDataCache: Unable to find inner node CompressedPak for hierarchical cache Hierarchy.
[2018.03.27-17.57.35:151][  0]LogDerivedDataCache: Display: Pak cache opened for reading ../../../Engine/DerivedDataCache/Compressed.ddp.
[2018.03.27-17.57.35:164][  0]LogDerivedDataCache: Using Local data cache path C:/Users/langlg/AppData/Local/UnrealEngine/Common/DerivedDataCache: Writable
[2018.03.27-17.57.35:199][  0]LogMaterial: Verifying Global Shaders for PCD3D_SM5
[2018.03.27-17.57.35:204][  0]LogSlate: Using Freetype 2.6.0
[2018.03.27-17.57.35:221][  0]LogSlate: SlateFontCache - WITH_FREETYPE: 1, WITH_HARFBUZZ: 1
[2018.03.27-17.57.35:221][  0]LogSlate: SlateFontCache - WITH_FREETYPE: 1, WITH_HARFBUZZ: 1
[2018.03.27-17.57.36:151][  0]LogInit: Selected Device Profile: [Windows]
[2018.03.27-17.57.36:364][  0]LogMaterial: Missing cached shader map for material WorldGridMaterial, compiling. Is special engine material.
[2018.03.27-17.58.01:489][  0]LogMaterial: Missing cached shader map for material DefaultDeferredDecalMaterial, compiling. 
[2018.03.27-17.58.06:825][  0]LogMaterial: Missing cached shader map for material DefaultLightFunctionMaterial, compiling. 
[2018.03.27-17.58.07:440][  0]LogMaterial: Missing cached shader map for material DefaultPostProcessMaterial, compiling. 
[2018.03.27-17.58.07:955][  0]LogMaterial: Missing cached shader map for material MatineeCam_mat, compiling. 
[2018.03.27-17.58.08:372][  0]LogSimplygon: Simplygon DLL not present - disabling.
[2018.03.27-17.58.08:433][  0]LogMeshReduction: Using SimplygonSwarm for distributed automatic mesh merging
[2018.03.27-17.58.08:434][  0]LogMeshReduction: Using QuadricMeshReduction for automatic static mesh reduction
[2018.03.27-17.58.08:434][  0]LogMeshReduction: No automatic skeletal mesh reduction module available
[2018.03.27-17.58.08:434][  0]LogMeshReduction: No automatic mesh merging module available
[2018.03.27-17.58.08:434][  0]LogMeshMerging: No automatic mesh merging module available
[2018.03.27-17.58.08:507][  0]LogNetVersion: DetectiveGame , NetCL: 3709383, EngineNetVer: 2, GameNetVer: 0 (Checksum: 4117068022)
[2018.03.27-17.58.08:585][  0]LogMaterial: Missing cached shader map for material HelpActorMaterial, compiling. 
[2018.03.27-17.58.08:904][  0]LogMaterial: Missing cached shader map for material DefaultTextMaterialOpaque, compiling. 
[2018.03.27-17.58.09:149][  0]LogAssetRegistry: FAssetRegistry took 0.0315 seconds to start up
[2018.03.27-17.58.09:223][  0]LogMaterial: Missing cached shader map for material Main, compiling. 
[2018.03.27-17.58.09:245][  0]LogMaterial: Missing cached shader map for material Xray, compiling. 
[2018.03.27-17.58.09:667][  0]LogMaterial: Missing cached shader map for material TranslucentTransformGizmoMaterial, compiling. 
[2018.03.27-17.58.09:687][  0]LogMaterial: Missing cached shader map for material TransformGizmoMaterial, compiling. 
[2018.03.27-17.58.09:700][  0]LogMaterial: Missing cached shader map for material SnapGridMaterial, compiling. 
[2018.03.27-17.58.09:862][  0]LogMaterial: Missing cached shader map for material CineMat, compiling. 
[2018.03.27-17.58.10:051][  0]LogMaterial: Missing cached shader map for material M_SimpleOpaque, compiling. 
[2018.03.27-17.58.10:103][  0]LogMaterial: Missing cached shader map for material M_SimpleTranslucent, compiling. 
[2018.03.27-17.58.10:301][  0]LogMaterial: Missing cached shader map for material Widget3DPassThrough, compiling. 
[2018.03.27-17.58.10:321][  0]LogMaterial: Missing cached shader map for material Widget3DPassThrough, compiling. 
[2018.03.27-17.58.10:369][  0]LogMaterial: Missing cached shader map for material Widget3DPassThrough, compiling. 
[2018.03.27-17.58.10:398][  0]LogMaterial: Missing cached shader map for material Widget3DPassThrough, compiling. 
[2018.03.27-17.58.10:421][  0]LogMaterial: Missing cached shader map for material Widget3DPassThrough, compiling. 
[2018.03.27-17.58.10:458][  0]LogMaterial: Missing cached shader map for material Widget3DPassThrough, compiling. 
[2018.03.27-17.58.10:707][  0]LogMaterial: Missing cached shader map for material SkySphereMaterial, compiling. 
[2018.03.27-17.58.10:743][  0]LogMaterial: Missing cached shader map for material FloorPlaneMaterial, compiling. 
[2018.03.27-17.58.10:996][  0]LogMaterial: Missing cached shader map for material LandscapeGizmo_Mat, compiling. 
[2018.03.27-17.58.11:040][  0]LogMaterial: Missing cached shader map for material LandscapeGizmoHeight_Mat, compiling. 
[2018.03.27-17.58.11:138][  0]LogMaterial: Missing cached shader map for material SplineEditorMeshMat, compiling. 
[2018.03.27-17.58.11:214][  0]LogMaterial: Missing cached shader map for material ARKitCameraMaterial, compiling. 
[2018.03.27-17.58.11:281][  0]LogMaterial: Missing cached shader map for material GearVRControllerMaterial, compiling. 
[2018.03.27-17.58.11:479][  0]LogPackageLocalizationCache: Processed 7 localized package path(s) for 2 prioritized culture(s) in 0.129138 seconds
[2018.03.27-17.58.11:490][  0]LogUObjectArray: 35900 objects as part of root set at end of initial load.
[2018.03.27-17.58.11:490][  0]LogUObjectAllocator: 7372016 out of 0 bytes used by permanent object pool.
[2018.03.27-17.58.11:490][  0]LogUObjectArray: CloseDisregardForGC: 0/0 objects in disregard for GC pool
[2018.03.27-17.58.11:591][  0]LogInit: WinSock: version 1.1 (2.2), MaxSocks=32767, MaxUdp=65467
[2018.03.27-17.58.17:369][  0]LogMaterial: Missing cached shader map for material OculusControllerMaterial, compiling. 
[2018.03.27-17.58.17:414][  0]LogMaterial: Missing cached shader map for material VivePreControllerMaterial, compiling. 
[2018.03.27-17.58.17:483][  0]LogMaterial: Missing cached shader map for material ArrowMaterial, compiling. 
[2018.03.27-17.58.17:533][  0]LogMaterial: Missing cached shader map for material KeyDiskMaterial, compiling. 
[2018.03.27-17.58.17:552][  0]LogMaterial: Missing cached shader map for material GridMaterial, compiling. 
[2018.03.27-17.58.17:573][  0]LogMaterial: Missing cached shader map for material VRTextMaterial, compiling. 
[2018.03.27-17.58.17:606][  0]LogMaterial: Missing cached shader map for material M_ContentWindow, compiling. 
[2018.03.27-17.58.17:673][  0]LogMaterial: Missing cached shader map for material LaserPointerMaterial, compiling. 
[2018.03.27-17.58.17:706][  0]LogMaterial: Missing cached shader map for material GridPostProcess, compiling. 
[2018.03.27-17.58.17:720][  0]LogMaterial: Missing cached shader map for material FlattenHeightMat, compiling. 
[2018.03.27-17.58.17:744][  0]LogMaterial: Missing cached shader map for material GenericHMDMaterial, compiling. 
[2018.03.27-17.58.17:789][  0]LogMaterial: Missing cached shader map for material TeleportDirectionMaterial, compiling. 
[2018.03.27-17.58.17:836][  0]LogMaterial: Missing cached shader map for material LaserPointerMaterial, compiling. 
[2018.03.27-17.58.17:929][  0]LogMaterial: Missing cached shader map for material LineMaterial, compiling. 
[2018.03.27-17.58.17:962][  0]LogMaterial: Missing cached shader map for material VRTextMaterial, compiling. 
[2018.03.27-17.58.19:603][  0]LogMaterial: Missing cached shader map for material DefaultSpriteMaterial, compiling. 
[2018.03.27-17.58.19:641][  0]LogMaterial: Missing cached shader map for material DefaultSpriteMaterial, compiling. 
[2018.03.27-17.58.20:436][  0]LogTcpMessaging: Initializing TcpMessaging bridge
[2018.03.27-17.58.20:505][  0]LogUdpMessaging: Initializing bridge on interface 0.0.0.0:0 to multicast group 230.0.0.1:6666.
[2018.03.27-17.58.21:093][  0]LogMaterial: Missing cached shader map for material DefaultMaterial, compiling. 
[2018.03.27-17.58.21:994][  0]LogMaterial: Missing cached shader map for material BaseColor, compiling. 
[2018.03.27-17.58.22:010][  0]LogMaterial: Missing cached shader map for material CustomDepth, compiling. 
[2018.03.27-17.58.22:050][  0]LogMaterial: Uniform references updated for custom material expression Custom.
[2018.03.27-17.58.22:055][  0]LogMaterial: Missing cached shader map for material CustomStencil, compiling. 
[2018.03.27-17.58.22:073][  0]LogMaterial: Missing cached shader map for material FinalImage, compiling. 
[2018.03.27-17.58.22:094][  0]LogMaterial: Missing cached shader map for material LightingModel, compiling. 
[2018.03.27-17.58.22:109][  0]LogMaterial: Missing cached shader map for material MaterialAO, compiling. 
[2018.03.27-17.58.22:124][  0]LogMaterial: Missing cached shader map for material Metallic, compiling. 
[2018.03.27-17.58.22:140][  0]LogMaterial: Missing cached shader map for material Opacity, compiling. 
[2018.03.27-17.58.22:159][  0]LogMaterial: Missing cached shader map for material Roughness, compiling. 
[2018.03.27-17.58.22:178][  0]LogMaterial: Missing cached shader map for material SceneColor, compiling. 
[2018.03.27-17.58.22:197][  0]LogMaterial: Missing cached shader map for material SceneDepth, compiling. 
[2018.03.27-17.58.22:219][  0]LogMaterial: Missing cached shader map for material SeparateTranslucencyRGB, compiling. 
[2018.03.27-17.58.22:236][  0]LogMaterial: Missing cached shader map for material SeparateTranslucencyA, compiling. 
[2018.03.27-17.58.22:255][  0]LogMaterial: Missing cached shader map for material Specular, compiling. 
[2018.03.27-17.58.22:270][  0]LogMaterial: Missing cached shader map for material SubsurfaceColor, compiling. 
[2018.03.27-17.58.22:285][  0]LogMaterial: Missing cached shader map for material WorldNormal, compiling. 
[2018.03.27-17.58.22:303][  0]LogMaterial: Missing cached shader map for material AmbientOcclusion, compiling. 
[2018.03.27-17.58.22:329][  0]LogMaterial: Missing cached shader map for material CustomDepthWorldUnits, compiling. 
[2018.03.27-17.58.22:345][  0]LogMaterial: Missing cached shader map for material SceneDepthWorldUnits, compiling. 
[2018.03.27-17.58.22:360][  0]LogMaterial: Missing cached shader map for material PreTonemapHDRColor, compiling. 
[2018.03.27-17.58.22:375][  0]LogMaterial: Missing cached shader map for material PostTonemapHDRColor, compiling. 
[2018.03.27-17.58.23:121][  0]SourceControl: Source control is disabled
[2018.03.27-17.58.23:122][  0]SourceControl: Source control is disabled
[2018.03.27-17.58.23:233][  0]SourceControl: Source control is disabled
[2018.03.27-17.58.23:334][  0]SourceControl: Source control is disabled
[2018.03.27-17.58.24:410][  0]LogMaterial: Missing cached shader map for material DefaultMediaPlaneMaterial, compiling. 
[2018.03.27-17.58.24:976][  0]LogAndroidPermission: UAndroidPermissionCallbackProxy::GetInstance
[2018.03.27-17.58.25:502][  0]LogOcInput: OculusInput pre-init called
[2018.03.27-17.58.25:985][  0]LogMaterial: Missing cached shader map for material HighResScreenshot, compiling. 
[2018.03.27-17.58.26:011][  0]LogMaterial: Missing cached shader map for material HighResScreenshotMask, compiling. 
[2018.03.27-17.58.26:041][  0]LogMaterial: Missing cached shader map for material HighResScreenshotCaptureRegion, compiling. 
[2018.03.27-17.58.26:141][  0]LogEngine: Initializing Engine...
[2018.03.27-17.58.26:147][  0]LogHMD: Failed to initialize OpenVR with code 110
[2018.03.27-17.58.26:154][  0]LogMaterial: Missing cached shader map for material WireframeMaterial, compiling. Is special engine material.
[2018.03.27-17.58.26:513][  0]LogMaterial: Missing cached shader map for material LevelColorationLitMaterial, compiling. Is special engine material.
[2018.03.27-17.58.27:508][  0]LogMaterial: Missing cached shader map for material LevelColorationUnlitMaterial, compiling. Is special engine material.
[2018.03.27-17.58.27:809][  0]LogMaterial: Missing cached shader map for material MAT_LevelColorationLitLightmapUV, compiling. Is special engine material.
[2018.03.27-17.58.28:804][  0]LogMaterial: Missing cached shader map for material ShadedLevelColorationLitMaterial, compiling. Is special engine material.
[2018.03.27-17.58.29:812][  0]LogMaterial: Missing cached shader map for material ShadedLevelColorationUnlitMateri, compiling. Is special engine material.
[2018.03.27-17.58.30:109][  0]LogMaterial: Missing cached shader map for material VertexColorMaterial, compiling. 
[2018.03.27-17.58.30:261][  0]LogMaterial: Missing cached shader map for material VertexColorViewMode_ColorOnly, compiling. 
[2018.03.27-17.58.30:298][  0]LogMaterial: Missing cached shader map for material VertexColorViewMode_AlphaAsColor, compiling. 
[2018.03.27-17.58.30:327][  0]LogMaterial: Missing cached shader map for material VertexColorViewMode_RedOnly, compiling. 
[2018.03.27-17.58.30:360][  0]LogMaterial: Missing cached shader map for material VertexColorViewMode_GreenOnly, compiling. 
[2018.03.27-17.58.30:390][  0]LogMaterial: Missing cached shader map for material VertexColorViewMode_BlueOnly, compiling. 
[2018.03.27-17.58.30:421][  0]LogMaterial: Missing cached shader map for material RemoveSurfaceMaterial, compiling. 
[2018.03.27-17.58.30:436][  0]LogMaterial: Missing cached shader map for material DebugMeshMaterial, compiling. 
[2018.03.27-17.58.30:468][  0]LogMaterial: Missing cached shader map for material M_InvalidLightmapSettings, compiling. 
[2018.03.27-17.58.30:536][  0]LogMaterial: Missing cached shader map for material GizmoMaterial, compiling. 
[2018.03.27-17.58.30:566][  0]LogMaterial: Missing cached shader map for material PhAT_JointLimitMaterial, compiling. 
[2018.03.27-17.58.30:610][  0]LogMaterial: Missing cached shader map for material GeomMaterial, compiling. 
[2018.03.27-17.58.30:631][  0]LogMaterial: Missing cached shader map for material EditorBrushMaterial, compiling. 
[2018.03.27-17.58.30:660][  0]LogMaterial: Missing cached shader map for material BoneWeightMaterial, compiling. 
[2018.03.27-17.58.30:816][  0]LogMaterial: Missing cached shader map for material ClothMaterial, compiling. 
[2018.03.27-17.58.30:842][  0]LogMaterial: Missing cached shader map for material ClothMaterial_WF, compiling. 
[2018.03.27-17.58.30:882][  0]LogMaterial: Missing cached shader map for material DebugEditorMaterial, compiling. 
[2018.03.27-17.58.30:906][  0]LogMaterial: Missing cached shader map for material PreviewShadowIndicatorMaterial, compiling. 
[2018.03.27-17.58.31:165][  0]LogStats: UGameplayTagsManager::ConstructGameplayTagTree: Construct from data asset -  0.000 s
[2018.03.27-17.58.31:165][  0]LogStats: UGameplayTagsManager::ConstructGameplayTagTree: GameplayTagTreeChangedEvent.Broadcast -  0.000 s
[2018.03.27-17.58.31:449][  0]LogAIModule: Creating AISystem for world Untitled
[2018.03.27-17.58.31:470][  0]LogInit: XAudio2 using 'Speakers / Headphones (Realtek Audio)' : 2 channels at 48 kHz using 32 bits per sample (channel mask 0x3)
[2018.03.27-17.58.31:643][  0]LogInit: FAudioDevice initialized.
[2018.03.27-17.58.31:702][  0]LogDerivedDataCache: Saved boot cache 0.06s 69MB C:/Users/langlg/AppData/Local/UnrealEngine/4.18/DerivedDataCache/Boot.ddc.
[2018.03.27-17.58.31:712][  0]LogInit: Texture streaming: Enabled
[2018.03.27-17.58.31:935][  0]LogEngineSessionManager: EngineSessionManager initialized
[2018.03.27-17.58.32:268][  0]LogInit: Transaction tracking system initialized
[2018.03.27-17.58.32:926][  0]BlueprintLog: New page: Editor Load
[2018.03.27-17.58.34:826][  0]LocalizationService: Localization service is disabled
[2018.03.27-17.58.36:369][  0]LogConsoleResponse: Display: 
[2018.03.27-17.58.36:431][  0]LogMaterial: Missing cached shader map for material Cross_Mat, compiling. 
[2018.03.27-17.58.36:463][  0]LogMaterial: Missing cached shader map for material PhAT_BoneSelectedMaterial, compiling. 
[2018.03.27-17.58.36:486][  0]LogMaterial: Missing cached shader map for material PhAT_ElemSelectedMaterial, compiling. 
[2018.03.27-17.58.36:510][  0]LogMaterial: Missing cached shader map for material PhAT_NoCollisionMaterial, compiling. 
[2018.03.27-17.58.36:535][  0]LogMaterial: Missing cached shader map for material PhAT_UnselectedMaterial, compiling. 
[2018.03.27-17.58.36:563][  0]LogMaterial: Missing cached shader map for material Tick_Mat, compiling. 
[2018.03.27-17.58.36:601][  0]LogMaterial: Missing cached shader map for material WidgetGridVertexColorMaterial_Ma, compiling. 
[2018.03.27-17.58.36:628][  0]LogMaterial: Missing cached shader map for material WidgetMaterial, compiling. 
[2018.03.27-17.58.36:652][  0]LogMaterial: Missing cached shader map for material WidgetMaterial_Current, compiling. 
[2018.03.27-17.58.36:676][  0]LogMaterial: Missing cached shader map for material WidgetMaterial_X, compiling. 
[2018.03.27-17.58.36:699][  0]LogMaterial: Missing cached shader map for material WidgetMaterial_Y, compiling. 
[2018.03.27-17.58.36:722][  0]LogMaterial: Missing cached shader map for material WidgetMaterial_Z, compiling. 
[2018.03.27-17.58.36:744][  0]LogMaterial: Missing cached shader map for material WidgetVertexColorMaterial, compiling. 
[2018.03.27-17.58.36:823][  0]LogMaterial: Missing cached shader map for material LevelGridMaterial, compiling. 
[2018.03.27-17.58.36:913][  0]LogMaterial: Missing cached shader map for material BlinkingCaret, compiling. 
[2018.03.27-17.58.36:987][  0]LogMaterial: Missing cached shader map for material M_StreamingPause, compiling. 
[2018.03.27-17.58.37:038][  0]LogCook: Display: Max memory allowance for cook 16384mb min free memory 0mb
[2018.03.27-17.58.37:038][  0]LogCook: Display: Mobile HDR setting 1
[2018.03.27-17.58.37:038][  0]LogGameplayTags: Display: UGameplayTagsManager::DoneAddingNativeTags. DelegateIsBound: 0
[2018.03.27-17.58.37:335][  0]LogFileCache: Scanning file cache for directory 'C:/Users/langlg/Documents/GitHub/FakeBook/Game 3/DetectiveGame/Content/' took 0.02s
[2018.03.27-17.58.39:487][  0]SourceControl: Source control is disabled
[2018.03.27-17.58.39:489][  0]Cmd: MAP LOAD FILE="../../../../../../Users/langlg/Documents/GitHub/FakeBook/Game 3/DetectiveGame/Content/VirtualRealityBP/Maps/StartupMap.umap" TEMPLATE=0 SHOWPROGRESS=1 FEATURELEVEL=3
[2018.03.27-17.58.39:491][  0]LightingResults: New page: Lighting Build
[2018.03.27-17.58.39:579][  0]MapCheck: New page: Map Check
[2018.03.27-17.58.39:579][  0]LightingResults: New page: Lighting Build
[2018.03.27-17.58.40:476][  0]LogTexture: Display: Building textures: ShadowMapTexture2D_21 (BGRA8, 256X256)
[2018.03.27-17.58.40:476][  0]LogTexture: Display: Building textures: HQ_Lightmap0_1 (AutoDXT, 512X512)
[2018.03.27-17.58.40:476][  0]LogTexture: Display: Building textures: SkyOcclusion0_1 (AutoDXT, 512X256)
[2018.03.27-17.58.40:476][  0]LogTexture: Display: Building textures: LQ_Lightmap_0_1 (DXT1, 512X512)
[2018.03.27-17.58.40:476][  0]LogTexture: Display: Building textures: ShadowMapTexture2D_22 (BGRA8, 1024X256)
[2018.03.27-17.58.40:476][  0]LogTexture: Display: Building textures: SkyOcclusion0_2 (AutoDXT, 1024X512)
[2018.03.27-17.58.40:476][  0]LogTexture: Display: Building textures: LQ_Lightmap_0_2 (DXT1, 1024X1024)
[2018.03.27-17.58.40:476][  0]LogTexture: Display: Building textures: HQ_Lightmap0_2 (AutoDXT, 1024X1024)
[2018.03.27-17.58.40:476][  0]LogMaterial: Missing cached shader map for material CubeMaterial, compiling. 
[2018.03.27-17.58.40:553][  0]LogMaterial: Missing cached shader map for material M_BaseMaterial, compiling. 
[2018.03.27-17.58.40:717][  0]LogMaterial: Missing cached shader map for material M_HandMat, compiling. 
[2018.03.27-17.58.40:830][  0]LogMaterial: Missing cached shader map for material M_TeleportPreviews, compiling. 
[2018.03.27-17.58.40:854][  0]LogMaterial: Missing cached shader map for material M_SplineArcMat, compiling. 
[2018.03.27-17.58.40:895][  0]LogMaterial: Missing cached shader map for material M_ArcEndpoint, compiling. 
[2018.03.27-17.58.41:187][  0]LogStaticMesh: Building static mesh bed...
[2018.03.27-17.58.41:296][  0]LogStaticMesh: Built static mesh [0.11s] /Game/Objects/bed.bed
[2018.03.27-17.58.41:317][  0]LogStaticMesh: Building static mesh vase...
[2018.03.27-17.58.41:329][  0]LogStaticMesh: Built static mesh [0.01s] /Game/Objects/vase.vase
[2018.03.27-17.58.41:335][  0]LogStaticMesh: Building static mesh ceilingLight_lightBall...
[2018.03.27-17.58.41:350][  0]LogStaticMesh: Built static mesh [0.01s] /Game/Objects/ceilingLight_lightBall.ceilingLight_lightBall
[2018.03.27-17.58.41:356][  0]LogStaticMesh: Building static mesh ceilingLight_lightBulb...
[2018.03.27-17.58.41:379][  0]LogStaticMesh: Built static mesh [0.03s] /Game/Objects/ceilingLight_lightBulb.ceilingLight_lightBulb
[2018.03.27-17.58.41:383][  0]LogStaticMesh: Building static mesh ceilingLight_lightFrame...
[2018.03.27-17.58.41:442][  0]LogStaticMesh: Built static mesh [0.06s] /Game/Objects/ceilingLight_lightFrame.ceilingLight_lightFrame
[2018.03.27-17.58.41:449][  0]LogStaticMesh: Building static mesh couch...
[2018.03.27-17.58.41:474][  0]LogStaticMesh: Built static mesh [0.03s] /Game/Objects/Import/couch.couch
[2018.03.27-17.58.41:480][  0]LogStaticMesh: Building static mesh Door_Door...
[2018.03.27-17.58.41:494][  0]LogStaticMesh: Built static mesh [0.01s] /Game/Objects/Door_Door.Door_Door
[2018.03.27-17.58.41:502][  0]LogStaticMesh: Building static mesh Door_DoorHandle...
[2018.03.27-17.58.41:553][  0]LogStaticMesh: Built static mesh [0.05s] /Game/Objects/Door_DoorHandle.Door_DoorHandle
[2018.03.27-17.58.41:677][  0]LogMaterial: Missing cached shader map for material M_Brick_Clay_New, compiling. 
[2018.03.27-17.58.41:729][  0]LogMaterial: Missing cached shader map for material lambert3, compiling. 
[2018.03.27-17.58.41:785][  0]LogMaterial: Missing cached shader map for material legs, compiling. 
[2018.03.27-17.58.41:849][  0]LogMaterial: Missing cached shader map for material lambert2, compiling. 
[2018.03.27-17.58.41:917][  0]LogMaterial: Missing cached shader map for material M_Metal_Gold, compiling. 
[2018.03.27-17.58.41:974][  0]LogMaterial: Missing cached shader map for material M_Wood_Floor_Walnut_Worn, compiling. 
[2018.03.27-17.58.42:028][  0]LogMaterial: Missing cached shader map for material doorHandleMat, compiling. 
[2018.03.27-17.58.42:078][  0]LogMaterial: Missing cached shader map for material doorMat, compiling. 
[2018.03.27-17.58.42:116][  0]LogMaterial: Missing cached shader map for material lambert2, compiling. 
[2018.03.27-17.58.42:168][  0]LogMaterial: Missing cached shader map for material allWhite, compiling. 
[2018.03.27-17.58.42:219][  0]LogMaterial: Missing cached shader map for material CeilingLigthBall, compiling. 
[2018.03.27-17.58.42:277][  0]LogMaterial: Missing cached shader map for material GenericHMDMaterial, compiling. 
[2018.03.27-17.58.42:320][  0]LogMaterial: Missing cached shader map for material M_Wood_Walnut, compiling. 
[2018.03.27-17.58.42:454][  0]LogAIModule: Creating AISystem for world StartupMap
[2018.03.27-17.58.42:858][  0]LogEditorServer: Finished looking for orphan Actors (0.000 secs)
[2018.03.27-17.58.42:886][  0]Cmd: MAP CHECKDEP NOCLEARLOG
[2018.03.27-17.58.42:986][  0]MapCheck: Map check complete: 0 Error(s), 0 Warning(s), took 99.942ms to complete.
[2018.03.27-17.58.42:986][  0]LogFileHelpers: Loading map 'StartupMap' took 3.498
[2018.03.27-17.58.43:593][  0]LogCollectionManager: Loaded 0 collections in 0.002555 seconds
[2018.03.27-17.58.43:748][  0]LogFileCache: Scanning file cache for directory 'C:/Users/langlg/Documents/GitHub/FakeBook/Game 3/DetectiveGame/Saved/Collections/' took 0.01s
[2018.03.27-17.58.43:748][  0]LogFileCache: Scanning file cache for directory 'C:/Users/langlg/Documents/GitHub/FakeBook/Game 3/DetectiveGame/Content/Developers/langlg/Collections/' took 0.01s
[2018.03.27-17.58.43:748][  0]LogFileCache: Scanning file cache for directory 'C:/Users/langlg/Documents/GitHub/FakeBook/Game 3/DetectiveGame/Content/Collections/' took 0.01s
[2018.03.27-17.58.43:748][  0]LogCollectionManager: Rebuilt the GUID cache for 0 collections in 0.000000 seconds
[2018.03.27-17.58.43:765][  0]LogContentBrowser: Native class hierarchy populated in 0.0147 seconds. Added 2363 classes and 519 folders.
[2018.03.27-17.58.43:905][  0]LogContentBrowser: Native class hierarchy updated for 'WidgetCarousel' in 0.0004 seconds. Added 0 classes and 0 folders.
[2018.03.27-17.58.44:425][  0]LogContentBrowser: Native class hierarchy updated for 'AddContentDialog' in 0.0003 seconds. Added 0 classes and 0 folders.
[2018.03.27-17.58.44:519][  0]LogContentBrowser: Native class hierarchy updated for 'SceneOutliner' in 0.0004 seconds. Added 1 classes and 2 folders.
[2018.03.27-17.58.44:599][  0]LogSlate: Took 0.011564 seconds to synchronously load lazily loaded font '../../../Engine/Content/Slate/Fonts/Roboto-Regular.ttf' (155K)
[2018.03.27-17.58.44:610][  0]LogSlate: Took 0.007223 seconds to synchronously load lazily loaded font '../../../Engine/Content/Slate/Fonts/Roboto-Bold.ttf' (160K)
[2018.03.27-17.58.44:625][  0]LogSlate: Took 0.007098 seconds to synchronously load lazily loaded font '../../../Engine/Content/Editor/Slate/Fonts/FontAwesome.ttf' (139K)
[2018.03.27-17.58.44:730][  0]LogMaterial: Missing cached shader map for material LevelGridMaterial2, compiling. 
[2018.03.27-17.58.44:848][  0]LogRenderer: Reallocating scene render targets to support 1208x652 Format 26 NumSamples 1 (Frame:1).
[2018.03.27-17.58.45:551][  0]LogContentBrowser: Native class hierarchy updated for 'HierarchicalLODOutliner' in 0.0004 seconds. Added 1 classes and 2 folders.
[2018.03.27-17.58.45:551][  0]LogLoad: (Engine Initialization) Total time: 83.64 seconds
[2018.03.27-17.58.45:551][  0]LogLoad: (Engine Initialization) Total Blueprint compile time: 0.00 seconds
[2018.03.27-17.58.45:551][  0]LogExternalProfiler: No external profilers were discovered.  External profiling features will not be available.
[2018.03.27-17.58.45:948][  0]LogContentStreaming: Texture pool size now 1000 MB
[2018.03.27-17.58.46:099][  0]LogSlate: Took 0.006719 seconds to synchronously load lazily loaded font '../../../Engine/Content/Slate/Fonts/Roboto-Light.ttf' (159K)
[2018.03.27-17.58.46:251][  1]LogFileCache: Retrieving MD5 hashes for directory 'C:/Users/langlg/Documents/GitHub/FakeBook/Game 3/DetectiveGame/Content/' took 0.34s
[2018.03.27-17.58.47:281][  4]LogAssetRegistry: Asset discovery search completed in 38.1548 seconds
[2018.03.27-17.58.47:287][  4]LogCollectionManager: Rebuilt the object cache for 0 collections in 0.000001 seconds (found 0 objects)
[2018.03.27-17.58.47:288][  4]LogCollectionManager: Fixed up redirectors for 0 collections in 0.000110 seconds (updated 0 objects)
[2018.03.27-17.58.50:967][ 16]LogSynthBenchmark: Display: FSynthBenchmark (V0.95):  requested WorkScale=5.00
[2018.03.27-17.58.50:967][ 16]LogSynthBenchmark: Display: ===============
[2018.03.27-17.58.50:967][ 16]LogSynthBenchmark: Display: Main Processor:
[2018.03.27-17.58.51:185][ 16]LogSynthBenchmark: Display:          ... 0.023844 s/Run 'RayIntersect'
[2018.03.27-17.58.51:185][ 16]LogSynthBenchmark: Display:          ... 0.019802 s/Run 'Fractal'
[2018.03.27-17.58.51:185][ 16]LogSynthBenchmark: Display: 
[2018.03.27-17.58.51:185][ 16]LogSynthBenchmark: Display:   CompiledTarget_x_Bits: 64
[2018.03.27-17.58.51:185][ 16]LogSynthBenchmark: Display:   UE_BUILD_SHIPPING: 0
[2018.03.27-17.58.51:185][ 16]LogSynthBenchmark: Display:   UE_BUILD_TEST: 0
[2018.03.27-17.58.51:185][ 16]LogSynthBenchmark: Display:   UE_BUILD_DEBUG: 0
[2018.03.27-17.58.51:185][ 16]LogSynthBenchmark: Display:   TotalPhysicalGBRam: 32
[2018.03.27-17.58.51:185][ 16]LogSynthBenchmark: Display:   NumberOfCores (physical): 6
[2018.03.27-17.58.51:185][ 16]LogSynthBenchmark: Display:   NumberOfCores (logical): 12
[2018.03.27-17.58.51:185][ 16]LogSynthBenchmark: Display:   CPU Perf Index 0: 107.4 (weight 1.00)
[2018.03.27-17.58.51:185][ 16]LogSynthBenchmark: Display:   CPU Perf Index 1: 144.4 (weight 1.50)
[2018.03.27-17.58.51:185][ 16]LogSynthBenchmark: Display:  
[2018.03.27-17.58.51:185][ 16]LogSynthBenchmark: Display: Graphics:
[2018.03.27-17.58.51:185][ 16]LogSynthBenchmark: Display:   Adapter Name: 'NVIDIA GeForce GTX 1080'
[2018.03.27-17.58.51:186][ 16]LogSynthBenchmark: Display:   (On Optimus the name might be wrong, memory should be ok)
[2018.03.27-17.58.51:186][ 16]LogSynthBenchmark: Display:   Vendor Id: 0x10DE
[2018.03.27-17.58.51:186][ 16]LogSynthBenchmark: Display:   Device Id: 0x1B80
[2018.03.27-17.58.51:186][ 16]LogSynthBenchmark: Display:   Device Revision: 0xA1
[2018.03.27-17.58.51:186][ 16]LogSynthBenchmark: Display:   GPU Memory: 8086/0/16346 MB
[2018.03.27-17.58.51:279][ 16]LogSynthBenchmark: Display:   GPU first test: 0.01s
[2018.03.27-17.58.51:280][ 16]LogSynthBenchmark: Display:          ... 11.196 s/GigaPix, Confidence=100% 'ALUHeavyNoise' (likely to be very inaccurate)
[2018.03.27-17.58.51:280][ 16]LogSynthBenchmark: Display:          ... 10.494 s/GigaPix, Confidence=100% 'TexHeavy' (likely to be very inaccurate)
[2018.03.27-17.58.51:280][ 16]LogSynthBenchmark: Display:          ... 8.725 s/GigaPix, Confidence=89% 'DepTexHeavy' (likely to be very inaccurate)
[2018.03.27-17.58.51:280][ 16]LogSynthBenchmark: Display:          ... 34.097 s/GigaPix, Confidence=89% 'FillOnly' (likely to be very inaccurate)
[2018.03.27-17.58.51:280][ 16]LogSynthBenchmark: Display:          ... 1.346 s/GigaPix, Confidence=100% 'Bandwidth' (likely to be very inaccurate)
[2018.03.27-17.58.51:280][ 16]LogSynthBenchmark: Display:          ... 49.767 s/GigaVert, Confidence=11% 'VertThroughPut1' (likely to be very inaccurate)
[2018.03.27-17.58.51:280][ 16]LogSynthBenchmark: Display:          ... 7.590 s/GigaVert, Confidence=100% 'VertThroughPut2' (likely to be very inaccurate)
[2018.03.27-17.58.51:389][ 16]LogSynthBenchmark: Display:   GPU second test: 0.07s
[2018.03.27-17.58.51:389][ 16]LogSynthBenchmark: Display:          ... 17.604 s/GigaPix, Confidence=100% 'ALUHeavyNoise' (likely to be inaccurate)
[2018.03.27-17.58.51:390][ 16]LogSynthBenchmark: Display:          ... 14.918 s/GigaPix, Confidence=89% 'TexHeavy' (likely to be inaccurate)
[2018.03.27-17.58.51:390][ 16]LogSynthBenchmark: Display:          ... 13.385 s/GigaPix, Confidence=89% 'DepTexHeavy' (likely to be inaccurate)
[2018.03.27-17.58.51:390][ 16]LogSynthBenchmark: Display:          ... 73.591 s/GigaPix, Confidence=89% 'FillOnly' (likely to be inaccurate)
[2018.03.27-17.58.51:390][ 16]LogSynthBenchmark: Display:          ... 1.456 s/GigaPix, Confidence=100% 'Bandwidth' (likely to be inaccurate)
[2018.03.27-17.58.51:390][ 16]LogSynthBenchmark: Display:          ... 7.901 s/GigaVert, Confidence=70% 'VertThroughPut1' (likely to be inaccurate)
[2018.03.27-17.58.51:390][ 16]LogSynthBenchmark: Display:          ... 5.800 s/GigaVert, Confidence=89% 'VertThroughPut2' (likely to be inaccurate)
[2018.03.27-17.58.52:078][ 16]LogSynthBenchmark: Display:   GPU third test: 0.64s
[2018.03.27-17.58.52:079][ 16]LogSynthBenchmark: Display:          ... 21.930 s/GigaPix, Confidence=89% 'ALUHeavyNoise'
[2018.03.27-17.58.52:079][ 16]LogSynthBenchmark: Display:          ... 16.528 s/GigaPix, Confidence=89% 'TexHeavy'
[2018.03.27-17.58.52:079][ 16]LogSynthBenchmark: Display:          ... 16.613 s/GigaPix, Confidence=100% 'DepTexHeavy'
[2018.03.27-17.58.52:079][ 16]LogSynthBenchmark: Display:          ... 99.116 s/GigaPix, Confidence=89% 'FillOnly'
[2018.03.27-17.58.52:079][ 16]LogSynthBenchmark: Display:          ... 1.600 s/GigaPix, Confidence=100% 'Bandwidth'
[2018.03.27-17.58.52:079][ 16]LogSynthBenchmark: Display:          ... 6.053 s/GigaVert, Confidence=100% 'VertThroughPut1'
[2018.03.27-17.58.52:079][ 16]LogSynthBenchmark: Display:          ... 6.202 s/GigaVert, Confidence=100% 'VertThroughPut2'
[2018.03.27-17.58.52:079][ 16]LogSynthBenchmark: Display:   GPU Final Results:
[2018.03.27-17.58.52:079][ 16]LogSynthBenchmark: Display:          ... 21.930 s/GigaPix, Confidence=89% 'ALUHeavyNoise'
[2018.03.27-17.58.52:079][ 16]LogSynthBenchmark: Display:          ... 16.528 s/GigaPix, Confidence=89% 'TexHeavy'
[2018.03.27-17.58.52:079][ 16]LogSynthBenchmark: Display:          ... 16.613 s/GigaPix, Confidence=100% 'DepTexHeavy'
[2018.03.27-17.58.52:079][ 16]LogSynthBenchmark: Display:          ... 99.116 s/GigaPix, Confidence=89% 'FillOnly'
[2018.03.27-17.58.52:079][ 16]LogSynthBenchmark: Display:          ... 1.600 s/GigaPix, Confidence=100% 'Bandwidth'
[2018.03.27-17.58.52:079][ 16]LogSynthBenchmark: Display:          ... 6.053 s/GigaVert, Confidence=100% 'VertThroughPut1'
[2018.03.27-17.58.52:079][ 16]LogSynthBenchmark: Display:          ... 6.202 s/GigaVert, Confidence=100% 'VertThroughPut2'
[2018.03.27-17.58.52:079][ 16]LogSynthBenchmark: Display: 
[2018.03.27-17.58.52:079][ 16]LogSynthBenchmark: Display:   GPU Perf Index 0: 476.6 (weight 1.00)
[2018.03.27-17.58.52:079][ 16]LogSynthBenchmark: Display:   GPU Perf Index 1: 221.9 (weight 0.10)
[2018.03.27-17.58.52:079][ 16]LogSynthBenchmark: Display:   GPU Perf Index 2: 431.8 (weight 0.10)
[2018.03.27-17.58.52:079][ 16]LogSynthBenchmark: Display:   GPU Perf Index 3: 389.3 (weight 3.00)
[2018.03.27-17.58.52:079][ 16]LogSynthBenchmark: Display:   GPU Perf Index 4: 149.3 (weight 1.00)
[2018.03.27-17.58.52:079][ 16]LogSynthBenchmark: Display:   GPU Perf Index 5: 393.8 (weight 0.00)
[2018.03.27-17.58.52:079][ 16]LogSynthBenchmark: Display:   GPU Perf Index 6: 351.0 (weight 0.00)
[2018.03.27-17.58.52:079][ 16]LogSynthBenchmark: Display:   CPUIndex: 129.6
[2018.03.27-17.58.52:079][ 16]LogSynthBenchmark: Display:   GPUIndex: 357.5
[2018.03.27-17.58.52:079][ 16]LogSynthBenchmark: Display: 
[2018.03.27-17.58.52:079][ 16]LogSynthBenchmark: Display:          ... Total Time: 1.112619 sec
[2018.03.27-17.58.52:086][ 16]LogWindows: FWindowsPlatformSurvey::TickSurveyHardware() WinSAT assessment unavailable. Unable to examine some hardware metrics. Run the Windows Experience Index Assessment.
[2018.03.27-17.59.28:030][316]LogEditorViewport: Clicking on Actor (LMB): StaticMeshActor (Cube17)
[2018.03.27-17.59.30:953][521]Cmd: SELECT NONE
[2018.03.27-17.59.57:698][ 87]LogEditorViewport: Clicking on Actor (LMB): StaticMeshActor (Door_Door4)
[2018.03.27-18.00.03:887][528]Cmd: TRANSACTION UNDO
[2018.03.27-18.00.03:887][528]LogEditorTransaction: Undo Move Actors
[2018.03.27-18.00.03:902][528]LogSlate: Took 0.000311 seconds to synchronously load lazily loaded font '../../../Engine/Content/Slate/Fonts/Roboto-Light.ttf' (159K)
[2018.03.27-18.00.05:345][627]Cmd: TRANSACTION UNDO
[2018.03.27-18.00.05:345][627]LogEditorTransaction: Undo Clicking on Actors
[2018.03.27-18.00.06:161][703]LogEditorViewport: Clicking on Actor (LMB): StaticMeshActor (Door_Door4)
[2018.03.27-18.00.09:511][937]Cmd: TRANSACTION UNDO
[2018.03.27-18.00.09:511][937]LogEditorTransaction: Undo Move Actors
[2018.03.27-18.00.10:621][ 11]LogEditorViewport: Clicking on Actor (CTRL LMB): StaticMeshActor (Door_DoorHandle4)
[2018.03.27-18.00.29:677][388]LogSlate: Took 0.000253 seconds to synchronously load lazily loaded font '../../../Engine/Content/Slate/Fonts/Roboto-Light.ttf' (159K)
[2018.03.27-18.00.36:689][729]LogContentBrowser: Native class hierarchy updated for 'BlueprintGraph' in 0.0010 seconds. Added 116 classes and 0 folders.
[2018.03.27-18.00.37:620][729]LogMaterial: Missing cached shader map for material GridMaterial, compiling. 
[2018.03.27-18.00.37:651][729]LogSlate: Took 0.000250 seconds to synchronously load lazily loaded font '../../../Engine/Content/Slate/Fonts/Roboto-Regular.ttf' (155K)
[2018.03.27-18.00.37:676][729]LogMaterial: Missing cached shader map for material PersonaFloorMat, compiling. 
[2018.03.27-18.01.38:280][446]LogSlate: Took 0.008961 seconds to synchronously load lazily loaded font '../../../Engine/Content/Editor/Slate/Fonts/Roboto-Italic.ttf' (157K)
[2018.03.27-18.01.59:264][ 28]BlueprintLog: New page: Compile BP_Door
[2018.03.27-18.01.59:580][ 28]Cmd: OBJ SAVEPACKAGE PACKAGE="/Game/Blueprints/BP_Door" FILE="../../../../../../Users/langlg/Documents/GitHub/FakeBook/Game 3/DetectiveGame/Content/Blueprints/BP_Door.uasset" SILENT=true
[2018.03.27-18.01.59:604][ 28]LogSavePackage: Save=21.68ms
[2018.03.27-18.01.59:604][ 28]LogSavePackage: Moving '../../../../../../Users/langlg/Documents/GitHub/FakeBook/Game 3/DetectiveGame/Saved/BP_Door23DA52C24DBBF9FE42DCD8AD6C758F72.tmp' to '../../../../../../Users/langlg/Documents/GitHub/FakeBook/Game 3/DetectiveGame/Content/Blueprints/BP_Door.uasset'
[2018.03.27-18.01.59:612][ 28]LogSavePackage: Display: Finished SavePackage ../../../../../../Users/langlg/Documents/GitHub/FakeBook/Game 3/DetectiveGame/Content/Blueprints/BP_Door.uasset
[2018.03.27-18.02.12:924][ 12]LogEditorTransaction: Undo Modify Component(s)
[2018.03.27-18.02.27:090][ 65]LogSlate: Took 0.003480 seconds to synchronously load lazily loaded font '../../../Engine/Content/Editor/Slate/Fonts/Roboto-BoldCondensed.ttf' (158K)
[2018.03.27-18.05.14:616][994]BlueprintLog: New page: Compile BP_Door
[2018.03.27-18.05.14:953][994]Cmd: OBJ SAVEPACKAGE PACKAGE="/Game/Blueprints/BP_Door" FILE="../../../../../../Users/langlg/Documents/GitHub/FakeBook/Game 3/DetectiveGame/Content/Blueprints/BP_Door.uasset" SILENT=true
[2018.03.27-18.05.14:994][994]LogSavePackage: Save=31.08ms
[2018.03.27-18.05.14:994][994]LogSavePackage: Moving '../../../../../../Users/langlg/Documents/GitHub/FakeBook/Game 3/DetectiveGame/Saved/BP_DoorA9E0E6EA4BBADB3F8CD62D88F10F1280.tmp' to '../../../../../../Users/langlg/Documents/GitHub/FakeBook/Game 3/DetectiveGame/Content/Blueprints/BP_Door.uasset'
[2018.03.27-18.05.15:001][994]LogSavePackage: Display: Finished SavePackage ../../../../../../Users/langlg/Documents/GitHub/FakeBook/Game 3/DetectiveGame/Content/Blueprints/BP_Door.uasset
[2018.03.27-18.06.43:585][898]BlueprintLog: New page: Compile BP_Door
[2018.03.27-18.06.43:937][898]Cmd: OBJ SAVEPACKAGE PACKAGE="/Game/Blueprints/BP_Door" FILE="../../../../../../Users/langlg/Documents/GitHub/FakeBook/Game 3/DetectiveGame/Content/Blueprints/BP_Door.uasset" SILENT=true
[2018.03.27-18.06.43:983][898]LogSavePackage: Save=40.05ms
[2018.03.27-18.06.43:983][898]LogSavePackage: Moving '../../../../../../Users/langlg/Documents/GitHub/FakeBook/Game 3/DetectiveGame/Saved/BP_Door82678FCF4C8E57FD3EDF839A2AC9C386.tmp' to '../../../../../../Users/langlg/Documents/GitHub/FakeBook/Game 3/DetectiveGame/Content/Blueprints/BP_Door.uasset'
[2018.03.27-18.06.43:986][898]LogSavePackage: Display: Finished SavePackage ../../../../../../Users/langlg/Documents/GitHub/FakeBook/Game 3/DetectiveGame/Content/Blueprints/BP_Door.uasset
[2018.03.27-18.06.46:672][207]BlueprintLog: New page: Compile BP_Door
[2018.03.27-18.06.46:999][207]Cmd: OBJ SAVEPACKAGE PACKAGE="/Game/Blueprints/BP_Door" FILE="../../../../../../Users/langlg/Documents/GitHub/FakeBook/Game 3/DetectiveGame/Content/Blueprints/BP_Door.uasset" SILENT=true
[2018.03.27-18.06.47:043][207]LogSavePackage: Save=39.29ms
[2018.03.27-18.06.47:043][207]LogSavePackage: Moving '../../../../../../Users/langlg/Documents/GitHub/FakeBook/Game 3/DetectiveGame/Saved/BP_DoorC7982E154877CBE449ED779A481A5DCB.tmp' to '../../../../../../Users/langlg/Documents/GitHub/FakeBook/Game 3/DetectiveGame/Content/Blueprints/BP_Door.uasset'
[2018.03.27-18.06.47:046][207]LogSavePackage: Display: Finished SavePackage ../../../../../../Users/langlg/Documents/GitHub/FakeBook/Game 3/DetectiveGame/Content/Blueprints/BP_Door.uasset
[2018.03.27-18.06.49:508][481]LogEditorViewport: Clicking on Actor (LMB): StaticMeshActor (Door_Door4)
[2018.03.27-18.06.50:671][603]Cmd: DELETE
[2018.03.27-18.06.50:671][603]Cmd: ACTOR DELETE
[2018.03.27-18.06.50:676][603]LogEditorActor: Deleted Actor: StaticMeshActor
[2018.03.27-18.06.50:700][603]LogEditorActor: Deleted 1 Actors (0.029 secs)
[2018.03.27-18.07.00:497][713]LogEditorViewport: Clicking on Actor (LMB): StaticMeshActor (Door_DoorHandle4)
[2018.03.27-18.07.01:309][798]Cmd: DELETE
[2018.03.27-18.07.01:309][798]Cmd: ACTOR DELETE
[2018.03.27-18.07.01:315][798]LogEditorActor: Deleted Actor: StaticMeshActor
[2018.03.27-18.07.01:344][798]LogEditorActor: Deleted 1 Actors (0.035 secs)
[2018.03.27-18.07.01:764][847]LogEditorViewport: Clicking on Actor (LMB): BP_Door_C (BP_Door)
[2018.03.27-18.07.10:894][879]LogEditorViewport: Clicking on Actor (LMB): StaticMeshActor (Cube21)
[2018.03.27-18.07.22:945][127]LogEditorViewport: Clicking on Actor (LMB): BP_Door_C (BP_Door)
[2018.03.27-18.07.26:539][520]LogEditorViewport: Clicking on Actor (LMB): StaticMeshActor (Cube21)
[2018.03.27-18.07.30:671][957]LogEditorViewport: Clicking on Actor (LMB): BP_Door_C (BP_Door)
[2018.03.27-18.07.34:793][368]LogEditorViewport: Clicking on Actor (LMB): StaticMeshActor (Cube19)
[2018.03.27-18.07.36:055][481]LogEditorViewport: Clicking on Actor (LMB): StaticMeshActor (Cube21)
[2018.03.27-18.07.38:423][736]LogEditorViewport: Clicking on Actor (LMB): BP_Door_C (BP_Door)
[2018.03.27-18.07.43:573][266]LogSavePackage: Save=145.33ms
[2018.03.27-18.07.43:574][266]LogSavePackage: Moving '../../../../../../Users/langlg/Documents/GitHub/FakeBook/Game 3/DetectiveGame/Saved/StartupMap4240D2F747156F57E1FC58B17253BFF1.tmp' to '../../../../../../Users/langlg/Documents/GitHub/FakeBook/Game 3/DetectiveGame/Content/VirtualRealityBP/Maps/StartupMap.umap'
[2018.03.27-18.07.43:579][266]LogSavePackage: Display: Finished SavePackage ../../../../../../Users/langlg/Documents/GitHub/FakeBook/Game 3/DetectiveGame/Content/VirtualRealityBP/Maps/StartupMap.umap
[2018.03.27-18.07.43:836][266]LogSavePackage: Save=197.06ms
[2018.03.27-18.07.43:836][266]LogSavePackage: Moving '../../../../../../Users/langlg/Documents/GitHub/FakeBook/Game 3/DetectiveGame/Saved/StartupMap_BuiltData9FF03A25429DDE33B883378F94887999.tmp' to '../../../../../../Users/langlg/Documents/GitHub/FakeBook/Game 3/DetectiveGame/Content/VirtualRealityBP/Maps/StartupMap_BuiltData.uasset'
[2018.03.27-18.07.43:838][266]LogSavePackage: Display: Finished SavePackage ../../../../../../Users/langlg/Documents/GitHub/FakeBook/Game 3/DetectiveGame/Content/VirtualRealityBP/Maps/StartupMap_BuiltData.uasset
[2018.03.27-18.13.22:017][934]LogSlate: Warning: Prevented a slow task dialog from being summoned while a context menu was open
[2018.03.27-18.13.30:603][902]BlueprintLog: New page: Compile BP_Door
[2018.03.27-18.13.31:042][902]Cmd: OBJ SAVEPACKAGE PACKAGE="/Game/Blueprints/BP_Door" FILE="../../../../../../Users/langlg/Documents/GitHub/FakeBook/Game 3/DetectiveGame/Content/Blueprints/BP_Door.uasset" SILENT=true
[2018.03.27-18.13.31:088][902]LogSavePackage: Save=35.71ms
[2018.03.27-18.13.31:088][902]LogSavePackage: Moving '../../../../../../Users/langlg/Documents/GitHub/FakeBook/Game 3/DetectiveGame/Saved/BP_Door3E11C5FB41877A5E34535D9A3A8596B0.tmp' to '../../../../../../Users/langlg/Documents/GitHub/FakeBook/Game 3/DetectiveGame/Content/Blueprints/BP_Door.uasset'
[2018.03.27-18.13.31:092][902]LogSavePackage: Display: Finished SavePackage ../../../../../../Users/langlg/Documents/GitHub/FakeBook/Game 3/DetectiveGame/Content/Blueprints/BP_Door.uasset
[2018.03.27-18.14.02:254][379]BlueprintLog: New page: Compile BP_Door
[2018.03.27-18.14.02:711][379]Cmd: OBJ SAVEPACKAGE PACKAGE="/Game/Blueprints/BP_Door" FILE="../../../../../../Users/langlg/Documents/GitHub/FakeBook/Game 3/DetectiveGame/Content/Blueprints/BP_Door.uasset" SILENT=true
[2018.03.27-18.14.02:756][379]LogSavePackage: Save=37.99ms
[2018.03.27-18.14.02:756][379]LogSavePackage: Moving '../../../../../../Users/langlg/Documents/GitHub/FakeBook/Game 3/DetectiveGame/Saved/BP_DoorDE9EF2E143C6DB273313C19A9BBC7B51.tmp' to '../../../../../../Users/langlg/Documents/GitHub/FakeBook/Game 3/DetectiveGame/Content/Blueprints/BP_Door.uasset'
[2018.03.27-18.14.02:759][379]LogSavePackage: Display: Finished SavePackage ../../../../../../Users/langlg/Documents/GitHub/FakeBook/Game 3/DetectiveGame/Content/Blueprints/BP_Door.uasset
